[ 2016-04-05T15:46:59+08:00 ] 127.0.0.1 /think/admin.php
INFO: [ app_begin ] --START--
INFO: ReadHtmlCache Behavior ::run [ RunTime:0.000571s ]
INFO: [ app_begin ] --END-- [ RunTime:0.000646s ]

[ 2016-04-05T15:46:59+08:00 ] 127.0.0.1 /think/admin.php/login/login
INFO: [ route_check ] --START--
INFO: CheckRoute Behavior ::run [ RunTime:0.000740s ]
INFO: [ route_check ] --END-- [ RunTime:0.000811s ]
INFO: [ app_begin ] --START--
INFO: ReadHtmlCache Behavior ::run [ RunTime:0.000341s ]
INFO: [ app_begin ] --END-- [ RunTime:0.000387s ]
INFO: [ view_parse ] --START--
INFO: ParseTemplate Behavior ::run [ RunTime:0.032767s ]
INFO: [ view_parse ] --END-- [ RunTime:0.032847s ]
INFO: [ view_filter ] --START--
INFO: ContentReplace Behavior ::run [ RunTime:0.000481s ]
INFO: TokenBuild Behavior ::run [ RunTime:0.000452s ]
INFO: WriteHtmlCache Behavior ::run [ RunTime:0.000357s ]
INFO: ShowRuntime Behavior ::run [ RunTime:0.000482s ]
INFO: [ view_filter ] --END-- [ RunTime:0.001911s ]
INFO: [ view_end ] --START--
INFO: ShowPageTrace Behavior ::run [ RunTime:0.000604s ]
INFO: [ view_end ] --END-- [ RunTime:0.000651s ]

[ 2016-04-05T15:47:00+08:00 ] 127.0.0.1 /think/admin.php/login/verify
INFO: [ route_check ] --START--
INFO: CheckRoute Behavior ::run [ RunTime:0.001277s ]
INFO: [ route_check ] --END-- [ RunTime:0.001399s ]
INFO: [ app_begin ] --START--
INFO: ReadHtmlCache Behavior ::run [ RunTime:0.001042s ]
INFO: [ app_begin ] --END-- [ RunTime:0.001138s ]

[ 2016-04-05T15:47:01+08:00 ] 127.0.0.1 /think/admin.php/register/register
INFO: [ route_check ] --START--
INFO: CheckRoute Behavior ::run [ RunTime:0.001084s ]
INFO: [ route_check ] --END-- [ RunTime:0.001230s ]
INFO: [ app_begin ] --START--
INFO: ReadHtmlCache Behavior ::run [ RunTime:0.000681s ]
INFO: [ app_begin ] --END-- [ RunTime:0.000782s ]
INFO: [ view_parse ] --START--
INFO: ParseTemplate Behavior ::run [ RunTime:0.026517s ]
INFO: [ view_parse ] --END-- [ RunTime:0.026644s ]
INFO: [ view_filter ] --START--
INFO: ContentReplace Behavior ::run [ RunTime:0.000816s ]
INFO: TokenBuild Behavior ::run [ RunTime:0.000779s ]
INFO: WriteHtmlCache Behavior ::run [ RunTime:0.000621s ]
INFO: ShowRuntime Behavior ::run [ RunTime:0.000856s ]
INFO: [ view_filter ] --END-- [ RunTime:0.003310s ]
INFO: [ view_end ] --START--
INFO: ShowPageTrace Behavior ::run [ RunTime:0.001102s ]
INFO: [ view_end ] --END-- [ RunTime:0.001188s ]

[ 2016-04-05T15:47:04+08:00 ] 127.0.0.1 /think/admin.php/login/verify
INFO: [ route_check ] --START--
INFO: CheckRoute Behavior ::run [ RunTime:0.000656s ]
INFO: [ route_check ] --END-- [ RunTime:0.000764s ]
INFO: [ app_begin ] --START--
INFO: ReadHtmlCache Behavior ::run [ RunTime:0.000703s ]
INFO: [ app_begin ] --END-- [ RunTime:0.000962s ]

[ 2016-04-05T15:48:14+08:00 ] 127.0.0.1 /think/admin.php/login/login
INFO: [ route_check ] --START--
INFO: CheckRoute Behavior ::run [ RunTime:0.001238s ]
INFO: [ route_check ] --END-- [ RunTime:0.001358s ]
INFO: [ app_begin ] --START--
INFO: ReadHtmlCache Behavior ::run [ RunTime:0.001154s ]
INFO: [ app_begin ] --END-- [ RunTime:0.001254s ]
INFO: [ view_parse ] --START--
INFO: ParseTemplate Behavior ::run [ RunTime:0.011840s ]
INFO: [ view_parse ] --END-- [ RunTime:0.011934s ]
INFO: [ view_filter ] --START--
INFO: ContentReplace Behavior ::run [ RunTime:0.000480s ]
INFO: TokenBuild Behavior ::run [ RunTime:0.000436s ]
INFO: WriteHtmlCache Behavior ::run [ RunTime:0.000359s ]
INFO: ShowRuntime Behavior ::run [ RunTime:0.000483s ]
INFO: [ view_filter ] --END-- [ RunTime:0.001893s ]
INFO: [ view_end ] --START--
INFO: ShowPageTrace Behavior ::run [ RunTime:0.000679s ]
INFO: [ view_end ] --END-- [ RunTime:0.000734s ]

[ 2016-04-05T15:48:15+08:00 ] 127.0.0.1 /think/admin.php/login/verify
INFO: [ route_check ] --START--
INFO: CheckRoute Behavior ::run [ RunTime:0.000695s ]
INFO: [ route_check ] --END-- [ RunTime:0.002370s ]
INFO: [ app_begin ] --START--
INFO: ReadHtmlCache Behavior ::run [ RunTime:0.000455s ]
INFO: [ app_begin ] --END-- [ RunTime:0.000513s ]

[ 2016-04-05T15:58:57+08:00 ] 127.0.0.1 /think/admin.php/Index/index.html
INFO: [ route_check ] --START--
INFO: CheckRoute Behavior ::run [ RunTime:0.000697s ]
INFO: [ route_check ] --END-- [ RunTime:0.000797s ]
INFO: [ app_begin ] --START--
INFO: ReadHtmlCache Behavior ::run [ RunTime:0.000500s ]
INFO: [ app_begin ] --END-- [ RunTime:0.000587s ]

[ 2016-04-05T15:58:57+08:00 ] 127.0.0.1 /think/admin.php/login/login
INFO: [ route_check ] --START--
INFO: CheckRoute Behavior ::run [ RunTime:0.000567s ]
INFO: [ route_check ] --END-- [ RunTime:0.000644s ]
INFO: [ app_begin ] --START--
INFO: ReadHtmlCache Behavior ::run [ RunTime:0.000341s ]
INFO: [ app_begin ] --END-- [ RunTime:0.000387s ]
INFO: [ view_parse ] --START--
INFO: ParseTemplate Behavior ::run [ RunTime:0.005586s ]
INFO: [ view_parse ] --END-- [ RunTime:0.005650s ]
INFO: [ view_filter ] --START--
INFO: ContentReplace Behavior ::run [ RunTime:0.000235s ]
INFO: TokenBuild Behavior ::run [ RunTime:0.000231s ]
INFO: WriteHtmlCache Behavior ::run [ RunTime:0.000159s ]
INFO: ShowRuntime Behavior ::run [ RunTime:0.000285s ]
INFO: [ view_filter ] --END-- [ RunTime:0.001033s ]
INFO: [ view_end ] --START--
INFO: ShowPageTrace Behavior ::run [ RunTime:0.000542s ]
INFO: [ view_end ] --END-- [ RunTime:0.000602s ]

[ 2016-04-05T15:58:57+08:00 ] 127.0.0.1 /think/admin.php/login/verify
INFO: [ route_check ] --START--
INFO: CheckRoute Behavior ::run [ RunTime:0.000600s ]
INFO: [ route_check ] --END-- [ RunTime:0.000696s ]
INFO: [ app_begin ] --START--
INFO: ReadHtmlCache Behavior ::run [ RunTime:0.000372s ]
INFO: [ app_begin ] --END-- [ RunTime:0.000428s ]

[ 2016-04-05T15:59:04+08:00 ] 127.0.0.1 /think/admin.php/login/dologin
INFO: [ route_check ] --START--
INFO: CheckRoute Behavior ::run [ RunTime:0.000565s ]
INFO: [ route_check ] --END-- [ RunTime:0.000642s ]
INFO: [ app_begin ] --START--
INFO: ReadHtmlCache Behavior ::run [ RunTime:0.000350s ]
INFO: [ app_begin ] --END-- [ RunTime:0.000400s ]
SQL: SHOW COLUMNS FROM `db_user` [ RunTime:0.003096s ]
SQL: SELECT * FROM `db_user` WHERE ( `u_name` = 'admin' ) LIMIT 1   [ RunTime:0.000593s ]

[ 2016-04-05T15:59:04+08:00 ] 127.0.0.1 /think/admin.php
INFO: [ app_begin ] --START--
INFO: ReadHtmlCache Behavior ::run [ RunTime:0.000351s ]
INFO: [ app_begin ] --END-- [ RunTime:0.000421s ]
INFO: [ view_parse ] --START--
INFO: ParseTemplate Behavior ::run [ RunTime:0.063040s ]
INFO: [ view_parse ] --END-- [ RunTime:0.063191s ]
INFO: [ view_filter ] --START--
INFO: ContentReplace Behavior ::run [ RunTime:0.000823s ]
INFO: TokenBuild Behavior ::run [ RunTime:0.000715s ]
INFO: WriteHtmlCache Behavior ::run [ RunTime:0.000468s ]
INFO: ShowRuntime Behavior ::run [ RunTime:0.000869s ]
INFO: [ view_filter ] --END-- [ RunTime:0.003279s ]
INFO: [ view_end ] --START--
INFO: ShowPageTrace Behavior ::run [ RunTime:0.001200s ]
INFO: [ view_end ] --END-- [ RunTime:0.001331s ]

[ 2016-04-05T15:59:04+08:00 ] 127.0.0.1 /think/admin.php/index/sysMessage
INFO: [ route_check ] --START--
INFO: CheckRoute Behavior ::run [ RunTime:0.001105s ]
INFO: [ route_check ] --END-- [ RunTime:0.001218s ]
INFO: [ app_begin ] --START--
INFO: ReadHtmlCache Behavior ::run [ RunTime:0.000653s ]
INFO: [ app_begin ] --END-- [ RunTime:0.000731s ]
NOTIC: [8] ob_end_clean() [<a href='ref.outcontrol'>ref.outcontrol</a>]: failed to delete buffer. No buffer to delete. F:\appserv\www\think\Admin\Common\common.php 第 86 行.
NOTIC: [8] Undefined offset:  4 F:\appserv\www\think\Admin\Common\common.php 第 93 行.
INFO: [ view_parse ] --START--
NOTIC: [8] Use of undefined constant SERVER_SOFTWARE - assumed 'SERVER_SOFTWARE' F:\appserv\www\think\Admin\Runtime\Cache\e6796ad2723a37f48d2e8952f0a9c1c5.php 第 31 行.
NOTIC: [8] Use of undefined constant sys_mail - assumed 'sys_mail' F:\appserv\www\think\Admin\Runtime\Cache\e6796ad2723a37f48d2e8952f0a9c1c5.php 第 32 行.
NOTIC: [8] Use of undefined constant sysversion - assumed 'sysversion' F:\appserv\www\think\Admin\Runtime\Cache\e6796ad2723a37f48d2e8952f0a9c1c5.php 第 35 行.
NOTIC: [8] Use of undefined constant SERVER_ADDR - assumed 'SERVER_ADDR' F:\appserv\www\think\Admin\Runtime\Cache\e6796ad2723a37f48d2e8952f0a9c1c5.php 第 36 行.
NOTIC: [8] Use of undefined constant SERVER_PORT - assumed 'SERVER_PORT' F:\appserv\www\think\Admin\Runtime\Cache\e6796ad2723a37f48d2e8952f0a9c1c5.php 第 39 行.
NOTIC: [8] Use of undefined constant file_uploads - assumed 'file_uploads' F:\appserv\www\think\Admin\Runtime\Cache\e6796ad2723a37f48d2e8952f0a9c1c5.php 第 40 行.
NOTIC: [8] Use of undefined constant max_upload - assumed 'max_upload' F:\appserv\www\think\Admin\Runtime\Cache\e6796ad2723a37f48d2e8952f0a9c1c5.php 第 44 行.
NOTIC: [8] Use of undefined constant systemtime - assumed 'systemtime' F:\appserv\www\think\Admin\Runtime\Cache\e6796ad2723a37f48d2e8952f0a9c1c5.php 第 45 行.
NOTIC: [8] Use of undefined constant max_ex_time - assumed 'max_ex_time' F:\appserv\www\think\Admin\Runtime\Cache\e6796ad2723a37f48d2e8952f0a9c1c5.php 第 48 行.
NOTIC: [8] Use of undefined constant DOCUMENT_ROOT - assumed 'DOCUMENT_ROOT' F:\appserv\www\think\Admin\Runtime\Cache\e6796ad2723a37f48d2e8952f0a9c1c5.php 第 49 行.
NOTIC: [8] Use of undefined constant memory_user_limit - assumed 'memory_user_limit' F:\appserv\www\think\Admin\Runtime\Cache\e6796ad2723a37f48d2e8952f0a9c1c5.php 第 52 行.
NOTIC: [8] Use of undefined constant SCRIPT_FILENAME - assumed 'SCRIPT_FILENAME' F:\appserv\www\think\Admin\Runtime\Cache\e6796ad2723a37f48d2e8952f0a9c1c5.php 第 53 行.
NOTIC: [8] Use of undefined constant allow_url_fopen - assumed 'allow_url_fopen' F:\appserv\www\think\Admin\Runtime\Cache\e6796ad2723a37f48d2e8952f0a9c1c5.php 第 56 行.
NOTIC: [8] Use of undefined constant zendVersion - assumed 'zendVersion' F:\appserv\www\think\Admin\Runtime\Cache\e6796ad2723a37f48d2e8952f0a9c1c5.php 第 57 行.
NOTIC: [8] Use of undefined constant gdpic - assumed 'gdpic' F:\appserv\www\think\Admin\Runtime\Cache\e6796ad2723a37f48d2e8952f0a9c1c5.php 第 61 行.
NOTIC: [8] Use of undefined constant ifcookie - assumed 'ifcookie' F:\appserv\www\think\Admin\Runtime\Cache\e6796ad2723a37f48d2e8952f0a9c1c5.php 第 62 行.
INFO: ParseTemplate Behavior ::run [ RunTime:0.022605s ]
INFO: [ view_parse ] --END-- [ RunTime:0.022674s ]
INFO: [ view_filter ] --START--
INFO: ContentReplace Behavior ::run [ RunTime:0.000457s ]
INFO: TokenBuild Behavior ::run [ RunTime:0.000438s ]
INFO: WriteHtmlCache Behavior ::run [ RunTime:0.000347s ]
INFO: ShowRuntime Behavior ::run [ RunTime:0.000467s ]
INFO: [ view_filter ] --END-- [ RunTime:0.001842s ]
INFO: [ view_end ] --START--
INFO: ShowPageTrace Behavior ::run [ RunTime:0.000581s ]
INFO: [ view_end ] --END-- [ RunTime:0.000627s ]

[ 2016-04-05T15:59:06+08:00 ] 127.0.0.1 /think/admin.php/login/loginout
INFO: [ route_check ] --START--
INFO: CheckRoute Behavior ::run [ RunTime:0.001233s ]
INFO: [ route_check ] --END-- [ RunTime:0.001379s ]
INFO: [ app_begin ] --START--
INFO: ReadHtmlCache Behavior ::run [ RunTime:0.000772s ]
INFO: [ app_begin ] --END-- [ RunTime:0.000879s ]

[ 2016-04-05T15:59:06+08:00 ] 127.0.0.1 /think/admin.php/login/login
INFO: [ route_check ] --START--
INFO: CheckRoute Behavior ::run [ RunTime:0.000579s ]
INFO: [ route_check ] --END-- [ RunTime:0.000660s ]
INFO: [ app_begin ] --START--
INFO: ReadHtmlCache Behavior ::run [ RunTime:0.000356s ]
INFO: [ app_begin ] --END-- [ RunTime:0.000404s ]
INFO: [ view_parse ] --START--
INFO: ParseTemplate Behavior ::run [ RunTime:0.005625s ]
INFO: [ view_parse ] --END-- [ RunTime:0.005686s ]
INFO: [ view_filter ] --START--
INFO: ContentReplace Behavior ::run [ RunTime:0.000225s ]
INFO: TokenBuild Behavior ::run [ RunTime:0.000224s ]
INFO: WriteHtmlCache Behavior ::run [ RunTime:0.000150s ]
INFO: ShowRuntime Behavior ::run [ RunTime:0.000284s ]
INFO: [ view_filter ] --END-- [ RunTime:0.001003s ]
INFO: [ view_end ] --START--
INFO: ShowPageTrace Behavior ::run [ RunTime:0.000403s ]
INFO: [ view_end ] --END-- [ RunTime:0.000446s ]

[ 2016-04-05T15:59:06+08:00 ] 127.0.0.1 /think/admin.php/login/verify
INFO: [ route_check ] --START--
INFO: CheckRoute Behavior ::run [ RunTime:0.000582s ]
INFO: [ route_check ] --END-- [ RunTime:0.000664s ]
INFO: [ app_begin ] --START--
INFO: ReadHtmlCache Behavior ::run [ RunTime:0.000405s ]
INFO: [ app_begin ] --END-- [ RunTime:0.000467s ]

