[ 2016-03-15T13:33:43+08:00 ] 127.0.0.1 /think/admin.php
INFO: [ app_begin ] --START--
INFO: ReadHtmlCache Behavior ::run [ RunTime:0.000582s ]
INFO: [ app_begin ] --END-- [ RunTime:0.000651s ]
INFO: [ view_parse ] --START--
INFO: ParseTemplate Behavior ::run [ RunTime:0.039114s ]
INFO: [ view_parse ] --END-- [ RunTime:0.039200s ]
INFO: [ view_filter ] --START--
NOTIC: [8] Use of undefined constant APP_TMPL_PATH - assumed 'APP_TMPL_PATH' F:\appserv\www\think\ThinkPHP\Lib\Behavior\ContentReplaceBehavior.class.php 第 40 行.
NOTIC: [8] Use of undefined constant APP_TMPL_PATH - assumed 'APP_TMPL_PATH' F:\appserv\www\think\ThinkPHP\Lib\Behavior\ContentReplaceBehavior.class.php 第 47 行.
INFO: ContentReplace Behavior ::run [ RunTime:0.000484s ]
INFO: TokenBuild Behavior ::run [ RunTime:0.000418s ]
INFO: WriteHtmlCache Behavior ::run [ RunTime:0.000335s ]
INFO: ShowRuntime Behavior ::run [ RunTime:0.000689s ]
INFO: [ view_filter ] --END-- [ RunTime:0.002068s ]
INFO: [ view_end ] --START--
INFO: ShowPageTrace Behavior ::run [ RunTime:0.000644s ]
INFO: [ view_end ] --END-- [ RunTime:0.000690s ]

[ 2016-03-15T13:52:08+08:00 ] 127.0.0.1 /think/admin.php/Admin/Index/Index
INFO: [ route_check ] --START--
INFO: CheckRoute Behavior ::run [ RunTime:0.000554s ]
INFO: [ route_check ] --END-- [ RunTime:0.000624s ]
INFO: [ app_begin ] --START--
INFO: ReadHtmlCache Behavior ::run [ RunTime:0.000351s ]
INFO: [ app_begin ] --END-- [ RunTime:0.000402s ]
ERR: 无法加载模块:Admin

[ 2016-03-15T13:52:11+08:00 ] 127.0.0.1 /think/admin.php/Admin/Index/Index
INFO: [ route_check ] --START--
INFO: CheckRoute Behavior ::run [ RunTime:0.000522s ]
INFO: [ route_check ] --END-- [ RunTime:0.000580s ]
INFO: [ app_begin ] --START--
INFO: ReadHtmlCache Behavior ::run [ RunTime:0.000336s ]
INFO: [ app_begin ] --END-- [ RunTime:0.000381s ]
ERR: 无法加载模块:Admin

[ 2016-03-15T13:52:30+08:00 ] 127.0.0.1 /think/admin.php/Index/Index
INFO: [ route_check ] --START--
INFO: CheckRoute Behavior ::run [ RunTime:0.000524s ]
INFO: [ route_check ] --END-- [ RunTime:0.000582s ]
INFO: [ app_begin ] --START--
INFO: ReadHtmlCache Behavior ::run [ RunTime:0.000357s ]
INFO: [ app_begin ] --END-- [ RunTime:0.000402s ]
INFO: [ view_parse ] --START--
INFO: ParseTemplate Behavior ::run [ RunTime:0.000856s ]
INFO: [ view_parse ] --END-- [ RunTime:0.000906s ]
INFO: [ view_filter ] --START--
NOTIC: [8] Use of undefined constant APP_TMPL_PATH - assumed 'APP_TMPL_PATH' F:\appserv\www\think\ThinkPHP\Lib\Behavior\ContentReplaceBehavior.class.php 第 40 行.
NOTIC: [8] Use of undefined constant APP_TMPL_PATH - assumed 'APP_TMPL_PATH' F:\appserv\www\think\ThinkPHP\Lib\Behavior\ContentReplaceBehavior.class.php 第 47 行.
INFO: ContentReplace Behavior ::run [ RunTime:0.000424s ]
INFO: TokenBuild Behavior ::run [ RunTime:0.000408s ]
INFO: WriteHtmlCache Behavior ::run [ RunTime:0.000330s ]
INFO: ShowRuntime Behavior ::run [ RunTime:0.000615s ]
INFO: [ view_filter ] --END-- [ RunTime:0.001899s ]
INFO: [ view_end ] --START--
INFO: ShowPageTrace Behavior ::run [ RunTime:0.000605s ]
INFO: [ view_end ] --END-- [ RunTime:0.000650s ]

[ 2016-03-15T13:52:57+08:00 ] 127.0.0.1 /think/admin.php/Index/Index
INFO: [ route_check ] --START--
INFO: CheckRoute Behavior ::run [ RunTime:0.000533s ]
INFO: [ route_check ] --END-- [ RunTime:0.000600s ]
INFO: [ app_begin ] --START--
INFO: ReadHtmlCache Behavior ::run [ RunTime:0.000342s ]
INFO: [ app_begin ] --END-- [ RunTime:0.000390s ]

[ 2016-03-15T14:06:16+08:00 ] 127.0.0.1 /think/admin.php/Index/index.html
INFO: [ route_check ] --START--
INFO: CheckRoute Behavior ::run [ RunTime:0.000759s ]
INFO: [ route_check ] --END-- [ RunTime:0.000832s ]
INFO: [ app_begin ] --START--
INFO: ReadHtmlCache Behavior ::run [ RunTime:0.000589s ]
INFO: [ app_begin ] --END-- [ RunTime:0.000643s ]
ERR: 模板不存在[./Admin/Tpl/default/Index/index.html]

[ 2016-03-15T14:06:28+08:00 ] 127.0.0.1 /think/admin.php/Index/index
INFO: [ route_check ] --START--
INFO: CheckRoute Behavior ::run [ RunTime:0.001434s ]
INFO: [ route_check ] --END-- [ RunTime:0.001614s ]
INFO: [ app_begin ] --START--
INFO: ReadHtmlCache Behavior ::run [ RunTime:0.000589s ]
INFO: [ app_begin ] --END-- [ RunTime:0.000666s ]
ERR: 模板不存在[./Admin/Tpl/default/Index/index.html]

[ 2016-03-15T14:06:32+08:00 ] 127.0.0.1 /think/admin.php/Index/Index
INFO: [ route_check ] --START--
INFO: CheckRoute Behavior ::run [ RunTime:0.000539s ]
INFO: [ route_check ] --END-- [ RunTime:0.000609s ]
INFO: [ app_begin ] --START--
INFO: ReadHtmlCache Behavior ::run [ RunTime:0.000356s ]
INFO: [ app_begin ] --END-- [ RunTime:0.000402s ]
ERR: 模板不存在[./Admin/Tpl/default/Index/index.html]

[ 2016-03-15T14:07:09+08:00 ] 127.0.0.1 /think/admin.php/Index/Index
INFO: [ route_check ] --START--
INFO: CheckRoute Behavior ::run [ RunTime:0.000617s ]
INFO: [ route_check ] --END-- [ RunTime:0.000694s ]
INFO: [ app_begin ] --START--
INFO: ReadHtmlCache Behavior ::run [ RunTime:0.000357s ]
INFO: [ app_begin ] --END-- [ RunTime:0.000403s ]
INFO: [ view_parse ] --START--
INFO: ParseTemplate Behavior ::run [ RunTime:0.010346s ]
INFO: [ view_parse ] --END-- [ RunTime:0.010424s ]
INFO: [ view_filter ] --START--
INFO: ContentReplace Behavior ::run [ RunTime:0.000427s ]
INFO: TokenBuild Behavior ::run [ RunTime:0.000469s ]
INFO: WriteHtmlCache Behavior ::run [ RunTime:0.000340s ]
INFO: ShowRuntime Behavior ::run [ RunTime:0.000579s ]
INFO: [ view_filter ] --END-- [ RunTime:0.001943s ]
INFO: [ view_end ] --START--
INFO: ShowPageTrace Behavior ::run [ RunTime:0.000693s ]
INFO: [ view_end ] --END-- [ RunTime:0.000764s ]

[ 2016-03-15T14:07:09+08:00 ] 127.0.0.1 /think/admin.php/index/verify
INFO: [ route_check ] --START--
INFO: CheckRoute Behavior ::run [ RunTime:0.000804s ]
INFO: [ route_check ] --END-- [ RunTime:0.000905s ]
INFO: [ app_begin ] --START--
INFO: ReadHtmlCache Behavior ::run [ RunTime:0.000508s ]
INFO: [ app_begin ] --END-- [ RunTime:0.000576s ]
ERR: 非法操作:verify

[ 2016-03-15T14:07:20+08:00 ] 127.0.0.1 /think/admin.php/Index/index.html
INFO: [ route_check ] --START--
INFO: CheckRoute Behavior ::run [ RunTime:0.000579s ]
INFO: [ route_check ] --END-- [ RunTime:0.000655s ]
INFO: [ app_begin ] --START--
INFO: ReadHtmlCache Behavior ::run [ RunTime:0.000355s ]
INFO: [ app_begin ] --END-- [ RunTime:0.000401s ]
INFO: [ view_parse ] --START--
INFO: ParseTemplate Behavior ::run [ RunTime:0.007121s ]
INFO: [ view_parse ] --END-- [ RunTime:0.007199s ]
INFO: [ view_filter ] --START--
INFO: ContentReplace Behavior ::run [ RunTime:0.000253s ]
INFO: TokenBuild Behavior ::run [ RunTime:0.000234s ]
INFO: WriteHtmlCache Behavior ::run [ RunTime:0.000155s ]
INFO: ShowRuntime Behavior ::run [ RunTime:0.000275s ]
INFO: [ view_filter ] --END-- [ RunTime:0.001039s ]
INFO: [ view_end ] --START--
INFO: ShowPageTrace Behavior ::run [ RunTime:0.000393s ]
INFO: [ view_end ] --END-- [ RunTime:0.000439s ]

[ 2016-03-15T14:07:20+08:00 ] 127.0.0.1 /think/admin.php/index/verify
INFO: [ route_check ] --START--
INFO: CheckRoute Behavior ::run [ RunTime:0.000815s ]
INFO: [ route_check ] --END-- [ RunTime:0.000891s ]
INFO: [ app_begin ] --START--
INFO: ReadHtmlCache Behavior ::run [ RunTime:0.000554s ]
INFO: [ app_begin ] --END-- [ RunTime:0.000608s ]
ERR: 非法操作:verify

[ 2016-03-15T14:08:26+08:00 ] 127.0.0.1 /think/admin.php/index/verify?
INFO: [ route_check ] --START--
INFO: CheckRoute Behavior ::run [ RunTime:0.000533s ]
INFO: [ route_check ] --END-- [ RunTime:0.000597s ]
INFO: [ app_begin ] --START--
INFO: ReadHtmlCache Behavior ::run [ RunTime:0.000335s ]
INFO: [ app_begin ] --END-- [ RunTime:0.000390s ]
ERR: 非法操作:verify

[ 2016-03-15T14:08:27+08:00 ] 127.0.0.1 /think/admin.php/index/verify??
INFO: [ route_check ] --START--
INFO: CheckRoute Behavior ::run [ RunTime:0.000554s ]
INFO: [ route_check ] --END-- [ RunTime:0.000624s ]
INFO: [ app_begin ] --START--
INFO: ReadHtmlCache Behavior ::run [ RunTime:0.000343s ]
INFO: [ app_begin ] --END-- [ RunTime:0.000388s ]
ERR: 非法操作:verify

[ 2016-03-15T14:33:59+08:00 ] 127.0.0.1 /think/admin.php/Index/index.html
INFO: [ route_check ] --START--
INFO: CheckRoute Behavior ::run [ RunTime:0.000764s ]
INFO: [ route_check ] --END-- [ RunTime:0.000837s ]
INFO: [ app_begin ] --START--
INFO: ReadHtmlCache Behavior ::run [ RunTime:0.000561s ]
INFO: [ app_begin ] --END-- [ RunTime:0.000617s ]
INFO: [ view_parse ] --START--
INFO: ParseTemplate Behavior ::run [ RunTime:0.010935s ]
INFO: [ view_parse ] --END-- [ RunTime:0.011007s ]
INFO: [ view_filter ] --START--
INFO: ContentReplace Behavior ::run [ RunTime:0.000433s ]
INFO: TokenBuild Behavior ::run [ RunTime:0.000419s ]
INFO: WriteHtmlCache Behavior ::run [ RunTime:0.000336s ]
INFO: ShowRuntime Behavior ::run [ RunTime:0.000474s ]
INFO: [ view_filter ] --END-- [ RunTime:0.001790s ]
INFO: [ view_end ] --START--
INFO: ShowPageTrace Behavior ::run [ RunTime:0.000585s ]
INFO: [ view_end ] --END-- [ RunTime:0.000632s ]

[ 2016-03-15T14:33:59+08:00 ] 127.0.0.1 /think/admin.php/index/verify
INFO: [ route_check ] --START--
INFO: CheckRoute Behavior ::run [ RunTime:0.000871s ]
INFO: [ route_check ] --END-- [ RunTime:0.000989s ]
INFO: [ app_begin ] --START--
INFO: ReadHtmlCache Behavior ::run [ RunTime:0.000553s ]
INFO: [ app_begin ] --END-- [ RunTime:0.000642s ]
ERR: 非法操作:verify

[ 2016-03-15T14:48:09+08:00 ] 127.0.0.1 /think/admin.php/Index/index.html
INFO: [ route_check ] --START--
INFO: CheckRoute Behavior ::run [ RunTime:0.001477s ]
INFO: [ route_check ] --END-- [ RunTime:0.001631s ]
INFO: [ app_begin ] --START--
INFO: ReadHtmlCache Behavior ::run [ RunTime:0.001649s ]
INFO: [ app_begin ] --END-- [ RunTime:0.001752s ]
INFO: [ view_parse ] --START--
INFO: ParseTemplate Behavior ::run [ RunTime:0.008071s ]
INFO: [ view_parse ] --END-- [ RunTime:0.008155s ]
INFO: [ view_filter ] --START--
INFO: ContentReplace Behavior ::run [ RunTime:0.000445s ]
INFO: TokenBuild Behavior ::run [ RunTime:0.000421s ]
INFO: WriteHtmlCache Behavior ::run [ RunTime:0.000342s ]
INFO: ShowRuntime Behavior ::run [ RunTime:0.000594s ]
INFO: [ view_filter ] --END-- [ RunTime:0.002053s ]
INFO: [ view_end ] --START--
INFO: ShowPageTrace Behavior ::run [ RunTime:0.000609s ]
INFO: [ view_end ] --END-- [ RunTime:0.000655s ]

[ 2016-03-15T14:48:09+08:00 ] 127.0.0.1 /think/admin.php/index/verify
INFO: [ route_check ] --START--
INFO: CheckRoute Behavior ::run [ RunTime:0.000606s ]
INFO: [ route_check ] --END-- [ RunTime:0.000686s ]
INFO: [ app_begin ] --START--
INFO: ReadHtmlCache Behavior ::run [ RunTime:0.000380s ]
INFO: [ app_begin ] --END-- [ RunTime:0.000432s ]
ERR: 非法操作:verify

[ 2016-03-15T14:48:11+08:00 ] 127.0.0.1 /think/admin.php/Index/index.html
INFO: [ route_check ] --START--
INFO: CheckRoute Behavior ::run [ RunTime:0.000782s ]
INFO: [ route_check ] --END-- [ RunTime:0.000877s ]
INFO: [ app_begin ] --START--
INFO: ReadHtmlCache Behavior ::run [ RunTime:0.000503s ]
INFO: [ app_begin ] --END-- [ RunTime:0.000571s ]
INFO: [ view_parse ] --START--
INFO: ParseTemplate Behavior ::run [ RunTime:0.009099s ]
INFO: [ view_parse ] --END-- [ RunTime:0.009193s ]
INFO: [ view_filter ] --START--
INFO: ContentReplace Behavior ::run [ RunTime:0.000289s ]
INFO: TokenBuild Behavior ::run [ RunTime:0.000346s ]
INFO: WriteHtmlCache Behavior ::run [ RunTime:0.000184s ]
INFO: ShowRuntime Behavior ::run [ RunTime:0.000324s ]
INFO: [ view_filter ] --END-- [ RunTime:0.001303s ]
INFO: [ view_end ] --START--
INFO: ShowPageTrace Behavior ::run [ RunTime:0.000394s ]
INFO: [ view_end ] --END-- [ RunTime:0.000438s ]

[ 2016-03-15T14:48:11+08:00 ] 127.0.0.1 /think/admin.php/index/verify
INFO: [ route_check ] --START--
INFO: CheckRoute Behavior ::run [ RunTime:0.001054s ]
INFO: [ route_check ] --END-- [ RunTime:0.001287s ]
INFO: [ app_begin ] --START--
INFO: ReadHtmlCache Behavior ::run [ RunTime:0.000540s ]
INFO: [ app_begin ] --END-- [ RunTime:0.000616s ]
ERR: 非法操作:verify

[ 2016-03-15T14:53:19+08:00 ] 127.0.0.1 /think/admin.php/Index/index.html
INFO: [ route_check ] --START--
INFO: CheckRoute Behavior ::run [ RunTime:0.000718s ]
INFO: [ route_check ] --END-- [ RunTime:0.000782s ]
INFO: [ app_begin ] --START--
INFO: ReadHtmlCache Behavior ::run [ RunTime:0.000523s ]
INFO: [ app_begin ] --END-- [ RunTime:0.000571s ]
INFO: [ view_parse ] --START--
INFO: ParseTemplate Behavior ::run [ RunTime:0.008581s ]
INFO: [ view_parse ] --END-- [ RunTime:0.008652s ]
INFO: [ view_filter ] --START--
INFO: ContentReplace Behavior ::run [ RunTime:0.000427s ]
INFO: TokenBuild Behavior ::run [ RunTime:0.000412s ]
INFO: WriteHtmlCache Behavior ::run [ RunTime:0.000334s ]
INFO: ShowRuntime Behavior ::run [ RunTime:0.000456s ]
INFO: [ view_filter ] --END-- [ RunTime:0.001752s ]
INFO: [ view_end ] --START--
INFO: ShowPageTrace Behavior ::run [ RunTime:0.000570s ]
INFO: [ view_end ] --END-- [ RunTime:0.000613s ]

[ 2016-03-15T14:53:21+08:00 ] 127.0.0.1 /think/admin.php/Index/index.html
INFO: [ route_check ] --START--
INFO: CheckRoute Behavior ::run [ RunTime:0.000539s ]
INFO: [ route_check ] --END-- [ RunTime:0.000602s ]
INFO: [ app_begin ] --START--
INFO: ReadHtmlCache Behavior ::run [ RunTime:0.000336s ]
INFO: [ app_begin ] --END-- [ RunTime:0.000381s ]
INFO: [ view_parse ] --START--
INFO: ParseTemplate Behavior ::run [ RunTime:0.005430s ]
INFO: [ view_parse ] --END-- [ RunTime:0.005494s ]
INFO: [ view_filter ] --START--
INFO: ContentReplace Behavior ::run [ RunTime:0.000216s ]
INFO: TokenBuild Behavior ::run [ RunTime:0.000224s ]
INFO: WriteHtmlCache Behavior ::run [ RunTime:0.000145s ]
INFO: ShowRuntime Behavior ::run [ RunTime:0.000266s ]
INFO: [ view_filter ] --END-- [ RunTime:0.000968s ]
INFO: [ view_end ] --START--
INFO: ShowPageTrace Behavior ::run [ RunTime:0.000379s ]
INFO: [ view_end ] --END-- [ RunTime:0.000425s ]

[ 2016-03-15T14:53:21+08:00 ] 127.0.0.1 /think/admin.php/index/verify
INFO: [ route_check ] --START--
INFO: CheckRoute Behavior ::run [ RunTime:0.000762s ]
INFO: [ route_check ] --END-- [ RunTime:0.000843s ]
INFO: [ app_begin ] --START--
INFO: ReadHtmlCache Behavior ::run [ RunTime:0.000637s ]
INFO: [ app_begin ] --END-- [ RunTime:0.000696s ]
ERR: 非法操作:verify

[ 2016-03-15T14:54:16+08:00 ] 127.0.0.1 /think/admin.php/index/verify?
INFO: [ route_check ] --START--
INFO: CheckRoute Behavior ::run [ RunTime:0.000761s ]
INFO: [ route_check ] --END-- [ RunTime:0.000832s ]
INFO: [ app_begin ] --START--
INFO: ReadHtmlCache Behavior ::run [ RunTime:0.000530s ]
INFO: [ app_begin ] --END-- [ RunTime:0.000581s ]
ERR: 非法操作:verify

[ 2016-03-15T14:54:17+08:00 ] 127.0.0.1 /think/admin.php/index/verify??
INFO: [ route_check ] --START--
INFO: CheckRoute Behavior ::run [ RunTime:0.000545s ]
INFO: [ route_check ] --END-- [ RunTime:0.000604s ]
INFO: [ app_begin ] --START--
INFO: ReadHtmlCache Behavior ::run [ RunTime:0.000344s ]
INFO: [ app_begin ] --END-- [ RunTime:0.000389s ]
ERR: 非法操作:verify

[ 2016-03-15T14:57:30+08:00 ] 127.0.0.1 /think/admin.php/index/verify
INFO: [ route_check ] --START--
INFO: CheckRoute Behavior ::run [ RunTime:0.001142s ]
INFO: [ route_check ] --END-- [ RunTime:0.001257s ]
INFO: [ app_begin ] --START--
INFO: ReadHtmlCache Behavior ::run [ RunTime:0.000882s ]
INFO: [ app_begin ] --END-- [ RunTime:0.000969s ]
ERR: 非法操作:verify

[ 2016-03-15T14:59:43+08:00 ] 127.0.0.1 /think/admin.php/Index/index.html
INFO: [ route_check ] --START--
INFO: CheckRoute Behavior ::run [ RunTime:0.000858s ]
INFO: [ route_check ] --END-- [ RunTime:0.000941s ]
INFO: [ app_begin ] --START--
INFO: ReadHtmlCache Behavior ::run [ RunTime:0.000609s ]
INFO: [ app_begin ] --END-- [ RunTime:0.000666s ]
INFO: [ view_parse ] --START--
INFO: ParseTemplate Behavior ::run [ RunTime:0.008093s ]
INFO: [ view_parse ] --END-- [ RunTime:0.008170s ]
INFO: [ view_filter ] --START--
INFO: ContentReplace Behavior ::run [ RunTime:0.000444s ]
INFO: TokenBuild Behavior ::run [ RunTime:0.000503s ]
INFO: WriteHtmlCache Behavior ::run [ RunTime:0.000620s ]
INFO: ShowRuntime Behavior ::run [ RunTime:0.000485s ]
INFO: [ view_filter ] --END-- [ RunTime:0.002219s ]
INFO: [ view_end ] --START--
INFO: ShowPageTrace Behavior ::run [ RunTime:0.000581s ]
INFO: [ view_end ] --END-- [ RunTime:0.000627s ]

[ 2016-03-15T14:59:44+08:00 ] 127.0.0.1 /think/admin.php/index/verify
INFO: [ route_check ] --START--
INFO: CheckRoute Behavior ::run [ RunTime:0.000563s ]
INFO: [ route_check ] --END-- [ RunTime:0.000637s ]
INFO: [ app_begin ] --START--
INFO: ReadHtmlCache Behavior ::run [ RunTime:0.000343s ]
INFO: [ app_begin ] --END-- [ RunTime:0.000388s ]
ERR: 非法操作:verify

[ 2016-03-15T15:10:09+08:00 ] 127.0.0.1 /think/admin.php/Index/index.html
INFO: [ route_check ] --START--
INFO: CheckRoute Behavior ::run [ RunTime:0.000800s ]
INFO: [ route_check ] --END-- [ RunTime:0.000885s ]
INFO: [ app_begin ] --START--
INFO: ReadHtmlCache Behavior ::run [ RunTime:0.000923s ]
INFO: [ app_begin ] --END-- [ RunTime:0.001401s ]
INFO: [ view_parse ] --START--
INFO: ParseTemplate Behavior ::run [ RunTime:0.010222s ]
INFO: [ view_parse ] --END-- [ RunTime:0.010302s ]
INFO: [ view_filter ] --START--
INFO: ContentReplace Behavior ::run [ RunTime:0.000449s ]
INFO: TokenBuild Behavior ::run [ RunTime:0.000420s ]
INFO: WriteHtmlCache Behavior ::run [ RunTime:0.000347s ]
INFO: ShowRuntime Behavior ::run [ RunTime:0.000642s ]
INFO: [ view_filter ] --END-- [ RunTime:0.002026s ]
INFO: [ view_end ] --START--
INFO: ShowPageTrace Behavior ::run [ RunTime:0.000938s ]
INFO: [ view_end ] --END-- [ RunTime:0.001008s ]

[ 2016-03-15T15:10:09+08:00 ] 127.0.0.1 /think/admin.php/index/verify
INFO: [ route_check ] --START--
INFO: CheckRoute Behavior ::run [ RunTime:0.000827s ]
INFO: [ route_check ] --END-- [ RunTime:0.000935s ]
INFO: [ app_begin ] --START--
INFO: ReadHtmlCache Behavior ::run [ RunTime:0.000508s ]
INFO: [ app_begin ] --END-- [ RunTime:0.000578s ]

[ 2016-03-15T15:10:10+08:00 ] 127.0.0.1 /think/admin.php/index/verify?
INFO: [ route_check ] --START--
INFO: CheckRoute Behavior ::run [ RunTime:0.000577s ]
INFO: [ route_check ] --END-- [ RunTime:0.000647s ]
INFO: [ app_begin ] --START--
INFO: ReadHtmlCache Behavior ::run [ RunTime:0.000456s ]
INFO: [ app_begin ] --END-- [ RunTime:0.000515s ]

[ 2016-03-15T15:10:12+08:00 ] 127.0.0.1 /think/admin.php/index/verify??
INFO: [ route_check ] --START--
INFO: CheckRoute Behavior ::run [ RunTime:0.000945s ]
INFO: [ route_check ] --END-- [ RunTime:0.001070s ]
INFO: [ app_begin ] --START--
INFO: ReadHtmlCache Behavior ::run [ RunTime:0.000582s ]
INFO: [ app_begin ] --END-- [ RunTime:0.000664s ]

[ 2016-03-15T15:10:12+08:00 ] 127.0.0.1 /think/admin.php/index/verify???
INFO: [ route_check ] --START--
INFO: CheckRoute Behavior ::run [ RunTime:0.000671s ]
INFO: [ route_check ] --END-- [ RunTime:0.000758s ]
INFO: [ app_begin ] --START--
INFO: ReadHtmlCache Behavior ::run [ RunTime:0.000422s ]
INFO: [ app_begin ] --END-- [ RunTime:0.000477s ]

[ 2016-03-15T16:06:34+08:00 ] 127.0.0.1 /think/admin.php/index/verify????
INFO: [ route_check ] --START--
INFO: CheckRoute Behavior ::run [ RunTime:0.000739s ]
INFO: [ route_check ] --END-- [ RunTime:0.000807s ]
INFO: [ app_begin ] --START--
INFO: ReadHtmlCache Behavior ::run [ RunTime:0.000520s ]
INFO: [ app_begin ] --END-- [ RunTime:0.000567s ]

[ 2016-03-15T16:06:34+08:00 ] 127.0.0.1 /think/admin.php/index/verify?????
INFO: [ route_check ] --START--
INFO: CheckRoute Behavior ::run [ RunTime:0.000527s ]
INFO: [ route_check ] --END-- [ RunTime:0.000585s ]
INFO: [ app_begin ] --START--
INFO: ReadHtmlCache Behavior ::run [ RunTime:0.000334s ]
INFO: [ app_begin ] --END-- [ RunTime:0.000378s ]

[ 2016-03-15T16:06:35+08:00 ] 127.0.0.1 /think/admin.php/index/verify??????
INFO: [ route_check ] --START--
INFO: CheckRoute Behavior ::run [ RunTime:0.000539s ]
INFO: [ route_check ] --END-- [ RunTime:0.000605s ]
INFO: [ app_begin ] --START--
INFO: ReadHtmlCache Behavior ::run [ RunTime:0.000337s ]
INFO: [ app_begin ] --END-- [ RunTime:0.000382s ]

[ 2016-03-15T16:06:36+08:00 ] 127.0.0.1 /think/admin.php/index/verify???????
INFO: [ route_check ] --START--
INFO: CheckRoute Behavior ::run [ RunTime:0.000530s ]
INFO: [ route_check ] --END-- [ RunTime:0.000595s ]
INFO: [ app_begin ] --START--
INFO: ReadHtmlCache Behavior ::run [ RunTime:0.000337s ]
INFO: [ app_begin ] --END-- [ RunTime:0.000381s ]

[ 2016-03-15T16:06:36+08:00 ] 127.0.0.1 /think/admin.php/index/verify????????
INFO: [ route_check ] --START--
INFO: CheckRoute Behavior ::run [ RunTime:0.000523s ]
INFO: [ route_check ] --END-- [ RunTime:0.000581s ]
INFO: [ app_begin ] --START--
INFO: ReadHtmlCache Behavior ::run [ RunTime:0.000334s ]
INFO: [ app_begin ] --END-- [ RunTime:0.000378s ]

[ 2016-03-15T16:06:37+08:00 ] 127.0.0.1 /think/admin.php/index/verify?????????
INFO: [ route_check ] --START--
INFO: CheckRoute Behavior ::run [ RunTime:0.000527s ]
INFO: [ route_check ] --END-- [ RunTime:0.000590s ]
INFO: [ app_begin ] --START--
INFO: ReadHtmlCache Behavior ::run [ RunTime:0.000505s ]
INFO: [ app_begin ] --END-- [ RunTime:0.000551s ]

[ 2016-03-15T16:06:38+08:00 ] 127.0.0.1 /think/admin.php/index/verify??????????
INFO: [ route_check ] --START--
INFO: CheckRoute Behavior ::run [ RunTime:0.000526s ]
INFO: [ route_check ] --END-- [ RunTime:0.000590s ]
INFO: [ app_begin ] --START--
INFO: ReadHtmlCache Behavior ::run [ RunTime:0.000344s ]
INFO: [ app_begin ] --END-- [ RunTime:0.000390s ]

[ 2016-03-15T16:06:38+08:00 ] 127.0.0.1 /think/admin.php/index/verify???????????
INFO: [ route_check ] --START--
INFO: CheckRoute Behavior ::run [ RunTime:0.000584s ]
INFO: [ route_check ] --END-- [ RunTime:0.000658s ]
INFO: [ app_begin ] --START--
INFO: ReadHtmlCache Behavior ::run [ RunTime:0.000357s ]
INFO: [ app_begin ] --END-- [ RunTime:0.000407s ]

[ 2016-03-15T16:06:39+08:00 ] 127.0.0.1 /think/admin.php/index/verify????????????
INFO: [ route_check ] --START--
INFO: CheckRoute Behavior ::run [ RunTime:0.000531s ]
INFO: [ route_check ] --END-- [ RunTime:0.000596s ]
INFO: [ app_begin ] --START--
INFO: ReadHtmlCache Behavior ::run [ RunTime:0.000335s ]
INFO: [ app_begin ] --END-- [ RunTime:0.000380s ]

