[ 2016-04-01T09:41:57+08:00 ] 127.0.0.1 /think/admin.php/Index/message
INFO: [ route_check ] --START--
INFO: CheckRoute Behavior ::run [ RunTime:0.001026s ]
INFO: [ route_check ] --END-- [ RunTime:0.001124s ]
INFO: [ app_begin ] --START--
INFO: ReadHtmlCache Behavior ::run [ RunTime:0.000854s ]
INFO: [ app_begin ] --END-- [ RunTime:0.000928s ]
ERR: 非法操作:message

[ 2016-04-01T09:42:15+08:00 ] 127.0.0.1 /think/admin.php/Index/message
INFO: [ route_check ] --START--
INFO: CheckRoute Behavior ::run [ RunTime:0.001108s ]
INFO: [ route_check ] --END-- [ RunTime:0.001240s ]
INFO: [ app_begin ] --START--
INFO: ReadHtmlCache Behavior ::run [ RunTime:0.000753s ]
INFO: [ app_begin ] --END-- [ RunTime:0.000861s ]
ERR: 非法操作:message

[ 2016-04-01T09:42:43+08:00 ] 127.0.0.1 /think/admin.php/Index/message
INFO: [ route_check ] --START--
INFO: CheckRoute Behavior ::run [ RunTime:0.000618s ]
INFO: [ route_check ] --END-- [ RunTime:0.000692s ]
INFO: [ app_begin ] --START--
INFO: ReadHtmlCache Behavior ::run [ RunTime:0.000405s ]
INFO: [ app_begin ] --END-- [ RunTime:0.000460s ]
ERR: 非法操作:message

[ 2016-04-01T09:42:53+08:00 ] 127.0.0.1 /think/admin.php/Index/message
INFO: [ route_check ] --START--
INFO: CheckRoute Behavior ::run [ RunTime:0.001063s ]
INFO: [ route_check ] --END-- [ RunTime:0.001174s ]
INFO: [ app_begin ] --START--
INFO: ReadHtmlCache Behavior ::run [ RunTime:0.000376s ]
INFO: [ app_begin ] --END-- [ RunTime:0.000427s ]
ERR: 非法操作:message

[ 2016-04-01T09:42:54+08:00 ] 127.0.0.1 /think/admin.php/Index/message
INFO: [ route_check ] --START--
INFO: CheckRoute Behavior ::run [ RunTime:0.002849s ]
INFO: [ route_check ] --END-- [ RunTime:0.003020s ]
INFO: [ app_begin ] --START--
INFO: ReadHtmlCache Behavior ::run [ RunTime:0.000898s ]
INFO: [ app_begin ] --END-- [ RunTime:0.001016s ]
ERR: 非法操作:message

[ 2016-04-01T09:44:49+08:00 ] 127.0.0.1 /think/admin.php/Index/message
INFO: [ route_check ] --START--
INFO: CheckRoute Behavior ::run [ RunTime:0.000753s ]
INFO: [ route_check ] --END-- [ RunTime:0.000824s ]
INFO: [ app_begin ] --START--
INFO: ReadHtmlCache Behavior ::run [ RunTime:0.000532s ]
INFO: [ app_begin ] --END-- [ RunTime:0.000581s ]
ERR: 非法操作:message

[ 2016-04-01T09:45:11+08:00 ] 127.0.0.1 /think/admin.php/Index/message
INFO: [ route_check ] --START--
INFO: CheckRoute Behavior ::run [ RunTime:0.000609s ]
INFO: [ route_check ] --END-- [ RunTime:0.000698s ]
INFO: [ app_begin ] --START--
INFO: ReadHtmlCache Behavior ::run [ RunTime:0.000360s ]
INFO: [ app_begin ] --END-- [ RunTime:0.000410s ]
ERR: 非法操作:message

