[ 2016-06-15T10:56:43+08:00 ] 127.0.0.1 /ph06/admin.php/
INFO: [ route_check ] --START--
INFO: CheckRoute Behavior ::run [ RunTime:0.004571s ]
INFO: [ route_check ] --END-- [ RunTime:0.004700s ]
INFO: [ app_begin ] --START--
INFO: ReadHtmlCache Behavior ::run [ RunTime:0.000651s ]
INFO: [ app_begin ] --END-- [ RunTime:0.000748s ]

[ 2016-06-15T10:56:44+08:00 ] 127.0.0.1 /ph06/admin.php/login/login
INFO: [ route_check ] --START--
INFO: CheckRoute Behavior ::run [ RunTime:0.001260s ]
INFO: [ route_check ] --END-- [ RunTime:0.001395s ]
INFO: [ app_begin ] --START--
INFO: ReadHtmlCache Behavior ::run [ RunTime:0.000676s ]
INFO: [ app_begin ] --END-- [ RunTime:0.000784s ]
INFO: [ view_parse ] --START--
INFO: ParseTemplate Behavior ::run [ RunTime:0.059725s ]
INFO: [ view_parse ] --END-- [ RunTime:0.059859s ]
INFO: [ view_filter ] --START--
INFO: ContentReplace Behavior ::run [ RunTime:0.000540s ]
INFO: TokenBuild Behavior ::run [ RunTime:0.000525s ]
INFO: WriteHtmlCache Behavior ::run [ RunTime:0.001452s ]
INFO: ShowRuntime Behavior ::run [ RunTime:0.001774s ]
INFO: [ view_filter ] --END-- [ RunTime:0.004790s ]
INFO: [ view_end ] --START--
INFO: ShowPageTrace Behavior ::run [ RunTime:0.001235s ]
INFO: [ view_end ] --END-- [ RunTime:0.001342s ]

[ 2016-06-15T10:56:44+08:00 ] 127.0.0.1 /ph06/admin.php/login/verify
INFO: [ route_check ] --START--
INFO: CheckRoute Behavior ::run [ RunTime:0.000934s ]
INFO: [ route_check ] --END-- [ RunTime:0.001031s ]
INFO: [ app_begin ] --START--
INFO: ReadHtmlCache Behavior ::run [ RunTime:0.000812s ]
INFO: [ app_begin ] --END-- [ RunTime:0.000887s ]

[ 2016-06-15T10:56:50+08:00 ] 127.0.0.1 /ph06/admin.php/login/dologin
INFO: [ route_check ] --START--
INFO: CheckRoute Behavior ::run [ RunTime:0.001160s ]
INFO: [ route_check ] --END-- [ RunTime:0.001299s ]
INFO: [ app_begin ] --START--
INFO: ReadHtmlCache Behavior ::run [ RunTime:0.000633s ]
INFO: [ app_begin ] --END-- [ RunTime:0.000718s ]
SQL: SHOW COLUMNS FROM `db_user` [ RunTime:0.101652s ]
SQL: SELECT * FROM `db_user` WHERE ( `u_name` = 'admin' ) LIMIT 1   [ RunTime:0.000665s ]

[ 2016-06-15T10:56:50+08:00 ] 127.0.0.1 /ph06/admin.php
INFO: [ app_begin ] --START--
INFO: ReadHtmlCache Behavior ::run [ RunTime:0.000999s ]
INFO: [ app_begin ] --END-- [ RunTime:0.001165s ]
INFO: [ view_parse ] --START--
INFO: ParseTemplate Behavior ::run [ RunTime:0.030587s ]
INFO: [ view_parse ] --END-- [ RunTime:0.030703s ]
INFO: [ view_filter ] --START--
INFO: ContentReplace Behavior ::run [ RunTime:0.000759s ]
INFO: TokenBuild Behavior ::run [ RunTime:0.000770s ]
INFO: WriteHtmlCache Behavior ::run [ RunTime:0.000644s ]
INFO: ShowRuntime Behavior ::run [ RunTime:0.000790s ]
INFO: [ view_filter ] --END-- [ RunTime:0.003145s ]
INFO: [ view_end ] --START--
INFO: ShowPageTrace Behavior ::run [ RunTime:0.000900s ]
INFO: [ view_end ] --END-- [ RunTime:0.000954s ]

[ 2016-06-15T10:56:50+08:00 ] 127.0.0.1 /ph06/admin.php/index/sysMessage
INFO: [ route_check ] --START--
INFO: CheckRoute Behavior ::run [ RunTime:0.001170s ]
INFO: [ route_check ] --END-- [ RunTime:0.001257s ]
INFO: [ app_begin ] --START--
INFO: ReadHtmlCache Behavior ::run [ RunTime:0.000575s ]
INFO: [ app_begin ] --END-- [ RunTime:0.000630s ]
NOTIC: [8] ob_end_clean() [<a href='ref.outcontrol'>ref.outcontrol</a>]: failed to delete buffer. No buffer to delete. F:\appserv\www\ph06\Admin\Common\common.php 第 86 行.
NOTIC: [8] Undefined offset:  4 F:\appserv\www\ph06\Admin\Common\common.php 第 93 行.
INFO: [ view_parse ] --START--
NOTIC: [8] Use of undefined constant SERVER_SOFTWARE - assumed 'SERVER_SOFTWARE' F:\appserv\www\ph06\Admin\Runtime\Cache\e6796ad2723a37f48d2e8952f0a9c1c5.php 第 31 行.
NOTIC: [8] Use of undefined constant sys_mail - assumed 'sys_mail' F:\appserv\www\ph06\Admin\Runtime\Cache\e6796ad2723a37f48d2e8952f0a9c1c5.php 第 32 行.
NOTIC: [8] Use of undefined constant sysversion - assumed 'sysversion' F:\appserv\www\ph06\Admin\Runtime\Cache\e6796ad2723a37f48d2e8952f0a9c1c5.php 第 35 行.
NOTIC: [8] Use of undefined constant SERVER_ADDR - assumed 'SERVER_ADDR' F:\appserv\www\ph06\Admin\Runtime\Cache\e6796ad2723a37f48d2e8952f0a9c1c5.php 第 36 行.
NOTIC: [8] Use of undefined constant SERVER_PORT - assumed 'SERVER_PORT' F:\appserv\www\ph06\Admin\Runtime\Cache\e6796ad2723a37f48d2e8952f0a9c1c5.php 第 39 行.
NOTIC: [8] Use of undefined constant file_uploads - assumed 'file_uploads' F:\appserv\www\ph06\Admin\Runtime\Cache\e6796ad2723a37f48d2e8952f0a9c1c5.php 第 40 行.
NOTIC: [8] Use of undefined constant max_upload - assumed 'max_upload' F:\appserv\www\ph06\Admin\Runtime\Cache\e6796ad2723a37f48d2e8952f0a9c1c5.php 第 44 行.
NOTIC: [8] Use of undefined constant systemtime - assumed 'systemtime' F:\appserv\www\ph06\Admin\Runtime\Cache\e6796ad2723a37f48d2e8952f0a9c1c5.php 第 45 行.
NOTIC: [8] Use of undefined constant max_ex_time - assumed 'max_ex_time' F:\appserv\www\ph06\Admin\Runtime\Cache\e6796ad2723a37f48d2e8952f0a9c1c5.php 第 48 行.
NOTIC: [8] Use of undefined constant DOCUMENT_ROOT - assumed 'DOCUMENT_ROOT' F:\appserv\www\ph06\Admin\Runtime\Cache\e6796ad2723a37f48d2e8952f0a9c1c5.php 第 49 行.
NOTIC: [8] Use of undefined constant memory_user_limit - assumed 'memory_user_limit' F:\appserv\www\ph06\Admin\Runtime\Cache\e6796ad2723a37f48d2e8952f0a9c1c5.php 第 52 行.
NOTIC: [8] Use of undefined constant SCRIPT_FILENAME - assumed 'SCRIPT_FILENAME' F:\appserv\www\ph06\Admin\Runtime\Cache\e6796ad2723a37f48d2e8952f0a9c1c5.php 第 53 行.
NOTIC: [8] Use of undefined constant allow_url_fopen - assumed 'allow_url_fopen' F:\appserv\www\ph06\Admin\Runtime\Cache\e6796ad2723a37f48d2e8952f0a9c1c5.php 第 56 行.
NOTIC: [8] Use of undefined constant zendVersion - assumed 'zendVersion' F:\appserv\www\ph06\Admin\Runtime\Cache\e6796ad2723a37f48d2e8952f0a9c1c5.php 第 57 行.
NOTIC: [8] Use of undefined constant gdpic - assumed 'gdpic' F:\appserv\www\ph06\Admin\Runtime\Cache\e6796ad2723a37f48d2e8952f0a9c1c5.php 第 61 行.
NOTIC: [8] Use of undefined constant ifcookie - assumed 'ifcookie' F:\appserv\www\ph06\Admin\Runtime\Cache\e6796ad2723a37f48d2e8952f0a9c1c5.php 第 62 行.
INFO: ParseTemplate Behavior ::run [ RunTime:0.084803s ]
INFO: [ view_parse ] --END-- [ RunTime:0.084895s ]
INFO: [ view_filter ] --START--
INFO: ContentReplace Behavior ::run [ RunTime:0.000666s ]
INFO: TokenBuild Behavior ::run [ RunTime:0.000589s ]
INFO: WriteHtmlCache Behavior ::run [ RunTime:0.000513s ]
INFO: ShowRuntime Behavior ::run [ RunTime:0.000647s ]
INFO: [ view_filter ] --END-- [ RunTime:0.002607s ]
INFO: [ view_end ] --START--
INFO: ShowPageTrace Behavior ::run [ RunTime:0.001633s ]
INFO: [ view_end ] --END-- [ RunTime:0.001720s ]

[ 2016-06-15T10:56:52+08:00 ] 127.0.0.1 /ph06/admin.php/type/addType
INFO: [ route_check ] --START--
INFO: CheckRoute Behavior ::run [ RunTime:0.001237s ]
INFO: [ route_check ] --END-- [ RunTime:0.001370s ]
INFO: [ app_begin ] --START--
INFO: ReadHtmlCache Behavior ::run [ RunTime:0.000654s ]
INFO: [ app_begin ] --END-- [ RunTime:0.000738s ]
INFO: [ view_parse ] --START--
INFO: ParseTemplate Behavior ::run [ RunTime:0.027989s ]
INFO: [ view_parse ] --END-- [ RunTime:0.028123s ]
INFO: [ view_filter ] --START--
INFO: ContentReplace Behavior ::run [ RunTime:0.000271s ]
INFO: TokenBuild Behavior ::run [ RunTime:0.000275s ]
INFO: WriteHtmlCache Behavior ::run [ RunTime:0.000160s ]
INFO: ShowRuntime Behavior ::run [ RunTime:0.000429s ]
INFO: [ view_filter ] --END-- [ RunTime:0.001258s ]
INFO: [ view_end ] --START--
INFO: ShowPageTrace Behavior ::run [ RunTime:0.000917s ]
INFO: [ view_end ] --END-- [ RunTime:0.000985s ]

[ 2016-06-15T10:56:54+08:00 ] 127.0.0.1 /ph06/admin.php/news/newsList
INFO: [ route_check ] --START--
INFO: CheckRoute Behavior ::run [ RunTime:0.001429s ]
INFO: [ route_check ] --END-- [ RunTime:0.001561s ]
INFO: [ app_begin ] --START--
INFO: ReadHtmlCache Behavior ::run [ RunTime:0.000432s ]
INFO: [ app_begin ] --END-- [ RunTime:0.000490s ]
SQL: SHOW COLUMNS FROM `db_news` [ RunTime:0.001240s ]
SQL: SHOW COLUMNS FROM `db_type` [ RunTime:0.001268s ]
SQL: SHOW COLUMNS FROM `db_user` [ RunTime:0.001382s ]
SQL: SELECT COUNT(n_id) AS tp_count FROM db_news news LEFT JOIN db_type type ON news.n_type=type.t_id  JOIN db_user user ON news.n_author=user.u_id LIMIT 1   [ RunTime:0.052769s ]
SQL: SELECT news.n_id AS n_id,news.n_title AS n_title,news.n_addtime AS n_addtime,news.n_nums AS n_nums,news.n_message AS n_message,news.n_status AS n_status,type.t_name AS n_type,user.u_name AS n_author FROM db_news news LEFT JOIN db_type type ON news.n_type=type.t_id  JOIN db_user user ON news.n_author=user.u_id ORDER BY news.n_addtime DESC LIMIT 0,17   [ RunTime:0.001838s ]
INFO: [ view_parse ] --START--
INFO: ParseTemplate Behavior ::run [ RunTime:0.015223s ]
INFO: [ view_parse ] --END-- [ RunTime:0.015307s ]
INFO: [ view_filter ] --START--
INFO: ContentReplace Behavior ::run [ RunTime:0.000253s ]
INFO: TokenBuild Behavior ::run [ RunTime:0.000220s ]
INFO: WriteHtmlCache Behavior ::run [ RunTime:0.000140s ]
INFO: ShowRuntime Behavior ::run [ RunTime:0.000389s ]
INFO: [ view_filter ] --END-- [ RunTime:0.001121s ]
INFO: [ view_end ] --START--
INFO: ShowPageTrace Behavior ::run [ RunTime:0.000783s ]
INFO: [ view_end ] --END-- [ RunTime:0.000844s ]

[ 2016-06-15T10:56:56+08:00 ] 127.0.0.1 /ph06/admin.php/news/publishNews
INFO: [ route_check ] --START--
INFO: CheckRoute Behavior ::run [ RunTime:0.001020s ]
INFO: [ route_check ] --END-- [ RunTime:0.001136s ]
INFO: [ app_begin ] --START--
INFO: ReadHtmlCache Behavior ::run [ RunTime:0.000653s ]
INFO: [ app_begin ] --END-- [ RunTime:0.000744s ]
SQL: SHOW COLUMNS FROM `db_type` [ RunTime:0.001809s ]
SQL: SELECT * FROM `db_type` WHERE ( t_status=1 )  [ RunTime:0.000202s ]
INFO: [ view_parse ] --START--
INFO: ParseTemplate Behavior ::run [ RunTime:0.051532s ]
INFO: [ view_parse ] --END-- [ RunTime:0.051646s ]
INFO: [ view_filter ] --START--
INFO: ContentReplace Behavior ::run [ RunTime:0.000479s ]
INFO: TokenBuild Behavior ::run [ RunTime:0.000461s ]
INFO: WriteHtmlCache Behavior ::run [ RunTime:0.000296s ]
INFO: ShowRuntime Behavior ::run [ RunTime:0.000794s ]
INFO: [ view_filter ] --END-- [ RunTime:0.002271s ]
INFO: [ view_end ] --START--
INFO: ShowPageTrace Behavior ::run [ RunTime:0.001554s ]
INFO: [ view_end ] --END-- [ RunTime:0.001644s ]

[ 2016-06-15T10:57:05+08:00 ] 127.0.0.1 /ph06/admin.php/news/publishNews
INFO: [ route_check ] --START--
INFO: CheckRoute Behavior ::run [ RunTime:0.000727s ]
INFO: [ route_check ] --END-- [ RunTime:0.000815s ]
INFO: [ app_begin ] --START--
INFO: ReadHtmlCache Behavior ::run [ RunTime:0.000440s ]
INFO: [ app_begin ] --END-- [ RunTime:0.000499s ]
SQL: SHOW COLUMNS FROM `db_type` [ RunTime:0.001293s ]
SQL: SELECT * FROM `db_type` WHERE ( t_status=1 )  [ RunTime:0.000244s ]
INFO: [ view_parse ] --START--
INFO: ParseTemplate Behavior ::run [ RunTime:0.007535s ]
INFO: [ view_parse ] --END-- [ RunTime:0.007617s ]
INFO: [ view_filter ] --START--
INFO: ContentReplace Behavior ::run [ RunTime:0.000258s ]
INFO: TokenBuild Behavior ::run [ RunTime:0.000222s ]
INFO: WriteHtmlCache Behavior ::run [ RunTime:0.000140s ]
INFO: ShowRuntime Behavior ::run [ RunTime:0.000379s ]
INFO: [ view_filter ] --END-- [ RunTime:0.001129s ]
INFO: [ view_end ] --START--
INFO: ShowPageTrace Behavior ::run [ RunTime:0.000773s ]
INFO: [ view_end ] --END-- [ RunTime:0.000817s ]

[ 2016-06-15T10:57:06+08:00 ] 127.0.0.1 /ph06/admin.php/news/newsList
INFO: [ route_check ] --START--
INFO: CheckRoute Behavior ::run [ RunTime:0.000981s ]
INFO: [ route_check ] --END-- [ RunTime:0.001313s ]
INFO: [ app_begin ] --START--
INFO: ReadHtmlCache Behavior ::run [ RunTime:0.001298s ]
INFO: [ app_begin ] --END-- [ RunTime:0.001412s ]
SQL: SHOW COLUMNS FROM `db_news` [ RunTime:0.001845s ]
SQL: SHOW COLUMNS FROM `db_type` [ RunTime:0.001085s ]
SQL: SHOW COLUMNS FROM `db_user` [ RunTime:0.000991s ]
SQL: SELECT COUNT(n_id) AS tp_count FROM db_news news LEFT JOIN db_type type ON news.n_type=type.t_id  JOIN db_user user ON news.n_author=user.u_id LIMIT 1   [ RunTime:0.000309s ]
SQL: SELECT news.n_id AS n_id,news.n_title AS n_title,news.n_addtime AS n_addtime,news.n_nums AS n_nums,news.n_message AS n_message,news.n_status AS n_status,type.t_name AS n_type,user.u_name AS n_author FROM db_news news LEFT JOIN db_type type ON news.n_type=type.t_id  JOIN db_user user ON news.n_author=user.u_id ORDER BY news.n_addtime DESC LIMIT 0,17   [ RunTime:0.001436s ]
INFO: [ view_parse ] --START--
INFO: ParseTemplate Behavior ::run [ RunTime:0.009211s ]
INFO: [ view_parse ] --END-- [ RunTime:0.009300s ]
INFO: [ view_filter ] --START--
INFO: ContentReplace Behavior ::run [ RunTime:0.000341s ]
INFO: TokenBuild Behavior ::run [ RunTime:0.000228s ]
INFO: WriteHtmlCache Behavior ::run [ RunTime:0.000141s ]
INFO: ShowRuntime Behavior ::run [ RunTime:0.000444s ]
INFO: [ view_filter ] --END-- [ RunTime:0.001292s ]
INFO: [ view_end ] --START--
INFO: ShowPageTrace Behavior ::run [ RunTime:0.001768s ]
INFO: [ view_end ] --END-- [ RunTime:0.001842s ]

[ 2016-06-15T17:12:10+08:00 ] 127.0.0.1 /ph06/admin.php
INFO: [ app_begin ] --START--
INFO: ReadHtmlCache Behavior ::run [ RunTime:0.001274s ]
INFO: [ app_begin ] --END-- [ RunTime:0.001380s ]

[ 2016-06-15T17:12:10+08:00 ] 127.0.0.1 /ph06/admin.php
INFO: [ app_begin ] --START--
INFO: ReadHtmlCache Behavior ::run [ RunTime:0.000901s ]
INFO: [ app_begin ] --END-- [ RunTime:0.001008s ]

[ 2016-06-15T17:28:33+08:00 ] 127.0.0.1 /ph06/admin.php
INFO: [ app_begin ] --START--
INFO: ReadHtmlCache Behavior ::run [ RunTime:0.000838s ]
INFO: [ app_begin ] --END-- [ RunTime:0.000955s ]
INFO: [ view_parse ] --START--
INFO: ParseTemplate Behavior ::run [ RunTime:0.043928s ]
INFO: [ view_parse ] --END-- [ RunTime:0.044244s ]
INFO: [ view_filter ] --START--
INFO: ContentReplace Behavior ::run [ RunTime:0.010304s ]
INFO: TokenBuild Behavior ::run [ RunTime:0.005706s ]
INFO: WriteHtmlCache Behavior ::run [ RunTime:0.001306s ]
INFO: ShowRuntime Behavior ::run [ RunTime:0.001630s ]
INFO: [ view_filter ] --END-- [ RunTime:0.019267s ]
INFO: [ view_end ] --START--
INFO: ShowPageTrace Behavior ::run [ RunTime:0.001999s ]
INFO: [ view_end ] --END-- [ RunTime:0.002124s ]

[ 2016-06-15T17:28:34+08:00 ] 127.0.0.1 /ph06/admin.php/index/sysMessage
INFO: [ route_check ] --START--
INFO: CheckRoute Behavior ::run [ RunTime:0.007141s ]
INFO: [ route_check ] --END-- [ RunTime:0.007233s ]
INFO: [ app_begin ] --START--
INFO: ReadHtmlCache Behavior ::run [ RunTime:0.000386s ]
INFO: [ app_begin ] --END-- [ RunTime:0.000434s ]
NOTIC: [8] ob_end_clean() [<a href='ref.outcontrol'>ref.outcontrol</a>]: failed to delete buffer. No buffer to delete. F:\appserv\www\ph06\Admin\Common\common.php 第 86 行.
NOTIC: [8] Undefined offset:  4 F:\appserv\www\ph06\Admin\Common\common.php 第 93 行.
INFO: [ view_parse ] --START--
NOTIC: [8] Use of undefined constant SERVER_SOFTWARE - assumed 'SERVER_SOFTWARE' F:\appserv\www\ph06\Admin\Runtime\Cache\e6796ad2723a37f48d2e8952f0a9c1c5.php 第 31 行.
NOTIC: [8] Use of undefined constant sys_mail - assumed 'sys_mail' F:\appserv\www\ph06\Admin\Runtime\Cache\e6796ad2723a37f48d2e8952f0a9c1c5.php 第 32 行.
NOTIC: [8] Use of undefined constant sysversion - assumed 'sysversion' F:\appserv\www\ph06\Admin\Runtime\Cache\e6796ad2723a37f48d2e8952f0a9c1c5.php 第 35 行.
NOTIC: [8] Use of undefined constant SERVER_ADDR - assumed 'SERVER_ADDR' F:\appserv\www\ph06\Admin\Runtime\Cache\e6796ad2723a37f48d2e8952f0a9c1c5.php 第 36 行.
NOTIC: [8] Use of undefined constant SERVER_PORT - assumed 'SERVER_PORT' F:\appserv\www\ph06\Admin\Runtime\Cache\e6796ad2723a37f48d2e8952f0a9c1c5.php 第 39 行.
NOTIC: [8] Use of undefined constant file_uploads - assumed 'file_uploads' F:\appserv\www\ph06\Admin\Runtime\Cache\e6796ad2723a37f48d2e8952f0a9c1c5.php 第 40 行.
NOTIC: [8] Use of undefined constant max_upload - assumed 'max_upload' F:\appserv\www\ph06\Admin\Runtime\Cache\e6796ad2723a37f48d2e8952f0a9c1c5.php 第 44 行.
NOTIC: [8] Use of undefined constant systemtime - assumed 'systemtime' F:\appserv\www\ph06\Admin\Runtime\Cache\e6796ad2723a37f48d2e8952f0a9c1c5.php 第 45 行.
NOTIC: [8] Use of undefined constant max_ex_time - assumed 'max_ex_time' F:\appserv\www\ph06\Admin\Runtime\Cache\e6796ad2723a37f48d2e8952f0a9c1c5.php 第 48 行.
NOTIC: [8] Use of undefined constant DOCUMENT_ROOT - assumed 'DOCUMENT_ROOT' F:\appserv\www\ph06\Admin\Runtime\Cache\e6796ad2723a37f48d2e8952f0a9c1c5.php 第 49 行.
NOTIC: [8] Use of undefined constant memory_user_limit - assumed 'memory_user_limit' F:\appserv\www\ph06\Admin\Runtime\Cache\e6796ad2723a37f48d2e8952f0a9c1c5.php 第 52 行.
NOTIC: [8] Use of undefined constant SCRIPT_FILENAME - assumed 'SCRIPT_FILENAME' F:\appserv\www\ph06\Admin\Runtime\Cache\e6796ad2723a37f48d2e8952f0a9c1c5.php 第 53 行.
NOTIC: [8] Use of undefined constant allow_url_fopen - assumed 'allow_url_fopen' F:\appserv\www\ph06\Admin\Runtime\Cache\e6796ad2723a37f48d2e8952f0a9c1c5.php 第 56 行.
NOTIC: [8] Use of undefined constant zendVersion - assumed 'zendVersion' F:\appserv\www\ph06\Admin\Runtime\Cache\e6796ad2723a37f48d2e8952f0a9c1c5.php 第 57 行.
NOTIC: [8] Use of undefined constant gdpic - assumed 'gdpic' F:\appserv\www\ph06\Admin\Runtime\Cache\e6796ad2723a37f48d2e8952f0a9c1c5.php 第 61 行.
NOTIC: [8] Use of undefined constant ifcookie - assumed 'ifcookie' F:\appserv\www\ph06\Admin\Runtime\Cache\e6796ad2723a37f48d2e8952f0a9c1c5.php 第 62 行.
INFO: ParseTemplate Behavior ::run [ RunTime:0.093365s ]
INFO: [ view_parse ] --END-- [ RunTime:0.093432s ]
INFO: [ view_filter ] --START--
INFO: ContentReplace Behavior ::run [ RunTime:0.000721s ]
INFO: TokenBuild Behavior ::run [ RunTime:0.000709s ]
INFO: WriteHtmlCache Behavior ::run [ RunTime:0.000829s ]
INFO: ShowRuntime Behavior ::run [ RunTime:0.000725s ]
INFO: [ view_filter ] --END-- [ RunTime:0.003203s ]
INFO: [ view_end ] --START--
INFO: ShowPageTrace Behavior ::run [ RunTime:0.000796s ]
INFO: [ view_end ] --END-- [ RunTime:0.000847s ]

