[ 2016-04-06T14:16:46+08:00 ] 127.0.0.1 /think/admin.php
INFO: [ app_begin ] --START--
INFO: ReadHtmlCache Behavior ::run [ RunTime:0.000613s ]
INFO: [ app_begin ] --END-- [ RunTime:0.000693s ]

[ 2016-04-06T14:16:46+08:00 ] 127.0.0.1 /think/admin.php/login/login
INFO: [ route_check ] --START--
INFO: CheckRoute Behavior ::run [ RunTime:0.003174s ]
INFO: [ route_check ] --END-- [ RunTime:0.003348s ]
INFO: [ app_begin ] --START--
INFO: ReadHtmlCache Behavior ::run [ RunTime:0.000894s ]
INFO: [ app_begin ] --END-- [ RunTime:0.001003s ]
INFO: [ view_parse ] --START--
INFO: ParseTemplate Behavior ::run [ RunTime:0.090877s ]
INFO: [ view_parse ] --END-- [ RunTime:0.091258s ]
INFO: [ view_filter ] --START--
INFO: ContentReplace Behavior ::run [ RunTime:0.001154s ]
INFO: TokenBuild Behavior ::run [ RunTime:0.001139s ]
INFO: WriteHtmlCache Behavior ::run [ RunTime:0.000943s ]
INFO: ShowRuntime Behavior ::run [ RunTime:0.001272s ]
INFO: [ view_filter ] --END-- [ RunTime:0.004855s ]
INFO: [ view_end ] --START--
INFO: ShowPageTrace Behavior ::run [ RunTime:0.001972s ]
INFO: [ view_end ] --END-- [ RunTime:0.002118s ]

[ 2016-04-06T14:16:46+08:00 ] 127.0.0.1 /think/admin.php/login/verify
INFO: [ route_check ] --START--
INFO: CheckRoute Behavior ::run [ RunTime:0.000698s ]
INFO: [ route_check ] --END-- [ RunTime:0.000787s ]
INFO: [ app_begin ] --START--
INFO: ReadHtmlCache Behavior ::run [ RunTime:0.001139s ]
INFO: [ app_begin ] --END-- [ RunTime:0.001227s ]

[ 2016-04-06T14:16:52+08:00 ] 127.0.0.1 /think/admin.php/login/dologin
INFO: [ route_check ] --START--
INFO: CheckRoute Behavior ::run [ RunTime:0.000758s ]
INFO: [ route_check ] --END-- [ RunTime:0.000829s ]
INFO: [ app_begin ] --START--
INFO: ReadHtmlCache Behavior ::run [ RunTime:0.000532s ]
INFO: [ app_begin ] --END-- [ RunTime:0.000581s ]
SQL: SHOW COLUMNS FROM `db_user` [ RunTime:0.001763s ]
SQL: SELECT * FROM `db_user` WHERE ( `u_name` = 'admin' ) LIMIT 1   [ RunTime:0.000600s ]

[ 2016-04-06T14:16:52+08:00 ] 127.0.0.1 /think/admin.php
INFO: [ app_begin ] --START--
INFO: ReadHtmlCache Behavior ::run [ RunTime:0.000349s ]
INFO: [ app_begin ] --END-- [ RunTime:0.000413s ]
INFO: [ view_parse ] --START--
INFO: ParseTemplate Behavior ::run [ RunTime:0.032859s ]
INFO: [ view_parse ] --END-- [ RunTime:0.032931s ]
INFO: [ view_filter ] --START--
INFO: ContentReplace Behavior ::run [ RunTime:0.000433s ]
INFO: TokenBuild Behavior ::run [ RunTime:0.000413s ]
INFO: WriteHtmlCache Behavior ::run [ RunTime:0.000336s ]
INFO: ShowRuntime Behavior ::run [ RunTime:0.000461s ]
INFO: [ view_filter ] --END-- [ RunTime:0.001766s ]
INFO: [ view_end ] --START--
INFO: ShowPageTrace Behavior ::run [ RunTime:0.000568s ]
INFO: [ view_end ] --END-- [ RunTime:0.000613s ]

[ 2016-04-06T14:16:53+08:00 ] 127.0.0.1 /think/admin.php/index/sysMessage
INFO: [ route_check ] --START--
INFO: CheckRoute Behavior ::run [ RunTime:0.000628s ]
INFO: [ route_check ] --END-- [ RunTime:0.000718s ]
INFO: [ app_begin ] --START--
INFO: ReadHtmlCache Behavior ::run [ RunTime:0.000387s ]
INFO: [ app_begin ] --END-- [ RunTime:0.000444s ]
NOTIC: [8] ob_end_clean() [<a href='ref.outcontrol'>ref.outcontrol</a>]: failed to delete buffer. No buffer to delete. F:\appserv\www\think\Admin\Common\common.php 第 86 行.
NOTIC: [8] Undefined offset:  4 F:\appserv\www\think\Admin\Common\common.php 第 93 行.
INFO: [ view_parse ] --START--
NOTIC: [8] Use of undefined constant SERVER_SOFTWARE - assumed 'SERVER_SOFTWARE' F:\appserv\www\think\Admin\Runtime\Cache\e6796ad2723a37f48d2e8952f0a9c1c5.php 第 31 行.
NOTIC: [8] Use of undefined constant sys_mail - assumed 'sys_mail' F:\appserv\www\think\Admin\Runtime\Cache\e6796ad2723a37f48d2e8952f0a9c1c5.php 第 32 行.
NOTIC: [8] Use of undefined constant sysversion - assumed 'sysversion' F:\appserv\www\think\Admin\Runtime\Cache\e6796ad2723a37f48d2e8952f0a9c1c5.php 第 35 行.
NOTIC: [8] Use of undefined constant SERVER_ADDR - assumed 'SERVER_ADDR' F:\appserv\www\think\Admin\Runtime\Cache\e6796ad2723a37f48d2e8952f0a9c1c5.php 第 36 行.
NOTIC: [8] Use of undefined constant SERVER_PORT - assumed 'SERVER_PORT' F:\appserv\www\think\Admin\Runtime\Cache\e6796ad2723a37f48d2e8952f0a9c1c5.php 第 39 行.
NOTIC: [8] Use of undefined constant file_uploads - assumed 'file_uploads' F:\appserv\www\think\Admin\Runtime\Cache\e6796ad2723a37f48d2e8952f0a9c1c5.php 第 40 行.
NOTIC: [8] Use of undefined constant max_upload - assumed 'max_upload' F:\appserv\www\think\Admin\Runtime\Cache\e6796ad2723a37f48d2e8952f0a9c1c5.php 第 44 行.
NOTIC: [8] Use of undefined constant systemtime - assumed 'systemtime' F:\appserv\www\think\Admin\Runtime\Cache\e6796ad2723a37f48d2e8952f0a9c1c5.php 第 45 行.
NOTIC: [8] Use of undefined constant max_ex_time - assumed 'max_ex_time' F:\appserv\www\think\Admin\Runtime\Cache\e6796ad2723a37f48d2e8952f0a9c1c5.php 第 48 行.
NOTIC: [8] Use of undefined constant DOCUMENT_ROOT - assumed 'DOCUMENT_ROOT' F:\appserv\www\think\Admin\Runtime\Cache\e6796ad2723a37f48d2e8952f0a9c1c5.php 第 49 行.
NOTIC: [8] Use of undefined constant memory_user_limit - assumed 'memory_user_limit' F:\appserv\www\think\Admin\Runtime\Cache\e6796ad2723a37f48d2e8952f0a9c1c5.php 第 52 行.
NOTIC: [8] Use of undefined constant SCRIPT_FILENAME - assumed 'SCRIPT_FILENAME' F:\appserv\www\think\Admin\Runtime\Cache\e6796ad2723a37f48d2e8952f0a9c1c5.php 第 53 行.
NOTIC: [8] Use of undefined constant allow_url_fopen - assumed 'allow_url_fopen' F:\appserv\www\think\Admin\Runtime\Cache\e6796ad2723a37f48d2e8952f0a9c1c5.php 第 56 行.
NOTIC: [8] Use of undefined constant zendVersion - assumed 'zendVersion' F:\appserv\www\think\Admin\Runtime\Cache\e6796ad2723a37f48d2e8952f0a9c1c5.php 第 57 行.
NOTIC: [8] Use of undefined constant gdpic - assumed 'gdpic' F:\appserv\www\think\Admin\Runtime\Cache\e6796ad2723a37f48d2e8952f0a9c1c5.php 第 61 行.
NOTIC: [8] Use of undefined constant ifcookie - assumed 'ifcookie' F:\appserv\www\think\Admin\Runtime\Cache\e6796ad2723a37f48d2e8952f0a9c1c5.php 第 62 行.
INFO: ParseTemplate Behavior ::run [ RunTime:0.025586s ]
INFO: [ view_parse ] --END-- [ RunTime:0.025797s ]
INFO: [ view_filter ] --START--
INFO: ContentReplace Behavior ::run [ RunTime:0.000578s ]
INFO: TokenBuild Behavior ::run [ RunTime:0.000571s ]
INFO: WriteHtmlCache Behavior ::run [ RunTime:0.000370s ]
INFO: ShowRuntime Behavior ::run [ RunTime:0.000692s ]
INFO: [ view_filter ] --END-- [ RunTime:0.002520s ]
INFO: [ view_end ] --START--
INFO: ShowPageTrace Behavior ::run [ RunTime:0.001769s ]
INFO: [ view_end ] --END-- [ RunTime:0.001964s ]

[ 2016-04-06T14:16:56+08:00 ] 127.0.0.1 /think/admin.php/type/typeList
INFO: [ route_check ] --START--
INFO: CheckRoute Behavior ::run [ RunTime:0.001504s ]
INFO: [ route_check ] --END-- [ RunTime:0.001660s ]
INFO: [ app_begin ] --START--
INFO: ReadHtmlCache Behavior ::run [ RunTime:0.000799s ]
INFO: [ app_begin ] --END-- [ RunTime:0.000883s ]
SQL: SHOW COLUMNS FROM `db_type` [ RunTime:0.006319s ]
SQL: SELECT COUNT(t_id) AS tp_count FROM `db_type` LIMIT 1   [ RunTime:0.001169s ]
SQL: SELECT * FROM `db_type` ORDER BY t_order ASC LIMIT 0,7   [ RunTime:0.000356s ]
INFO: [ view_parse ] --START--
INFO: ParseTemplate Behavior ::run [ RunTime:0.046158s ]
INFO: [ view_parse ] --END-- [ RunTime:0.046295s ]
INFO: [ view_filter ] --START--
INFO: ContentReplace Behavior ::run [ RunTime:0.000467s ]
INFO: TokenBuild Behavior ::run [ RunTime:0.000457s ]
INFO: WriteHtmlCache Behavior ::run [ RunTime:0.000272s ]
INFO: ShowRuntime Behavior ::run [ RunTime:0.000499s ]
INFO: [ view_filter ] --END-- [ RunTime:0.001936s ]
INFO: [ view_end ] --START--
INFO: ShowPageTrace Behavior ::run [ RunTime:0.000796s ]
INFO: [ view_end ] --END-- [ RunTime:0.000876s ]

[ 2016-04-06T14:16:58+08:00 ] 127.0.0.1 /think/admin.php/type/addType
INFO: [ route_check ] --START--
INFO: CheckRoute Behavior ::run [ RunTime:0.001115s ]
INFO: [ route_check ] --END-- [ RunTime:0.001236s ]
INFO: [ app_begin ] --START--
INFO: ReadHtmlCache Behavior ::run [ RunTime:0.000700s ]
INFO: [ app_begin ] --END-- [ RunTime:0.000757s ]
INFO: [ view_parse ] --START--
INFO: ParseTemplate Behavior ::run [ RunTime:0.018698s ]
INFO: [ view_parse ] --END-- [ RunTime:0.018782s ]
INFO: [ view_filter ] --START--
INFO: ContentReplace Behavior ::run [ RunTime:0.000468s ]
INFO: TokenBuild Behavior ::run [ RunTime:0.000444s ]
INFO: WriteHtmlCache Behavior ::run [ RunTime:0.000357s ]
INFO: ShowRuntime Behavior ::run [ RunTime:0.000506s ]
INFO: [ view_filter ] --END-- [ RunTime:0.001904s ]
INFO: [ view_end ] --START--
INFO: ShowPageTrace Behavior ::run [ RunTime:0.000647s ]
INFO: [ view_end ] --END-- [ RunTime:0.000694s ]

[ 2016-04-06T14:17:00+08:00 ] 127.0.0.1 /think/admin.php/news/newsList
INFO: [ route_check ] --START--
INFO: CheckRoute Behavior ::run [ RunTime:0.000582s ]
INFO: [ route_check ] --END-- [ RunTime:0.000658s ]
INFO: [ app_begin ] --START--
INFO: ReadHtmlCache Behavior ::run [ RunTime:0.000348s ]
INFO: [ app_begin ] --END-- [ RunTime:0.000396s ]
SQL: SHOW COLUMNS FROM `db_news` [ RunTime:0.002658s ]
SQL: SHOW COLUMNS FROM `db_type` [ RunTime:0.003233s ]
SQL: SHOW COLUMNS FROM `db_user` [ RunTime:0.002408s ]
SQL: SELECT COUNT(n_id) AS tp_count FROM db_news news LEFT JOIN db_type type ON news.n_type=type.t_id  JOIN db_user user ON news.n_author=user.u_id LIMIT 1   [ RunTime:0.001115s ]
SQL: SELECT news.n_id AS n_id,news.n_title AS n_title,news.n_addtime AS n_addtime,news.n_nums AS n_nums,news.n_message AS n_message,news.n_position AS n_position,news.n_status AS n_status,type.t_name AS n_type,user.u_name AS n_author FROM db_news news LEFT JOIN db_type type ON news.n_type=type.t_id  JOIN db_user user ON news.n_author=user.u_id ORDER BY news.n_addtime DESC LIMIT 0,7   [ RunTime:0.002292s ]
INFO: [ view_parse ] --START--
INFO: ParseTemplate Behavior ::run [ RunTime:0.078001s ]
INFO: [ view_parse ] --END-- [ RunTime:0.078151s ]
INFO: [ view_filter ] --START--
INFO: ContentReplace Behavior ::run [ RunTime:0.000626s ]
INFO: TokenBuild Behavior ::run [ RunTime:0.000612s ]
INFO: WriteHtmlCache Behavior ::run [ RunTime:0.000396s ]
INFO: ShowRuntime Behavior ::run [ RunTime:0.000746s ]
INFO: [ view_filter ] --END-- [ RunTime:0.002707s ]
INFO: [ view_end ] --START--
INFO: ShowPageTrace Behavior ::run [ RunTime:0.001378s ]
INFO: [ view_end ] --END-- [ RunTime:0.001654s ]

[ 2016-04-06T14:17:00+08:00 ] 127.0.0.1 /think/admin.php/news/publishNews
INFO: [ route_check ] --START--
INFO: CheckRoute Behavior ::run [ RunTime:0.000580s ]
INFO: [ route_check ] --END-- [ RunTime:0.000648s ]
INFO: [ app_begin ] --START--
INFO: ReadHtmlCache Behavior ::run [ RunTime:0.000345s ]
INFO: [ app_begin ] --END-- [ RunTime:0.000395s ]
SQL: SHOW COLUMNS FROM `db_type` [ RunTime:0.001870s ]
SQL: SELECT * FROM `db_type` WHERE ( t_status=1 )  [ RunTime:0.000587s ]
INFO: [ view_parse ] --START--
INFO: ParseTemplate Behavior ::run [ RunTime:0.027882s ]
INFO: [ view_parse ] --END-- [ RunTime:0.027970s ]
INFO: [ view_filter ] --START--
INFO: ContentReplace Behavior ::run [ RunTime:0.000250s ]
INFO: TokenBuild Behavior ::run [ RunTime:0.000296s ]
INFO: WriteHtmlCache Behavior ::run [ RunTime:0.000153s ]
INFO: ShowRuntime Behavior ::run [ RunTime:0.000285s ]
INFO: [ view_filter ] --END-- [ RunTime:0.001120s ]
INFO: [ view_end ] --START--
INFO: ShowPageTrace Behavior ::run [ RunTime:0.000417s ]
INFO: [ view_end ] --END-- [ RunTime:0.000464s ]

[ 2016-04-06T14:17:02+08:00 ] 127.0.0.1 /think/admin.php/ad/adList
INFO: [ route_check ] --START--
INFO: CheckRoute Behavior ::run [ RunTime:0.001134s ]
INFO: [ route_check ] --END-- [ RunTime:0.001300s ]
INFO: [ app_begin ] --START--
INFO: ReadHtmlCache Behavior ::run [ RunTime:0.000710s ]
INFO: [ app_begin ] --END-- [ RunTime:0.000813s ]
SQL: SHOW COLUMNS FROM `db_ad` [ RunTime:0.023387s ]
SQL: SELECT COUNT(a_id) AS tp_count FROM `db_ad` LIMIT 1   [ RunTime:0.000562s ]
SQL: SELECT * FROM `db_ad` ORDER BY a_position ASC,a_order ASC LIMIT 0,7   [ RunTime:0.000262s ]
INFO: [ view_parse ] --START--
NOTIC: [8] Use of undefined constant a_position - assumed 'a_position' F:\appserv\www\think\Admin\Runtime\Cache\7e1d5701d8fb68aee4dc0e44bf1258ab.php 第 36 行.
NOTIC: [8] Use of undefined constant value - assumed 'value' F:\appserv\www\think\Admin\Runtime\Cache\7e1d5701d8fb68aee4dc0e44bf1258ab.php 第 36 行.
NOTIC: [8] Use of undefined constant a_position - assumed 'a_position' F:\appserv\www\think\Admin\Runtime\Cache\7e1d5701d8fb68aee4dc0e44bf1258ab.php 第 36 行.
NOTIC: [8] Use of undefined constant value - assumed 'value' F:\appserv\www\think\Admin\Runtime\Cache\7e1d5701d8fb68aee4dc0e44bf1258ab.php 第 36 行.
NOTIC: [8] Use of undefined constant a_position - assumed 'a_position' F:\appserv\www\think\Admin\Runtime\Cache\7e1d5701d8fb68aee4dc0e44bf1258ab.php 第 36 行.
NOTIC: [8] Use of undefined constant value - assumed 'value' F:\appserv\www\think\Admin\Runtime\Cache\7e1d5701d8fb68aee4dc0e44bf1258ab.php 第 36 行.
NOTIC: [8] Use of undefined constant a_position - assumed 'a_position' F:\appserv\www\think\Admin\Runtime\Cache\7e1d5701d8fb68aee4dc0e44bf1258ab.php 第 36 行.
NOTIC: [8] Use of undefined constant value - assumed 'value' F:\appserv\www\think\Admin\Runtime\Cache\7e1d5701d8fb68aee4dc0e44bf1258ab.php 第 36 行.
NOTIC: [8] Use of undefined constant a_position - assumed 'a_position' F:\appserv\www\think\Admin\Runtime\Cache\7e1d5701d8fb68aee4dc0e44bf1258ab.php 第 36 行.
NOTIC: [8] Use of undefined constant value - assumed 'value' F:\appserv\www\think\Admin\Runtime\Cache\7e1d5701d8fb68aee4dc0e44bf1258ab.php 第 36 行.
NOTIC: [8] Use of undefined constant a_position - assumed 'a_position' F:\appserv\www\think\Admin\Runtime\Cache\7e1d5701d8fb68aee4dc0e44bf1258ab.php 第 36 行.
NOTIC: [8] Use of undefined constant value - assumed 'value' F:\appserv\www\think\Admin\Runtime\Cache\7e1d5701d8fb68aee4dc0e44bf1258ab.php 第 36 行.
NOTIC: [8] Use of undefined constant a_position - assumed 'a_position' F:\appserv\www\think\Admin\Runtime\Cache\7e1d5701d8fb68aee4dc0e44bf1258ab.php 第 36 行.
NOTIC: [8] Use of undefined constant value - assumed 'value' F:\appserv\www\think\Admin\Runtime\Cache\7e1d5701d8fb68aee4dc0e44bf1258ab.php 第 36 行.
NOTIC: [8] Use of undefined constant a_position - assumed 'a_position' F:\appserv\www\think\Admin\Runtime\Cache\7e1d5701d8fb68aee4dc0e44bf1258ab.php 第 36 行.
NOTIC: [8] Use of undefined constant value - assumed 'value' F:\appserv\www\think\Admin\Runtime\Cache\7e1d5701d8fb68aee4dc0e44bf1258ab.php 第 36 行.
INFO: ParseTemplate Behavior ::run [ RunTime:0.018512s ]
INFO: [ view_parse ] --END-- [ RunTime:0.018598s ]
INFO: [ view_filter ] --START--
INFO: ContentReplace Behavior ::run [ RunTime:0.000266s ]
INFO: TokenBuild Behavior ::run [ RunTime:0.000235s ]
INFO: WriteHtmlCache Behavior ::run [ RunTime:0.000151s ]
INFO: ShowRuntime Behavior ::run [ RunTime:0.000312s ]
INFO: [ view_filter ] --END-- [ RunTime:0.001086s ]
INFO: [ view_end ] --START--
INFO: ShowPageTrace Behavior ::run [ RunTime:0.000450s ]
INFO: [ view_end ] --END-- [ RunTime:0.000507s ]

[ 2016-04-06T14:17:03+08:00 ] 127.0.0.1 /think/admin.php/ad/addAd
INFO: [ route_check ] --START--
INFO: CheckRoute Behavior ::run [ RunTime:0.000662s ]
INFO: [ route_check ] --END-- [ RunTime:0.000746s ]
INFO: [ app_begin ] --START--
INFO: ReadHtmlCache Behavior ::run [ RunTime:0.000353s ]
INFO: [ app_begin ] --END-- [ RunTime:0.000403s ]
INFO: [ view_parse ] --START--
NOTIC: [8] Undefined variable: vo F:\appserv\www\think\Admin\Runtime\Cache\b1d3cc3cfc4240a9051ce7534a16e404.php 第 55 行.
NOTIC: [8] Undefined index:  fileurl F:\appserv\www\think\Admin\Runtime\Cache\b1d3cc3cfc4240a9051ce7534a16e404.php 第 105 行.
INFO: ParseTemplate Behavior ::run [ RunTime:0.042107s ]
INFO: [ view_parse ] --END-- [ RunTime:0.042200s ]
INFO: [ view_filter ] --START--
INFO: ContentReplace Behavior ::run [ RunTime:0.000254s ]
INFO: TokenBuild Behavior ::run [ RunTime:0.000236s ]
INFO: WriteHtmlCache Behavior ::run [ RunTime:0.000153s ]
INFO: ShowRuntime Behavior ::run [ RunTime:0.000282s ]
INFO: [ view_filter ] --END-- [ RunTime:0.001048s ]
INFO: [ view_end ] --START--
INFO: ShowPageTrace Behavior ::run [ RunTime:0.000390s ]
INFO: [ view_end ] --END-- [ RunTime:0.000437s ]

[ 2016-04-06T14:17:09+08:00 ] 127.0.0.1 /think/admin.php/ad/add_picture
INFO: [ route_check ] --START--
INFO: CheckRoute Behavior ::run [ RunTime:0.000782s ]
INFO: [ route_check ] --END-- [ RunTime:0.000857s ]
INFO: [ app_begin ] --START--
INFO: ReadHtmlCache Behavior ::run [ RunTime:0.000547s ]
INFO: [ app_begin ] --END-- [ RunTime:0.000603s ]
NOTIC: [2] md5_file(./Upload/c_picture/1459923428.png) [<a href='function.md5-file'>function.md5-file</a>]: failed to open stream: No such file or directory F:\appserv\www\think\ThinkPHP\Extend\Library\ORG\Net\UploadFile.class.php 第 203 行.

[ 2016-04-06T14:17:16+08:00 ] 127.0.0.1 /think/admin.php/ad/add_picture
INFO: [ route_check ] --START--
INFO: CheckRoute Behavior ::run [ RunTime:0.000856s ]
INFO: [ route_check ] --END-- [ RunTime:0.000944s ]
INFO: [ app_begin ] --START--
INFO: ReadHtmlCache Behavior ::run [ RunTime:0.000551s ]
INFO: [ app_begin ] --END-- [ RunTime:0.000607s ]
NOTIC: [2] md5_file(./Upload/c_picture/1459923436.jpg) [<a href='function.md5-file'>function.md5-file</a>]: failed to open stream: No such file or directory F:\appserv\www\think\ThinkPHP\Extend\Library\ORG\Net\UploadFile.class.php 第 203 行.

[ 2016-04-06T14:17:18+08:00 ] 127.0.0.1 /think/admin.php/ad/adList
INFO: [ route_check ] --START--
INFO: CheckRoute Behavior ::run [ RunTime:0.001462s ]
INFO: [ route_check ] --END-- [ RunTime:0.001589s ]
INFO: [ app_begin ] --START--
INFO: ReadHtmlCache Behavior ::run [ RunTime:0.000996s ]
INFO: [ app_begin ] --END-- [ RunTime:0.001089s ]
SQL: SHOW COLUMNS FROM `db_ad` [ RunTime:0.002040s ]
SQL: SELECT COUNT(a_id) AS tp_count FROM `db_ad` LIMIT 1   [ RunTime:0.000641s ]
SQL: SELECT * FROM `db_ad` ORDER BY a_position ASC,a_order ASC LIMIT 0,7   [ RunTime:0.000236s ]
INFO: [ view_parse ] --START--
NOTIC: [8] Use of undefined constant a_position - assumed 'a_position' F:\appserv\www\think\Admin\Runtime\Cache\7e1d5701d8fb68aee4dc0e44bf1258ab.php 第 36 行.
NOTIC: [8] Use of undefined constant value - assumed 'value' F:\appserv\www\think\Admin\Runtime\Cache\7e1d5701d8fb68aee4dc0e44bf1258ab.php 第 36 行.
NOTIC: [8] Use of undefined constant a_position - assumed 'a_position' F:\appserv\www\think\Admin\Runtime\Cache\7e1d5701d8fb68aee4dc0e44bf1258ab.php 第 36 行.
NOTIC: [8] Use of undefined constant value - assumed 'value' F:\appserv\www\think\Admin\Runtime\Cache\7e1d5701d8fb68aee4dc0e44bf1258ab.php 第 36 行.
NOTIC: [8] Use of undefined constant a_position - assumed 'a_position' F:\appserv\www\think\Admin\Runtime\Cache\7e1d5701d8fb68aee4dc0e44bf1258ab.php 第 36 行.
NOTIC: [8] Use of undefined constant value - assumed 'value' F:\appserv\www\think\Admin\Runtime\Cache\7e1d5701d8fb68aee4dc0e44bf1258ab.php 第 36 行.
NOTIC: [8] Use of undefined constant a_position - assumed 'a_position' F:\appserv\www\think\Admin\Runtime\Cache\7e1d5701d8fb68aee4dc0e44bf1258ab.php 第 36 行.
NOTIC: [8] Use of undefined constant value - assumed 'value' F:\appserv\www\think\Admin\Runtime\Cache\7e1d5701d8fb68aee4dc0e44bf1258ab.php 第 36 行.
NOTIC: [8] Use of undefined constant a_position - assumed 'a_position' F:\appserv\www\think\Admin\Runtime\Cache\7e1d5701d8fb68aee4dc0e44bf1258ab.php 第 36 行.
NOTIC: [8] Use of undefined constant value - assumed 'value' F:\appserv\www\think\Admin\Runtime\Cache\7e1d5701d8fb68aee4dc0e44bf1258ab.php 第 36 行.
NOTIC: [8] Use of undefined constant a_position - assumed 'a_position' F:\appserv\www\think\Admin\Runtime\Cache\7e1d5701d8fb68aee4dc0e44bf1258ab.php 第 36 行.
NOTIC: [8] Use of undefined constant value - assumed 'value' F:\appserv\www\think\Admin\Runtime\Cache\7e1d5701d8fb68aee4dc0e44bf1258ab.php 第 36 行.
NOTIC: [8] Use of undefined constant a_position - assumed 'a_position' F:\appserv\www\think\Admin\Runtime\Cache\7e1d5701d8fb68aee4dc0e44bf1258ab.php 第 36 行.
NOTIC: [8] Use of undefined constant value - assumed 'value' F:\appserv\www\think\Admin\Runtime\Cache\7e1d5701d8fb68aee4dc0e44bf1258ab.php 第 36 行.
NOTIC: [8] Use of undefined constant a_position - assumed 'a_position' F:\appserv\www\think\Admin\Runtime\Cache\7e1d5701d8fb68aee4dc0e44bf1258ab.php 第 36 行.
NOTIC: [8] Use of undefined constant value - assumed 'value' F:\appserv\www\think\Admin\Runtime\Cache\7e1d5701d8fb68aee4dc0e44bf1258ab.php 第 36 行.
INFO: ParseTemplate Behavior ::run [ RunTime:0.015670s ]
INFO: [ view_parse ] --END-- [ RunTime:0.015751s ]
INFO: [ view_filter ] --START--
INFO: ContentReplace Behavior ::run [ RunTime:0.000526s ]
INFO: TokenBuild Behavior ::run [ RunTime:0.000484s ]
INFO: WriteHtmlCache Behavior ::run [ RunTime:0.000406s ]
INFO: ShowRuntime Behavior ::run [ RunTime:0.000567s ]
INFO: [ view_filter ] --END-- [ RunTime:0.002128s ]
INFO: [ view_end ] --START--
INFO: ShowPageTrace Behavior ::run [ RunTime:0.000691s ]
INFO: [ view_end ] --END-- [ RunTime:0.000743s ]

[ 2016-04-06T17:28:22+08:00 ] 127.0.0.1 /think/admin.php/type/typeList
INFO: [ route_check ] --START--
INFO: CheckRoute Behavior ::run [ RunTime:0.002436s ]
INFO: [ route_check ] --END-- [ RunTime:0.002693s ]
INFO: [ app_begin ] --START--
INFO: ReadHtmlCache Behavior ::run [ RunTime:0.001619s ]
INFO: [ app_begin ] --END-- [ RunTime:0.001834s ]

[ 2016-04-06T17:28:22+08:00 ] 127.0.0.1 /think/admin.php/login/login
INFO: [ route_check ] --START--
INFO: CheckRoute Behavior ::run [ RunTime:0.002345s ]
INFO: [ route_check ] --END-- [ RunTime:0.002524s ]
INFO: [ app_begin ] --START--
INFO: ReadHtmlCache Behavior ::run [ RunTime:0.001700s ]
INFO: [ app_begin ] --END-- [ RunTime:0.001844s ]
INFO: [ view_parse ] --START--
INFO: ParseTemplate Behavior ::run [ RunTime:0.038338s ]
INFO: [ view_parse ] --END-- [ RunTime:0.038579s ]
INFO: [ view_filter ] --START--
INFO: ContentReplace Behavior ::run [ RunTime:0.001952s ]
INFO: TokenBuild Behavior ::run [ RunTime:0.001469s ]
INFO: WriteHtmlCache Behavior ::run [ RunTime:0.001548s ]
INFO: ShowRuntime Behavior ::run [ RunTime:0.002644s ]
INFO: [ view_filter ] --END-- [ RunTime:0.008151s ]
INFO: [ view_end ] --START--
INFO: ShowPageTrace Behavior ::run [ RunTime:0.002006s ]
INFO: [ view_end ] --END-- [ RunTime:0.002145s ]

[ 2016-04-06T17:28:22+08:00 ] 127.0.0.1 /think/admin.php/login/verify
INFO: [ route_check ] --START--
INFO: CheckRoute Behavior ::run [ RunTime:0.000764s ]
INFO: [ route_check ] --END-- [ RunTime:0.000854s ]
INFO: [ app_begin ] --START--
INFO: ReadHtmlCache Behavior ::run [ RunTime:0.000487s ]
INFO: [ app_begin ] --END-- [ RunTime:0.000552s ]

[ 2016-04-06T17:28:29+08:00 ] 127.0.0.1 /think/admin.php/login/dologin
INFO: [ route_check ] --START--
INFO: CheckRoute Behavior ::run [ RunTime:0.000554s ]
INFO: [ route_check ] --END-- [ RunTime:0.000622s ]
INFO: [ app_begin ] --START--
INFO: ReadHtmlCache Behavior ::run [ RunTime:0.000340s ]
INFO: [ app_begin ] --END-- [ RunTime:0.000384s ]
SQL: SHOW COLUMNS FROM `db_user` [ RunTime:0.002414s ]
SQL: SELECT * FROM `db_user` WHERE ( `u_name` = 'admin' ) LIMIT 1   [ RunTime:0.000395s ]

[ 2016-04-06T17:28:30+08:00 ] 127.0.0.1 /think/admin.php
INFO: [ app_begin ] --START--
INFO: ReadHtmlCache Behavior ::run [ RunTime:0.000355s ]
INFO: [ app_begin ] --END-- [ RunTime:0.000422s ]
INFO: [ view_parse ] --START--
INFO: ParseTemplate Behavior ::run [ RunTime:0.084014s ]
INFO: [ view_parse ] --END-- [ RunTime:0.084253s ]
INFO: [ view_filter ] --START--
INFO: ContentReplace Behavior ::run [ RunTime:0.000609s ]
INFO: TokenBuild Behavior ::run [ RunTime:0.000599s ]
INFO: WriteHtmlCache Behavior ::run [ RunTime:0.000373s ]
INFO: ShowRuntime Behavior ::run [ RunTime:0.000694s ]
INFO: [ view_filter ] --END-- [ RunTime:0.002573s ]
INFO: [ view_end ] --START--
INFO: ShowPageTrace Behavior ::run [ RunTime:0.000974s ]
INFO: [ view_end ] --END-- [ RunTime:0.001082s ]

[ 2016-04-06T17:28:30+08:00 ] 127.0.0.1 /think/admin.php/index/sysMessage
INFO: [ route_check ] --START--
INFO: CheckRoute Behavior ::run [ RunTime:0.000570s ]
INFO: [ route_check ] --END-- [ RunTime:0.000641s ]
INFO: [ app_begin ] --START--
INFO: ReadHtmlCache Behavior ::run [ RunTime:0.000350s ]
INFO: [ app_begin ] --END-- [ RunTime:0.000397s ]
NOTIC: [8] ob_end_clean() [<a href='ref.outcontrol'>ref.outcontrol</a>]: failed to delete buffer. No buffer to delete. F:\appserv\www\think\Admin\Common\common.php 第 86 行.
NOTIC: [8] Undefined offset:  4 F:\appserv\www\think\Admin\Common\common.php 第 93 行.
INFO: [ view_parse ] --START--
NOTIC: [8] Use of undefined constant SERVER_SOFTWARE - assumed 'SERVER_SOFTWARE' F:\appserv\www\think\Admin\Runtime\Cache\e6796ad2723a37f48d2e8952f0a9c1c5.php 第 31 行.
NOTIC: [8] Use of undefined constant sys_mail - assumed 'sys_mail' F:\appserv\www\think\Admin\Runtime\Cache\e6796ad2723a37f48d2e8952f0a9c1c5.php 第 32 行.
NOTIC: [8] Use of undefined constant sysversion - assumed 'sysversion' F:\appserv\www\think\Admin\Runtime\Cache\e6796ad2723a37f48d2e8952f0a9c1c5.php 第 35 行.
NOTIC: [8] Use of undefined constant SERVER_ADDR - assumed 'SERVER_ADDR' F:\appserv\www\think\Admin\Runtime\Cache\e6796ad2723a37f48d2e8952f0a9c1c5.php 第 36 行.
NOTIC: [8] Use of undefined constant SERVER_PORT - assumed 'SERVER_PORT' F:\appserv\www\think\Admin\Runtime\Cache\e6796ad2723a37f48d2e8952f0a9c1c5.php 第 39 行.
NOTIC: [8] Use of undefined constant file_uploads - assumed 'file_uploads' F:\appserv\www\think\Admin\Runtime\Cache\e6796ad2723a37f48d2e8952f0a9c1c5.php 第 40 行.
NOTIC: [8] Use of undefined constant max_upload - assumed 'max_upload' F:\appserv\www\think\Admin\Runtime\Cache\e6796ad2723a37f48d2e8952f0a9c1c5.php 第 44 行.
NOTIC: [8] Use of undefined constant systemtime - assumed 'systemtime' F:\appserv\www\think\Admin\Runtime\Cache\e6796ad2723a37f48d2e8952f0a9c1c5.php 第 45 行.
NOTIC: [8] Use of undefined constant max_ex_time - assumed 'max_ex_time' F:\appserv\www\think\Admin\Runtime\Cache\e6796ad2723a37f48d2e8952f0a9c1c5.php 第 48 行.
NOTIC: [8] Use of undefined constant DOCUMENT_ROOT - assumed 'DOCUMENT_ROOT' F:\appserv\www\think\Admin\Runtime\Cache\e6796ad2723a37f48d2e8952f0a9c1c5.php 第 49 行.
NOTIC: [8] Use of undefined constant memory_user_limit - assumed 'memory_user_limit' F:\appserv\www\think\Admin\Runtime\Cache\e6796ad2723a37f48d2e8952f0a9c1c5.php 第 52 行.
NOTIC: [8] Use of undefined constant SCRIPT_FILENAME - assumed 'SCRIPT_FILENAME' F:\appserv\www\think\Admin\Runtime\Cache\e6796ad2723a37f48d2e8952f0a9c1c5.php 第 53 行.
NOTIC: [8] Use of undefined constant allow_url_fopen - assumed 'allow_url_fopen' F:\appserv\www\think\Admin\Runtime\Cache\e6796ad2723a37f48d2e8952f0a9c1c5.php 第 56 行.
NOTIC: [8] Use of undefined constant zendVersion - assumed 'zendVersion' F:\appserv\www\think\Admin\Runtime\Cache\e6796ad2723a37f48d2e8952f0a9c1c5.php 第 57 行.
NOTIC: [8] Use of undefined constant gdpic - assumed 'gdpic' F:\appserv\www\think\Admin\Runtime\Cache\e6796ad2723a37f48d2e8952f0a9c1c5.php 第 61 行.
NOTIC: [8] Use of undefined constant ifcookie - assumed 'ifcookie' F:\appserv\www\think\Admin\Runtime\Cache\e6796ad2723a37f48d2e8952f0a9c1c5.php 第 62 行.
INFO: ParseTemplate Behavior ::run [ RunTime:0.022856s ]
INFO: [ view_parse ] --END-- [ RunTime:0.022922s ]
INFO: [ view_filter ] --START--
INFO: ContentReplace Behavior ::run [ RunTime:0.000232s ]
INFO: TokenBuild Behavior ::run [ RunTime:0.000231s ]
INFO: WriteHtmlCache Behavior ::run [ RunTime:0.000151s ]
INFO: ShowRuntime Behavior ::run [ RunTime:0.000274s ]
INFO: [ view_filter ] --END-- [ RunTime:0.001010s ]
INFO: [ view_end ] --START--
INFO: ShowPageTrace Behavior ::run [ RunTime:0.000386s ]
INFO: [ view_end ] --END-- [ RunTime:0.000428s ]

[ 2016-04-06T17:28:31+08:00 ] 127.0.0.1 /think/admin.php/type/typeList
INFO: [ route_check ] --START--
INFO: CheckRoute Behavior ::run [ RunTime:0.001873s ]
INFO: [ route_check ] --END-- [ RunTime:0.002085s ]
INFO: [ app_begin ] --START--
INFO: ReadHtmlCache Behavior ::run [ RunTime:0.000890s ]
INFO: [ app_begin ] --END-- [ RunTime:0.001000s ]
SQL: SHOW COLUMNS FROM `db_type` [ RunTime:0.002421s ]
SQL: SELECT COUNT(t_id) AS tp_count FROM `db_type` LIMIT 1   [ RunTime:0.000565s ]
SQL: SELECT * FROM `db_type` ORDER BY t_order ASC LIMIT 0,7   [ RunTime:0.000199s ]
INFO: [ view_parse ] --START--
INFO: ParseTemplate Behavior ::run [ RunTime:0.024636s ]
INFO: [ view_parse ] --END-- [ RunTime:0.024718s ]
INFO: [ view_filter ] --START--
INFO: ContentReplace Behavior ::run [ RunTime:0.000736s ]
INFO: TokenBuild Behavior ::run [ RunTime:0.000254s ]
INFO: WriteHtmlCache Behavior ::run [ RunTime:0.000147s ]
INFO: ShowRuntime Behavior ::run [ RunTime:0.000271s ]
INFO: [ view_filter ] --END-- [ RunTime:0.001533s ]
INFO: [ view_end ] --START--
INFO: ShowPageTrace Behavior ::run [ RunTime:0.000410s ]
INFO: [ view_end ] --END-- [ RunTime:0.000455s ]

[ 2016-04-06T17:28:36+08:00 ] 127.0.0.1 /think/admin.php/news/newsList
INFO: [ route_check ] --START--
INFO: CheckRoute Behavior ::run [ RunTime:0.001213s ]
INFO: [ route_check ] --END-- [ RunTime:0.001340s ]
INFO: [ app_begin ] --START--
INFO: ReadHtmlCache Behavior ::run [ RunTime:0.000772s ]
INFO: [ app_begin ] --END-- [ RunTime:0.000875s ]
SQL: SHOW COLUMNS FROM `db_news` [ RunTime:0.004920s ]
SQL: SHOW COLUMNS FROM `db_type` [ RunTime:0.004494s ]
SQL: SHOW COLUMNS FROM `db_user` [ RunTime:0.004764s ]
SQL: SELECT COUNT(n_id) AS tp_count FROM db_news news LEFT JOIN db_type type ON news.n_type=type.t_id  JOIN db_user user ON news.n_author=user.u_id LIMIT 1   [ RunTime:0.000849s ]
SQL: SELECT news.n_id AS n_id,news.n_title AS n_title,news.n_addtime AS n_addtime,news.n_nums AS n_nums,news.n_message AS n_message,news.n_position AS n_position,news.n_status AS n_status,type.t_name AS n_type,user.u_name AS n_author FROM db_news news LEFT JOIN db_type type ON news.n_type=type.t_id  JOIN db_user user ON news.n_author=user.u_id ORDER BY news.n_addtime DESC LIMIT 0,7   [ RunTime:0.001735s ]
INFO: [ view_parse ] --START--
INFO: ParseTemplate Behavior ::run [ RunTime:0.023790s ]
INFO: [ view_parse ] --END-- [ RunTime:0.023867s ]
INFO: [ view_filter ] --START--
INFO: ContentReplace Behavior ::run [ RunTime:0.000268s ]
INFO: TokenBuild Behavior ::run [ RunTime:0.000250s ]
INFO: WriteHtmlCache Behavior ::run [ RunTime:0.000163s ]
INFO: ShowRuntime Behavior ::run [ RunTime:0.000315s ]
INFO: [ view_filter ] --END-- [ RunTime:0.001128s ]
INFO: [ view_end ] --START--
INFO: ShowPageTrace Behavior ::run [ RunTime:0.000577s ]
INFO: [ view_end ] --END-- [ RunTime:0.000629s ]

[ 2016-04-06T17:28:37+08:00 ] 127.0.0.1 /think/admin.php/news/publishNews
INFO: [ route_check ] --START--
INFO: CheckRoute Behavior ::run [ RunTime:0.000903s ]
INFO: [ route_check ] --END-- [ RunTime:0.001006s ]
INFO: [ app_begin ] --START--
INFO: ReadHtmlCache Behavior ::run [ RunTime:0.000647s ]
INFO: [ app_begin ] --END-- [ RunTime:0.000724s ]
SQL: SHOW COLUMNS FROM `db_type` [ RunTime:0.003226s ]
SQL: SELECT * FROM `db_type` WHERE ( t_status=1 )  [ RunTime:0.001376s ]
INFO: [ view_parse ] --START--
INFO: ParseTemplate Behavior ::run [ RunTime:0.031661s ]
INFO: [ view_parse ] --END-- [ RunTime:0.031773s ]
INFO: [ view_filter ] --START--
INFO: ContentReplace Behavior ::run [ RunTime:0.000291s ]
INFO: TokenBuild Behavior ::run [ RunTime:0.000253s ]
INFO: WriteHtmlCache Behavior ::run [ RunTime:0.000148s ]
INFO: ShowRuntime Behavior ::run [ RunTime:0.000447s ]
INFO: [ view_filter ] --END-- [ RunTime:0.001313s ]
INFO: [ view_end ] --START--
INFO: ShowPageTrace Behavior ::run [ RunTime:0.001098s ]
INFO: [ view_end ] --END-- [ RunTime:0.001219s ]

[ 2016-04-06T17:28:41+08:00 ] 127.0.0.1 /think/admin.php/news/newsList
INFO: [ route_check ] --START--
INFO: CheckRoute Behavior ::run [ RunTime:0.000630s ]
INFO: [ route_check ] --END-- [ RunTime:0.000720s ]
INFO: [ app_begin ] --START--
INFO: ReadHtmlCache Behavior ::run [ RunTime:0.000413s ]
INFO: [ app_begin ] --END-- [ RunTime:0.000473s ]
SQL: SHOW COLUMNS FROM `db_news` [ RunTime:0.002909s ]
SQL: SHOW COLUMNS FROM `db_type` [ RunTime:0.002036s ]
SQL: SHOW COLUMNS FROM `db_user` [ RunTime:0.001871s ]
SQL: SELECT COUNT(n_id) AS tp_count FROM db_news news LEFT JOIN db_type type ON news.n_type=type.t_id  JOIN db_user user ON news.n_author=user.u_id LIMIT 1   [ RunTime:0.000742s ]
SQL: SELECT news.n_id AS n_id,news.n_title AS n_title,news.n_addtime AS n_addtime,news.n_nums AS n_nums,news.n_message AS n_message,news.n_position AS n_position,news.n_status AS n_status,type.t_name AS n_type,user.u_name AS n_author FROM db_news news LEFT JOIN db_type type ON news.n_type=type.t_id  JOIN db_user user ON news.n_author=user.u_id ORDER BY news.n_addtime DESC LIMIT 0,7   [ RunTime:0.001467s ]
INFO: [ view_parse ] --START--
INFO: ParseTemplate Behavior ::run [ RunTime:0.008123s ]
INFO: [ view_parse ] --END-- [ RunTime:0.008205s ]
INFO: [ view_filter ] --START--
INFO: ContentReplace Behavior ::run [ RunTime:0.000264s ]
INFO: TokenBuild Behavior ::run [ RunTime:0.000229s ]
INFO: WriteHtmlCache Behavior ::run [ RunTime:0.000163s ]
INFO: ShowRuntime Behavior ::run [ RunTime:0.000289s ]
INFO: [ view_filter ] --END-- [ RunTime:0.001068s ]
INFO: [ view_end ] --START--
INFO: ShowPageTrace Behavior ::run [ RunTime:0.000386s ]
INFO: [ view_end ] --END-- [ RunTime:0.000429s ]

[ 2016-04-06T17:28:41+08:00 ] 127.0.0.1 /think/admin.php/news/publishNews
INFO: [ route_check ] --START--
INFO: CheckRoute Behavior ::run [ RunTime:0.000983s ]
INFO: [ route_check ] --END-- [ RunTime:0.001103s ]
INFO: [ app_begin ] --START--
INFO: ReadHtmlCache Behavior ::run [ RunTime:0.000614s ]
INFO: [ app_begin ] --END-- [ RunTime:0.000690s ]
SQL: SHOW COLUMNS FROM `db_type` [ RunTime:0.003041s ]
SQL: SELECT * FROM `db_type` WHERE ( t_status=1 )  [ RunTime:0.001094s ]
INFO: [ view_parse ] --START--
INFO: ParseTemplate Behavior ::run [ RunTime:0.011829s ]
INFO: [ view_parse ] --END-- [ RunTime:0.011959s ]
INFO: [ view_filter ] --START--
INFO: ContentReplace Behavior ::run [ RunTime:0.000448s ]
INFO: TokenBuild Behavior ::run [ RunTime:0.000412s ]
INFO: WriteHtmlCache Behavior ::run [ RunTime:0.000270s ]
INFO: ShowRuntime Behavior ::run [ RunTime:0.000482s ]
INFO: [ view_filter ] --END-- [ RunTime:0.001831s ]
INFO: [ view_end ] --START--
INFO: ShowPageTrace Behavior ::run [ RunTime:0.000805s ]
INFO: [ view_end ] --END-- [ RunTime:0.000894s ]

[ 2016-04-06T17:28:42+08:00 ] 127.0.0.1 /think/admin.php/news/newsList
INFO: [ route_check ] --START--
INFO: CheckRoute Behavior ::run [ RunTime:0.000924s ]
INFO: [ route_check ] --END-- [ RunTime:0.001037s ]
INFO: [ app_begin ] --START--
INFO: ReadHtmlCache Behavior ::run [ RunTime:0.000580s ]
INFO: [ app_begin ] --END-- [ RunTime:0.000659s ]
SQL: SHOW COLUMNS FROM `db_news` [ RunTime:0.003637s ]
SQL: SHOW COLUMNS FROM `db_type` [ RunTime:0.001769s ]
SQL: SHOW COLUMNS FROM `db_user` [ RunTime:0.002755s ]
SQL: SELECT COUNT(n_id) AS tp_count FROM db_news news LEFT JOIN db_type type ON news.n_type=type.t_id  JOIN db_user user ON news.n_author=user.u_id LIMIT 1   [ RunTime:0.000601s ]
SQL: SELECT news.n_id AS n_id,news.n_title AS n_title,news.n_addtime AS n_addtime,news.n_nums AS n_nums,news.n_message AS n_message,news.n_position AS n_position,news.n_status AS n_status,type.t_name AS n_type,user.u_name AS n_author FROM db_news news LEFT JOIN db_type type ON news.n_type=type.t_id  JOIN db_user user ON news.n_author=user.u_id ORDER BY news.n_addtime DESC LIMIT 0,7   [ RunTime:0.001510s ]
INFO: [ view_parse ] --START--
INFO: ParseTemplate Behavior ::run [ RunTime:0.007819s ]
INFO: [ view_parse ] --END-- [ RunTime:0.007918s ]
INFO: [ view_filter ] --START--
INFO: ContentReplace Behavior ::run [ RunTime:0.000266s ]
INFO: TokenBuild Behavior ::run [ RunTime:0.000242s ]
INFO: WriteHtmlCache Behavior ::run [ RunTime:0.000148s ]
INFO: ShowRuntime Behavior ::run [ RunTime:0.000303s ]
INFO: [ view_filter ] --END-- [ RunTime:0.001082s ]
INFO: [ view_end ] --START--
INFO: ShowPageTrace Behavior ::run [ RunTime:0.000370s ]
INFO: [ view_end ] --END-- [ RunTime:0.000412s ]

[ 2016-04-06T17:28:44+08:00 ] 127.0.0.1 /think/admin.php/news/updateNews/n_id/84
INFO: [ route_check ] --START--
INFO: CheckRoute Behavior ::run [ RunTime:0.001519s ]
INFO: [ route_check ] --END-- [ RunTime:0.001723s ]
INFO: [ app_begin ] --START--
INFO: ReadHtmlCache Behavior ::run [ RunTime:0.000689s ]
INFO: [ app_begin ] --END-- [ RunTime:0.000777s ]
SQL: SHOW COLUMNS FROM `db_news` [ RunTime:0.002010s ]
SQL: SHOW COLUMNS FROM `db_type` [ RunTime:0.002265s ]
SQL: SELECT * FROM `db_news` WHERE ( `n_id` = 84 ) LIMIT 1   [ RunTime:0.000605s ]
SQL: SELECT * FROM `db_type`  [ RunTime:0.000134s ]
INFO: [ view_parse ] --START--
NOTIC: [8] Use of undefined constant t_id - assumed 't_id' F:\appserv\www\think\Admin\Runtime\Cache\a21fae484a2cfc39b06ffa5112a25a5a.php 第 50 行.
NOTIC: [8] Use of undefined constant n_type - assumed 'n_type' F:\appserv\www\think\Admin\Runtime\Cache\a21fae484a2cfc39b06ffa5112a25a5a.php 第 50 行.
NOTIC: [8] Use of undefined constant t_id - assumed 't_id' F:\appserv\www\think\Admin\Runtime\Cache\a21fae484a2cfc39b06ffa5112a25a5a.php 第 50 行.
NOTIC: [8] Use of undefined constant n_type - assumed 'n_type' F:\appserv\www\think\Admin\Runtime\Cache\a21fae484a2cfc39b06ffa5112a25a5a.php 第 50 行.
NOTIC: [8] Use of undefined constant t_id - assumed 't_id' F:\appserv\www\think\Admin\Runtime\Cache\a21fae484a2cfc39b06ffa5112a25a5a.php 第 50 行.
NOTIC: [8] Use of undefined constant n_type - assumed 'n_type' F:\appserv\www\think\Admin\Runtime\Cache\a21fae484a2cfc39b06ffa5112a25a5a.php 第 50 行.
NOTIC: [8] Use of undefined constant t_id - assumed 't_id' F:\appserv\www\think\Admin\Runtime\Cache\a21fae484a2cfc39b06ffa5112a25a5a.php 第 50 行.
NOTIC: [8] Use of undefined constant n_type - assumed 'n_type' F:\appserv\www\think\Admin\Runtime\Cache\a21fae484a2cfc39b06ffa5112a25a5a.php 第 50 行.
INFO: ParseTemplate Behavior ::run [ RunTime:0.017967s ]
INFO: [ view_parse ] --END-- [ RunTime:0.018035s ]
INFO: [ view_filter ] --START--
INFO: ContentReplace Behavior ::run [ RunTime:0.000233s ]
INFO: TokenBuild Behavior ::run [ RunTime:0.000220s ]
INFO: WriteHtmlCache Behavior ::run [ RunTime:0.000143s ]
INFO: ShowRuntime Behavior ::run [ RunTime:0.000275s ]
INFO: [ view_filter ] --END-- [ RunTime:0.000986s ]
INFO: [ view_end ] --START--
INFO: ShowPageTrace Behavior ::run [ RunTime:0.000413s ]
INFO: [ view_end ] --END-- [ RunTime:0.000455s ]

[ 2016-04-06T17:28:47+08:00 ] 127.0.0.1 /think/admin.php/news/update
INFO: [ route_check ] --START--
INFO: CheckRoute Behavior ::run [ RunTime:0.001126s ]
INFO: [ route_check ] --END-- [ RunTime:0.001252s ]
INFO: [ app_begin ] --START--
INFO: ReadHtmlCache Behavior ::run [ RunTime:0.000694s ]
INFO: [ app_begin ] --END-- [ RunTime:0.000794s ]
SQL: SHOW COLUMNS FROM `db_news` [ RunTime:0.003266s ]
SQL: UPDATE `db_news` SET `n_id`=84,`n_title`='测试新闻7',`n_message`='测试新闻2的新闻内',`n_position`='2',`n_type`='15',`n_status`='0' WHERE ( `n_id` = 84 ) [ RunTime:0.000825s ]
INFO: [ view_parse ] --START--
INFO: ParseTemplate Behavior ::run [ RunTime:0.006190s ]
INFO: [ view_parse ] --END-- [ RunTime:0.006294s ]
INFO: [ view_filter ] --START--
INFO: ContentReplace Behavior ::run [ RunTime:0.000249s ]
INFO: TokenBuild Behavior ::run [ RunTime:0.000231s ]
INFO: WriteHtmlCache Behavior ::run [ RunTime:0.000158s ]
INFO: ShowRuntime Behavior ::run [ RunTime:0.000279s ]
INFO: [ view_filter ] --END-- [ RunTime:0.001044s ]
INFO: [ view_end ] --START--
INFO: ShowPageTrace Behavior ::run [ RunTime:0.000391s ]
INFO: [ view_end ] --END-- [ RunTime:0.000434s ]

[ 2016-04-06T17:28:48+08:00 ] 127.0.0.1 /think/admin.php/news/newsList
INFO: [ route_check ] --START--
INFO: CheckRoute Behavior ::run [ RunTime:0.001585s ]
INFO: [ route_check ] --END-- [ RunTime:0.001790s ]
INFO: [ app_begin ] --START--
INFO: ReadHtmlCache Behavior ::run [ RunTime:0.000770s ]
INFO: [ app_begin ] --END-- [ RunTime:0.000867s ]
SQL: SHOW COLUMNS FROM `db_news` [ RunTime:0.002042s ]
SQL: SHOW COLUMNS FROM `db_type` [ RunTime:0.002046s ]
SQL: SHOW COLUMNS FROM `db_user` [ RunTime:0.001743s ]
SQL: SELECT COUNT(n_id) AS tp_count FROM db_news news LEFT JOIN db_type type ON news.n_type=type.t_id  JOIN db_user user ON news.n_author=user.u_id LIMIT 1   [ RunTime:0.000754s ]
SQL: SELECT news.n_id AS n_id,news.n_title AS n_title,news.n_addtime AS n_addtime,news.n_nums AS n_nums,news.n_message AS n_message,news.n_position AS n_position,news.n_status AS n_status,type.t_name AS n_type,user.u_name AS n_author FROM db_news news LEFT JOIN db_type type ON news.n_type=type.t_id  JOIN db_user user ON news.n_author=user.u_id ORDER BY news.n_addtime DESC LIMIT 0,7   [ RunTime:0.001734s ]
INFO: [ view_parse ] --START--
INFO: ParseTemplate Behavior ::run [ RunTime:0.008694s ]
INFO: [ view_parse ] --END-- [ RunTime:0.008763s ]
INFO: [ view_filter ] --START--
INFO: ContentReplace Behavior ::run [ RunTime:0.000244s ]
INFO: TokenBuild Behavior ::run [ RunTime:0.000223s ]
INFO: WriteHtmlCache Behavior ::run [ RunTime:0.000143s ]
INFO: ShowRuntime Behavior ::run [ RunTime:0.000270s ]
INFO: [ view_filter ] --END-- [ RunTime:0.000995s ]
INFO: [ view_end ] --START--
INFO: ShowPageTrace Behavior ::run [ RunTime:0.000380s ]
INFO: [ view_end ] --END-- [ RunTime:0.000425s ]

[ 2016-04-06T17:28:51+08:00 ] 127.0.0.1 /think/admin.php/news/newslist/p/14
INFO: [ route_check ] --START--
INFO: CheckRoute Behavior ::run [ RunTime:0.000926s ]
INFO: [ route_check ] --END-- [ RunTime:0.001035s ]
INFO: [ app_begin ] --START--
INFO: ReadHtmlCache Behavior ::run [ RunTime:0.000577s ]
INFO: [ app_begin ] --END-- [ RunTime:0.000656s ]
SQL: SHOW COLUMNS FROM `db_news` [ RunTime:0.003142s ]
SQL: SHOW COLUMNS FROM `db_type` [ RunTime:0.002615s ]
SQL: SHOW COLUMNS FROM `db_user` [ RunTime:0.001889s ]
SQL: SELECT COUNT(n_id) AS tp_count FROM db_news news LEFT JOIN db_type type ON news.n_type=type.t_id  JOIN db_user user ON news.n_author=user.u_id LIMIT 1   [ RunTime:0.001956s ]
SQL: SELECT news.n_id AS n_id,news.n_title AS n_title,news.n_addtime AS n_addtime,news.n_nums AS n_nums,news.n_message AS n_message,news.n_position AS n_position,news.n_status AS n_status,type.t_name AS n_type,user.u_name AS n_author FROM db_news news LEFT JOIN db_type type ON news.n_type=type.t_id  JOIN db_user user ON news.n_author=user.u_id ORDER BY news.n_addtime DESC LIMIT 91,7   [ RunTime:0.001066s ]
INFO: [ view_parse ] --START--
INFO: ParseTemplate Behavior ::run [ RunTime:0.007358s ]
INFO: [ view_parse ] --END-- [ RunTime:0.007424s ]
INFO: [ view_filter ] --START--
INFO: ContentReplace Behavior ::run [ RunTime:0.000245s ]
INFO: TokenBuild Behavior ::run [ RunTime:0.000223s ]
INFO: WriteHtmlCache Behavior ::run [ RunTime:0.000142s ]
INFO: ShowRuntime Behavior ::run [ RunTime:0.000269s ]
INFO: [ view_filter ] --END-- [ RunTime:0.000997s ]
INFO: [ view_end ] --START--
INFO: ShowPageTrace Behavior ::run [ RunTime:0.000370s ]
INFO: [ view_end ] --END-- [ RunTime:0.000412s ]

[ 2016-04-06T17:28:53+08:00 ] 127.0.0.1 /think/admin.php/news/newsList
INFO: [ route_check ] --START--
INFO: CheckRoute Behavior ::run [ RunTime:0.000605s ]
INFO: [ route_check ] --END-- [ RunTime:0.000701s ]
INFO: [ app_begin ] --START--
INFO: ReadHtmlCache Behavior ::run [ RunTime:0.000350s ]
INFO: [ app_begin ] --END-- [ RunTime:0.000396s ]
SQL: SHOW COLUMNS FROM `db_news` [ RunTime:0.002050s ]
SQL: SHOW COLUMNS FROM `db_type` [ RunTime:0.004574s ]
SQL: SHOW COLUMNS FROM `db_user` [ RunTime:0.001661s ]
SQL: SELECT COUNT(n_id) AS tp_count FROM db_news news LEFT JOIN db_type type ON news.n_type=type.t_id  JOIN db_user user ON news.n_author=user.u_id LIMIT 1   [ RunTime:0.000736s ]
SQL: SELECT news.n_id AS n_id,news.n_title AS n_title,news.n_addtime AS n_addtime,news.n_nums AS n_nums,news.n_message AS n_message,news.n_position AS n_position,news.n_status AS n_status,type.t_name AS n_type,user.u_name AS n_author FROM db_news news LEFT JOIN db_type type ON news.n_type=type.t_id  JOIN db_user user ON news.n_author=user.u_id ORDER BY news.n_addtime DESC LIMIT 0,7   [ RunTime:0.001115s ]
INFO: [ view_parse ] --START--
INFO: ParseTemplate Behavior ::run [ RunTime:0.008346s ]
INFO: [ view_parse ] --END-- [ RunTime:0.008418s ]
INFO: [ view_filter ] --START--
INFO: ContentReplace Behavior ::run [ RunTime:0.000246s ]
INFO: TokenBuild Behavior ::run [ RunTime:0.000225s ]
INFO: WriteHtmlCache Behavior ::run [ RunTime:0.000147s ]
INFO: ShowRuntime Behavior ::run [ RunTime:0.000274s ]
INFO: [ view_filter ] --END-- [ RunTime:0.001006s ]
INFO: [ view_end ] --START--
INFO: ShowPageTrace Behavior ::run [ RunTime:0.000382s ]
INFO: [ view_end ] --END-- [ RunTime:0.000426s ]

[ 2016-04-06T17:28:55+08:00 ] 127.0.0.1 /think/admin.php/news/updateNews/n_id/76
INFO: [ route_check ] --START--
INFO: CheckRoute Behavior ::run [ RunTime:0.002412s ]
INFO: [ route_check ] --END-- [ RunTime:0.002617s ]
INFO: [ app_begin ] --START--
INFO: ReadHtmlCache Behavior ::run [ RunTime:0.000794s ]
INFO: [ app_begin ] --END-- [ RunTime:0.000895s ]
SQL: SHOW COLUMNS FROM `db_news` [ RunTime:0.002747s ]
SQL: SHOW COLUMNS FROM `db_type` [ RunTime:0.001889s ]
SQL: SELECT * FROM `db_news` WHERE ( `n_id` = 76 ) LIMIT 1   [ RunTime:0.000605s ]
SQL: SELECT * FROM `db_type`  [ RunTime:0.000140s ]
INFO: [ view_parse ] --START--
NOTIC: [8] Use of undefined constant t_id - assumed 't_id' F:\appserv\www\think\Admin\Runtime\Cache\a21fae484a2cfc39b06ffa5112a25a5a.php 第 50 行.
NOTIC: [8] Use of undefined constant n_type - assumed 'n_type' F:\appserv\www\think\Admin\Runtime\Cache\a21fae484a2cfc39b06ffa5112a25a5a.php 第 50 行.
NOTIC: [8] Use of undefined constant t_id - assumed 't_id' F:\appserv\www\think\Admin\Runtime\Cache\a21fae484a2cfc39b06ffa5112a25a5a.php 第 50 行.
NOTIC: [8] Use of undefined constant n_type - assumed 'n_type' F:\appserv\www\think\Admin\Runtime\Cache\a21fae484a2cfc39b06ffa5112a25a5a.php 第 50 行.
NOTIC: [8] Use of undefined constant t_id - assumed 't_id' F:\appserv\www\think\Admin\Runtime\Cache\a21fae484a2cfc39b06ffa5112a25a5a.php 第 50 行.
NOTIC: [8] Use of undefined constant n_type - assumed 'n_type' F:\appserv\www\think\Admin\Runtime\Cache\a21fae484a2cfc39b06ffa5112a25a5a.php 第 50 行.
NOTIC: [8] Use of undefined constant t_id - assumed 't_id' F:\appserv\www\think\Admin\Runtime\Cache\a21fae484a2cfc39b06ffa5112a25a5a.php 第 50 行.
NOTIC: [8] Use of undefined constant n_type - assumed 'n_type' F:\appserv\www\think\Admin\Runtime\Cache\a21fae484a2cfc39b06ffa5112a25a5a.php 第 50 行.
INFO: ParseTemplate Behavior ::run [ RunTime:0.007765s ]
INFO: [ view_parse ] --END-- [ RunTime:0.007824s ]
INFO: [ view_filter ] --START--
INFO: ContentReplace Behavior ::run [ RunTime:0.000231s ]
INFO: TokenBuild Behavior ::run [ RunTime:0.000222s ]
INFO: WriteHtmlCache Behavior ::run [ RunTime:0.000142s ]
INFO: ShowRuntime Behavior ::run [ RunTime:0.000265s ]
INFO: [ view_filter ] --END-- [ RunTime:0.000972s ]
INFO: [ view_end ] --START--
INFO: ShowPageTrace Behavior ::run [ RunTime:0.000410s ]
INFO: [ view_end ] --END-- [ RunTime:0.000451s ]

[ 2016-04-06T17:28:59+08:00 ] 127.0.0.1 /think/admin.php/ad/adList
INFO: [ route_check ] --START--
INFO: CheckRoute Behavior ::run [ RunTime:0.000996s ]
INFO: [ route_check ] --END-- [ RunTime:0.001113s ]
INFO: [ app_begin ] --START--
INFO: ReadHtmlCache Behavior ::run [ RunTime:0.000616s ]
INFO: [ app_begin ] --END-- [ RunTime:0.000694s ]
SQL: SHOW COLUMNS FROM `db_ad` [ RunTime:0.011246s ]
SQL: SELECT COUNT(a_id) AS tp_count FROM `db_ad` LIMIT 1   [ RunTime:0.001338s ]
SQL: SELECT * FROM `db_ad` ORDER BY a_position ASC,a_order ASC LIMIT 0,7   [ RunTime:0.000479s ]
INFO: [ view_parse ] --START--
NOTIC: [8] Use of undefined constant a_position - assumed 'a_position' F:\appserv\www\think\Admin\Runtime\Cache\7e1d5701d8fb68aee4dc0e44bf1258ab.php 第 36 行.
NOTIC: [8] Use of undefined constant value - assumed 'value' F:\appserv\www\think\Admin\Runtime\Cache\7e1d5701d8fb68aee4dc0e44bf1258ab.php 第 36 行.
NOTIC: [8] Use of undefined constant a_position - assumed 'a_position' F:\appserv\www\think\Admin\Runtime\Cache\7e1d5701d8fb68aee4dc0e44bf1258ab.php 第 36 行.
NOTIC: [8] Use of undefined constant value - assumed 'value' F:\appserv\www\think\Admin\Runtime\Cache\7e1d5701d8fb68aee4dc0e44bf1258ab.php 第 36 行.
NOTIC: [8] Use of undefined constant a_position - assumed 'a_position' F:\appserv\www\think\Admin\Runtime\Cache\7e1d5701d8fb68aee4dc0e44bf1258ab.php 第 36 行.
NOTIC: [8] Use of undefined constant value - assumed 'value' F:\appserv\www\think\Admin\Runtime\Cache\7e1d5701d8fb68aee4dc0e44bf1258ab.php 第 36 行.
NOTIC: [8] Use of undefined constant a_position - assumed 'a_position' F:\appserv\www\think\Admin\Runtime\Cache\7e1d5701d8fb68aee4dc0e44bf1258ab.php 第 36 行.
NOTIC: [8] Use of undefined constant value - assumed 'value' F:\appserv\www\think\Admin\Runtime\Cache\7e1d5701d8fb68aee4dc0e44bf1258ab.php 第 36 行.
NOTIC: [8] Use of undefined constant a_position - assumed 'a_position' F:\appserv\www\think\Admin\Runtime\Cache\7e1d5701d8fb68aee4dc0e44bf1258ab.php 第 36 行.
NOTIC: [8] Use of undefined constant value - assumed 'value' F:\appserv\www\think\Admin\Runtime\Cache\7e1d5701d8fb68aee4dc0e44bf1258ab.php 第 36 行.
NOTIC: [8] Use of undefined constant a_position - assumed 'a_position' F:\appserv\www\think\Admin\Runtime\Cache\7e1d5701d8fb68aee4dc0e44bf1258ab.php 第 36 行.
NOTIC: [8] Use of undefined constant value - assumed 'value' F:\appserv\www\think\Admin\Runtime\Cache\7e1d5701d8fb68aee4dc0e44bf1258ab.php 第 36 行.
NOTIC: [8] Use of undefined constant a_position - assumed 'a_position' F:\appserv\www\think\Admin\Runtime\Cache\7e1d5701d8fb68aee4dc0e44bf1258ab.php 第 36 行.
NOTIC: [8] Use of undefined constant value - assumed 'value' F:\appserv\www\think\Admin\Runtime\Cache\7e1d5701d8fb68aee4dc0e44bf1258ab.php 第 36 行.
NOTIC: [8] Use of undefined constant a_position - assumed 'a_position' F:\appserv\www\think\Admin\Runtime\Cache\7e1d5701d8fb68aee4dc0e44bf1258ab.php 第 36 行.
NOTIC: [8] Use of undefined constant value - assumed 'value' F:\appserv\www\think\Admin\Runtime\Cache\7e1d5701d8fb68aee4dc0e44bf1258ab.php 第 36 行.
INFO: ParseTemplate Behavior ::run [ RunTime:0.022587s ]
INFO: [ view_parse ] --END-- [ RunTime:0.022715s ]
INFO: [ view_filter ] --START--
INFO: ContentReplace Behavior ::run [ RunTime:0.000514s ]
INFO: TokenBuild Behavior ::run [ RunTime:0.000558s ]
INFO: WriteHtmlCache Behavior ::run [ RunTime:0.000336s ]
INFO: ShowRuntime Behavior ::run [ RunTime:0.000697s ]
INFO: [ view_filter ] --END-- [ RunTime:0.002378s ]
INFO: [ view_end ] --START--
INFO: ShowPageTrace Behavior ::run [ RunTime:0.000982s ]
INFO: [ view_end ] --END-- [ RunTime:0.001128s ]

[ 2016-04-06T17:28:59+08:00 ] 127.0.0.1 /think/admin.php/ad/addAd
INFO: [ route_check ] --START--
INFO: CheckRoute Behavior ::run [ RunTime:0.001002s ]
INFO: [ route_check ] --END-- [ RunTime:0.001116s ]
INFO: [ app_begin ] --START--
INFO: ReadHtmlCache Behavior ::run [ RunTime:0.000648s ]
INFO: [ app_begin ] --END-- [ RunTime:0.000732s ]
INFO: [ view_parse ] --START--
NOTIC: [8] Undefined variable: vo F:\appserv\www\think\Admin\Runtime\Cache\b1d3cc3cfc4240a9051ce7534a16e404.php 第 55 行.
NOTIC: [8] Undefined index:  fileurl F:\appserv\www\think\Admin\Runtime\Cache\b1d3cc3cfc4240a9051ce7534a16e404.php 第 105 行.
INFO: ParseTemplate Behavior ::run [ RunTime:0.052987s ]
INFO: [ view_parse ] --END-- [ RunTime:0.053115s ]
INFO: [ view_filter ] --START--
INFO: ContentReplace Behavior ::run [ RunTime:0.000274s ]
INFO: TokenBuild Behavior ::run [ RunTime:0.000246s ]
INFO: WriteHtmlCache Behavior ::run [ RunTime:0.000166s ]
INFO: ShowRuntime Behavior ::run [ RunTime:0.000288s ]
INFO: [ view_filter ] --END-- [ RunTime:0.001104s ]
INFO: [ view_end ] --START--
INFO: ShowPageTrace Behavior ::run [ RunTime:0.000400s ]
INFO: [ view_end ] --END-- [ RunTime:0.000446s ]

[ 2016-04-06T17:29:05+08:00 ] 127.0.0.1 /think/admin.php/ad/add_picture
INFO: [ route_check ] --START--
INFO: CheckRoute Behavior ::run [ RunTime:0.000537s ]
INFO: [ route_check ] --END-- [ RunTime:0.000602s ]
INFO: [ app_begin ] --START--
INFO: ReadHtmlCache Behavior ::run [ RunTime:0.000347s ]
INFO: [ app_begin ] --END-- [ RunTime:0.000392s ]
NOTIC: [2] md5_file(./Upload/c_picture/1459934944.png) [<a href='function.md5-file'>function.md5-file</a>]: failed to open stream: No such file or directory F:\appserv\www\think\ThinkPHP\Extend\Library\ORG\Net\UploadFile.class.php 第 203 行.

[ 2016-04-06T17:29:09+08:00 ] 127.0.0.1 /think/admin.php/comment/test
INFO: [ route_check ] --START--
INFO: CheckRoute Behavior ::run [ RunTime:0.000781s ]
INFO: [ route_check ] --END-- [ RunTime:0.000851s ]
INFO: [ app_begin ] --START--
INFO: ReadHtmlCache Behavior ::run [ RunTime:0.000953s ]
INFO: [ app_begin ] --END-- [ RunTime:0.001071s ]
INFO: [ view_parse ] --START--
INFO: ParseTemplate Behavior ::run [ RunTime:0.038650s ]
INFO: [ view_parse ] --END-- [ RunTime:0.038816s ]
INFO: [ view_filter ] --START--
INFO: ContentReplace Behavior ::run [ RunTime:0.001461s ]
INFO: TokenBuild Behavior ::run [ RunTime:0.001390s ]
INFO: WriteHtmlCache Behavior ::run [ RunTime:0.001227s ]
INFO: ShowRuntime Behavior ::run [ RunTime:0.001537s ]
INFO: [ view_filter ] --END-- [ RunTime:0.006020s ]
INFO: [ view_end ] --START--
INFO: ShowPageTrace Behavior ::run [ RunTime:0.001992s ]
INFO: [ view_end ] --END-- [ RunTime:0.002149s ]

[ 2016-04-06T17:29:12+08:00 ] 127.0.0.1 /think/admin.php/type/typeList
INFO: [ route_check ] --START--
INFO: CheckRoute Behavior ::run [ RunTime:0.001611s ]
INFO: [ route_check ] --END-- [ RunTime:0.001782s ]
INFO: [ app_begin ] --START--
INFO: ReadHtmlCache Behavior ::run [ RunTime:0.000990s ]
INFO: [ app_begin ] --END-- [ RunTime:0.001118s ]
SQL: SHOW COLUMNS FROM `db_type` [ RunTime:0.001866s ]
SQL: SELECT COUNT(t_id) AS tp_count FROM `db_type` LIMIT 1   [ RunTime:0.000627s ]
SQL: SELECT * FROM `db_type` ORDER BY t_order ASC LIMIT 0,7   [ RunTime:0.000196s ]
INFO: [ view_parse ] --START--
INFO: ParseTemplate Behavior ::run [ RunTime:0.007842s ]
INFO: [ view_parse ] --END-- [ RunTime:0.007930s ]
INFO: [ view_filter ] --START--
INFO: ContentReplace Behavior ::run [ RunTime:0.000294s ]
INFO: TokenBuild Behavior ::run [ RunTime:0.000361s ]
INFO: WriteHtmlCache Behavior ::run [ RunTime:0.000237s ]
INFO: ShowRuntime Behavior ::run [ RunTime:0.000375s ]
INFO: [ view_filter ] --END-- [ RunTime:0.001447s ]
INFO: [ view_end ] --START--
INFO: ShowPageTrace Behavior ::run [ RunTime:0.000494s ]
INFO: [ view_end ] --END-- [ RunTime:0.000557s ]

