[ 2016-05-23T15:40:47+08:00 ] 127.0.0.1 /ph06/admin.php/
INFO: [ route_check ] --START--
INFO: CheckRoute Behavior ::run [ RunTime:0.004660s ]
INFO: [ route_check ] --END-- [ RunTime:0.004743s ]
INFO: [ app_begin ] --START--
INFO: ReadHtmlCache Behavior ::run [ RunTime:0.000992s ]
INFO: [ app_begin ] --END-- [ RunTime:0.001076s ]

[ 2016-05-23T15:40:47+08:00 ] 127.0.0.1 /ph06/admin.php/login/login
INFO: [ route_check ] --START--
INFO: CheckRoute Behavior ::run [ RunTime:0.000865s ]
INFO: [ route_check ] --END-- [ RunTime:0.000938s ]
INFO: [ app_begin ] --START--
INFO: ReadHtmlCache Behavior ::run [ RunTime:0.000677s ]
INFO: [ app_begin ] --END-- [ RunTime:0.000730s ]
INFO: [ view_parse ] --START--
INFO: ParseTemplate Behavior ::run [ RunTime:0.154889s ]
INFO: [ view_parse ] --END-- [ RunTime:0.154980s ]
INFO: [ view_filter ] --START--
INFO: ContentReplace Behavior ::run [ RunTime:0.000604s ]
INFO: TokenBuild Behavior ::run [ RunTime:0.000565s ]
INFO: WriteHtmlCache Behavior ::run [ RunTime:0.000479s ]
INFO: ShowRuntime Behavior ::run [ RunTime:0.000602s ]
INFO: [ view_filter ] --END-- [ RunTime:0.002376s ]
INFO: [ view_end ] --START--
INFO: ShowPageTrace Behavior ::run [ RunTime:0.000499s ]
INFO: [ view_end ] --END-- [ RunTime:0.000542s ]

[ 2016-05-23T15:40:48+08:00 ] 127.0.0.1 /ph06/admin.php/login/verify
INFO: [ route_check ] --START--
INFO: CheckRoute Behavior ::run [ RunTime:0.000752s ]
INFO: [ route_check ] --END-- [ RunTime:0.000853s ]
INFO: [ app_begin ] --START--
INFO: ReadHtmlCache Behavior ::run [ RunTime:0.000529s ]
INFO: [ app_begin ] --END-- [ RunTime:0.000589s ]

[ 2016-05-23T15:40:53+08:00 ] 127.0.0.1 /ph06/admin.php/login/dologin
INFO: [ route_check ] --START--
INFO: CheckRoute Behavior ::run [ RunTime:0.001000s ]
INFO: [ route_check ] --END-- [ RunTime:0.001355s ]
INFO: [ app_begin ] --START--
INFO: ReadHtmlCache Behavior ::run [ RunTime:0.000631s ]
INFO: [ app_begin ] --END-- [ RunTime:0.000721s ]
INFO: [ view_parse ] --START--
INFO: ParseTemplate Behavior ::run [ RunTime:0.054225s ]
INFO: [ view_parse ] --END-- [ RunTime:0.054403s ]
INFO: [ view_filter ] --START--
INFO: ContentReplace Behavior ::run [ RunTime:0.001641s ]
INFO: TokenBuild Behavior ::run [ RunTime:0.001516s ]
INFO: WriteHtmlCache Behavior ::run [ RunTime:0.001436s ]
INFO: ShowRuntime Behavior ::run [ RunTime:0.002336s ]
INFO: [ view_filter ] --END-- [ RunTime:0.007946s ]
INFO: [ view_end ] --START--
INFO: ShowPageTrace Behavior ::run [ RunTime:0.002699s ]
INFO: [ view_end ] --END-- [ RunTime:0.002863s ]

[ 2016-05-23T15:40:54+08:00 ] 127.0.0.1 /ph06/admin.php/login/verify
INFO: [ route_check ] --START--
INFO: CheckRoute Behavior ::run [ RunTime:0.000615s ]
INFO: [ route_check ] --END-- [ RunTime:0.000706s ]
INFO: [ app_begin ] --START--
INFO: ReadHtmlCache Behavior ::run [ RunTime:0.000404s ]
INFO: [ app_begin ] --END-- [ RunTime:0.000462s ]

[ 2016-05-23T15:41:00+08:00 ] 127.0.0.1 /ph06/admin.php/login/dologin
INFO: [ route_check ] --START--
INFO: CheckRoute Behavior ::run [ RunTime:0.000908s ]
INFO: [ route_check ] --END-- [ RunTime:0.000988s ]
INFO: [ app_begin ] --START--
INFO: ReadHtmlCache Behavior ::run [ RunTime:0.000670s ]
INFO: [ app_begin ] --END-- [ RunTime:0.000719s ]
SQL: SHOW COLUMNS FROM `db_user` [ RunTime:0.107453s ]
SQL: SELECT * FROM `db_user` WHERE ( `u_name` = 'admin' ) LIMIT 1   [ RunTime:0.000213s ]

[ 2016-05-23T15:41:00+08:00 ] 127.0.0.1 /ph06/admin.php
INFO: [ app_begin ] --START--
INFO: ReadHtmlCache Behavior ::run [ RunTime:0.000702s ]
INFO: [ app_begin ] --END-- [ RunTime:0.000782s ]
INFO: [ view_parse ] --START--
INFO: ParseTemplate Behavior ::run [ RunTime:0.024263s ]
INFO: [ view_parse ] --END-- [ RunTime:0.024348s ]
INFO: [ view_filter ] --START--
INFO: ContentReplace Behavior ::run [ RunTime:0.000593s ]
INFO: TokenBuild Behavior ::run [ RunTime:0.000564s ]
INFO: WriteHtmlCache Behavior ::run [ RunTime:0.000520s ]
INFO: ShowRuntime Behavior ::run [ RunTime:0.000614s ]
INFO: [ view_filter ] --END-- [ RunTime:0.002418s ]
INFO: [ view_end ] --START--
INFO: ShowPageTrace Behavior ::run [ RunTime:0.000472s ]
INFO: [ view_end ] --END-- [ RunTime:0.000516s ]

[ 2016-05-23T15:41:01+08:00 ] 127.0.0.1 /ph06/admin.php/index/sysMessage
INFO: [ route_check ] --START--
INFO: CheckRoute Behavior ::run [ RunTime:0.001043s ]
INFO: [ route_check ] --END-- [ RunTime:0.001312s ]
INFO: [ app_begin ] --START--
INFO: ReadHtmlCache Behavior ::run [ RunTime:0.000756s ]
INFO: [ app_begin ] --END-- [ RunTime:0.000823s ]
NOTIC: [8] ob_end_clean() [<a href='ref.outcontrol'>ref.outcontrol</a>]: failed to delete buffer. No buffer to delete. F:\appserv\www\ph06\Admin\Common\common.php 第 86 行.
NOTIC: [8] Undefined offset:  4 F:\appserv\www\ph06\Admin\Common\common.php 第 93 行.
INFO: [ view_parse ] --START--
NOTIC: [8] Use of undefined constant SERVER_SOFTWARE - assumed 'SERVER_SOFTWARE' F:\appserv\www\ph06\Admin\Runtime\Cache\e6796ad2723a37f48d2e8952f0a9c1c5.php 第 31 行.
NOTIC: [8] Use of undefined constant sys_mail - assumed 'sys_mail' F:\appserv\www\ph06\Admin\Runtime\Cache\e6796ad2723a37f48d2e8952f0a9c1c5.php 第 32 行.
NOTIC: [8] Use of undefined constant sysversion - assumed 'sysversion' F:\appserv\www\ph06\Admin\Runtime\Cache\e6796ad2723a37f48d2e8952f0a9c1c5.php 第 35 行.
NOTIC: [8] Use of undefined constant SERVER_ADDR - assumed 'SERVER_ADDR' F:\appserv\www\ph06\Admin\Runtime\Cache\e6796ad2723a37f48d2e8952f0a9c1c5.php 第 36 行.
NOTIC: [8] Use of undefined constant SERVER_PORT - assumed 'SERVER_PORT' F:\appserv\www\ph06\Admin\Runtime\Cache\e6796ad2723a37f48d2e8952f0a9c1c5.php 第 39 行.
NOTIC: [8] Use of undefined constant file_uploads - assumed 'file_uploads' F:\appserv\www\ph06\Admin\Runtime\Cache\e6796ad2723a37f48d2e8952f0a9c1c5.php 第 40 行.
NOTIC: [8] Use of undefined constant max_upload - assumed 'max_upload' F:\appserv\www\ph06\Admin\Runtime\Cache\e6796ad2723a37f48d2e8952f0a9c1c5.php 第 44 行.
NOTIC: [8] Use of undefined constant systemtime - assumed 'systemtime' F:\appserv\www\ph06\Admin\Runtime\Cache\e6796ad2723a37f48d2e8952f0a9c1c5.php 第 45 行.
NOTIC: [8] Use of undefined constant max_ex_time - assumed 'max_ex_time' F:\appserv\www\ph06\Admin\Runtime\Cache\e6796ad2723a37f48d2e8952f0a9c1c5.php 第 48 行.
NOTIC: [8] Use of undefined constant DOCUMENT_ROOT - assumed 'DOCUMENT_ROOT' F:\appserv\www\ph06\Admin\Runtime\Cache\e6796ad2723a37f48d2e8952f0a9c1c5.php 第 49 行.
NOTIC: [8] Use of undefined constant memory_user_limit - assumed 'memory_user_limit' F:\appserv\www\ph06\Admin\Runtime\Cache\e6796ad2723a37f48d2e8952f0a9c1c5.php 第 52 行.
NOTIC: [8] Use of undefined constant SCRIPT_FILENAME - assumed 'SCRIPT_FILENAME' F:\appserv\www\ph06\Admin\Runtime\Cache\e6796ad2723a37f48d2e8952f0a9c1c5.php 第 53 行.
NOTIC: [8] Use of undefined constant allow_url_fopen - assumed 'allow_url_fopen' F:\appserv\www\ph06\Admin\Runtime\Cache\e6796ad2723a37f48d2e8952f0a9c1c5.php 第 56 行.
NOTIC: [8] Use of undefined constant zendVersion - assumed 'zendVersion' F:\appserv\www\ph06\Admin\Runtime\Cache\e6796ad2723a37f48d2e8952f0a9c1c5.php 第 57 行.
NOTIC: [8] Use of undefined constant gdpic - assumed 'gdpic' F:\appserv\www\ph06\Admin\Runtime\Cache\e6796ad2723a37f48d2e8952f0a9c1c5.php 第 61 行.
NOTIC: [8] Use of undefined constant ifcookie - assumed 'ifcookie' F:\appserv\www\ph06\Admin\Runtime\Cache\e6796ad2723a37f48d2e8952f0a9c1c5.php 第 62 行.
INFO: ParseTemplate Behavior ::run [ RunTime:0.054016s ]
INFO: [ view_parse ] --END-- [ RunTime:0.054132s ]
INFO: [ view_filter ] --START--
INFO: ContentReplace Behavior ::run [ RunTime:0.001010s ]
INFO: TokenBuild Behavior ::run [ RunTime:0.000951s ]
INFO: WriteHtmlCache Behavior ::run [ RunTime:0.000627s ]
INFO: ShowRuntime Behavior ::run [ RunTime:0.000684s ]
INFO: [ view_filter ] --END-- [ RunTime:0.003481s ]
INFO: [ view_end ] --START--
INFO: ShowPageTrace Behavior ::run [ RunTime:0.001159s ]
INFO: [ view_end ] --END-- [ RunTime:0.001237s ]

[ 2016-05-23T15:41:02+08:00 ] 127.0.0.1 /ph06/admin.php/type/addType
INFO: [ route_check ] --START--
INFO: CheckRoute Behavior ::run [ RunTime:0.001009s ]
INFO: [ route_check ] --END-- [ RunTime:0.001092s ]
INFO: [ app_begin ] --START--
INFO: ReadHtmlCache Behavior ::run [ RunTime:0.000664s ]
INFO: [ app_begin ] --END-- [ RunTime:0.000713s ]
INFO: [ view_parse ] --START--
INFO: ParseTemplate Behavior ::run [ RunTime:0.015938s ]
INFO: [ view_parse ] --END-- [ RunTime:0.016095s ]
INFO: [ view_filter ] --START--
INFO: ContentReplace Behavior ::run [ RunTime:0.000638s ]
INFO: TokenBuild Behavior ::run [ RunTime:0.000581s ]
INFO: WriteHtmlCache Behavior ::run [ RunTime:0.000497s ]
INFO: ShowRuntime Behavior ::run [ RunTime:0.000642s ]
INFO: [ view_filter ] --END-- [ RunTime:0.002505s ]
INFO: [ view_end ] --START--
INFO: ShowPageTrace Behavior ::run [ RunTime:0.000785s ]
INFO: [ view_end ] --END-- [ RunTime:0.000836s ]

[ 2016-05-23T15:41:04+08:00 ] 127.0.0.1 /ph06/admin.php/news/newsList
INFO: [ route_check ] --START--
INFO: CheckRoute Behavior ::run [ RunTime:0.000986s ]
INFO: [ route_check ] --END-- [ RunTime:0.001070s ]
INFO: [ app_begin ] --START--
INFO: ReadHtmlCache Behavior ::run [ RunTime:0.000767s ]
INFO: [ app_begin ] --END-- [ RunTime:0.000826s ]
SQL: SHOW COLUMNS FROM `db_news` [ RunTime:0.001336s ]
SQL: SHOW COLUMNS FROM `db_type` [ RunTime:0.001114s ]
SQL: SHOW COLUMNS FROM `db_user` [ RunTime:0.001411s ]
SQL: SELECT COUNT(n_id) AS tp_count FROM db_news news LEFT JOIN db_type type ON news.n_type=type.t_id  JOIN db_user user ON news.n_author=user.u_id LIMIT 1   [ RunTime:0.008857s ]
SQL: SELECT news.n_id AS n_id,news.n_title AS n_title,news.n_addtime AS n_addtime,news.n_nums AS n_nums,news.n_message AS n_message,news.n_status AS n_status,type.t_name AS n_type,user.u_name AS n_author FROM db_news news LEFT JOIN db_type type ON news.n_type=type.t_id  JOIN db_user user ON news.n_author=user.u_id ORDER BY news.n_addtime DESC LIMIT 0,17   [ RunTime:0.011766s ]
INFO: [ view_parse ] --START--
INFO: ParseTemplate Behavior ::run [ RunTime:0.015119s ]
INFO: [ view_parse ] --END-- [ RunTime:0.015207s ]
INFO: [ view_filter ] --START--
INFO: ContentReplace Behavior ::run [ RunTime:0.000678s ]
INFO: TokenBuild Behavior ::run [ RunTime:0.000563s ]
INFO: WriteHtmlCache Behavior ::run [ RunTime:0.000493s ]
INFO: ShowRuntime Behavior ::run [ RunTime:0.000551s ]
INFO: [ view_filter ] --END-- [ RunTime:0.002414s ]
INFO: [ view_end ] --START--
INFO: ShowPageTrace Behavior ::run [ RunTime:0.000826s ]
INFO: [ view_end ] --END-- [ RunTime:0.000892s ]

[ 2016-05-23T15:41:05+08:00 ] 127.0.0.1 /ph06/admin.php/news/publishNews
INFO: [ route_check ] --START--
INFO: CheckRoute Behavior ::run [ RunTime:0.001576s ]
INFO: [ route_check ] --END-- [ RunTime:0.001779s ]
INFO: [ app_begin ] --START--
INFO: ReadHtmlCache Behavior ::run [ RunTime:0.000928s ]
INFO: [ app_begin ] --END-- [ RunTime:0.000998s ]
SQL: SHOW COLUMNS FROM `db_type` [ RunTime:0.002461s ]
SQL: SELECT * FROM `db_type` WHERE ( t_status=1 )  [ RunTime:0.000308s ]
INFO: [ view_parse ] --START--
INFO: ParseTemplate Behavior ::run [ RunTime:0.029690s ]
INFO: [ view_parse ] --END-- [ RunTime:0.029779s ]
INFO: [ view_filter ] --START--
INFO: ContentReplace Behavior ::run [ RunTime:0.000707s ]
INFO: TokenBuild Behavior ::run [ RunTime:0.000666s ]
INFO: WriteHtmlCache Behavior ::run [ RunTime:0.000598s ]
INFO: ShowRuntime Behavior ::run [ RunTime:0.000635s ]
INFO: [ view_filter ] --END-- [ RunTime:0.002766s ]
INFO: [ view_end ] --START--
INFO: ShowPageTrace Behavior ::run [ RunTime:0.000846s ]
INFO: [ view_end ] --END-- [ RunTime:0.000920s ]

[ 2016-05-23T15:41:07+08:00 ] 127.0.0.1 /ph06/admin.php/ad/adList
INFO: [ route_check ] --START--
INFO: CheckRoute Behavior ::run [ RunTime:0.001065s ]
INFO: [ route_check ] --END-- [ RunTime:0.001156s ]
INFO: [ app_begin ] --START--
INFO: ReadHtmlCache Behavior ::run [ RunTime:0.000925s ]
INFO: [ app_begin ] --END-- [ RunTime:0.001006s ]
SQL: SHOW COLUMNS FROM `db_ad` [ RunTime:0.001210s ]
SQL: SELECT COUNT(a_id) AS tp_count FROM `db_ad` LIMIT 1   [ RunTime:0.000188s ]
SQL: SELECT * FROM `db_ad` ORDER BY a_position ASC,a_order ASC LIMIT 0,7   [ RunTime:0.000230s ]
INFO: [ view_parse ] --START--
NOTIC: [8] Use of undefined constant a_position - assumed 'a_position' F:\appserv\www\ph06\Admin\Runtime\Cache\7e1d5701d8fb68aee4dc0e44bf1258ab.php 第 36 行.
NOTIC: [8] Use of undefined constant value - assumed 'value' F:\appserv\www\ph06\Admin\Runtime\Cache\7e1d5701d8fb68aee4dc0e44bf1258ab.php 第 36 行.
NOTIC: [8] Use of undefined constant a_position - assumed 'a_position' F:\appserv\www\ph06\Admin\Runtime\Cache\7e1d5701d8fb68aee4dc0e44bf1258ab.php 第 36 行.
NOTIC: [8] Use of undefined constant value - assumed 'value' F:\appserv\www\ph06\Admin\Runtime\Cache\7e1d5701d8fb68aee4dc0e44bf1258ab.php 第 36 行.
NOTIC: [8] Use of undefined constant a_position - assumed 'a_position' F:\appserv\www\ph06\Admin\Runtime\Cache\7e1d5701d8fb68aee4dc0e44bf1258ab.php 第 36 行.
NOTIC: [8] Use of undefined constant value - assumed 'value' F:\appserv\www\ph06\Admin\Runtime\Cache\7e1d5701d8fb68aee4dc0e44bf1258ab.php 第 36 行.
NOTIC: [8] Use of undefined constant a_position - assumed 'a_position' F:\appserv\www\ph06\Admin\Runtime\Cache\7e1d5701d8fb68aee4dc0e44bf1258ab.php 第 36 行.
NOTIC: [8] Use of undefined constant value - assumed 'value' F:\appserv\www\ph06\Admin\Runtime\Cache\7e1d5701d8fb68aee4dc0e44bf1258ab.php 第 36 行.
NOTIC: [8] Use of undefined constant a_position - assumed 'a_position' F:\appserv\www\ph06\Admin\Runtime\Cache\7e1d5701d8fb68aee4dc0e44bf1258ab.php 第 36 行.
NOTIC: [8] Use of undefined constant value - assumed 'value' F:\appserv\www\ph06\Admin\Runtime\Cache\7e1d5701d8fb68aee4dc0e44bf1258ab.php 第 36 行.
NOTIC: [8] Use of undefined constant a_position - assumed 'a_position' F:\appserv\www\ph06\Admin\Runtime\Cache\7e1d5701d8fb68aee4dc0e44bf1258ab.php 第 36 行.
NOTIC: [8] Use of undefined constant value - assumed 'value' F:\appserv\www\ph06\Admin\Runtime\Cache\7e1d5701d8fb68aee4dc0e44bf1258ab.php 第 36 行.
NOTIC: [8] Use of undefined constant a_position - assumed 'a_position' F:\appserv\www\ph06\Admin\Runtime\Cache\7e1d5701d8fb68aee4dc0e44bf1258ab.php 第 36 行.
NOTIC: [8] Use of undefined constant value - assumed 'value' F:\appserv\www\ph06\Admin\Runtime\Cache\7e1d5701d8fb68aee4dc0e44bf1258ab.php 第 36 行.
NOTIC: [8] Use of undefined constant a_position - assumed 'a_position' F:\appserv\www\ph06\Admin\Runtime\Cache\7e1d5701d8fb68aee4dc0e44bf1258ab.php 第 36 行.
NOTIC: [8] Use of undefined constant value - assumed 'value' F:\appserv\www\ph06\Admin\Runtime\Cache\7e1d5701d8fb68aee4dc0e44bf1258ab.php 第 36 行.
NOTIC: [8] Use of undefined constant a_position - assumed 'a_position' F:\appserv\www\ph06\Admin\Runtime\Cache\7e1d5701d8fb68aee4dc0e44bf1258ab.php 第 36 行.
NOTIC: [8] Use of undefined constant value - assumed 'value' F:\appserv\www\ph06\Admin\Runtime\Cache\7e1d5701d8fb68aee4dc0e44bf1258ab.php 第 36 行.
NOTIC: [8] Use of undefined constant a_position - assumed 'a_position' F:\appserv\www\ph06\Admin\Runtime\Cache\7e1d5701d8fb68aee4dc0e44bf1258ab.php 第 36 行.
NOTIC: [8] Use of undefined constant value - assumed 'value' F:\appserv\www\ph06\Admin\Runtime\Cache\7e1d5701d8fb68aee4dc0e44bf1258ab.php 第 36 行.
NOTIC: [8] Use of undefined constant a_position - assumed 'a_position' F:\appserv\www\ph06\Admin\Runtime\Cache\7e1d5701d8fb68aee4dc0e44bf1258ab.php 第 36 行.
NOTIC: [8] Use of undefined constant value - assumed 'value' F:\appserv\www\ph06\Admin\Runtime\Cache\7e1d5701d8fb68aee4dc0e44bf1258ab.php 第 36 行.
NOTIC: [8] Use of undefined constant a_position - assumed 'a_position' F:\appserv\www\ph06\Admin\Runtime\Cache\7e1d5701d8fb68aee4dc0e44bf1258ab.php 第 36 行.
NOTIC: [8] Use of undefined constant value - assumed 'value' F:\appserv\www\ph06\Admin\Runtime\Cache\7e1d5701d8fb68aee4dc0e44bf1258ab.php 第 36 行.
NOTIC: [8] Use of undefined constant a_position - assumed 'a_position' F:\appserv\www\ph06\Admin\Runtime\Cache\7e1d5701d8fb68aee4dc0e44bf1258ab.php 第 36 行.
NOTIC: [8] Use of undefined constant value - assumed 'value' F:\appserv\www\ph06\Admin\Runtime\Cache\7e1d5701d8fb68aee4dc0e44bf1258ab.php 第 36 行.
NOTIC: [8] Use of undefined constant a_position - assumed 'a_position' F:\appserv\www\ph06\Admin\Runtime\Cache\7e1d5701d8fb68aee4dc0e44bf1258ab.php 第 36 行.
NOTIC: [8] Use of undefined constant value - assumed 'value' F:\appserv\www\ph06\Admin\Runtime\Cache\7e1d5701d8fb68aee4dc0e44bf1258ab.php 第 36 行.
NOTIC: [8] Use of undefined constant a_position - assumed 'a_position' F:\appserv\www\ph06\Admin\Runtime\Cache\7e1d5701d8fb68aee4dc0e44bf1258ab.php 第 36 行.
NOTIC: [8] Use of undefined constant value - assumed 'value' F:\appserv\www\ph06\Admin\Runtime\Cache\7e1d5701d8fb68aee4dc0e44bf1258ab.php 第 36 行.
NOTIC: [8] Use of undefined constant a_position - assumed 'a_position' F:\appserv\www\ph06\Admin\Runtime\Cache\7e1d5701d8fb68aee4dc0e44bf1258ab.php 第 36 行.
NOTIC: [8] Use of undefined constant value - assumed 'value' F:\appserv\www\ph06\Admin\Runtime\Cache\7e1d5701d8fb68aee4dc0e44bf1258ab.php 第 36 行.
NOTIC: [8] Use of undefined constant a_position - assumed 'a_position' F:\appserv\www\ph06\Admin\Runtime\Cache\7e1d5701d8fb68aee4dc0e44bf1258ab.php 第 36 行.
NOTIC: [8] Use of undefined constant value - assumed 'value' F:\appserv\www\ph06\Admin\Runtime\Cache\7e1d5701d8fb68aee4dc0e44bf1258ab.php 第 36 行.
NOTIC: [8] Use of undefined constant a_position - assumed 'a_position' F:\appserv\www\ph06\Admin\Runtime\Cache\7e1d5701d8fb68aee4dc0e44bf1258ab.php 第 36 行.
NOTIC: [8] Use of undefined constant value - assumed 'value' F:\appserv\www\ph06\Admin\Runtime\Cache\7e1d5701d8fb68aee4dc0e44bf1258ab.php 第 36 行.
NOTIC: [8] Use of undefined constant a_position - assumed 'a_position' F:\appserv\www\ph06\Admin\Runtime\Cache\7e1d5701d8fb68aee4dc0e44bf1258ab.php 第 36 行.
NOTIC: [8] Use of undefined constant value - assumed 'value' F:\appserv\www\ph06\Admin\Runtime\Cache\7e1d5701d8fb68aee4dc0e44bf1258ab.php 第 36 行.
NOTIC: [8] Use of undefined constant a_position - assumed 'a_position' F:\appserv\www\ph06\Admin\Runtime\Cache\7e1d5701d8fb68aee4dc0e44bf1258ab.php 第 36 行.
NOTIC: [8] Use of undefined constant value - assumed 'value' F:\appserv\www\ph06\Admin\Runtime\Cache\7e1d5701d8fb68aee4dc0e44bf1258ab.php 第 36 行.
INFO: ParseTemplate Behavior ::run [ RunTime:0.020982s ]
INFO: [ view_parse ] --END-- [ RunTime:0.021049s ]
INFO: [ view_filter ] --START--
INFO: ContentReplace Behavior ::run [ RunTime:0.000602s ]
INFO: TokenBuild Behavior ::run [ RunTime:0.000563s ]
INFO: WriteHtmlCache Behavior ::run [ RunTime:0.000504s ]
INFO: ShowRuntime Behavior ::run [ RunTime:0.000575s ]
INFO: [ view_filter ] --END-- [ RunTime:0.002371s ]
INFO: [ view_end ] --START--
INFO: ShowPageTrace Behavior ::run [ RunTime:0.000756s ]
INFO: [ view_end ] --END-- [ RunTime:0.000803s ]

[ 2016-05-23T15:41:08+08:00 ] 127.0.0.1 /ph06/admin.php/ad/addAd
INFO: [ route_check ] --START--
INFO: CheckRoute Behavior ::run [ RunTime:0.001376s ]
INFO: [ route_check ] --END-- [ RunTime:0.001484s ]
INFO: [ app_begin ] --START--
INFO: ReadHtmlCache Behavior ::run [ RunTime:0.000890s ]
INFO: [ app_begin ] --END-- [ RunTime:0.000976s ]
INFO: [ view_parse ] --START--
NOTIC: [8] Undefined variable: vo F:\appserv\www\ph06\Admin\Runtime\Cache\b1d3cc3cfc4240a9051ce7534a16e404.php 第 55 行.
NOTIC: [8] Undefined index:  fileurl F:\appserv\www\ph06\Admin\Runtime\Cache\b1d3cc3cfc4240a9051ce7534a16e404.php 第 105 行.
INFO: ParseTemplate Behavior ::run [ RunTime:0.029687s ]
INFO: [ view_parse ] --END-- [ RunTime:0.029775s ]
INFO: [ view_filter ] --START--
INFO: ContentReplace Behavior ::run [ RunTime:0.000591s ]
INFO: TokenBuild Behavior ::run [ RunTime:0.000554s ]
INFO: WriteHtmlCache Behavior ::run [ RunTime:0.000498s ]
INFO: ShowRuntime Behavior ::run [ RunTime:0.000528s ]
INFO: [ view_filter ] --END-- [ RunTime:0.002297s ]
INFO: [ view_end ] --START--
INFO: ShowPageTrace Behavior ::run [ RunTime:0.000707s ]
INFO: [ view_end ] --END-- [ RunTime:0.000756s ]

[ 2016-05-23T15:41:09+08:00 ] 127.0.0.1 /ph06/admin.php/ad/adList
INFO: [ route_check ] --START--
INFO: CheckRoute Behavior ::run [ RunTime:0.001580s ]
INFO: [ route_check ] --END-- [ RunTime:0.001707s ]
INFO: [ app_begin ] --START--
INFO: ReadHtmlCache Behavior ::run [ RunTime:0.001295s ]
INFO: [ app_begin ] --END-- [ RunTime:0.001392s ]
SQL: SHOW COLUMNS FROM `db_ad` [ RunTime:0.001112s ]
SQL: SELECT COUNT(a_id) AS tp_count FROM `db_ad` LIMIT 1   [ RunTime:0.000130s ]
SQL: SELECT * FROM `db_ad` ORDER BY a_position ASC,a_order ASC LIMIT 0,7   [ RunTime:0.000146s ]
INFO: [ view_parse ] --START--
NOTIC: [8] Use of undefined constant a_position - assumed 'a_position' F:\appserv\www\ph06\Admin\Runtime\Cache\7e1d5701d8fb68aee4dc0e44bf1258ab.php 第 36 行.
NOTIC: [8] Use of undefined constant value - assumed 'value' F:\appserv\www\ph06\Admin\Runtime\Cache\7e1d5701d8fb68aee4dc0e44bf1258ab.php 第 36 行.
NOTIC: [8] Use of undefined constant a_position - assumed 'a_position' F:\appserv\www\ph06\Admin\Runtime\Cache\7e1d5701d8fb68aee4dc0e44bf1258ab.php 第 36 行.
NOTIC: [8] Use of undefined constant value - assumed 'value' F:\appserv\www\ph06\Admin\Runtime\Cache\7e1d5701d8fb68aee4dc0e44bf1258ab.php 第 36 行.
NOTIC: [8] Use of undefined constant a_position - assumed 'a_position' F:\appserv\www\ph06\Admin\Runtime\Cache\7e1d5701d8fb68aee4dc0e44bf1258ab.php 第 36 行.
NOTIC: [8] Use of undefined constant value - assumed 'value' F:\appserv\www\ph06\Admin\Runtime\Cache\7e1d5701d8fb68aee4dc0e44bf1258ab.php 第 36 行.
NOTIC: [8] Use of undefined constant a_position - assumed 'a_position' F:\appserv\www\ph06\Admin\Runtime\Cache\7e1d5701d8fb68aee4dc0e44bf1258ab.php 第 36 行.
NOTIC: [8] Use of undefined constant value - assumed 'value' F:\appserv\www\ph06\Admin\Runtime\Cache\7e1d5701d8fb68aee4dc0e44bf1258ab.php 第 36 行.
NOTIC: [8] Use of undefined constant a_position - assumed 'a_position' F:\appserv\www\ph06\Admin\Runtime\Cache\7e1d5701d8fb68aee4dc0e44bf1258ab.php 第 36 行.
NOTIC: [8] Use of undefined constant value - assumed 'value' F:\appserv\www\ph06\Admin\Runtime\Cache\7e1d5701d8fb68aee4dc0e44bf1258ab.php 第 36 行.
NOTIC: [8] Use of undefined constant a_position - assumed 'a_position' F:\appserv\www\ph06\Admin\Runtime\Cache\7e1d5701d8fb68aee4dc0e44bf1258ab.php 第 36 行.
NOTIC: [8] Use of undefined constant value - assumed 'value' F:\appserv\www\ph06\Admin\Runtime\Cache\7e1d5701d8fb68aee4dc0e44bf1258ab.php 第 36 行.
NOTIC: [8] Use of undefined constant a_position - assumed 'a_position' F:\appserv\www\ph06\Admin\Runtime\Cache\7e1d5701d8fb68aee4dc0e44bf1258ab.php 第 36 行.
NOTIC: [8] Use of undefined constant value - assumed 'value' F:\appserv\www\ph06\Admin\Runtime\Cache\7e1d5701d8fb68aee4dc0e44bf1258ab.php 第 36 行.
NOTIC: [8] Use of undefined constant a_position - assumed 'a_position' F:\appserv\www\ph06\Admin\Runtime\Cache\7e1d5701d8fb68aee4dc0e44bf1258ab.php 第 36 行.
NOTIC: [8] Use of undefined constant value - assumed 'value' F:\appserv\www\ph06\Admin\Runtime\Cache\7e1d5701d8fb68aee4dc0e44bf1258ab.php 第 36 行.
NOTIC: [8] Use of undefined constant a_position - assumed 'a_position' F:\appserv\www\ph06\Admin\Runtime\Cache\7e1d5701d8fb68aee4dc0e44bf1258ab.php 第 36 行.
NOTIC: [8] Use of undefined constant value - assumed 'value' F:\appserv\www\ph06\Admin\Runtime\Cache\7e1d5701d8fb68aee4dc0e44bf1258ab.php 第 36 行.
NOTIC: [8] Use of undefined constant a_position - assumed 'a_position' F:\appserv\www\ph06\Admin\Runtime\Cache\7e1d5701d8fb68aee4dc0e44bf1258ab.php 第 36 行.
NOTIC: [8] Use of undefined constant value - assumed 'value' F:\appserv\www\ph06\Admin\Runtime\Cache\7e1d5701d8fb68aee4dc0e44bf1258ab.php 第 36 行.
NOTIC: [8] Use of undefined constant a_position - assumed 'a_position' F:\appserv\www\ph06\Admin\Runtime\Cache\7e1d5701d8fb68aee4dc0e44bf1258ab.php 第 36 行.
NOTIC: [8] Use of undefined constant value - assumed 'value' F:\appserv\www\ph06\Admin\Runtime\Cache\7e1d5701d8fb68aee4dc0e44bf1258ab.php 第 36 行.
NOTIC: [8] Use of undefined constant a_position - assumed 'a_position' F:\appserv\www\ph06\Admin\Runtime\Cache\7e1d5701d8fb68aee4dc0e44bf1258ab.php 第 36 行.
NOTIC: [8] Use of undefined constant value - assumed 'value' F:\appserv\www\ph06\Admin\Runtime\Cache\7e1d5701d8fb68aee4dc0e44bf1258ab.php 第 36 行.
NOTIC: [8] Use of undefined constant a_position - assumed 'a_position' F:\appserv\www\ph06\Admin\Runtime\Cache\7e1d5701d8fb68aee4dc0e44bf1258ab.php 第 36 行.
NOTIC: [8] Use of undefined constant value - assumed 'value' F:\appserv\www\ph06\Admin\Runtime\Cache\7e1d5701d8fb68aee4dc0e44bf1258ab.php 第 36 行.
NOTIC: [8] Use of undefined constant a_position - assumed 'a_position' F:\appserv\www\ph06\Admin\Runtime\Cache\7e1d5701d8fb68aee4dc0e44bf1258ab.php 第 36 行.
NOTIC: [8] Use of undefined constant value - assumed 'value' F:\appserv\www\ph06\Admin\Runtime\Cache\7e1d5701d8fb68aee4dc0e44bf1258ab.php 第 36 行.
NOTIC: [8] Use of undefined constant a_position - assumed 'a_position' F:\appserv\www\ph06\Admin\Runtime\Cache\7e1d5701d8fb68aee4dc0e44bf1258ab.php 第 36 行.
NOTIC: [8] Use of undefined constant value - assumed 'value' F:\appserv\www\ph06\Admin\Runtime\Cache\7e1d5701d8fb68aee4dc0e44bf1258ab.php 第 36 行.
NOTIC: [8] Use of undefined constant a_position - assumed 'a_position' F:\appserv\www\ph06\Admin\Runtime\Cache\7e1d5701d8fb68aee4dc0e44bf1258ab.php 第 36 行.
NOTIC: [8] Use of undefined constant value - assumed 'value' F:\appserv\www\ph06\Admin\Runtime\Cache\7e1d5701d8fb68aee4dc0e44bf1258ab.php 第 36 行.
NOTIC: [8] Use of undefined constant a_position - assumed 'a_position' F:\appserv\www\ph06\Admin\Runtime\Cache\7e1d5701d8fb68aee4dc0e44bf1258ab.php 第 36 行.
NOTIC: [8] Use of undefined constant value - assumed 'value' F:\appserv\www\ph06\Admin\Runtime\Cache\7e1d5701d8fb68aee4dc0e44bf1258ab.php 第 36 行.
NOTIC: [8] Use of undefined constant a_position - assumed 'a_position' F:\appserv\www\ph06\Admin\Runtime\Cache\7e1d5701d8fb68aee4dc0e44bf1258ab.php 第 36 行.
NOTIC: [8] Use of undefined constant value - assumed 'value' F:\appserv\www\ph06\Admin\Runtime\Cache\7e1d5701d8fb68aee4dc0e44bf1258ab.php 第 36 行.
NOTIC: [8] Use of undefined constant a_position - assumed 'a_position' F:\appserv\www\ph06\Admin\Runtime\Cache\7e1d5701d8fb68aee4dc0e44bf1258ab.php 第 36 行.
NOTIC: [8] Use of undefined constant value - assumed 'value' F:\appserv\www\ph06\Admin\Runtime\Cache\7e1d5701d8fb68aee4dc0e44bf1258ab.php 第 36 行.
NOTIC: [8] Use of undefined constant a_position - assumed 'a_position' F:\appserv\www\ph06\Admin\Runtime\Cache\7e1d5701d8fb68aee4dc0e44bf1258ab.php 第 36 行.
NOTIC: [8] Use of undefined constant value - assumed 'value' F:\appserv\www\ph06\Admin\Runtime\Cache\7e1d5701d8fb68aee4dc0e44bf1258ab.php 第 36 行.
INFO: ParseTemplate Behavior ::run [ RunTime:0.011618s ]
INFO: [ view_parse ] --END-- [ RunTime:0.011696s ]
INFO: [ view_filter ] --START--
INFO: ContentReplace Behavior ::run [ RunTime:0.000581s ]
INFO: TokenBuild Behavior ::run [ RunTime:0.000554s ]
INFO: WriteHtmlCache Behavior ::run [ RunTime:0.000469s ]
INFO: ShowRuntime Behavior ::run [ RunTime:0.000558s ]
INFO: [ view_filter ] --END-- [ RunTime:0.002288s ]
INFO: [ view_end ] --START--
INFO: ShowPageTrace Behavior ::run [ RunTime:0.000752s ]
INFO: [ view_end ] --END-- [ RunTime:0.000797s ]

[ 2016-05-23T15:41:11+08:00 ] 127.0.0.1 /ph06/admin.php/ad/updateAd/a_id/1
INFO: [ route_check ] --START--
INFO: CheckRoute Behavior ::run [ RunTime:0.001134s ]
INFO: [ route_check ] --END-- [ RunTime:0.001228s ]
INFO: [ app_begin ] --START--
INFO: ReadHtmlCache Behavior ::run [ RunTime:0.000845s ]
INFO: [ app_begin ] --END-- [ RunTime:0.000939s ]
SQL: SHOW COLUMNS FROM `db_ad` [ RunTime:0.001351s ]
SQL: SELECT * FROM `db_ad` WHERE ( `a_id` = 1 ) LIMIT 1   [ RunTime:0.015276s ]
INFO: [ view_parse ] --START--
NOTIC: [8] Undefined variable: vo F:\appserv\www\ph06\Admin\Runtime\Cache\26130fa9cd3fbad24db991f0d882e350.php 第 57 行.
NOTIC: [8] Use of undefined constant a_position - assumed 'a_position' F:\appserv\www\ph06\Admin\Runtime\Cache\26130fa9cd3fbad24db991f0d882e350.php 第 91 行.
NOTIC: [8] Use of undefined constant value - assumed 'value' F:\appserv\www\ph06\Admin\Runtime\Cache\26130fa9cd3fbad24db991f0d882e350.php 第 91 行.
NOTIC: [8] Use of undefined constant a_position - assumed 'a_position' F:\appserv\www\ph06\Admin\Runtime\Cache\26130fa9cd3fbad24db991f0d882e350.php 第 91 行.
NOTIC: [8] Use of undefined constant value - assumed 'value' F:\appserv\www\ph06\Admin\Runtime\Cache\26130fa9cd3fbad24db991f0d882e350.php 第 91 行.
NOTIC: [8] Use of undefined constant a_position - assumed 'a_position' F:\appserv\www\ph06\Admin\Runtime\Cache\26130fa9cd3fbad24db991f0d882e350.php 第 91 行.
NOTIC: [8] Use of undefined constant value - assumed 'value' F:\appserv\www\ph06\Admin\Runtime\Cache\26130fa9cd3fbad24db991f0d882e350.php 第 91 行.
NOTIC: [8] Use of undefined constant a_position - assumed 'a_position' F:\appserv\www\ph06\Admin\Runtime\Cache\26130fa9cd3fbad24db991f0d882e350.php 第 91 行.
NOTIC: [8] Use of undefined constant value - assumed 'value' F:\appserv\www\ph06\Admin\Runtime\Cache\26130fa9cd3fbad24db991f0d882e350.php 第 91 行.
INFO: ParseTemplate Behavior ::run [ RunTime:0.020501s ]
INFO: [ view_parse ] --END-- [ RunTime:0.020578s ]
INFO: [ view_filter ] --START--
INFO: ContentReplace Behavior ::run [ RunTime:0.000735s ]
INFO: TokenBuild Behavior ::run [ RunTime:0.000840s ]
INFO: WriteHtmlCache Behavior ::run [ RunTime:0.000660s ]
INFO: ShowRuntime Behavior ::run [ RunTime:0.000739s ]
INFO: [ view_filter ] --END-- [ RunTime:0.003173s ]
INFO: [ view_end ] --START--
INFO: ShowPageTrace Behavior ::run [ RunTime:0.000988s ]
INFO: [ view_end ] --END-- [ RunTime:0.001054s ]

[ 2016-05-23T15:41:12+08:00 ] 127.0.0.1 /ph06/admin.php/ad/adList
INFO: [ route_check ] --START--
INFO: CheckRoute Behavior ::run [ RunTime:0.001621s ]
INFO: [ route_check ] --END-- [ RunTime:0.001734s ]
INFO: [ app_begin ] --START--
INFO: ReadHtmlCache Behavior ::run [ RunTime:0.000666s ]
INFO: [ app_begin ] --END-- [ RunTime:0.000715s ]
SQL: SHOW COLUMNS FROM `db_ad` [ RunTime:0.001280s ]
SQL: SELECT COUNT(a_id) AS tp_count FROM `db_ad` LIMIT 1   [ RunTime:0.000453s ]
SQL: SELECT * FROM `db_ad` ORDER BY a_position ASC,a_order ASC LIMIT 0,7   [ RunTime:0.000177s ]
INFO: [ view_parse ] --START--
NOTIC: [8] Use of undefined constant a_position - assumed 'a_position' F:\appserv\www\ph06\Admin\Runtime\Cache\7e1d5701d8fb68aee4dc0e44bf1258ab.php 第 36 行.
NOTIC: [8] Use of undefined constant value - assumed 'value' F:\appserv\www\ph06\Admin\Runtime\Cache\7e1d5701d8fb68aee4dc0e44bf1258ab.php 第 36 行.
NOTIC: [8] Use of undefined constant a_position - assumed 'a_position' F:\appserv\www\ph06\Admin\Runtime\Cache\7e1d5701d8fb68aee4dc0e44bf1258ab.php 第 36 行.
NOTIC: [8] Use of undefined constant value - assumed 'value' F:\appserv\www\ph06\Admin\Runtime\Cache\7e1d5701d8fb68aee4dc0e44bf1258ab.php 第 36 行.
NOTIC: [8] Use of undefined constant a_position - assumed 'a_position' F:\appserv\www\ph06\Admin\Runtime\Cache\7e1d5701d8fb68aee4dc0e44bf1258ab.php 第 36 行.
NOTIC: [8] Use of undefined constant value - assumed 'value' F:\appserv\www\ph06\Admin\Runtime\Cache\7e1d5701d8fb68aee4dc0e44bf1258ab.php 第 36 行.
NOTIC: [8] Use of undefined constant a_position - assumed 'a_position' F:\appserv\www\ph06\Admin\Runtime\Cache\7e1d5701d8fb68aee4dc0e44bf1258ab.php 第 36 行.
NOTIC: [8] Use of undefined constant value - assumed 'value' F:\appserv\www\ph06\Admin\Runtime\Cache\7e1d5701d8fb68aee4dc0e44bf1258ab.php 第 36 行.
NOTIC: [8] Use of undefined constant a_position - assumed 'a_position' F:\appserv\www\ph06\Admin\Runtime\Cache\7e1d5701d8fb68aee4dc0e44bf1258ab.php 第 36 行.
NOTIC: [8] Use of undefined constant value - assumed 'value' F:\appserv\www\ph06\Admin\Runtime\Cache\7e1d5701d8fb68aee4dc0e44bf1258ab.php 第 36 行.
NOTIC: [8] Use of undefined constant a_position - assumed 'a_position' F:\appserv\www\ph06\Admin\Runtime\Cache\7e1d5701d8fb68aee4dc0e44bf1258ab.php 第 36 行.
NOTIC: [8] Use of undefined constant value - assumed 'value' F:\appserv\www\ph06\Admin\Runtime\Cache\7e1d5701d8fb68aee4dc0e44bf1258ab.php 第 36 行.
NOTIC: [8] Use of undefined constant a_position - assumed 'a_position' F:\appserv\www\ph06\Admin\Runtime\Cache\7e1d5701d8fb68aee4dc0e44bf1258ab.php 第 36 行.
NOTIC: [8] Use of undefined constant value - assumed 'value' F:\appserv\www\ph06\Admin\Runtime\Cache\7e1d5701d8fb68aee4dc0e44bf1258ab.php 第 36 行.
NOTIC: [8] Use of undefined constant a_position - assumed 'a_position' F:\appserv\www\ph06\Admin\Runtime\Cache\7e1d5701d8fb68aee4dc0e44bf1258ab.php 第 36 行.
NOTIC: [8] Use of undefined constant value - assumed 'value' F:\appserv\www\ph06\Admin\Runtime\Cache\7e1d5701d8fb68aee4dc0e44bf1258ab.php 第 36 行.
NOTIC: [8] Use of undefined constant a_position - assumed 'a_position' F:\appserv\www\ph06\Admin\Runtime\Cache\7e1d5701d8fb68aee4dc0e44bf1258ab.php 第 36 行.
NOTIC: [8] Use of undefined constant value - assumed 'value' F:\appserv\www\ph06\Admin\Runtime\Cache\7e1d5701d8fb68aee4dc0e44bf1258ab.php 第 36 行.
NOTIC: [8] Use of undefined constant a_position - assumed 'a_position' F:\appserv\www\ph06\Admin\Runtime\Cache\7e1d5701d8fb68aee4dc0e44bf1258ab.php 第 36 行.
NOTIC: [8] Use of undefined constant value - assumed 'value' F:\appserv\www\ph06\Admin\Runtime\Cache\7e1d5701d8fb68aee4dc0e44bf1258ab.php 第 36 行.
NOTIC: [8] Use of undefined constant a_position - assumed 'a_position' F:\appserv\www\ph06\Admin\Runtime\Cache\7e1d5701d8fb68aee4dc0e44bf1258ab.php 第 36 行.
NOTIC: [8] Use of undefined constant value - assumed 'value' F:\appserv\www\ph06\Admin\Runtime\Cache\7e1d5701d8fb68aee4dc0e44bf1258ab.php 第 36 行.
NOTIC: [8] Use of undefined constant a_position - assumed 'a_position' F:\appserv\www\ph06\Admin\Runtime\Cache\7e1d5701d8fb68aee4dc0e44bf1258ab.php 第 36 行.
NOTIC: [8] Use of undefined constant value - assumed 'value' F:\appserv\www\ph06\Admin\Runtime\Cache\7e1d5701d8fb68aee4dc0e44bf1258ab.php 第 36 行.
NOTIC: [8] Use of undefined constant a_position - assumed 'a_position' F:\appserv\www\ph06\Admin\Runtime\Cache\7e1d5701d8fb68aee4dc0e44bf1258ab.php 第 36 行.
NOTIC: [8] Use of undefined constant value - assumed 'value' F:\appserv\www\ph06\Admin\Runtime\Cache\7e1d5701d8fb68aee4dc0e44bf1258ab.php 第 36 行.
NOTIC: [8] Use of undefined constant a_position - assumed 'a_position' F:\appserv\www\ph06\Admin\Runtime\Cache\7e1d5701d8fb68aee4dc0e44bf1258ab.php 第 36 行.
NOTIC: [8] Use of undefined constant value - assumed 'value' F:\appserv\www\ph06\Admin\Runtime\Cache\7e1d5701d8fb68aee4dc0e44bf1258ab.php 第 36 行.
NOTIC: [8] Use of undefined constant a_position - assumed 'a_position' F:\appserv\www\ph06\Admin\Runtime\Cache\7e1d5701d8fb68aee4dc0e44bf1258ab.php 第 36 行.
NOTIC: [8] Use of undefined constant value - assumed 'value' F:\appserv\www\ph06\Admin\Runtime\Cache\7e1d5701d8fb68aee4dc0e44bf1258ab.php 第 36 行.
NOTIC: [8] Use of undefined constant a_position - assumed 'a_position' F:\appserv\www\ph06\Admin\Runtime\Cache\7e1d5701d8fb68aee4dc0e44bf1258ab.php 第 36 行.
NOTIC: [8] Use of undefined constant value - assumed 'value' F:\appserv\www\ph06\Admin\Runtime\Cache\7e1d5701d8fb68aee4dc0e44bf1258ab.php 第 36 行.
NOTIC: [8] Use of undefined constant a_position - assumed 'a_position' F:\appserv\www\ph06\Admin\Runtime\Cache\7e1d5701d8fb68aee4dc0e44bf1258ab.php 第 36 行.
NOTIC: [8] Use of undefined constant value - assumed 'value' F:\appserv\www\ph06\Admin\Runtime\Cache\7e1d5701d8fb68aee4dc0e44bf1258ab.php 第 36 行.
NOTIC: [8] Use of undefined constant a_position - assumed 'a_position' F:\appserv\www\ph06\Admin\Runtime\Cache\7e1d5701d8fb68aee4dc0e44bf1258ab.php 第 36 行.
NOTIC: [8] Use of undefined constant value - assumed 'value' F:\appserv\www\ph06\Admin\Runtime\Cache\7e1d5701d8fb68aee4dc0e44bf1258ab.php 第 36 行.
NOTIC: [8] Use of undefined constant a_position - assumed 'a_position' F:\appserv\www\ph06\Admin\Runtime\Cache\7e1d5701d8fb68aee4dc0e44bf1258ab.php 第 36 行.
NOTIC: [8] Use of undefined constant value - assumed 'value' F:\appserv\www\ph06\Admin\Runtime\Cache\7e1d5701d8fb68aee4dc0e44bf1258ab.php 第 36 行.
NOTIC: [8] Use of undefined constant a_position - assumed 'a_position' F:\appserv\www\ph06\Admin\Runtime\Cache\7e1d5701d8fb68aee4dc0e44bf1258ab.php 第 36 行.
NOTIC: [8] Use of undefined constant value - assumed 'value' F:\appserv\www\ph06\Admin\Runtime\Cache\7e1d5701d8fb68aee4dc0e44bf1258ab.php 第 36 行.
INFO: ParseTemplate Behavior ::run [ RunTime:0.010703s ]
INFO: [ view_parse ] --END-- [ RunTime:0.010766s ]
INFO: [ view_filter ] --START--
INFO: ContentReplace Behavior ::run [ RunTime:0.000602s ]
INFO: TokenBuild Behavior ::run [ RunTime:0.000601s ]
INFO: WriteHtmlCache Behavior ::run [ RunTime:0.000484s ]
INFO: ShowRuntime Behavior ::run [ RunTime:0.000545s ]
INFO: [ view_filter ] --END-- [ RunTime:0.002362s ]
INFO: [ view_end ] --START--
INFO: ShowPageTrace Behavior ::run [ RunTime:0.000813s ]
INFO: [ view_end ] --END-- [ RunTime:0.000869s ]

[ 2016-05-23T15:41:13+08:00 ] 127.0.0.1 /ph06/admin.php/ad/addAd
INFO: [ route_check ] --START--
INFO: CheckRoute Behavior ::run [ RunTime:0.002035s ]
INFO: [ route_check ] --END-- [ RunTime:0.002219s ]
INFO: [ app_begin ] --START--
INFO: ReadHtmlCache Behavior ::run [ RunTime:0.003645s ]
INFO: [ app_begin ] --END-- [ RunTime:0.003793s ]
INFO: [ view_parse ] --START--
NOTIC: [8] Undefined variable: vo F:\appserv\www\ph06\Admin\Runtime\Cache\b1d3cc3cfc4240a9051ce7534a16e404.php 第 55 行.
NOTIC: [8] Undefined index:  fileurl F:\appserv\www\ph06\Admin\Runtime\Cache\b1d3cc3cfc4240a9051ce7534a16e404.php 第 105 行.
INFO: ParseTemplate Behavior ::run [ RunTime:0.011305s ]
INFO: [ view_parse ] --END-- [ RunTime:0.011396s ]
INFO: [ view_filter ] --START--
INFO: ContentReplace Behavior ::run [ RunTime:0.000650s ]
INFO: TokenBuild Behavior ::run [ RunTime:0.000596s ]
INFO: WriteHtmlCache Behavior ::run [ RunTime:0.000480s ]
INFO: ShowRuntime Behavior ::run [ RunTime:0.000540s ]
INFO: [ view_filter ] --END-- [ RunTime:0.002418s ]
INFO: [ view_end ] --START--
INFO: ShowPageTrace Behavior ::run [ RunTime:0.000964s ]
INFO: [ view_end ] --END-- [ RunTime:0.001028s ]

[ 2016-05-23T15:41:21+08:00 ] 127.0.0.1 /ph06/admin.php/ad/add_picture
INFO: [ route_check ] --START--
INFO: CheckRoute Behavior ::run [ RunTime:0.001895s ]
INFO: [ route_check ] --END-- [ RunTime:0.002015s ]
INFO: [ app_begin ] --START--
INFO: ReadHtmlCache Behavior ::run [ RunTime:0.001023s ]
INFO: [ app_begin ] --END-- [ RunTime:0.001104s ]
NOTIC: [2] md5_file(./Upload/c_picture/1463989280.png) [<a href='function.md5-file'>function.md5-file</a>]: failed to open stream: No such file or directory F:\appserv\www\ph06\ThinkPHP\Extend\Library\ORG\Net\UploadFile.class.php 第 203 行.

