[ 2016-03-29T13:03:20+08:00 ] 127.0.0.1 /think/admin.php
INFO: [ app_begin ] --START--
INFO: ReadHtmlCache Behavior ::run [ RunTime:0.000648s ]
INFO: [ app_begin ] --END-- [ RunTime:0.000736s ]

[ 2016-03-29T13:03:20+08:00 ] 127.0.0.1 /think/admin.php/login/login
INFO: [ route_check ] --START--
INFO: CheckRoute Behavior ::run [ RunTime:0.000906s ]
INFO: [ route_check ] --END-- [ RunTime:0.000979s ]
INFO: [ app_begin ] --START--
INFO: ReadHtmlCache Behavior ::run [ RunTime:0.000384s ]
INFO: [ app_begin ] --END-- [ RunTime:0.000436s ]
INFO: [ view_parse ] --START--
INFO: ParseTemplate Behavior ::run [ RunTime:0.113488s ]
INFO: [ view_parse ] --END-- [ RunTime:0.113645s ]
INFO: [ view_filter ] --START--
INFO: ContentReplace Behavior ::run [ RunTime:0.000928s ]
INFO: TokenBuild Behavior ::run [ RunTime:0.001002s ]
INFO: WriteHtmlCache Behavior ::run [ RunTime:0.000751s ]
INFO: ShowRuntime Behavior ::run [ RunTime:0.000996s ]
INFO: [ view_filter ] --END-- [ RunTime:0.003946s ]
INFO: [ view_end ] --START--
INFO: ShowPageTrace Behavior ::run [ RunTime:0.001241s ]
INFO: [ view_end ] --END-- [ RunTime:0.001335s ]

[ 2016-03-29T13:03:20+08:00 ] 127.0.0.1 /think/admin.php/login/verify
INFO: [ route_check ] --START--
INFO: CheckRoute Behavior ::run [ RunTime:0.000674s ]
INFO: [ route_check ] --END-- [ RunTime:0.000762s ]
INFO: [ app_begin ] --START--
INFO: ReadHtmlCache Behavior ::run [ RunTime:0.000429s ]
INFO: [ app_begin ] --END-- [ RunTime:0.000487s ]

[ 2016-03-29T13:03:28+08:00 ] 127.0.0.1 /think/admin.php/login/dologin
INFO: [ route_check ] --START--
INFO: CheckRoute Behavior ::run [ RunTime:0.000733s ]
INFO: [ route_check ] --END-- [ RunTime:0.000811s ]
INFO: [ app_begin ] --START--
INFO: ReadHtmlCache Behavior ::run [ RunTime:0.000535s ]
INFO: [ app_begin ] --END-- [ RunTime:0.000587s ]
SQL: SHOW COLUMNS FROM `db_user` [ RunTime:0.102130s ]
SQL: SELECT * FROM `db_user` WHERE ( `u_name` = 'admin' ) LIMIT 1   [ RunTime:0.000864s ]

[ 2016-03-29T13:03:28+08:00 ] 127.0.0.1 /think/admin.php
INFO: [ app_begin ] --START--
INFO: ReadHtmlCache Behavior ::run [ RunTime:0.000740s ]
INFO: [ app_begin ] --END-- [ RunTime:0.000864s ]
INFO: [ view_parse ] --START--
INFO: ParseTemplate Behavior ::run [ RunTime:0.034046s ]
INFO: [ view_parse ] --END-- [ RunTime:0.034148s ]
INFO: [ view_filter ] --START--
INFO: ContentReplace Behavior ::run [ RunTime:0.000534s ]
INFO: TokenBuild Behavior ::run [ RunTime:0.000417s ]
INFO: WriteHtmlCache Behavior ::run [ RunTime:0.000346s ]
INFO: ShowRuntime Behavior ::run [ RunTime:0.000467s ]
INFO: [ view_filter ] --END-- [ RunTime:0.001890s ]
INFO: [ view_end ] --START--
INFO: ShowPageTrace Behavior ::run [ RunTime:0.000577s ]
INFO: [ view_end ] --END-- [ RunTime:0.000620s ]

[ 2016-03-29T13:03:28+08:00 ] 127.0.0.1 /think/admin.php/index/sysMessage
INFO: [ route_check ] --START--
INFO: CheckRoute Behavior ::run [ RunTime:0.000643s ]
INFO: [ route_check ] --END-- [ RunTime:0.000742s ]
INFO: [ app_begin ] --START--
INFO: ReadHtmlCache Behavior ::run [ RunTime:0.000393s ]
INFO: [ app_begin ] --END-- [ RunTime:0.000452s ]
NOTIC: [8] ob_end_clean() [<a href='ref.outcontrol'>ref.outcontrol</a>]: failed to delete buffer. No buffer to delete. F:\appserv\www\think\Admin\Common\common.php 第 86 行.
NOTIC: [8] Undefined offset:  4 F:\appserv\www\think\Admin\Common\common.php 第 93 行.
INFO: [ view_parse ] --START--
NOTIC: [8] Use of undefined constant SERVER_SOFTWARE - assumed 'SERVER_SOFTWARE' F:\appserv\www\think\Admin\Runtime\Cache\e6796ad2723a37f48d2e8952f0a9c1c5.php 第 31 行.
NOTIC: [8] Use of undefined constant sys_mail - assumed 'sys_mail' F:\appserv\www\think\Admin\Runtime\Cache\e6796ad2723a37f48d2e8952f0a9c1c5.php 第 32 行.
NOTIC: [8] Use of undefined constant sysversion - assumed 'sysversion' F:\appserv\www\think\Admin\Runtime\Cache\e6796ad2723a37f48d2e8952f0a9c1c5.php 第 35 行.
NOTIC: [8] Use of undefined constant SERVER_ADDR - assumed 'SERVER_ADDR' F:\appserv\www\think\Admin\Runtime\Cache\e6796ad2723a37f48d2e8952f0a9c1c5.php 第 36 行.
NOTIC: [8] Use of undefined constant SERVER_PORT - assumed 'SERVER_PORT' F:\appserv\www\think\Admin\Runtime\Cache\e6796ad2723a37f48d2e8952f0a9c1c5.php 第 39 行.
NOTIC: [8] Use of undefined constant file_uploads - assumed 'file_uploads' F:\appserv\www\think\Admin\Runtime\Cache\e6796ad2723a37f48d2e8952f0a9c1c5.php 第 40 行.
NOTIC: [8] Use of undefined constant max_upload - assumed 'max_upload' F:\appserv\www\think\Admin\Runtime\Cache\e6796ad2723a37f48d2e8952f0a9c1c5.php 第 44 行.
NOTIC: [8] Use of undefined constant systemtime - assumed 'systemtime' F:\appserv\www\think\Admin\Runtime\Cache\e6796ad2723a37f48d2e8952f0a9c1c5.php 第 45 行.
NOTIC: [8] Use of undefined constant max_ex_time - assumed 'max_ex_time' F:\appserv\www\think\Admin\Runtime\Cache\e6796ad2723a37f48d2e8952f0a9c1c5.php 第 48 行.
NOTIC: [8] Use of undefined constant DOCUMENT_ROOT - assumed 'DOCUMENT_ROOT' F:\appserv\www\think\Admin\Runtime\Cache\e6796ad2723a37f48d2e8952f0a9c1c5.php 第 49 行.
NOTIC: [8] Use of undefined constant memory_user_limit - assumed 'memory_user_limit' F:\appserv\www\think\Admin\Runtime\Cache\e6796ad2723a37f48d2e8952f0a9c1c5.php 第 52 行.
NOTIC: [8] Use of undefined constant SCRIPT_FILENAME - assumed 'SCRIPT_FILENAME' F:\appserv\www\think\Admin\Runtime\Cache\e6796ad2723a37f48d2e8952f0a9c1c5.php 第 53 行.
NOTIC: [8] Use of undefined constant allow_url_fopen - assumed 'allow_url_fopen' F:\appserv\www\think\Admin\Runtime\Cache\e6796ad2723a37f48d2e8952f0a9c1c5.php 第 56 行.
NOTIC: [8] Use of undefined constant zendVersion - assumed 'zendVersion' F:\appserv\www\think\Admin\Runtime\Cache\e6796ad2723a37f48d2e8952f0a9c1c5.php 第 57 行.
NOTIC: [8] Use of undefined constant gdpic - assumed 'gdpic' F:\appserv\www\think\Admin\Runtime\Cache\e6796ad2723a37f48d2e8952f0a9c1c5.php 第 61 行.
NOTIC: [8] Use of undefined constant ifcookie - assumed 'ifcookie' F:\appserv\www\think\Admin\Runtime\Cache\e6796ad2723a37f48d2e8952f0a9c1c5.php 第 62 行.
INFO: ParseTemplate Behavior ::run [ RunTime:0.076119s ]
INFO: [ view_parse ] --END-- [ RunTime:0.076231s ]
INFO: [ view_filter ] --START--
INFO: ContentReplace Behavior ::run [ RunTime:0.000464s ]
INFO: TokenBuild Behavior ::run [ RunTime:0.000420s ]
INFO: WriteHtmlCache Behavior ::run [ RunTime:0.000296s ]
INFO: ShowRuntime Behavior ::run [ RunTime:0.000510s ]
INFO: [ view_filter ] --END-- [ RunTime:0.001919s ]
INFO: [ view_end ] --START--
INFO: ShowPageTrace Behavior ::run [ RunTime:0.000714s ]
INFO: [ view_end ] --END-- [ RunTime:0.000851s ]

[ 2016-03-29T13:03:36+08:00 ] 127.0.0.1 /think/admin.php/ad/adList
INFO: [ route_check ] --START--
INFO: CheckRoute Behavior ::run [ RunTime:0.000947s ]
INFO: [ route_check ] --END-- [ RunTime:0.001042s ]
INFO: [ app_begin ] --START--
INFO: ReadHtmlCache Behavior ::run [ RunTime:0.000717s ]
INFO: [ app_begin ] --END-- [ RunTime:0.000791s ]
SQL: SHOW COLUMNS FROM `db_ad` [ RunTime:0.010100s ]
SQL: SELECT COUNT(a_id) AS tp_count FROM `db_ad` LIMIT 1   [ RunTime:0.011730s ]
SQL: SELECT * FROM `db_ad` ORDER BY a_position ASC,a_order ASC LIMIT 0,7   [ RunTime:0.000479s ]
INFO: [ view_parse ] --START--
NOTIC: [8] Use of undefined constant a_position - assumed 'a_position' F:\appserv\www\think\Admin\Runtime\Cache\7e1d5701d8fb68aee4dc0e44bf1258ab.php 第 36 行.
NOTIC: [8] Use of undefined constant value - assumed 'value' F:\appserv\www\think\Admin\Runtime\Cache\7e1d5701d8fb68aee4dc0e44bf1258ab.php 第 36 行.
NOTIC: [8] Use of undefined constant a_position - assumed 'a_position' F:\appserv\www\think\Admin\Runtime\Cache\7e1d5701d8fb68aee4dc0e44bf1258ab.php 第 36 行.
NOTIC: [8] Use of undefined constant value - assumed 'value' F:\appserv\www\think\Admin\Runtime\Cache\7e1d5701d8fb68aee4dc0e44bf1258ab.php 第 36 行.
NOTIC: [8] Use of undefined constant a_position - assumed 'a_position' F:\appserv\www\think\Admin\Runtime\Cache\7e1d5701d8fb68aee4dc0e44bf1258ab.php 第 36 行.
NOTIC: [8] Use of undefined constant value - assumed 'value' F:\appserv\www\think\Admin\Runtime\Cache\7e1d5701d8fb68aee4dc0e44bf1258ab.php 第 36 行.
NOTIC: [8] Use of undefined constant a_position - assumed 'a_position' F:\appserv\www\think\Admin\Runtime\Cache\7e1d5701d8fb68aee4dc0e44bf1258ab.php 第 36 行.
NOTIC: [8] Use of undefined constant value - assumed 'value' F:\appserv\www\think\Admin\Runtime\Cache\7e1d5701d8fb68aee4dc0e44bf1258ab.php 第 36 行.
NOTIC: [8] Use of undefined constant a_position - assumed 'a_position' F:\appserv\www\think\Admin\Runtime\Cache\7e1d5701d8fb68aee4dc0e44bf1258ab.php 第 36 行.
NOTIC: [8] Use of undefined constant value - assumed 'value' F:\appserv\www\think\Admin\Runtime\Cache\7e1d5701d8fb68aee4dc0e44bf1258ab.php 第 36 行.
NOTIC: [8] Use of undefined constant a_position - assumed 'a_position' F:\appserv\www\think\Admin\Runtime\Cache\7e1d5701d8fb68aee4dc0e44bf1258ab.php 第 36 行.
NOTIC: [8] Use of undefined constant value - assumed 'value' F:\appserv\www\think\Admin\Runtime\Cache\7e1d5701d8fb68aee4dc0e44bf1258ab.php 第 36 行.
NOTIC: [8] Use of undefined constant a_position - assumed 'a_position' F:\appserv\www\think\Admin\Runtime\Cache\7e1d5701d8fb68aee4dc0e44bf1258ab.php 第 36 行.
NOTIC: [8] Use of undefined constant value - assumed 'value' F:\appserv\www\think\Admin\Runtime\Cache\7e1d5701d8fb68aee4dc0e44bf1258ab.php 第 36 行.
NOTIC: [8] Use of undefined constant a_position - assumed 'a_position' F:\appserv\www\think\Admin\Runtime\Cache\7e1d5701d8fb68aee4dc0e44bf1258ab.php 第 36 行.
NOTIC: [8] Use of undefined constant value - assumed 'value' F:\appserv\www\think\Admin\Runtime\Cache\7e1d5701d8fb68aee4dc0e44bf1258ab.php 第 36 行.
INFO: ParseTemplate Behavior ::run [ RunTime:0.022125s ]
INFO: [ view_parse ] --END-- [ RunTime:0.022196s ]
INFO: [ view_filter ] --START--
INFO: ContentReplace Behavior ::run [ RunTime:0.000449s ]
INFO: TokenBuild Behavior ::run [ RunTime:0.000427s ]
INFO: WriteHtmlCache Behavior ::run [ RunTime:0.000353s ]
INFO: ShowRuntime Behavior ::run [ RunTime:0.000476s ]
INFO: [ view_filter ] --END-- [ RunTime:0.001828s ]
INFO: [ view_end ] --START--
INFO: ShowPageTrace Behavior ::run [ RunTime:0.000753s ]
INFO: [ view_end ] --END-- [ RunTime:0.000808s ]

[ 2016-03-29T13:03:37+08:00 ] 127.0.0.1 /think/admin.php/ad/addAd
INFO: [ route_check ] --START--
INFO: CheckRoute Behavior ::run [ RunTime:0.001107s ]
INFO: [ route_check ] --END-- [ RunTime:0.001236s ]
INFO: [ app_begin ] --START--
INFO: ReadHtmlCache Behavior ::run [ RunTime:0.000713s ]
INFO: [ app_begin ] --END-- [ RunTime:0.000810s ]
INFO: [ view_parse ] --START--
NOTIC: [8] Undefined variable: vo F:\appserv\www\think\Admin\Runtime\Cache\b1d3cc3cfc4240a9051ce7534a16e404.php 第 55 行.
NOTIC: [8] Undefined index:  fileurl F:\appserv\www\think\Admin\Runtime\Cache\b1d3cc3cfc4240a9051ce7534a16e404.php 第 105 行.
INFO: ParseTemplate Behavior ::run [ RunTime:0.067193s ]
INFO: [ view_parse ] --END-- [ RunTime:0.067477s ]
INFO: [ view_filter ] --START--
INFO: ContentReplace Behavior ::run [ RunTime:0.000891s ]
INFO: TokenBuild Behavior ::run [ RunTime:0.000817s ]
INFO: WriteHtmlCache Behavior ::run [ RunTime:0.000585s ]
INFO: ShowRuntime Behavior ::run [ RunTime:0.001002s ]
INFO: [ view_filter ] --END-- [ RunTime:0.003848s ]
INFO: [ view_end ] --START--
INFO: ShowPageTrace Behavior ::run [ RunTime:0.001434s ]
INFO: [ view_end ] --END-- [ RunTime:0.001607s ]

[ 2016-03-29T13:03:41+08:00 ] 127.0.0.1 /think/admin.php/ad/addAd
INFO: [ route_check ] --START--
INFO: CheckRoute Behavior ::run [ RunTime:0.000938s ]
INFO: [ route_check ] --END-- [ RunTime:0.001044s ]
INFO: [ app_begin ] --START--
INFO: ReadHtmlCache Behavior ::run [ RunTime:0.000645s ]
INFO: [ app_begin ] --END-- [ RunTime:0.000737s ]
INFO: [ view_parse ] --START--
NOTIC: [8] Undefined variable: vo F:\appserv\www\think\Admin\Runtime\Cache\b1d3cc3cfc4240a9051ce7534a16e404.php 第 55 行.
NOTIC: [8] Undefined index:  fileurl F:\appserv\www\think\Admin\Runtime\Cache\b1d3cc3cfc4240a9051ce7534a16e404.php 第 105 行.
INFO: ParseTemplate Behavior ::run [ RunTime:0.012426s ]
INFO: [ view_parse ] --END-- [ RunTime:0.012551s ]
INFO: [ view_filter ] --START--
INFO: ContentReplace Behavior ::run [ RunTime:0.000407s ]
INFO: TokenBuild Behavior ::run [ RunTime:0.000378s ]
INFO: WriteHtmlCache Behavior ::run [ RunTime:0.000280s ]
INFO: ShowRuntime Behavior ::run [ RunTime:0.000463s ]
INFO: [ view_filter ] --END-- [ RunTime:0.001738s ]
INFO: [ view_end ] --START--
INFO: ShowPageTrace Behavior ::run [ RunTime:0.000900s ]
INFO: [ view_end ] --END-- [ RunTime:0.001020s ]

[ 2016-03-29T13:03:54+08:00 ] 127.0.0.1 /think/admin.php/ad/adList
INFO: [ route_check ] --START--
INFO: CheckRoute Behavior ::run [ RunTime:0.000730s ]
INFO: [ route_check ] --END-- [ RunTime:0.000828s ]
INFO: [ app_begin ] --START--
INFO: ReadHtmlCache Behavior ::run [ RunTime:0.000458s ]
INFO: [ app_begin ] --END-- [ RunTime:0.000519s ]
SQL: SHOW COLUMNS FROM `db_ad` [ RunTime:0.003383s ]
SQL: SELECT COUNT(a_id) AS tp_count FROM `db_ad` LIMIT 1   [ RunTime:0.001183s ]
SQL: SELECT * FROM `db_ad` ORDER BY a_position ASC,a_order ASC LIMIT 0,7   [ RunTime:0.000578s ]
INFO: [ view_parse ] --START--
NOTIC: [8] Use of undefined constant a_position - assumed 'a_position' F:\appserv\www\think\Admin\Runtime\Cache\7e1d5701d8fb68aee4dc0e44bf1258ab.php 第 36 行.
NOTIC: [8] Use of undefined constant value - assumed 'value' F:\appserv\www\think\Admin\Runtime\Cache\7e1d5701d8fb68aee4dc0e44bf1258ab.php 第 36 行.
NOTIC: [8] Use of undefined constant a_position - assumed 'a_position' F:\appserv\www\think\Admin\Runtime\Cache\7e1d5701d8fb68aee4dc0e44bf1258ab.php 第 36 行.
NOTIC: [8] Use of undefined constant value - assumed 'value' F:\appserv\www\think\Admin\Runtime\Cache\7e1d5701d8fb68aee4dc0e44bf1258ab.php 第 36 行.
NOTIC: [8] Use of undefined constant a_position - assumed 'a_position' F:\appserv\www\think\Admin\Runtime\Cache\7e1d5701d8fb68aee4dc0e44bf1258ab.php 第 36 行.
NOTIC: [8] Use of undefined constant value - assumed 'value' F:\appserv\www\think\Admin\Runtime\Cache\7e1d5701d8fb68aee4dc0e44bf1258ab.php 第 36 行.
NOTIC: [8] Use of undefined constant a_position - assumed 'a_position' F:\appserv\www\think\Admin\Runtime\Cache\7e1d5701d8fb68aee4dc0e44bf1258ab.php 第 36 行.
NOTIC: [8] Use of undefined constant value - assumed 'value' F:\appserv\www\think\Admin\Runtime\Cache\7e1d5701d8fb68aee4dc0e44bf1258ab.php 第 36 行.
NOTIC: [8] Use of undefined constant a_position - assumed 'a_position' F:\appserv\www\think\Admin\Runtime\Cache\7e1d5701d8fb68aee4dc0e44bf1258ab.php 第 36 行.
NOTIC: [8] Use of undefined constant value - assumed 'value' F:\appserv\www\think\Admin\Runtime\Cache\7e1d5701d8fb68aee4dc0e44bf1258ab.php 第 36 行.
NOTIC: [8] Use of undefined constant a_position - assumed 'a_position' F:\appserv\www\think\Admin\Runtime\Cache\7e1d5701d8fb68aee4dc0e44bf1258ab.php 第 36 行.
NOTIC: [8] Use of undefined constant value - assumed 'value' F:\appserv\www\think\Admin\Runtime\Cache\7e1d5701d8fb68aee4dc0e44bf1258ab.php 第 36 行.
NOTIC: [8] Use of undefined constant a_position - assumed 'a_position' F:\appserv\www\think\Admin\Runtime\Cache\7e1d5701d8fb68aee4dc0e44bf1258ab.php 第 36 行.
NOTIC: [8] Use of undefined constant value - assumed 'value' F:\appserv\www\think\Admin\Runtime\Cache\7e1d5701d8fb68aee4dc0e44bf1258ab.php 第 36 行.
NOTIC: [8] Use of undefined constant a_position - assumed 'a_position' F:\appserv\www\think\Admin\Runtime\Cache\7e1d5701d8fb68aee4dc0e44bf1258ab.php 第 36 行.
NOTIC: [8] Use of undefined constant value - assumed 'value' F:\appserv\www\think\Admin\Runtime\Cache\7e1d5701d8fb68aee4dc0e44bf1258ab.php 第 36 行.
INFO: ParseTemplate Behavior ::run [ RunTime:0.016383s ]
INFO: [ view_parse ] --END-- [ RunTime:0.016503s ]
INFO: [ view_filter ] --START--
INFO: ContentReplace Behavior ::run [ RunTime:0.000484s ]
INFO: TokenBuild Behavior ::run [ RunTime:0.000442s ]
INFO: WriteHtmlCache Behavior ::run [ RunTime:0.000280s ]
INFO: ShowRuntime Behavior ::run [ RunTime:0.000508s ]
INFO: [ view_filter ] --END-- [ RunTime:0.001937s ]
INFO: [ view_end ] --START--
INFO: ShowPageTrace Behavior ::run [ RunTime:0.000709s ]
INFO: [ view_end ] --END-- [ RunTime:0.000787s ]

[ 2016-03-29T13:04:06+08:00 ] 127.0.0.1 /think/admin.php/ad/updateAd/a_id/1
INFO: [ route_check ] --START--
INFO: CheckRoute Behavior ::run [ RunTime:0.001261s ]
INFO: [ route_check ] --END-- [ RunTime:0.001403s ]
INFO: [ app_begin ] --START--
INFO: ReadHtmlCache Behavior ::run [ RunTime:0.000735s ]
INFO: [ app_begin ] --END-- [ RunTime:0.000834s ]
SQL: SHOW COLUMNS FROM `db_ad` [ RunTime:0.002139s ]
SQL: SELECT * FROM `db_ad` WHERE ( `a_id` = 1 ) LIMIT 1   [ RunTime:0.013091s ]
INFO: [ view_parse ] --START--
NOTIC: [8] Undefined variable: vo F:\appserv\www\think\Admin\Runtime\Cache\26130fa9cd3fbad24db991f0d882e350.php 第 57 行.
NOTIC: [8] Use of undefined constant a_position - assumed 'a_position' F:\appserv\www\think\Admin\Runtime\Cache\26130fa9cd3fbad24db991f0d882e350.php 第 91 行.
NOTIC: [8] Use of undefined constant value - assumed 'value' F:\appserv\www\think\Admin\Runtime\Cache\26130fa9cd3fbad24db991f0d882e350.php 第 91 行.
NOTIC: [8] Use of undefined constant a_position - assumed 'a_position' F:\appserv\www\think\Admin\Runtime\Cache\26130fa9cd3fbad24db991f0d882e350.php 第 91 行.
NOTIC: [8] Use of undefined constant value - assumed 'value' F:\appserv\www\think\Admin\Runtime\Cache\26130fa9cd3fbad24db991f0d882e350.php 第 91 行.
NOTIC: [8] Use of undefined constant a_position - assumed 'a_position' F:\appserv\www\think\Admin\Runtime\Cache\26130fa9cd3fbad24db991f0d882e350.php 第 91 行.
NOTIC: [8] Use of undefined constant value - assumed 'value' F:\appserv\www\think\Admin\Runtime\Cache\26130fa9cd3fbad24db991f0d882e350.php 第 91 行.
NOTIC: [8] Use of undefined constant a_position - assumed 'a_position' F:\appserv\www\think\Admin\Runtime\Cache\26130fa9cd3fbad24db991f0d882e350.php 第 91 行.
NOTIC: [8] Use of undefined constant value - assumed 'value' F:\appserv\www\think\Admin\Runtime\Cache\26130fa9cd3fbad24db991f0d882e350.php 第 91 行.
INFO: ParseTemplate Behavior ::run [ RunTime:0.034936s ]
INFO: [ view_parse ] --END-- [ RunTime:0.035012s ]
INFO: [ view_filter ] --START--
INFO: ContentReplace Behavior ::run [ RunTime:0.000343s ]
INFO: TokenBuild Behavior ::run [ RunTime:0.000279s ]
INFO: WriteHtmlCache Behavior ::run [ RunTime:0.000179s ]
INFO: ShowRuntime Behavior ::run [ RunTime:0.000368s ]
INFO: [ view_filter ] --END-- [ RunTime:0.001311s ]
INFO: [ view_end ] --START--
INFO: ShowPageTrace Behavior ::run [ RunTime:0.000569s ]
INFO: [ view_end ] --END-- [ RunTime:0.000622s ]

[ 2016-03-29T13:04:08+08:00 ] 127.0.0.1 /think/admin.php/ad/addAd
INFO: [ route_check ] --START--
INFO: CheckRoute Behavior ::run [ RunTime:0.001129s ]
INFO: [ route_check ] --END-- [ RunTime:0.001269s ]
INFO: [ app_begin ] --START--
INFO: ReadHtmlCache Behavior ::run [ RunTime:0.000709s ]
INFO: [ app_begin ] --END-- [ RunTime:0.000816s ]
INFO: [ view_parse ] --START--
NOTIC: [8] Undefined variable: vo F:\appserv\www\think\Admin\Runtime\Cache\b1d3cc3cfc4240a9051ce7534a16e404.php 第 55 行.
NOTIC: [8] Undefined index:  fileurl F:\appserv\www\think\Admin\Runtime\Cache\b1d3cc3cfc4240a9051ce7534a16e404.php 第 105 行.
INFO: ParseTemplate Behavior ::run [ RunTime:0.015440s ]
INFO: [ view_parse ] --END-- [ RunTime:0.015587s ]
INFO: [ view_filter ] --START--
INFO: ContentReplace Behavior ::run [ RunTime:0.000256s ]
INFO: TokenBuild Behavior ::run [ RunTime:0.000228s ]
INFO: WriteHtmlCache Behavior ::run [ RunTime:0.000180s ]
INFO: ShowRuntime Behavior ::run [ RunTime:0.000294s ]
INFO: [ view_filter ] --END-- [ RunTime:0.001101s ]
INFO: [ view_end ] --START--
INFO: ShowPageTrace Behavior ::run [ RunTime:0.000403s ]
INFO: [ view_end ] --END-- [ RunTime:0.000445s ]

[ 2016-03-29T13:04:09+08:00 ] 127.0.0.1 /think/admin.php/ad/adList
INFO: [ route_check ] --START--
INFO: CheckRoute Behavior ::run [ RunTime:0.001044s ]
INFO: [ route_check ] --END-- [ RunTime:0.001180s ]
INFO: [ app_begin ] --START--
INFO: ReadHtmlCache Behavior ::run [ RunTime:0.000607s ]
INFO: [ app_begin ] --END-- [ RunTime:0.000693s ]
SQL: SHOW COLUMNS FROM `db_ad` [ RunTime:0.003416s ]
SQL: SELECT COUNT(a_id) AS tp_count FROM `db_ad` LIMIT 1   [ RunTime:0.000935s ]
SQL: SELECT * FROM `db_ad` ORDER BY a_position ASC,a_order ASC LIMIT 0,7   [ RunTime:0.000234s ]
INFO: [ view_parse ] --START--
NOTIC: [8] Use of undefined constant a_position - assumed 'a_position' F:\appserv\www\think\Admin\Runtime\Cache\7e1d5701d8fb68aee4dc0e44bf1258ab.php 第 36 行.
NOTIC: [8] Use of undefined constant value - assumed 'value' F:\appserv\www\think\Admin\Runtime\Cache\7e1d5701d8fb68aee4dc0e44bf1258ab.php 第 36 行.
NOTIC: [8] Use of undefined constant a_position - assumed 'a_position' F:\appserv\www\think\Admin\Runtime\Cache\7e1d5701d8fb68aee4dc0e44bf1258ab.php 第 36 行.
NOTIC: [8] Use of undefined constant value - assumed 'value' F:\appserv\www\think\Admin\Runtime\Cache\7e1d5701d8fb68aee4dc0e44bf1258ab.php 第 36 行.
NOTIC: [8] Use of undefined constant a_position - assumed 'a_position' F:\appserv\www\think\Admin\Runtime\Cache\7e1d5701d8fb68aee4dc0e44bf1258ab.php 第 36 行.
NOTIC: [8] Use of undefined constant value - assumed 'value' F:\appserv\www\think\Admin\Runtime\Cache\7e1d5701d8fb68aee4dc0e44bf1258ab.php 第 36 行.
NOTIC: [8] Use of undefined constant a_position - assumed 'a_position' F:\appserv\www\think\Admin\Runtime\Cache\7e1d5701d8fb68aee4dc0e44bf1258ab.php 第 36 行.
NOTIC: [8] Use of undefined constant value - assumed 'value' F:\appserv\www\think\Admin\Runtime\Cache\7e1d5701d8fb68aee4dc0e44bf1258ab.php 第 36 行.
NOTIC: [8] Use of undefined constant a_position - assumed 'a_position' F:\appserv\www\think\Admin\Runtime\Cache\7e1d5701d8fb68aee4dc0e44bf1258ab.php 第 36 行.
NOTIC: [8] Use of undefined constant value - assumed 'value' F:\appserv\www\think\Admin\Runtime\Cache\7e1d5701d8fb68aee4dc0e44bf1258ab.php 第 36 行.
NOTIC: [8] Use of undefined constant a_position - assumed 'a_position' F:\appserv\www\think\Admin\Runtime\Cache\7e1d5701d8fb68aee4dc0e44bf1258ab.php 第 36 行.
NOTIC: [8] Use of undefined constant value - assumed 'value' F:\appserv\www\think\Admin\Runtime\Cache\7e1d5701d8fb68aee4dc0e44bf1258ab.php 第 36 行.
NOTIC: [8] Use of undefined constant a_position - assumed 'a_position' F:\appserv\www\think\Admin\Runtime\Cache\7e1d5701d8fb68aee4dc0e44bf1258ab.php 第 36 行.
NOTIC: [8] Use of undefined constant value - assumed 'value' F:\appserv\www\think\Admin\Runtime\Cache\7e1d5701d8fb68aee4dc0e44bf1258ab.php 第 36 行.
NOTIC: [8] Use of undefined constant a_position - assumed 'a_position' F:\appserv\www\think\Admin\Runtime\Cache\7e1d5701d8fb68aee4dc0e44bf1258ab.php 第 36 行.
NOTIC: [8] Use of undefined constant value - assumed 'value' F:\appserv\www\think\Admin\Runtime\Cache\7e1d5701d8fb68aee4dc0e44bf1258ab.php 第 36 行.
INFO: ParseTemplate Behavior ::run [ RunTime:0.008608s ]
INFO: [ view_parse ] --END-- [ RunTime:0.008671s ]
INFO: [ view_filter ] --START--
INFO: ContentReplace Behavior ::run [ RunTime:0.000268s ]
INFO: TokenBuild Behavior ::run [ RunTime:0.000272s ]
INFO: WriteHtmlCache Behavior ::run [ RunTime:0.000169s ]
INFO: ShowRuntime Behavior ::run [ RunTime:0.000286s ]
INFO: [ view_filter ] --END-- [ RunTime:0.001150s ]
INFO: [ view_end ] --START--
INFO: ShowPageTrace Behavior ::run [ RunTime:0.000463s ]
INFO: [ view_end ] --END-- [ RunTime:0.000519s ]

[ 2016-03-29T13:04:21+08:00 ] 127.0.0.1 /think/admin.php/news/newsList
INFO: [ route_check ] --START--
INFO: CheckRoute Behavior ::run [ RunTime:0.000910s ]
INFO: [ route_check ] --END-- [ RunTime:0.001018s ]
INFO: [ app_begin ] --START--
INFO: ReadHtmlCache Behavior ::run [ RunTime:0.000528s ]
INFO: [ app_begin ] --END-- [ RunTime:0.000606s ]
SQL: SHOW COLUMNS FROM `db_news` [ RunTime:0.003044s ]
SQL: SHOW COLUMNS FROM `db_type` [ RunTime:0.003116s ]
SQL: SHOW COLUMNS FROM `db_user` [ RunTime:0.002265s ]
SQL: SELECT COUNT(n_id) AS tp_count FROM db_news news LEFT JOIN db_type type ON news.n_type=type.t_id  JOIN db_user user ON news.n_author=user.u_id LIMIT 1   [ RunTime:0.004900s ]
SQL: SELECT news.n_id AS n_id,news.n_title AS n_title,news.n_addtime AS n_addtime,news.n_nums AS n_nums,news.n_message AS n_message,news.n_position AS n_position,news.n_status AS n_status,type.t_name AS n_type,user.u_name AS n_author FROM db_news news LEFT JOIN db_type type ON news.n_type=type.t_id  JOIN db_user user ON news.n_author=user.u_id ORDER BY news.n_addtime DESC LIMIT 0,7   [ RunTime:0.000595s ]
INFO: [ view_parse ] --START--
INFO: ParseTemplate Behavior ::run [ RunTime:0.016589s ]
INFO: [ view_parse ] --END-- [ RunTime:0.016666s ]
INFO: [ view_filter ] --START--
INFO: ContentReplace Behavior ::run [ RunTime:0.000244s ]
INFO: TokenBuild Behavior ::run [ RunTime:0.000235s ]
INFO: WriteHtmlCache Behavior ::run [ RunTime:0.000147s ]
INFO: ShowRuntime Behavior ::run [ RunTime:0.000272s ]
INFO: [ view_filter ] --END-- [ RunTime:0.001015s ]
INFO: [ view_end ] --START--
INFO: ShowPageTrace Behavior ::run [ RunTime:0.000371s ]
INFO: [ view_end ] --END-- [ RunTime:0.000413s ]

[ 2016-03-29T13:04:22+08:00 ] 127.0.0.1 /think/admin.php/news/publishNews
INFO: [ route_check ] --START--
INFO: CheckRoute Behavior ::run [ RunTime:0.000545s ]
INFO: [ route_check ] --END-- [ RunTime:0.000617s ]
INFO: [ app_begin ] --START--
INFO: ReadHtmlCache Behavior ::run [ RunTime:0.000366s ]
INFO: [ app_begin ] --END-- [ RunTime:0.000424s ]
SQL: SHOW COLUMNS FROM `db_type` [ RunTime:0.002202s ]
SQL: SELECT * FROM `db_type` WHERE ( t_status=1 )  [ RunTime:0.000439s ]
INFO: [ view_parse ] --START--
INFO: ParseTemplate Behavior ::run [ RunTime:0.018895s ]
INFO: [ view_parse ] --END-- [ RunTime:0.019045s ]
INFO: [ view_filter ] --START--
INFO: ContentReplace Behavior ::run [ RunTime:0.000555s ]
INFO: TokenBuild Behavior ::run [ RunTime:0.000561s ]
INFO: WriteHtmlCache Behavior ::run [ RunTime:0.000346s ]
INFO: ShowRuntime Behavior ::run [ RunTime:0.000641s ]
INFO: [ view_filter ] --END-- [ RunTime:0.002379s ]
INFO: [ view_end ] --START--
INFO: ShowPageTrace Behavior ::run [ RunTime:0.001349s ]
INFO: [ view_end ] --END-- [ RunTime:0.001457s ]

