[ 2016-06-01T15:59:39+08:00 ] 127.0.0.1 /ph06/admin.php/login/login
INFO: [ route_check ] --START--
INFO: CheckRoute Behavior ::run [ RunTime:0.002022s ]
INFO: [ route_check ] --END-- [ RunTime:0.002128s ]
INFO: [ app_begin ] --START--
INFO: ReadHtmlCache Behavior ::run [ RunTime:0.001645s ]
INFO: [ app_begin ] --END-- [ RunTime:0.001745s ]
INFO: [ view_parse ] --START--
INFO: ParseTemplate Behavior ::run [ RunTime:0.053912s ]
INFO: [ view_parse ] --END-- [ RunTime:0.054043s ]
INFO: [ view_filter ] --START--
INFO: ContentReplace Behavior ::run [ RunTime:0.001477s ]
INFO: TokenBuild Behavior ::run [ RunTime:0.001214s ]
INFO: WriteHtmlCache Behavior ::run [ RunTime:0.001026s ]
INFO: ShowRuntime Behavior ::run [ RunTime:0.001238s ]
INFO: [ view_filter ] --END-- [ RunTime:0.005197s ]
INFO: [ view_end ] --START--
INFO: ShowPageTrace Behavior ::run [ RunTime:0.001560s ]
INFO: [ view_end ] --END-- [ RunTime:0.001636s ]

[ 2016-06-01T15:59:39+08:00 ] 127.0.0.1 /ph06/admin.php/login/verify
INFO: [ route_check ] --START--
INFO: CheckRoute Behavior ::run [ RunTime:0.001349s ]
INFO: [ route_check ] --END-- [ RunTime:0.001500s ]
INFO: [ app_begin ] --START--
INFO: ReadHtmlCache Behavior ::run [ RunTime:0.000774s ]
INFO: [ app_begin ] --END-- [ RunTime:0.000854s ]

