[ 2016-03-28T08:29:46+08:00 ] 127.0.0.1 /think/admin.php/
INFO: [ route_check ] --START--
INFO: CheckRoute Behavior ::run [ RunTime:0.001815s ]
INFO: [ route_check ] --END-- [ RunTime:0.001944s ]
INFO: [ app_begin ] --START--
INFO: ReadHtmlCache Behavior ::run [ RunTime:0.001493s ]
INFO: [ app_begin ] --END-- [ RunTime:0.001623s ]

[ 2016-03-28T08:29:46+08:00 ] 127.0.0.1 /think/admin.php/login/login
INFO: [ route_check ] --START--
INFO: CheckRoute Behavior ::run [ RunTime:0.000531s ]
INFO: [ route_check ] --END-- [ RunTime:0.000600s ]
INFO: [ app_begin ] --START--
INFO: ReadHtmlCache Behavior ::run [ RunTime:0.000347s ]
INFO: [ app_begin ] --END-- [ RunTime:0.000393s ]
INFO: [ view_parse ] --START--
INFO: ParseTemplate Behavior ::run [ RunTime:0.042659s ]
INFO: [ view_parse ] --END-- [ RunTime:0.042761s ]
INFO: [ view_filter ] --START--
INFO: ContentReplace Behavior ::run [ RunTime:0.003245s ]
INFO: TokenBuild Behavior ::run [ RunTime:0.000753s ]
INFO: WriteHtmlCache Behavior ::run [ RunTime:0.000770s ]
INFO: ShowRuntime Behavior ::run [ RunTime:0.000669s ]
INFO: [ view_filter ] --END-- [ RunTime:0.005641s ]
INFO: [ view_end ] --START--
INFO: ShowPageTrace Behavior ::run [ RunTime:0.000782s ]
INFO: [ view_end ] --END-- [ RunTime:0.000835s ]

[ 2016-03-28T08:29:47+08:00 ] 127.0.0.1 /think/admin.php/login/verify
INFO: [ route_check ] --START--
INFO: CheckRoute Behavior ::run [ RunTime:0.000648s ]
INFO: [ route_check ] --END-- [ RunTime:0.000732s ]
INFO: [ app_begin ] --START--
INFO: ReadHtmlCache Behavior ::run [ RunTime:0.000447s ]
INFO: [ app_begin ] --END-- [ RunTime:0.000504s ]

[ 2016-03-28T08:29:53+08:00 ] 127.0.0.1 /think/admin.php/login/dologin
INFO: [ route_check ] --START--
INFO: CheckRoute Behavior ::run [ RunTime:0.001125s ]
INFO: [ route_check ] --END-- [ RunTime:0.001218s ]
INFO: [ app_begin ] --START--
INFO: ReadHtmlCache Behavior ::run [ RunTime:0.000774s ]
INFO: [ app_begin ] --END-- [ RunTime:0.000844s ]
SQL: SHOW COLUMNS FROM `db_user` [ RunTime:0.115901s ]
SQL: SELECT * FROM `db_user` WHERE ( `u_name` = 'admin' ) LIMIT 1   [ RunTime:0.002077s ]

[ 2016-03-28T08:29:53+08:00 ] 127.0.0.1 /think/admin.php
INFO: [ app_begin ] --START--
INFO: ReadHtmlCache Behavior ::run [ RunTime:0.000347s ]
INFO: [ app_begin ] --END-- [ RunTime:0.000406s ]
INFO: [ view_parse ] --START--
INFO: ParseTemplate Behavior ::run [ RunTime:0.089792s ]
INFO: [ view_parse ] --END-- [ RunTime:0.090000s ]
INFO: [ view_filter ] --START--
INFO: ContentReplace Behavior ::run [ RunTime:0.002003s ]
INFO: TokenBuild Behavior ::run [ RunTime:0.002153s ]
INFO: WriteHtmlCache Behavior ::run [ RunTime:0.001574s ]
INFO: ShowRuntime Behavior ::run [ RunTime:0.002291s ]
INFO: [ view_filter ] --END-- [ RunTime:0.008598s ]
INFO: [ view_end ] --START--
INFO: ShowPageTrace Behavior ::run [ RunTime:0.003620s ]
INFO: [ view_end ] --END-- [ RunTime:0.003891s ]

[ 2016-03-28T08:29:53+08:00 ] 127.0.0.1 /think/admin.php/index/sysMessage
INFO: [ route_check ] --START--
INFO: CheckRoute Behavior ::run [ RunTime:0.000566s ]
INFO: [ route_check ] --END-- [ RunTime:0.000634s ]
INFO: [ app_begin ] --START--
INFO: ReadHtmlCache Behavior ::run [ RunTime:0.000354s ]
INFO: [ app_begin ] --END-- [ RunTime:0.000401s ]
NOTIC: [8] ob_end_clean() [<a href='ref.outcontrol'>ref.outcontrol</a>]: failed to delete buffer. No buffer to delete. F:\appserv\www\think\Admin\Common\common.php 第 86 行.
NOTIC: [8] Undefined offset:  4 F:\appserv\www\think\Admin\Common\common.php 第 93 行.
INFO: [ view_parse ] --START--
NOTIC: [8] Use of undefined constant SERVER_SOFTWARE - assumed 'SERVER_SOFTWARE' F:\appserv\www\think\Admin\Runtime\Cache\e6796ad2723a37f48d2e8952f0a9c1c5.php 第 31 行.
NOTIC: [8] Use of undefined constant sys_mail - assumed 'sys_mail' F:\appserv\www\think\Admin\Runtime\Cache\e6796ad2723a37f48d2e8952f0a9c1c5.php 第 32 行.
NOTIC: [8] Use of undefined constant sysversion - assumed 'sysversion' F:\appserv\www\think\Admin\Runtime\Cache\e6796ad2723a37f48d2e8952f0a9c1c5.php 第 35 行.
NOTIC: [8] Use of undefined constant SERVER_ADDR - assumed 'SERVER_ADDR' F:\appserv\www\think\Admin\Runtime\Cache\e6796ad2723a37f48d2e8952f0a9c1c5.php 第 36 行.
NOTIC: [8] Use of undefined constant SERVER_PORT - assumed 'SERVER_PORT' F:\appserv\www\think\Admin\Runtime\Cache\e6796ad2723a37f48d2e8952f0a9c1c5.php 第 39 行.
NOTIC: [8] Use of undefined constant file_uploads - assumed 'file_uploads' F:\appserv\www\think\Admin\Runtime\Cache\e6796ad2723a37f48d2e8952f0a9c1c5.php 第 40 行.
NOTIC: [8] Use of undefined constant max_upload - assumed 'max_upload' F:\appserv\www\think\Admin\Runtime\Cache\e6796ad2723a37f48d2e8952f0a9c1c5.php 第 44 行.
NOTIC: [8] Use of undefined constant systemtime - assumed 'systemtime' F:\appserv\www\think\Admin\Runtime\Cache\e6796ad2723a37f48d2e8952f0a9c1c5.php 第 45 行.
NOTIC: [8] Use of undefined constant max_ex_time - assumed 'max_ex_time' F:\appserv\www\think\Admin\Runtime\Cache\e6796ad2723a37f48d2e8952f0a9c1c5.php 第 48 行.
NOTIC: [8] Use of undefined constant DOCUMENT_ROOT - assumed 'DOCUMENT_ROOT' F:\appserv\www\think\Admin\Runtime\Cache\e6796ad2723a37f48d2e8952f0a9c1c5.php 第 49 行.
NOTIC: [8] Use of undefined constant memory_user_limit - assumed 'memory_user_limit' F:\appserv\www\think\Admin\Runtime\Cache\e6796ad2723a37f48d2e8952f0a9c1c5.php 第 52 行.
NOTIC: [8] Use of undefined constant SCRIPT_FILENAME - assumed 'SCRIPT_FILENAME' F:\appserv\www\think\Admin\Runtime\Cache\e6796ad2723a37f48d2e8952f0a9c1c5.php 第 53 行.
NOTIC: [8] Use of undefined constant allow_url_fopen - assumed 'allow_url_fopen' F:\appserv\www\think\Admin\Runtime\Cache\e6796ad2723a37f48d2e8952f0a9c1c5.php 第 56 行.
NOTIC: [8] Use of undefined constant zendVersion - assumed 'zendVersion' F:\appserv\www\think\Admin\Runtime\Cache\e6796ad2723a37f48d2e8952f0a9c1c5.php 第 57 行.
NOTIC: [8] Use of undefined constant gdpic - assumed 'gdpic' F:\appserv\www\think\Admin\Runtime\Cache\e6796ad2723a37f48d2e8952f0a9c1c5.php 第 61 行.
NOTIC: [8] Use of undefined constant ifcookie - assumed 'ifcookie' F:\appserv\www\think\Admin\Runtime\Cache\e6796ad2723a37f48d2e8952f0a9c1c5.php 第 62 行.
INFO: ParseTemplate Behavior ::run [ RunTime:0.129214s ]
INFO: [ view_parse ] --END-- [ RunTime:0.129416s ]
INFO: [ view_filter ] --START--
INFO: ContentReplace Behavior ::run [ RunTime:0.000407s ]
INFO: TokenBuild Behavior ::run [ RunTime:0.000358s ]
INFO: WriteHtmlCache Behavior ::run [ RunTime:0.000231s ]
INFO: ShowRuntime Behavior ::run [ RunTime:0.000423s ]
INFO: [ view_filter ] --END-- [ RunTime:0.001644s ]
INFO: [ view_end ] --START--
INFO: ShowPageTrace Behavior ::run [ RunTime:0.000621s ]
INFO: [ view_end ] --END-- [ RunTime:0.000689s ]

[ 2016-03-28T08:29:58+08:00 ] 127.0.0.1 /think/admin.php/news/publishNews
INFO: [ route_check ] --START--
INFO: CheckRoute Behavior ::run [ RunTime:0.001412s ]
INFO: [ route_check ] --END-- [ RunTime:0.001565s ]
INFO: [ app_begin ] --START--
INFO: ReadHtmlCache Behavior ::run [ RunTime:0.000885s ]
INFO: [ app_begin ] --END-- [ RunTime:0.001022s ]
SQL: SHOW COLUMNS FROM `db_type` [ RunTime:0.046821s ]
SQL: SELECT * FROM `db_type` WHERE ( t_status=1 )  [ RunTime:0.002594s ]
INFO: [ view_parse ] --START--
INFO: ParseTemplate Behavior ::run [ RunTime:0.038418s ]
INFO: [ view_parse ] --END-- [ RunTime:0.038799s ]
INFO: [ view_filter ] --START--
INFO: ContentReplace Behavior ::run [ RunTime:0.000796s ]
INFO: TokenBuild Behavior ::run [ RunTime:0.000912s ]
INFO: WriteHtmlCache Behavior ::run [ RunTime:0.000513s ]
INFO: ShowRuntime Behavior ::run [ RunTime:0.000938s ]
INFO: [ view_filter ] --END-- [ RunTime:0.003580s ]
INFO: [ view_end ] --START--
INFO: ShowPageTrace Behavior ::run [ RunTime:0.001339s ]
INFO: [ view_end ] --END-- [ RunTime:0.001492s ]

[ 2016-03-28T08:30:00+08:00 ] 127.0.0.1 /think/admin.php/ad/adList
INFO: [ route_check ] --START--
INFO: CheckRoute Behavior ::run [ RunTime:0.000899s ]
INFO: [ route_check ] --END-- [ RunTime:0.001005s ]
INFO: [ app_begin ] --START--
INFO: ReadHtmlCache Behavior ::run [ RunTime:0.000577s ]
INFO: [ app_begin ] --END-- [ RunTime:0.000663s ]
SQL: SHOW COLUMNS FROM `db_ad` [ RunTime:0.012139s ]
SQL: SELECT COUNT(a_id) AS tp_count FROM `db_ad` LIMIT 1   [ RunTime:0.004572s ]
SQL: SELECT * FROM `db_ad` ORDER BY a_position ASC,a_order ASC LIMIT 0,7   [ RunTime:0.000508s ]
INFO: [ view_parse ] --START--
NOTIC: [8] Use of undefined constant a_position - assumed 'a_position' F:\appserv\www\think\Admin\Runtime\Cache\7e1d5701d8fb68aee4dc0e44bf1258ab.php 第 36 行.
NOTIC: [8] Use of undefined constant value - assumed 'value' F:\appserv\www\think\Admin\Runtime\Cache\7e1d5701d8fb68aee4dc0e44bf1258ab.php 第 36 行.
NOTIC: [8] Use of undefined constant a_position - assumed 'a_position' F:\appserv\www\think\Admin\Runtime\Cache\7e1d5701d8fb68aee4dc0e44bf1258ab.php 第 36 行.
NOTIC: [8] Use of undefined constant value - assumed 'value' F:\appserv\www\think\Admin\Runtime\Cache\7e1d5701d8fb68aee4dc0e44bf1258ab.php 第 36 行.
NOTIC: [8] Use of undefined constant a_position - assumed 'a_position' F:\appserv\www\think\Admin\Runtime\Cache\7e1d5701d8fb68aee4dc0e44bf1258ab.php 第 36 行.
NOTIC: [8] Use of undefined constant value - assumed 'value' F:\appserv\www\think\Admin\Runtime\Cache\7e1d5701d8fb68aee4dc0e44bf1258ab.php 第 36 行.
NOTIC: [8] Use of undefined constant a_position - assumed 'a_position' F:\appserv\www\think\Admin\Runtime\Cache\7e1d5701d8fb68aee4dc0e44bf1258ab.php 第 36 行.
NOTIC: [8] Use of undefined constant value - assumed 'value' F:\appserv\www\think\Admin\Runtime\Cache\7e1d5701d8fb68aee4dc0e44bf1258ab.php 第 36 行.
NOTIC: [8] Use of undefined constant a_position - assumed 'a_position' F:\appserv\www\think\Admin\Runtime\Cache\7e1d5701d8fb68aee4dc0e44bf1258ab.php 第 36 行.
NOTIC: [8] Use of undefined constant value - assumed 'value' F:\appserv\www\think\Admin\Runtime\Cache\7e1d5701d8fb68aee4dc0e44bf1258ab.php 第 36 行.
NOTIC: [8] Use of undefined constant a_position - assumed 'a_position' F:\appserv\www\think\Admin\Runtime\Cache\7e1d5701d8fb68aee4dc0e44bf1258ab.php 第 36 行.
NOTIC: [8] Use of undefined constant value - assumed 'value' F:\appserv\www\think\Admin\Runtime\Cache\7e1d5701d8fb68aee4dc0e44bf1258ab.php 第 36 行.
NOTIC: [8] Use of undefined constant a_position - assumed 'a_position' F:\appserv\www\think\Admin\Runtime\Cache\7e1d5701d8fb68aee4dc0e44bf1258ab.php 第 36 行.
NOTIC: [8] Use of undefined constant value - assumed 'value' F:\appserv\www\think\Admin\Runtime\Cache\7e1d5701d8fb68aee4dc0e44bf1258ab.php 第 36 行.
NOTIC: [8] Use of undefined constant a_position - assumed 'a_position' F:\appserv\www\think\Admin\Runtime\Cache\7e1d5701d8fb68aee4dc0e44bf1258ab.php 第 36 行.
NOTIC: [8] Use of undefined constant value - assumed 'value' F:\appserv\www\think\Admin\Runtime\Cache\7e1d5701d8fb68aee4dc0e44bf1258ab.php 第 36 行.
INFO: ParseTemplate Behavior ::run [ RunTime:0.029895s ]
INFO: [ view_parse ] --END-- [ RunTime:0.030031s ]
INFO: [ view_filter ] --START--
INFO: ContentReplace Behavior ::run [ RunTime:0.000411s ]
INFO: TokenBuild Behavior ::run [ RunTime:0.000411s ]
INFO: WriteHtmlCache Behavior ::run [ RunTime:0.000261s ]
INFO: ShowRuntime Behavior ::run [ RunTime:0.000470s ]
INFO: [ view_filter ] --END-- [ RunTime:0.001757s ]
INFO: [ view_end ] --START--
INFO: ShowPageTrace Behavior ::run [ RunTime:0.000672s ]
INFO: [ view_end ] --END-- [ RunTime:0.000755s ]

[ 2016-03-28T08:30:00+08:00 ] 127.0.0.1 /think/admin.php/ad/addAd
INFO: [ route_check ] --START--
INFO: CheckRoute Behavior ::run [ RunTime:0.000986s ]
INFO: [ route_check ] --END-- [ RunTime:0.001105s ]
INFO: [ app_begin ] --START--
INFO: ReadHtmlCache Behavior ::run [ RunTime:0.000602s ]
INFO: [ app_begin ] --END-- [ RunTime:0.000687s ]
INFO: [ view_parse ] --START--
NOTIC: [8] Undefined variable: vo F:\appserv\www\think\Admin\Runtime\Cache\b1d3cc3cfc4240a9051ce7534a16e404.php 第 55 行.
NOTIC: [8] Undefined index:  fileurl F:\appserv\www\think\Admin\Runtime\Cache\b1d3cc3cfc4240a9051ce7534a16e404.php 第 105 行.
INFO: ParseTemplate Behavior ::run [ RunTime:0.070980s ]
INFO: [ view_parse ] --END-- [ RunTime:0.071212s ]
INFO: [ view_filter ] --START--
INFO: ContentReplace Behavior ::run [ RunTime:0.001056s ]
INFO: TokenBuild Behavior ::run [ RunTime:0.001003s ]
INFO: WriteHtmlCache Behavior ::run [ RunTime:0.000676s ]
INFO: ShowRuntime Behavior ::run [ RunTime:0.000990s ]
INFO: [ view_filter ] --END-- [ RunTime:0.004214s ]
INFO: [ view_end ] --START--
INFO: ShowPageTrace Behavior ::run [ RunTime:0.001180s ]
INFO: [ view_end ] --END-- [ RunTime:0.001329s ]

[ 2016-03-28T08:30:04+08:00 ] 127.0.0.1 /think/admin.php/comment/test
INFO: [ route_check ] --START--
INFO: CheckRoute Behavior ::run [ RunTime:0.001294s ]
INFO: [ route_check ] --END-- [ RunTime:0.001445s ]
INFO: [ app_begin ] --START--
INFO: ReadHtmlCache Behavior ::run [ RunTime:0.000797s ]
INFO: [ app_begin ] --END-- [ RunTime:0.000912s ]
INFO: [ view_parse ] --START--
INFO: ParseTemplate Behavior ::run [ RunTime:0.027885s ]
INFO: [ view_parse ] --END-- [ RunTime:0.028113s ]
INFO: [ view_filter ] --START--
INFO: ContentReplace Behavior ::run [ RunTime:0.000596s ]
INFO: TokenBuild Behavior ::run [ RunTime:0.000686s ]
INFO: WriteHtmlCache Behavior ::run [ RunTime:0.000380s ]
INFO: ShowRuntime Behavior ::run [ RunTime:0.000688s ]
INFO: [ view_filter ] --END-- [ RunTime:0.002676s ]
INFO: [ view_end ] --START--
INFO: ShowPageTrace Behavior ::run [ RunTime:0.001073s ]
INFO: [ view_end ] --END-- [ RunTime:0.001185s ]

[ 2016-03-28T08:30:10+08:00 ] 127.0.0.1 /think/admin.php/type/typeList
INFO: [ route_check ] --START--
INFO: CheckRoute Behavior ::run [ RunTime:0.000803s ]
INFO: [ route_check ] --END-- [ RunTime:0.000897s ]
INFO: [ app_begin ] --START--
INFO: ReadHtmlCache Behavior ::run [ RunTime:0.000487s ]
INFO: [ app_begin ] --END-- [ RunTime:0.000553s ]
SQL: SHOW COLUMNS FROM `db_type` [ RunTime:0.002379s ]
SQL: SELECT COUNT(t_id) AS tp_count FROM `db_type` LIMIT 1   [ RunTime:0.000807s ]
SQL: SELECT * FROM `db_type` ORDER BY t_order ASC LIMIT 0,7   [ RunTime:0.000344s ]
INFO: [ view_parse ] --START--
INFO: ParseTemplate Behavior ::run [ RunTime:0.021182s ]
INFO: [ view_parse ] --END-- [ RunTime:0.021409s ]
INFO: [ view_filter ] --START--
INFO: ContentReplace Behavior ::run [ RunTime:0.000364s ]
INFO: TokenBuild Behavior ::run [ RunTime:0.000317s ]
INFO: WriteHtmlCache Behavior ::run [ RunTime:0.000205s ]
INFO: ShowRuntime Behavior ::run [ RunTime:0.000380s ]
INFO: [ view_filter ] --END-- [ RunTime:0.001438s ]
INFO: [ view_end ] --START--
INFO: ShowPageTrace Behavior ::run [ RunTime:0.000548s ]
INFO: [ view_end ] --END-- [ RunTime:0.000611s ]

[ 2016-03-28T08:30:11+08:00 ] 127.0.0.1 /think/admin.php/type/addType
INFO: [ route_check ] --START--
INFO: CheckRoute Behavior ::run [ RunTime:0.001111s ]
INFO: [ route_check ] --END-- [ RunTime:0.001235s ]
INFO: [ app_begin ] --START--
INFO: ReadHtmlCache Behavior ::run [ RunTime:0.000709s ]
INFO: [ app_begin ] --END-- [ RunTime:0.000822s ]
INFO: [ view_parse ] --START--
INFO: ParseTemplate Behavior ::run [ RunTime:0.040870s ]
INFO: [ view_parse ] --END-- [ RunTime:0.041013s ]
INFO: [ view_filter ] --START--
INFO: ContentReplace Behavior ::run [ RunTime:0.000479s ]
INFO: TokenBuild Behavior ::run [ RunTime:0.000495s ]
INFO: WriteHtmlCache Behavior ::run [ RunTime:0.000347s ]
INFO: ShowRuntime Behavior ::run [ RunTime:0.000608s ]
INFO: [ view_filter ] --END-- [ RunTime:0.002193s ]
INFO: [ view_end ] --START--
INFO: ShowPageTrace Behavior ::run [ RunTime:0.000807s ]
INFO: [ view_end ] --END-- [ RunTime:0.000900s ]

[ 2016-03-28T08:30:12+08:00 ] 127.0.0.1 /think/admin.php/type/typeList
INFO: [ route_check ] --START--
INFO: CheckRoute Behavior ::run [ RunTime:0.001271s ]
INFO: [ route_check ] --END-- [ RunTime:0.001418s ]
INFO: [ app_begin ] --START--
INFO: ReadHtmlCache Behavior ::run [ RunTime:0.000807s ]
INFO: [ app_begin ] --END-- [ RunTime:0.000913s ]
SQL: SHOW COLUMNS FROM `db_type` [ RunTime:0.002414s ]
SQL: SELECT COUNT(t_id) AS tp_count FROM `db_type` LIMIT 1   [ RunTime:0.000780s ]
SQL: SELECT * FROM `db_type` ORDER BY t_order ASC LIMIT 0,7   [ RunTime:0.000264s ]
INFO: [ view_parse ] --START--
INFO: ParseTemplate Behavior ::run [ RunTime:0.010862s ]
INFO: [ view_parse ] --END-- [ RunTime:0.010955s ]
INFO: [ view_filter ] --START--
INFO: ContentReplace Behavior ::run [ RunTime:0.000335s ]
INFO: TokenBuild Behavior ::run [ RunTime:0.000318s ]
INFO: WriteHtmlCache Behavior ::run [ RunTime:0.000208s ]
INFO: ShowRuntime Behavior ::run [ RunTime:0.000382s ]
INFO: [ view_filter ] --END-- [ RunTime:0.001417s ]
INFO: [ view_end ] --START--
INFO: ShowPageTrace Behavior ::run [ RunTime:0.000560s ]
INFO: [ view_end ] --END-- [ RunTime:0.000623s ]

[ 2016-03-28T08:30:16+08:00 ] 127.0.0.1 /think/admin.php/comment/test
INFO: [ route_check ] --START--
INFO: CheckRoute Behavior ::run [ RunTime:0.000604s ]
INFO: [ route_check ] --END-- [ RunTime:0.000674s ]
INFO: [ app_begin ] --START--
INFO: ReadHtmlCache Behavior ::run [ RunTime:0.000341s ]
INFO: [ app_begin ] --END-- [ RunTime:0.000387s ]
INFO: [ view_parse ] --START--
INFO: ParseTemplate Behavior ::run [ RunTime:0.005311s ]
INFO: [ view_parse ] --END-- [ RunTime:0.005372s ]
INFO: [ view_filter ] --START--
INFO: ContentReplace Behavior ::run [ RunTime:0.000218s ]
INFO: TokenBuild Behavior ::run [ RunTime:0.000221s ]
INFO: WriteHtmlCache Behavior ::run [ RunTime:0.000156s ]
INFO: ShowRuntime Behavior ::run [ RunTime:0.000291s ]
INFO: [ view_filter ] --END-- [ RunTime:0.001007s ]
INFO: [ view_end ] --START--
INFO: ShowPageTrace Behavior ::run [ RunTime:0.000380s ]
INFO: [ view_end ] --END-- [ RunTime:0.000423s ]

[ 2016-03-28T08:30:18+08:00 ] 127.0.0.1 /think/admin.php/type/typeList
INFO: [ route_check ] --START--
INFO: CheckRoute Behavior ::run [ RunTime:0.001466s ]
INFO: [ route_check ] --END-- [ RunTime:0.001610s ]
INFO: [ app_begin ] --START--
INFO: ReadHtmlCache Behavior ::run [ RunTime:0.000669s ]
INFO: [ app_begin ] --END-- [ RunTime:0.000763s ]
SQL: SHOW COLUMNS FROM `db_type` [ RunTime:0.003995s ]
SQL: SELECT COUNT(t_id) AS tp_count FROM `db_type` LIMIT 1   [ RunTime:0.001044s ]
SQL: SELECT * FROM `db_type` ORDER BY t_order ASC LIMIT 0,7   [ RunTime:0.000329s ]
INFO: [ view_parse ] --START--
INFO: ParseTemplate Behavior ::run [ RunTime:0.007671s ]
INFO: [ view_parse ] --END-- [ RunTime:0.007753s ]
INFO: [ view_filter ] --START--
INFO: ContentReplace Behavior ::run [ RunTime:0.000316s ]
INFO: TokenBuild Behavior ::run [ RunTime:0.000244s ]
INFO: WriteHtmlCache Behavior ::run [ RunTime:0.000154s ]
INFO: ShowRuntime Behavior ::run [ RunTime:0.000288s ]
INFO: [ view_filter ] --END-- [ RunTime:0.001135s ]
INFO: [ view_end ] --START--
INFO: ShowPageTrace Behavior ::run [ RunTime:0.000426s ]
INFO: [ view_end ] --END-- [ RunTime:0.000474s ]

[ 2016-03-28T08:30:19+08:00 ] 127.0.0.1 /think/admin.php/type/addType
INFO: [ route_check ] --START--
INFO: CheckRoute Behavior ::run [ RunTime:0.001000s ]
INFO: [ route_check ] --END-- [ RunTime:0.001115s ]
INFO: [ app_begin ] --START--
INFO: ReadHtmlCache Behavior ::run [ RunTime:0.000639s ]
INFO: [ app_begin ] --END-- [ RunTime:0.000723s ]
INFO: [ view_parse ] --START--
INFO: ParseTemplate Behavior ::run [ RunTime:0.010050s ]
INFO: [ view_parse ] --END-- [ RunTime:0.010173s ]
INFO: [ view_filter ] --START--
INFO: ContentReplace Behavior ::run [ RunTime:0.000418s ]
INFO: TokenBuild Behavior ::run [ RunTime:0.000419s ]
INFO: WriteHtmlCache Behavior ::run [ RunTime:0.000267s ]
INFO: ShowRuntime Behavior ::run [ RunTime:0.000503s ]
INFO: [ view_filter ] --END-- [ RunTime:0.001836s ]
INFO: [ view_end ] --START--
INFO: ShowPageTrace Behavior ::run [ RunTime:0.000714s ]
INFO: [ view_end ] --END-- [ RunTime:0.000795s ]

[ 2016-03-28T08:30:21+08:00 ] 127.0.0.1 /think/admin.php/news/newsList
INFO: [ route_check ] --START--
INFO: CheckRoute Behavior ::run [ RunTime:0.001522s ]
INFO: [ route_check ] --END-- [ RunTime:0.002748s ]
INFO: [ app_begin ] --START--
INFO: ReadHtmlCache Behavior ::run [ RunTime:0.000416s ]
INFO: [ app_begin ] --END-- [ RunTime:0.000469s ]
SQL: SHOW COLUMNS FROM `db_news` [ RunTime:0.024710s ]
SQL: SHOW COLUMNS FROM `db_type` [ RunTime:0.005298s ]
SQL: SHOW COLUMNS FROM `db_user` [ RunTime:0.003981s ]
SQL: SELECT COUNT(n_id) AS tp_count FROM db_news news LEFT JOIN db_type type ON news.n_type=type.t_id  JOIN db_user user ON news.n_author=user.u_id LIMIT 1   [ RunTime:0.004632s ]
SQL: SELECT news.n_id AS n_id,news.n_title AS n_title,news.n_addtime AS n_addtime,news.n_nums AS n_nums,news.n_message AS n_message,news.n_position AS n_position,news.n_status AS n_status,type.t_name AS n_type,user.u_name AS n_author FROM db_news news LEFT JOIN db_type type ON news.n_type=type.t_id  JOIN db_user user ON news.n_author=user.u_id ORDER BY news.n_addtime DESC LIMIT 0,7   [ RunTime:0.000493s ]
INFO: [ view_parse ] --START--
INFO: ParseTemplate Behavior ::run [ RunTime:0.014739s ]
INFO: [ view_parse ] --END-- [ RunTime:0.014841s ]
INFO: [ view_filter ] --START--
INFO: ContentReplace Behavior ::run [ RunTime:0.000355s ]
INFO: TokenBuild Behavior ::run [ RunTime:0.000351s ]
INFO: WriteHtmlCache Behavior ::run [ RunTime:0.000226s ]
INFO: ShowRuntime Behavior ::run [ RunTime:0.000414s ]
INFO: [ view_filter ] --END-- [ RunTime:0.001528s ]
INFO: [ view_end ] --START--
INFO: ShowPageTrace Behavior ::run [ RunTime:0.000576s ]
INFO: [ view_end ] --END-- [ RunTime:0.000644s ]

[ 2016-03-28T08:30:22+08:00 ] 127.0.0.1 /think/admin.php/news/publishNews
INFO: [ route_check ] --START--
INFO: CheckRoute Behavior ::run [ RunTime:0.000579s ]
INFO: [ route_check ] --END-- [ RunTime:0.000646s ]
INFO: [ app_begin ] --START--
INFO: ReadHtmlCache Behavior ::run [ RunTime:0.000351s ]
INFO: [ app_begin ] --END-- [ RunTime:0.000398s ]
SQL: SHOW COLUMNS FROM `db_type` [ RunTime:0.001786s ]
SQL: SELECT * FROM `db_type` WHERE ( t_status=1 )  [ RunTime:0.000492s ]
INFO: [ view_parse ] --START--
INFO: ParseTemplate Behavior ::run [ RunTime:0.006471s ]
INFO: [ view_parse ] --END-- [ RunTime:0.006551s ]
INFO: [ view_filter ] --START--
INFO: ContentReplace Behavior ::run [ RunTime:0.000231s ]
INFO: TokenBuild Behavior ::run [ RunTime:0.000242s ]
INFO: WriteHtmlCache Behavior ::run [ RunTime:0.000150s ]
INFO: ShowRuntime Behavior ::run [ RunTime:0.000277s ]
INFO: [ view_filter ] --END-- [ RunTime:0.001025s ]
INFO: [ view_end ] --START--
INFO: ShowPageTrace Behavior ::run [ RunTime:0.000397s ]
INFO: [ view_end ] --END-- [ RunTime:0.000443s ]

[ 2016-03-28T08:30:23+08:00 ] 127.0.0.1 /think/admin.php/ad/adList
INFO: [ route_check ] --START--
INFO: CheckRoute Behavior ::run [ RunTime:0.000993s ]
INFO: [ route_check ] --END-- [ RunTime:0.001107s ]
INFO: [ app_begin ] --START--
INFO: ReadHtmlCache Behavior ::run [ RunTime:0.001777s ]
INFO: [ app_begin ] --END-- [ RunTime:0.002120s ]
SQL: SHOW COLUMNS FROM `db_ad` [ RunTime:0.001860s ]
SQL: SELECT COUNT(a_id) AS tp_count FROM `db_ad` LIMIT 1   [ RunTime:0.000577s ]
SQL: SELECT * FROM `db_ad` ORDER BY a_position ASC,a_order ASC LIMIT 0,7   [ RunTime:0.000234s ]
INFO: [ view_parse ] --START--
NOTIC: [8] Use of undefined constant a_position - assumed 'a_position' F:\appserv\www\think\Admin\Runtime\Cache\7e1d5701d8fb68aee4dc0e44bf1258ab.php 第 36 行.
NOTIC: [8] Use of undefined constant value - assumed 'value' F:\appserv\www\think\Admin\Runtime\Cache\7e1d5701d8fb68aee4dc0e44bf1258ab.php 第 36 行.
NOTIC: [8] Use of undefined constant a_position - assumed 'a_position' F:\appserv\www\think\Admin\Runtime\Cache\7e1d5701d8fb68aee4dc0e44bf1258ab.php 第 36 行.
NOTIC: [8] Use of undefined constant value - assumed 'value' F:\appserv\www\think\Admin\Runtime\Cache\7e1d5701d8fb68aee4dc0e44bf1258ab.php 第 36 行.
NOTIC: [8] Use of undefined constant a_position - assumed 'a_position' F:\appserv\www\think\Admin\Runtime\Cache\7e1d5701d8fb68aee4dc0e44bf1258ab.php 第 36 行.
NOTIC: [8] Use of undefined constant value - assumed 'value' F:\appserv\www\think\Admin\Runtime\Cache\7e1d5701d8fb68aee4dc0e44bf1258ab.php 第 36 行.
NOTIC: [8] Use of undefined constant a_position - assumed 'a_position' F:\appserv\www\think\Admin\Runtime\Cache\7e1d5701d8fb68aee4dc0e44bf1258ab.php 第 36 行.
NOTIC: [8] Use of undefined constant value - assumed 'value' F:\appserv\www\think\Admin\Runtime\Cache\7e1d5701d8fb68aee4dc0e44bf1258ab.php 第 36 行.
NOTIC: [8] Use of undefined constant a_position - assumed 'a_position' F:\appserv\www\think\Admin\Runtime\Cache\7e1d5701d8fb68aee4dc0e44bf1258ab.php 第 36 行.
NOTIC: [8] Use of undefined constant value - assumed 'value' F:\appserv\www\think\Admin\Runtime\Cache\7e1d5701d8fb68aee4dc0e44bf1258ab.php 第 36 行.
NOTIC: [8] Use of undefined constant a_position - assumed 'a_position' F:\appserv\www\think\Admin\Runtime\Cache\7e1d5701d8fb68aee4dc0e44bf1258ab.php 第 36 行.
NOTIC: [8] Use of undefined constant value - assumed 'value' F:\appserv\www\think\Admin\Runtime\Cache\7e1d5701d8fb68aee4dc0e44bf1258ab.php 第 36 行.
NOTIC: [8] Use of undefined constant a_position - assumed 'a_position' F:\appserv\www\think\Admin\Runtime\Cache\7e1d5701d8fb68aee4dc0e44bf1258ab.php 第 36 行.
NOTIC: [8] Use of undefined constant value - assumed 'value' F:\appserv\www\think\Admin\Runtime\Cache\7e1d5701d8fb68aee4dc0e44bf1258ab.php 第 36 行.
NOTIC: [8] Use of undefined constant a_position - assumed 'a_position' F:\appserv\www\think\Admin\Runtime\Cache\7e1d5701d8fb68aee4dc0e44bf1258ab.php 第 36 行.
NOTIC: [8] Use of undefined constant value - assumed 'value' F:\appserv\www\think\Admin\Runtime\Cache\7e1d5701d8fb68aee4dc0e44bf1258ab.php 第 36 行.
INFO: ParseTemplate Behavior ::run [ RunTime:0.009030s ]
INFO: [ view_parse ] --END-- [ RunTime:0.009091s ]
INFO: [ view_filter ] --START--
INFO: ContentReplace Behavior ::run [ RunTime:0.000271s ]
INFO: TokenBuild Behavior ::run [ RunTime:0.000250s ]
INFO: WriteHtmlCache Behavior ::run [ RunTime:0.000152s ]
INFO: ShowRuntime Behavior ::run [ RunTime:0.000274s ]
INFO: [ view_filter ] --END-- [ RunTime:0.001075s ]
INFO: [ view_end ] --START--
INFO: ShowPageTrace Behavior ::run [ RunTime:0.000392s ]
INFO: [ view_end ] --END-- [ RunTime:0.000440s ]

[ 2016-03-28T08:30:24+08:00 ] 127.0.0.1 /think/admin.php/ad/addAd
INFO: [ route_check ] --START--
INFO: CheckRoute Behavior ::run [ RunTime:0.000808s ]
INFO: [ route_check ] --END-- [ RunTime:0.000910s ]
INFO: [ app_begin ] --START--
INFO: ReadHtmlCache Behavior ::run [ RunTime:0.000510s ]
INFO: [ app_begin ] --END-- [ RunTime:0.000602s ]
INFO: [ view_parse ] --START--
NOTIC: [8] Undefined variable: vo F:\appserv\www\think\Admin\Runtime\Cache\b1d3cc3cfc4240a9051ce7534a16e404.php 第 55 行.
NOTIC: [8] Undefined index:  fileurl F:\appserv\www\think\Admin\Runtime\Cache\b1d3cc3cfc4240a9051ce7534a16e404.php 第 105 行.
INFO: ParseTemplate Behavior ::run [ RunTime:0.010368s ]
INFO: [ view_parse ] --END-- [ RunTime:0.010457s ]
INFO: [ view_filter ] --START--
INFO: ContentReplace Behavior ::run [ RunTime:0.000336s ]
INFO: TokenBuild Behavior ::run [ RunTime:0.000314s ]
INFO: WriteHtmlCache Behavior ::run [ RunTime:0.000208s ]
INFO: ShowRuntime Behavior ::run [ RunTime:0.000383s ]
INFO: [ view_filter ] --END-- [ RunTime:0.001413s ]
INFO: [ view_end ] --START--
INFO: ShowPageTrace Behavior ::run [ RunTime:0.000548s ]
INFO: [ view_end ] --END-- [ RunTime:0.000610s ]

[ 2016-03-28T16:25:27+08:00 ] 127.0.0.1 /think/admin.php/index/index
INFO: [ route_check ] --START--
INFO: CheckRoute Behavior ::run [ RunTime:0.000592s ]
INFO: [ route_check ] --END-- [ RunTime:0.000677s ]
INFO: [ app_begin ] --START--
INFO: ReadHtmlCache Behavior ::run [ RunTime:0.000392s ]
INFO: [ app_begin ] --END-- [ RunTime:0.000449s ]
INFO: [ view_parse ] --START--
INFO: ParseTemplate Behavior ::run [ RunTime:0.039220s ]
INFO: [ view_parse ] --END-- [ RunTime:0.039322s ]
INFO: [ view_filter ] --START--
INFO: ContentReplace Behavior ::run [ RunTime:0.000318s ]
INFO: TokenBuild Behavior ::run [ RunTime:0.000269s ]
INFO: WriteHtmlCache Behavior ::run [ RunTime:0.000164s ]
INFO: ShowRuntime Behavior ::run [ RunTime:0.000381s ]
INFO: [ view_filter ] --END-- [ RunTime:0.001283s ]
INFO: [ view_end ] --START--
INFO: ShowPageTrace Behavior ::run [ RunTime:0.000422s ]
INFO: [ view_end ] --END-- [ RunTime:0.000472s ]

[ 2016-03-28T16:25:27+08:00 ] 127.0.0.1 /think/admin.php/index/sysMessage
INFO: [ route_check ] --START--
INFO: CheckRoute Behavior ::run [ RunTime:0.000662s ]
INFO: [ route_check ] --END-- [ RunTime:0.000748s ]
INFO: [ app_begin ] --START--
INFO: ReadHtmlCache Behavior ::run [ RunTime:0.000399s ]
INFO: [ app_begin ] --END-- [ RunTime:0.000451s ]
NOTIC: [8] ob_end_clean() [<a href='ref.outcontrol'>ref.outcontrol</a>]: failed to delete buffer. No buffer to delete. F:\appserv\www\think\Admin\Common\common.php 第 86 行.
NOTIC: [8] Undefined offset:  4 F:\appserv\www\think\Admin\Common\common.php 第 93 行.
INFO: [ view_parse ] --START--
NOTIC: [8] Use of undefined constant SERVER_SOFTWARE - assumed 'SERVER_SOFTWARE' F:\appserv\www\think\Admin\Runtime\Cache\e6796ad2723a37f48d2e8952f0a9c1c5.php 第 31 行.
NOTIC: [8] Use of undefined constant sys_mail - assumed 'sys_mail' F:\appserv\www\think\Admin\Runtime\Cache\e6796ad2723a37f48d2e8952f0a9c1c5.php 第 32 行.
NOTIC: [8] Use of undefined constant sysversion - assumed 'sysversion' F:\appserv\www\think\Admin\Runtime\Cache\e6796ad2723a37f48d2e8952f0a9c1c5.php 第 35 行.
NOTIC: [8] Use of undefined constant SERVER_ADDR - assumed 'SERVER_ADDR' F:\appserv\www\think\Admin\Runtime\Cache\e6796ad2723a37f48d2e8952f0a9c1c5.php 第 36 行.
NOTIC: [8] Use of undefined constant SERVER_PORT - assumed 'SERVER_PORT' F:\appserv\www\think\Admin\Runtime\Cache\e6796ad2723a37f48d2e8952f0a9c1c5.php 第 39 行.
NOTIC: [8] Use of undefined constant file_uploads - assumed 'file_uploads' F:\appserv\www\think\Admin\Runtime\Cache\e6796ad2723a37f48d2e8952f0a9c1c5.php 第 40 行.
NOTIC: [8] Use of undefined constant max_upload - assumed 'max_upload' F:\appserv\www\think\Admin\Runtime\Cache\e6796ad2723a37f48d2e8952f0a9c1c5.php 第 44 行.
NOTIC: [8] Use of undefined constant systemtime - assumed 'systemtime' F:\appserv\www\think\Admin\Runtime\Cache\e6796ad2723a37f48d2e8952f0a9c1c5.php 第 45 行.
NOTIC: [8] Use of undefined constant max_ex_time - assumed 'max_ex_time' F:\appserv\www\think\Admin\Runtime\Cache\e6796ad2723a37f48d2e8952f0a9c1c5.php 第 48 行.
NOTIC: [8] Use of undefined constant DOCUMENT_ROOT - assumed 'DOCUMENT_ROOT' F:\appserv\www\think\Admin\Runtime\Cache\e6796ad2723a37f48d2e8952f0a9c1c5.php 第 49 行.
NOTIC: [8] Use of undefined constant memory_user_limit - assumed 'memory_user_limit' F:\appserv\www\think\Admin\Runtime\Cache\e6796ad2723a37f48d2e8952f0a9c1c5.php 第 52 行.
NOTIC: [8] Use of undefined constant SCRIPT_FILENAME - assumed 'SCRIPT_FILENAME' F:\appserv\www\think\Admin\Runtime\Cache\e6796ad2723a37f48d2e8952f0a9c1c5.php 第 53 行.
NOTIC: [8] Use of undefined constant allow_url_fopen - assumed 'allow_url_fopen' F:\appserv\www\think\Admin\Runtime\Cache\e6796ad2723a37f48d2e8952f0a9c1c5.php 第 56 行.
NOTIC: [8] Use of undefined constant zendVersion - assumed 'zendVersion' F:\appserv\www\think\Admin\Runtime\Cache\e6796ad2723a37f48d2e8952f0a9c1c5.php 第 57 行.
NOTIC: [8] Use of undefined constant gdpic - assumed 'gdpic' F:\appserv\www\think\Admin\Runtime\Cache\e6796ad2723a37f48d2e8952f0a9c1c5.php 第 61 行.
NOTIC: [8] Use of undefined constant ifcookie - assumed 'ifcookie' F:\appserv\www\think\Admin\Runtime\Cache\e6796ad2723a37f48d2e8952f0a9c1c5.php 第 62 行.
INFO: ParseTemplate Behavior ::run [ RunTime:0.039049s ]
INFO: [ view_parse ] --END-- [ RunTime:0.039128s ]
INFO: [ view_filter ] --START--
INFO: ContentReplace Behavior ::run [ RunTime:0.000237s ]
INFO: TokenBuild Behavior ::run [ RunTime:0.000232s ]
INFO: WriteHtmlCache Behavior ::run [ RunTime:0.000143s ]
INFO: ShowRuntime Behavior ::run [ RunTime:0.000276s ]
INFO: [ view_filter ] --END-- [ RunTime:0.001008s ]
INFO: [ view_end ] --START--
INFO: ShowPageTrace Behavior ::run [ RunTime:0.000415s ]
INFO: [ view_end ] --END-- [ RunTime:0.000464s ]

[ 2016-03-28T16:25:31+08:00 ] 127.0.0.1 /think/admin.php/type/typeList
INFO: [ route_check ] --START--
INFO: CheckRoute Behavior ::run [ RunTime:0.001233s ]
INFO: [ route_check ] --END-- [ RunTime:0.001383s ]
INFO: [ app_begin ] --START--
INFO: ReadHtmlCache Behavior ::run [ RunTime:0.000764s ]
INFO: [ app_begin ] --END-- [ RunTime:0.000870s ]
SQL: SHOW COLUMNS FROM `db_type` [ RunTime:0.002350s ]
SQL: SELECT COUNT(t_id) AS tp_count FROM `db_type` LIMIT 1   [ RunTime:0.000659s ]
SQL: SELECT * FROM `db_type` ORDER BY t_order ASC LIMIT 0,7   [ RunTime:0.000366s ]
INFO: [ view_parse ] --START--
INFO: ParseTemplate Behavior ::run [ RunTime:0.022889s ]
INFO: [ view_parse ] --END-- [ RunTime:0.023004s ]
INFO: [ view_filter ] --START--
INFO: ContentReplace Behavior ::run [ RunTime:0.000361s ]
INFO: TokenBuild Behavior ::run [ RunTime:0.000315s ]
INFO: WriteHtmlCache Behavior ::run [ RunTime:0.000197s ]
INFO: ShowRuntime Behavior ::run [ RunTime:0.000357s ]
INFO: [ view_filter ] --END-- [ RunTime:0.001401s ]
INFO: [ view_end ] --START--
INFO: ShowPageTrace Behavior ::run [ RunTime:0.000538s ]
INFO: [ view_end ] --END-- [ RunTime:0.000598s ]

[ 2016-03-28T16:25:31+08:00 ] 127.0.0.1 /think/admin.php/type/addType
INFO: [ route_check ] --START--
INFO: CheckRoute Behavior ::run [ RunTime:0.000913s ]
INFO: [ route_check ] --END-- [ RunTime:0.001063s ]
INFO: [ app_begin ] --START--
INFO: ReadHtmlCache Behavior ::run [ RunTime:0.000413s ]
INFO: [ app_begin ] --END-- [ RunTime:0.000471s ]
INFO: [ view_parse ] --START--
INFO: ParseTemplate Behavior ::run [ RunTime:0.043942s ]
INFO: [ view_parse ] --END-- [ RunTime:0.044127s ]
INFO: [ view_filter ] --START--
INFO: ContentReplace Behavior ::run [ RunTime:0.000635s ]
INFO: TokenBuild Behavior ::run [ RunTime:0.001490s ]
INFO: WriteHtmlCache Behavior ::run [ RunTime:0.000918s ]
INFO: ShowRuntime Behavior ::run [ RunTime:0.001103s ]
INFO: [ view_filter ] --END-- [ RunTime:0.004570s ]
INFO: [ view_end ] --START--
INFO: ShowPageTrace Behavior ::run [ RunTime:0.001228s ]
INFO: [ view_end ] --END-- [ RunTime:0.001410s ]

[ 2016-03-28T16:25:33+08:00 ] 127.0.0.1 /think/admin.php/news/newsList
INFO: [ route_check ] --START--
INFO: CheckRoute Behavior ::run [ RunTime:0.000639s ]
INFO: [ route_check ] --END-- [ RunTime:0.000713s ]
INFO: [ app_begin ] --START--
INFO: ReadHtmlCache Behavior ::run [ RunTime:0.000351s ]
INFO: [ app_begin ] --END-- [ RunTime:0.000410s ]
SQL: SHOW COLUMNS FROM `db_news` [ RunTime:0.002208s ]
SQL: SHOW COLUMNS FROM `db_type` [ RunTime:0.002203s ]
SQL: SHOW COLUMNS FROM `db_user` [ RunTime:0.039921s ]
SQL: SELECT COUNT(n_id) AS tp_count FROM db_news news LEFT JOIN db_type type ON news.n_type=type.t_id  JOIN db_user user ON news.n_author=user.u_id LIMIT 1   [ RunTime:0.000705s ]
SQL: SELECT news.n_id AS n_id,news.n_title AS n_title,news.n_addtime AS n_addtime,news.n_nums AS n_nums,news.n_message AS n_message,news.n_position AS n_position,news.n_status AS n_status,type.t_name AS n_type,user.u_name AS n_author FROM db_news news LEFT JOIN db_type type ON news.n_type=type.t_id  JOIN db_user user ON news.n_author=user.u_id ORDER BY news.n_addtime DESC LIMIT 0,7   [ RunTime:0.000500s ]
INFO: [ view_parse ] --START--
INFO: ParseTemplate Behavior ::run [ RunTime:0.018221s ]
INFO: [ view_parse ] --END-- [ RunTime:0.018322s ]
INFO: [ view_filter ] --START--
INFO: ContentReplace Behavior ::run [ RunTime:0.000278s ]
INFO: TokenBuild Behavior ::run [ RunTime:0.000259s ]
INFO: WriteHtmlCache Behavior ::run [ RunTime:0.000176s ]
INFO: ShowRuntime Behavior ::run [ RunTime:0.000388s ]
INFO: [ view_filter ] --END-- [ RunTime:0.001252s ]
INFO: [ view_end ] --START--
INFO: ShowPageTrace Behavior ::run [ RunTime:0.000391s ]
INFO: [ view_end ] --END-- [ RunTime:0.000434s ]

[ 2016-03-28T16:25:33+08:00 ] 127.0.0.1 /think/admin.php/news/publishNews
INFO: [ route_check ] --START--
INFO: CheckRoute Behavior ::run [ RunTime:0.000591s ]
INFO: [ route_check ] --END-- [ RunTime:0.000666s ]
INFO: [ app_begin ] --START--
INFO: ReadHtmlCache Behavior ::run [ RunTime:0.000360s ]
INFO: [ app_begin ] --END-- [ RunTime:0.000411s ]
SQL: SHOW COLUMNS FROM `db_type` [ RunTime:0.002000s ]
SQL: SELECT * FROM `db_type` WHERE ( t_status=1 )  [ RunTime:0.000465s ]
INFO: [ view_parse ] --START--
INFO: ParseTemplate Behavior ::run [ RunTime:0.029971s ]
INFO: [ view_parse ] --END-- [ RunTime:0.030066s ]
INFO: [ view_filter ] --START--
INFO: ContentReplace Behavior ::run [ RunTime:0.000265s ]
INFO: TokenBuild Behavior ::run [ RunTime:0.000246s ]
INFO: WriteHtmlCache Behavior ::run [ RunTime:0.000172s ]
INFO: ShowRuntime Behavior ::run [ RunTime:0.000331s ]
INFO: [ view_filter ] --END-- [ RunTime:0.001166s ]
INFO: [ view_end ] --START--
INFO: ShowPageTrace Behavior ::run [ RunTime:0.000523s ]
INFO: [ view_end ] --END-- [ RunTime:0.000573s ]

[ 2016-03-28T16:25:36+08:00 ] 127.0.0.1 /think/admin.php/news/newsList
INFO: [ route_check ] --START--
INFO: CheckRoute Behavior ::run [ RunTime:0.000741s ]
INFO: [ route_check ] --END-- [ RunTime:0.000863s ]
INFO: [ app_begin ] --START--
INFO: ReadHtmlCache Behavior ::run [ RunTime:0.000426s ]
INFO: [ app_begin ] --END-- [ RunTime:0.000489s ]
SQL: SHOW COLUMNS FROM `db_news` [ RunTime:0.002179s ]
SQL: SHOW COLUMNS FROM `db_type` [ RunTime:0.001860s ]
SQL: SHOW COLUMNS FROM `db_user` [ RunTime:0.003259s ]
SQL: SELECT COUNT(n_id) AS tp_count FROM db_news news LEFT JOIN db_type type ON news.n_type=type.t_id  JOIN db_user user ON news.n_author=user.u_id LIMIT 1   [ RunTime:0.002078s ]
SQL: SELECT news.n_id AS n_id,news.n_title AS n_title,news.n_addtime AS n_addtime,news.n_nums AS n_nums,news.n_message AS n_message,news.n_position AS n_position,news.n_status AS n_status,type.t_name AS n_type,user.u_name AS n_author FROM db_news news LEFT JOIN db_type type ON news.n_type=type.t_id  JOIN db_user user ON news.n_author=user.u_id ORDER BY news.n_addtime DESC LIMIT 0,7   [ RunTime:0.000532s ]
INFO: [ view_parse ] --START--
INFO: ParseTemplate Behavior ::run [ RunTime:0.008155s ]
INFO: [ view_parse ] --END-- [ RunTime:0.008237s ]
INFO: [ view_filter ] --START--
INFO: ContentReplace Behavior ::run [ RunTime:0.000318s ]
INFO: TokenBuild Behavior ::run [ RunTime:0.000246s ]
INFO: WriteHtmlCache Behavior ::run [ RunTime:0.000152s ]
INFO: ShowRuntime Behavior ::run [ RunTime:0.000284s ]
INFO: [ view_filter ] --END-- [ RunTime:0.001132s ]
INFO: [ view_end ] --START--
INFO: ShowPageTrace Behavior ::run [ RunTime:0.000579s ]
INFO: [ view_end ] --END-- [ RunTime:0.000801s ]

[ 2016-03-28T16:25:38+08:00 ] 127.0.0.1 /think/admin.php/type/typeList
INFO: [ route_check ] --START--
INFO: CheckRoute Behavior ::run [ RunTime:0.000628s ]
INFO: [ route_check ] --END-- [ RunTime:0.000709s ]
INFO: [ app_begin ] --START--
INFO: ReadHtmlCache Behavior ::run [ RunTime:0.000388s ]
INFO: [ app_begin ] --END-- [ RunTime:0.000441s ]
SQL: SHOW COLUMNS FROM `db_type` [ RunTime:0.001912s ]
SQL: SELECT COUNT(t_id) AS tp_count FROM `db_type` LIMIT 1   [ RunTime:0.000523s ]
SQL: SELECT * FROM `db_type` ORDER BY t_order ASC LIMIT 0,7   [ RunTime:0.000218s ]
INFO: [ view_parse ] --START--
INFO: ParseTemplate Behavior ::run [ RunTime:0.009931s ]
INFO: [ view_parse ] --END-- [ RunTime:0.010010s ]
INFO: [ view_filter ] --START--
INFO: ContentReplace Behavior ::run [ RunTime:0.000260s ]
INFO: TokenBuild Behavior ::run [ RunTime:0.000250s ]
INFO: WriteHtmlCache Behavior ::run [ RunTime:0.000151s ]
INFO: ShowRuntime Behavior ::run [ RunTime:0.000272s ]
INFO: [ view_filter ] --END-- [ RunTime:0.001066s ]
INFO: [ view_end ] --START--
INFO: ShowPageTrace Behavior ::run [ RunTime:0.000444s ]
INFO: [ view_end ] --END-- [ RunTime:0.000502s ]

[ 2016-03-28T16:25:38+08:00 ] 127.0.0.1 /think/admin.php/type/addType
INFO: [ route_check ] --START--
INFO: CheckRoute Behavior ::run [ RunTime:0.000824s ]
INFO: [ route_check ] --END-- [ RunTime:0.000914s ]
INFO: [ app_begin ] --START--
INFO: ReadHtmlCache Behavior ::run [ RunTime:0.000402s ]
INFO: [ app_begin ] --END-- [ RunTime:0.000463s ]
INFO: [ view_parse ] --START--
INFO: ParseTemplate Behavior ::run [ RunTime:0.006248s ]
INFO: [ view_parse ] --END-- [ RunTime:0.006356s ]
INFO: [ view_filter ] --START--
INFO: ContentReplace Behavior ::run [ RunTime:0.000267s ]
INFO: TokenBuild Behavior ::run [ RunTime:0.000275s ]
INFO: WriteHtmlCache Behavior ::run [ RunTime:0.000162s ]
INFO: ShowRuntime Behavior ::run [ RunTime:0.000310s ]
INFO: [ view_filter ] --END-- [ RunTime:0.001148s ]
INFO: [ view_end ] --START--
INFO: ShowPageTrace Behavior ::run [ RunTime:0.000422s ]
INFO: [ view_end ] --END-- [ RunTime:0.000470s ]

[ 2016-03-28T16:25:39+08:00 ] 127.0.0.1 /think/admin.php/type/typeList
INFO: [ route_check ] --START--
INFO: CheckRoute Behavior ::run [ RunTime:0.000971s ]
INFO: [ route_check ] --END-- [ RunTime:0.001085s ]
INFO: [ app_begin ] --START--
INFO: ReadHtmlCache Behavior ::run [ RunTime:0.000609s ]
INFO: [ app_begin ] --END-- [ RunTime:0.000714s ]
SQL: SHOW COLUMNS FROM `db_type` [ RunTime:0.002161s ]
SQL: SELECT COUNT(t_id) AS tp_count FROM `db_type` LIMIT 1   [ RunTime:0.000657s ]
SQL: SELECT * FROM `db_type` ORDER BY t_order ASC LIMIT 0,7   [ RunTime:0.000248s ]
INFO: [ view_parse ] --START--
INFO: ParseTemplate Behavior ::run [ RunTime:0.010446s ]
INFO: [ view_parse ] --END-- [ RunTime:0.010557s ]
INFO: [ view_filter ] --START--
INFO: ContentReplace Behavior ::run [ RunTime:0.000394s ]
INFO: TokenBuild Behavior ::run [ RunTime:0.000298s ]
INFO: WriteHtmlCache Behavior ::run [ RunTime:0.000165s ]
INFO: ShowRuntime Behavior ::run [ RunTime:0.000349s ]
INFO: [ view_filter ] --END-- [ RunTime:0.001372s ]
INFO: [ view_end ] --START--
INFO: ShowPageTrace Behavior ::run [ RunTime:0.000465s ]
INFO: [ view_end ] --END-- [ RunTime:0.000517s ]

[ 2016-03-28T16:25:41+08:00 ] 127.0.0.1 /think/admin.php/type/updateType/t_id/13
INFO: [ route_check ] --START--
INFO: CheckRoute Behavior ::run [ RunTime:0.000605s ]
INFO: [ route_check ] --END-- [ RunTime:0.000693s ]
INFO: [ app_begin ] --START--
INFO: ReadHtmlCache Behavior ::run [ RunTime:0.000371s ]
INFO: [ app_begin ] --END-- [ RunTime:0.000424s ]
SQL: SHOW COLUMNS FROM `db_type` [ RunTime:0.001979s ]
SQL: SELECT * FROM `db_type` WHERE ( `t_id` = 13 ) LIMIT 1   [ RunTime:0.032314s ]
INFO: [ view_parse ] --START--
INFO: ParseTemplate Behavior ::run [ RunTime:0.015915s ]
INFO: [ view_parse ] --END-- [ RunTime:0.016019s ]
INFO: [ view_filter ] --START--
INFO: ContentReplace Behavior ::run [ RunTime:0.000357s ]
INFO: TokenBuild Behavior ::run [ RunTime:0.000253s ]
INFO: WriteHtmlCache Behavior ::run [ RunTime:0.000161s ]
INFO: ShowRuntime Behavior ::run [ RunTime:0.000286s ]
INFO: [ view_filter ] --END-- [ RunTime:0.001199s ]
INFO: [ view_end ] --START--
INFO: ShowPageTrace Behavior ::run [ RunTime:0.000392s ]
INFO: [ view_end ] --END-- [ RunTime:0.000439s ]

[ 2016-03-28T16:25:43+08:00 ] 127.0.0.1 /think/admin.php/type/update
INFO: [ route_check ] --START--
INFO: CheckRoute Behavior ::run [ RunTime:0.000903s ]
INFO: [ route_check ] --END-- [ RunTime:0.001033s ]
INFO: [ app_begin ] --START--
INFO: ReadHtmlCache Behavior ::run [ RunTime:0.000586s ]
INFO: [ app_begin ] --END-- [ RunTime:0.000670s ]
SQL: SHOW COLUMNS FROM `db_type` [ RunTime:0.001830s ]
SQL: UPDATE `db_type` SET `t_id`=13,`t_name`='时政新闻',`t_order`=1,`t_status`='0' WHERE ( `t_id` = 13 ) [ RunTime:0.000519s ]
INFO: [ view_parse ] --START--
INFO: ParseTemplate Behavior ::run [ RunTime:0.030591s ]
INFO: [ view_parse ] --END-- [ RunTime:0.030703s ]
INFO: [ view_filter ] --START--
INFO: ContentReplace Behavior ::run [ RunTime:0.000305s ]
INFO: TokenBuild Behavior ::run [ RunTime:0.000309s ]
INFO: WriteHtmlCache Behavior ::run [ RunTime:0.000186s ]
INFO: ShowRuntime Behavior ::run [ RunTime:0.000322s ]
INFO: [ view_filter ] --END-- [ RunTime:0.001277s ]
INFO: [ view_end ] --START--
INFO: ShowPageTrace Behavior ::run [ RunTime:0.000481s ]
INFO: [ view_end ] --END-- [ RunTime:0.000537s ]

[ 2016-03-28T16:25:44+08:00 ] 127.0.0.1 /think/admin.php/type/typeList
INFO: [ route_check ] --START--
INFO: CheckRoute Behavior ::run [ RunTime:0.000691s ]
INFO: [ route_check ] --END-- [ RunTime:0.000793s ]
INFO: [ app_begin ] --START--
INFO: ReadHtmlCache Behavior ::run [ RunTime:0.000376s ]
INFO: [ app_begin ] --END-- [ RunTime:0.000427s ]
SQL: SHOW COLUMNS FROM `db_type` [ RunTime:0.001928s ]
SQL: SELECT COUNT(t_id) AS tp_count FROM `db_type` LIMIT 1   [ RunTime:0.000640s ]
SQL: SELECT * FROM `db_type` ORDER BY t_order ASC LIMIT 0,7   [ RunTime:0.000528s ]
INFO: [ view_parse ] --START--
INFO: ParseTemplate Behavior ::run [ RunTime:0.007853s ]
INFO: [ view_parse ] --END-- [ RunTime:0.007934s ]
INFO: [ view_filter ] --START--
INFO: ContentReplace Behavior ::run [ RunTime:0.000241s ]
INFO: TokenBuild Behavior ::run [ RunTime:0.000230s ]
INFO: WriteHtmlCache Behavior ::run [ RunTime:0.000147s ]
INFO: ShowRuntime Behavior ::run [ RunTime:0.000277s ]
INFO: [ view_filter ] --END-- [ RunTime:0.001024s ]
INFO: [ view_end ] --START--
INFO: ShowPageTrace Behavior ::run [ RunTime:0.000435s ]
INFO: [ view_end ] --END-- [ RunTime:0.000483s ]

