[ 2016-03-21T09:12:32+08:00 ] 127.0.0.1 /think/admin.php
INFO: [ app_begin ] --START--
INFO: ReadHtmlCache Behavior ::run [ RunTime:0.000620s ]
INFO: [ app_begin ] --END-- [ RunTime:0.000695s ]
INFO: [ view_parse ] --START--
INFO: ParseTemplate Behavior ::run [ RunTime:0.063685s ]
INFO: [ view_parse ] --END-- [ RunTime:0.063809s ]
INFO: [ view_filter ] --START--
INFO: ContentReplace Behavior ::run [ RunTime:0.000711s ]
INFO: TokenBuild Behavior ::run [ RunTime:0.000633s ]
INFO: WriteHtmlCache Behavior ::run [ RunTime:0.000575s ]
INFO: ShowRuntime Behavior ::run [ RunTime:0.001082s ]
INFO: [ view_filter ] --END-- [ RunTime:0.003208s ]
INFO: [ view_end ] --START--
INFO: ShowPageTrace Behavior ::run [ RunTime:0.000868s ]
INFO: [ view_end ] --END-- [ RunTime:0.000921s ]

[ 2016-03-21T09:12:32+08:00 ] 127.0.0.1 /think/admin.php/index/verify
INFO: [ route_check ] --START--
INFO: CheckRoute Behavior ::run [ RunTime:0.024854s ]
INFO: [ route_check ] --END-- [ RunTime:0.024986s ]
INFO: [ app_begin ] --START--
INFO: ReadHtmlCache Behavior ::run [ RunTime:0.000624s ]
INFO: [ app_begin ] --END-- [ RunTime:0.000707s ]

[ 2016-03-21T09:12:40+08:00 ] 127.0.0.1 /think/admin.php/index/login
INFO: [ route_check ] --START--
INFO: CheckRoute Behavior ::run [ RunTime:0.000562s ]
INFO: [ route_check ] --END-- [ RunTime:0.000629s ]
INFO: [ app_begin ] --START--
INFO: ReadHtmlCache Behavior ::run [ RunTime:0.000372s ]
INFO: [ app_begin ] --END-- [ RunTime:0.000420s ]
SQL: SHOW COLUMNS FROM `db_user` [ RunTime:0.047976s ]
SQL: SELECT `password` FROM `db_user` WHERE ( `u_name` = 'admin' ) LIMIT 1   [ RunTime:0.001468s ]
ERR: 1054:Unknown column 'password' in 'field list'
 [ SQL语句 ] : SELECT `password` FROM `db_user` WHERE ( `u_name` = 'admin' ) LIMIT 1  

[ 2016-03-21T09:13:01+08:00 ] 127.0.0.1 /think/admin.php/index/login
INFO: [ route_check ] --START--
INFO: CheckRoute Behavior ::run [ RunTime:0.000591s ]
INFO: [ route_check ] --END-- [ RunTime:0.000669s ]
INFO: [ app_begin ] --START--
INFO: ReadHtmlCache Behavior ::run [ RunTime:0.000344s ]
INFO: [ app_begin ] --END-- [ RunTime:0.000389s ]
SQL: SHOW COLUMNS FROM `db_user` [ RunTime:0.001803s ]
SQL: SELECT `password` FROM `db_user` WHERE ( `u_name` = 'admin' ) LIMIT 1   [ RunTime:0.000508s ]
ERR: 1054:Unknown column 'password' in 'field list'
 [ SQL语句 ] : SELECT `password` FROM `db_user` WHERE ( `u_name` = 'admin' ) LIMIT 1  

[ 2016-03-21T09:13:23+08:00 ] 127.0.0.1 /think/admin.php
INFO: [ app_begin ] --START--
INFO: ReadHtmlCache Behavior ::run [ RunTime:0.000492s ]
INFO: [ app_begin ] --END-- [ RunTime:0.000573s ]
INFO: [ view_parse ] --START--
INFO: ParseTemplate Behavior ::run [ RunTime:0.008738s ]
INFO: [ view_parse ] --END-- [ RunTime:0.008834s ]
INFO: [ view_filter ] --START--
INFO: ContentReplace Behavior ::run [ RunTime:0.000318s ]
INFO: TokenBuild Behavior ::run [ RunTime:0.000320s ]
INFO: WriteHtmlCache Behavior ::run [ RunTime:0.000207s ]
INFO: ShowRuntime Behavior ::run [ RunTime:0.000385s ]
INFO: [ view_filter ] --END-- [ RunTime:0.001400s ]
INFO: [ view_end ] --START--
INFO: ShowPageTrace Behavior ::run [ RunTime:0.000568s ]
INFO: [ view_end ] --END-- [ RunTime:0.000631s ]

[ 2016-03-21T09:13:23+08:00 ] 127.0.0.1 /think/admin.php/index/verify
INFO: [ route_check ] --START--
INFO: CheckRoute Behavior ::run [ RunTime:0.000896s ]
INFO: [ route_check ] --END-- [ RunTime:0.001017s ]
INFO: [ app_begin ] --START--
INFO: ReadHtmlCache Behavior ::run [ RunTime:0.000408s ]
INFO: [ app_begin ] --END-- [ RunTime:0.000470s ]

[ 2016-03-21T09:13:28+08:00 ] 127.0.0.1 /think/admin.php/index/login
INFO: [ route_check ] --START--
INFO: CheckRoute Behavior ::run [ RunTime:0.000895s ]
INFO: [ route_check ] --END-- [ RunTime:0.000980s ]
INFO: [ app_begin ] --START--
INFO: ReadHtmlCache Behavior ::run [ RunTime:0.000410s ]
INFO: [ app_begin ] --END-- [ RunTime:0.000466s ]
SQL: SHOW COLUMNS FROM `db_user` [ RunTime:0.001825s ]
SQL: SELECT `u_password` FROM `db_user` WHERE ( `u_name` = 'admin' ) LIMIT 1   [ RunTime:0.053746s ]

[ 2016-03-21T09:14:34+08:00 ] 127.0.0.1 /think/admin.php/index/login
INFO: [ route_check ] --START--
INFO: CheckRoute Behavior ::run [ RunTime:0.001302s ]
INFO: [ route_check ] --END-- [ RunTime:0.001409s ]
INFO: [ app_begin ] --START--
INFO: ReadHtmlCache Behavior ::run [ RunTime:0.000643s ]
INFO: [ app_begin ] --END-- [ RunTime:0.000720s ]
SQL: SHOW COLUMNS FROM `db_user` [ RunTime:0.003823s ]
SQL: SELECT `u_password`,`u_name` FROM `db_user` WHERE ( `u_name` = 'admin' )  [ RunTime:0.000303s ]

[ 2016-03-21T09:14:56+08:00 ] 127.0.0.1 /think/admin.php/index/login
INFO: [ route_check ] --START--
INFO: CheckRoute Behavior ::run [ RunTime:0.001394s ]
INFO: [ route_check ] --END-- [ RunTime:0.001486s ]
INFO: [ app_begin ] --START--
INFO: ReadHtmlCache Behavior ::run [ RunTime:0.001067s ]
INFO: [ app_begin ] --END-- [ RunTime:0.001279s ]
SQL: SHOW COLUMNS FROM `db_user` [ RunTime:0.001774s ]
SQL: SELECT `u_password`,`u_name`,`u_id` FROM `db_user` WHERE ( `u_name` = 'admin' )  [ RunTime:0.000558s ]

[ 2016-03-21T09:15:44+08:00 ] 127.0.0.1 /think/admin.php/index/login
INFO: [ route_check ] --START--
INFO: CheckRoute Behavior ::run [ RunTime:0.000593s ]
INFO: [ route_check ] --END-- [ RunTime:0.000666s ]
INFO: [ app_begin ] --START--
INFO: ReadHtmlCache Behavior ::run [ RunTime:0.000358s ]
INFO: [ app_begin ] --END-- [ RunTime:0.000405s ]
SQL: SHOW COLUMNS FROM `db_user` [ RunTime:0.002660s ]
SQL: SELECT `u_password`,`u_name`,`u_id` FROM `db_user` WHERE ( `u_name` = 'admin' )  [ RunTime:0.000678s ]

[ 2016-03-21T09:15:50+08:00 ] 127.0.0.1 /think/admin.php/index/login
INFO: [ route_check ] --START--
INFO: CheckRoute Behavior ::run [ RunTime:0.000900s ]
INFO: [ route_check ] --END-- [ RunTime:0.001011s ]
INFO: [ app_begin ] --START--
INFO: ReadHtmlCache Behavior ::run [ RunTime:0.000525s ]
INFO: [ app_begin ] --END-- [ RunTime:0.000600s ]
SQL: SHOW COLUMNS FROM `db_user` [ RunTime:0.001921s ]
SQL: SELECT `u_password`,`u_name`,`u_id` FROM `db_user` WHERE ( `u_name` = 'admin' )  [ RunTime:0.000593s ]

[ 2016-03-21T09:16:32+08:00 ] 127.0.0.1 /think/admin.php/index/login
INFO: [ route_check ] --START--
INFO: CheckRoute Behavior ::run [ RunTime:0.000556s ]
INFO: [ route_check ] --END-- [ RunTime:0.000629s ]
INFO: [ app_begin ] --START--
INFO: ReadHtmlCache Behavior ::run [ RunTime:0.000353s ]
INFO: [ app_begin ] --END-- [ RunTime:0.000405s ]
SQL: SHOW COLUMNS FROM `db_user` [ RunTime:0.002138s ]
SQL: SELECT `u_password`,`u_name`,`u_id` FROM `db_user` WHERE ( `u_name` = 'admin' )  [ RunTime:0.000651s ]

[ 2016-03-21T09:17:05+08:00 ] 127.0.0.1 /think/admin.php/index/login
INFO: [ route_check ] --START--
INFO: CheckRoute Behavior ::run [ RunTime:0.000998s ]
INFO: [ route_check ] --END-- [ RunTime:0.001087s ]
INFO: [ app_begin ] --START--
INFO: ReadHtmlCache Behavior ::run [ RunTime:0.000622s ]
INFO: [ app_begin ] --END-- [ RunTime:0.000695s ]
SQL: SHOW COLUMNS FROM `db_user` [ RunTime:0.001764s ]
SQL: SELECT `u_password`,`u_name`,`u_id` FROM `db_user` WHERE ( `u_name` = 'admin' )  [ RunTime:0.000910s ]

