[ 2016-04-07T09:04:08+08:00 ] 127.0.0.1 /think/index.php/Index/index
INFO: [ route_check ] --START--
INFO: CheckRoute Behavior ::run [ RunTime:0.001430s ]
INFO: [ route_check ] --END-- [ RunTime:0.001525s ]
INFO: [ app_begin ] --START--
INFO: ReadHtmlCache Behavior ::run [ RunTime:0.001092s ]
INFO: [ app_begin ] --END-- [ RunTime:0.001167s ]
SQL: SHOW COLUMNS FROM `db_type` [ RunTime:0.062022s ]
SQL: SELECT * FROM `db_type` WHERE ( t_status=1 ) ORDER BY t_order ASC  [ RunTime:0.001960s ]
SQL: SHOW COLUMNS FROM `db_news` [ RunTime:0.200768s ]
SQL: SELECT * FROM `db_news` WHERE ( n_type=13 and n_status=1 and n_position=2 ) ORDER BY n_addtime desc , n_nums desc LIMIT 15   [ RunTime:0.033599s ]
SQL: SELECT * FROM `db_news` WHERE ( n_type=14 and n_status=1 and n_position=2 ) ORDER BY n_addtime desc , n_nums desc LIMIT 15   [ RunTime:0.000417s ]
SQL: SELECT * FROM `db_news` WHERE ( n_type=12 and n_status=1 and n_position=2 ) ORDER BY n_addtime desc , n_nums desc LIMIT 15   [ RunTime:0.000341s ]
SQL: SELECT * FROM `db_news` WHERE ( n_type=15 and n_status=1 and n_position=2 ) ORDER BY n_addtime desc , n_nums desc LIMIT 15   [ RunTime:0.000320s ]
NOTIC: [8] Undefined index:  c_name F:\appserv\www\think\Index\Lib\Action\IndexAction.class.php 第 12 行.
INFO: [ view_parse ] --START--
NOTIC: [8] Use of undefined constant index - assumed 'index' F:\appserv\www\think\Index\Runtime\Cache\e9ca3d00a40c8a0e158f18fe2252bc69.php 第 11 行.
INFO: ParseTemplate Behavior ::run [ RunTime:0.171730s ]
INFO: [ view_parse ] --END-- [ RunTime:0.171886s ]
INFO: [ view_filter ] --START--
INFO: ContentReplace Behavior ::run [ RunTime:0.001256s ]
INFO: TokenBuild Behavior ::run [ RunTime:0.001037s ]
INFO: WriteHtmlCache Behavior ::run [ RunTime:0.000904s ]
INFO: ShowRuntime Behavior ::run [ RunTime:0.001093s ]
INFO: [ view_filter ] --END-- [ RunTime:0.004553s ]
INFO: [ view_end ] --START--
INFO: ShowPageTrace Behavior ::run [ RunTime:0.005307s ]
INFO: [ view_end ] --END-- [ RunTime:0.005461s ]

