[ 2016-05-23T15:40:39+08:00 ] 127.0.0.1 /ph06/
INFO: [ app_begin ] --START--
INFO: ReadHtmlCache Behavior ::run [ RunTime:0.001090s ]
INFO: [ app_begin ] --END-- [ RunTime:0.001160s ]
SQL: SHOW COLUMNS FROM `db_type` [ RunTime:0.044024s ]
SQL: SELECT * FROM `db_type` WHERE ( t_status=1 ) ORDER BY t_order ASC  [ RunTime:0.012086s ]
SQL: SHOW COLUMNS FROM `db_news` [ RunTime:0.038743s ]
SQL: SELECT * FROM `db_news` WHERE ( n_type=13 and n_status=1  ) ORDER BY n_addtime desc , n_nums desc LIMIT 15   [ RunTime:0.005319s ]
SQL: SELECT * FROM `db_news` WHERE ( n_type=14 and n_status=1  ) ORDER BY n_addtime desc , n_nums desc LIMIT 15   [ RunTime:0.000923s ]
SQL: SELECT * FROM `db_news` WHERE ( n_type=12 and n_status=1  ) ORDER BY n_addtime desc , n_nums desc LIMIT 15   [ RunTime:0.000929s ]
SQL: SELECT * FROM `db_news` WHERE ( n_type=15 and n_status=1  ) ORDER BY n_addtime desc , n_nums desc LIMIT 15   [ RunTime:0.000332s ]
NOTIC: [8] Undefined index:  c_name F:\appserv\www\ph06\Index\Lib\Action\IndexAction.class.php 第 13 行.
SQL: SHOW COLUMNS FROM `db_ad` [ RunTime:0.024066s ]
SQL: SELECT * FROM `db_ad` WHERE ( `a_position` = 3 ) AND ( `a_status` = 1 ) ORDER BY a_order ASC  [ RunTime:0.000225s ]
SQL: SELECT * FROM `db_ad` WHERE ( `a_position` = 1 ) AND ( `a_status` = 1 ) ORDER BY a_order ASC LIMIT 1   [ RunTime:0.000144s ]
SQL: SELECT * FROM `db_ad` WHERE ( `a_position` = 2 ) AND ( `a_status` = 1 ) ORDER BY a_order ASC LIMIT 1   [ RunTime:0.000130s ]
INFO: [ view_parse ] --START--
NOTIC: [8] Use of undefined constant index - assumed 'index' F:\appserv\www\ph06\Index\Runtime\Cache\e9ca3d00a40c8a0e158f18fe2252bc69.php 第 16 行.
INFO: ParseTemplate Behavior ::run [ RunTime:0.050731s ]
INFO: [ view_parse ] --END-- [ RunTime:0.050883s ]
INFO: [ view_filter ] --START--
INFO: ContentReplace Behavior ::run [ RunTime:0.001178s ]
INFO: TokenBuild Behavior ::run [ RunTime:0.000976s ]
INFO: WriteHtmlCache Behavior ::run [ RunTime:0.000814s ]
INFO: ShowRuntime Behavior ::run [ RunTime:0.000981s ]
INFO: [ view_filter ] --END-- [ RunTime:0.004129s ]
INFO: [ view_end ] --START--
INFO: ShowPageTrace Behavior ::run [ RunTime:0.001048s ]
INFO: [ view_end ] --END-- [ RunTime:0.001128s ]

[ 2016-05-23T17:12:28+08:00 ] 127.0.0.1 /ph06/index.php?Index/index
INFO: [ app_begin ] --START--
INFO: ReadHtmlCache Behavior ::run [ RunTime:0.001057s ]
INFO: [ app_begin ] --END-- [ RunTime:0.001162s ]
SQL: SHOW COLUMNS FROM `db_type` [ RunTime:0.037710s ]
SQL: SELECT * FROM `db_type` WHERE ( t_status=1 ) ORDER BY t_order ASC  [ RunTime:0.000583s ]
SQL: SHOW COLUMNS FROM `db_news` [ RunTime:0.031366s ]
SQL: SELECT * FROM `db_news` WHERE ( n_type=13 and n_status=1  ) ORDER BY n_addtime desc , n_nums desc LIMIT 15   [ RunTime:0.005917s ]
SQL: SELECT * FROM `db_news` WHERE ( n_type=14 and n_status=1  ) ORDER BY n_addtime desc , n_nums desc LIMIT 15   [ RunTime:0.000663s ]
SQL: SELECT * FROM `db_news` WHERE ( n_type=12 and n_status=1  ) ORDER BY n_addtime desc , n_nums desc LIMIT 15   [ RunTime:0.000538s ]
SQL: SELECT * FROM `db_news` WHERE ( n_type=15 and n_status=1  ) ORDER BY n_addtime desc , n_nums desc LIMIT 15   [ RunTime:0.000470s ]
NOTIC: [8] Undefined index:  c_name F:\appserv\www\ph06\Index\Lib\Action\IndexAction.class.php 第 13 行.
SQL: SHOW COLUMNS FROM `db_ad` [ RunTime:0.034424s ]
SQL: SELECT * FROM `db_ad` WHERE ( `a_position` = 3 ) AND ( `a_status` = 1 ) ORDER BY a_order ASC  [ RunTime:0.000392s ]
SQL: SELECT * FROM `db_ad` WHERE ( `a_position` = 1 ) AND ( `a_status` = 1 ) ORDER BY a_order ASC LIMIT 1   [ RunTime:0.000291s ]
SQL: SELECT * FROM `db_ad` WHERE ( `a_position` = 2 ) AND ( `a_status` = 1 ) ORDER BY a_order ASC LIMIT 1   [ RunTime:0.000364s ]
INFO: [ view_parse ] --START--
NOTIC: [8] Use of undefined constant index - assumed 'index' F:\appserv\www\ph06\Index\Runtime\Cache\e9ca3d00a40c8a0e158f18fe2252bc69.php 第 16 行.
INFO: ParseTemplate Behavior ::run [ RunTime:0.046203s ]
INFO: [ view_parse ] --END-- [ RunTime:0.046340s ]
INFO: [ view_filter ] --START--
INFO: ContentReplace Behavior ::run [ RunTime:0.021194s ]
INFO: TokenBuild Behavior ::run [ RunTime:0.000722s ]
INFO: WriteHtmlCache Behavior ::run [ RunTime:0.000592s ]
INFO: ShowRuntime Behavior ::run [ RunTime:0.000679s ]
INFO: [ view_filter ] --END-- [ RunTime:0.023373s ]
INFO: [ view_end ] --START--
INFO: ShowPageTrace Behavior ::run [ RunTime:0.001120s ]
INFO: [ view_end ] --END-- [ RunTime:0.001211s ]

