[ 2016-05-04T10:55:26+08:00 ] 127.0.0.1 /think/index.php/Index/index
INFO: [ route_check ] --START--
INFO: CheckRoute Behavior ::run [ RunTime:0.002592s ]
INFO: [ route_check ] --END-- [ RunTime:0.002790s ]
INFO: [ app_begin ] --START--
INFO: ReadHtmlCache Behavior ::run [ RunTime:0.001812s ]
INFO: [ app_begin ] --END-- [ RunTime:0.002007s ]
SQL: SHOW COLUMNS FROM `db_type` [ RunTime:0.031883s ]
SQL: SELECT * FROM `db_type` WHERE ( t_status=1 ) ORDER BY t_order ASC  [ RunTime:0.002308s ]
SQL: SHOW COLUMNS FROM `db_news` [ RunTime:0.005763s ]
SQL: SELECT * FROM `db_news` WHERE ( n_type=13 and n_status=1 and n_position=2 ) ORDER BY n_addtime desc , n_nums desc LIMIT 15   [ RunTime:0.018276s ]
SQL: SELECT * FROM `db_news` WHERE ( n_type=14 and n_status=1 and n_position=2 ) ORDER BY n_addtime desc , n_nums desc LIMIT 15   [ RunTime:0.000629s ]
SQL: SELECT * FROM `db_news` WHERE ( n_type=12 and n_status=1 and n_position=2 ) ORDER BY n_addtime desc , n_nums desc LIMIT 15   [ RunTime:0.000573s ]
SQL: SELECT * FROM `db_news` WHERE ( n_type=15 and n_status=1 and n_position=2 ) ORDER BY n_addtime desc , n_nums desc LIMIT 15   [ RunTime:0.001280s ]
NOTIC: [8] Undefined index:  c_name F:\appserv\www\think\Index\Lib\Action\IndexAction.class.php 第 12 行.
INFO: [ view_parse ] --START--
NOTIC: [8] Use of undefined constant index - assumed 'index' F:\appserv\www\think\Index\Runtime\Cache\e9ca3d00a40c8a0e158f18fe2252bc69.php 第 11 行.
INFO: ParseTemplate Behavior ::run [ RunTime:0.071838s ]
INFO: [ view_parse ] --END-- [ RunTime:0.071995s ]
INFO: [ view_filter ] --START--
INFO: ContentReplace Behavior ::run [ RunTime:0.001299s ]
INFO: TokenBuild Behavior ::run [ RunTime:0.000875s ]
INFO: WriteHtmlCache Behavior ::run [ RunTime:0.000736s ]
INFO: ShowRuntime Behavior ::run [ RunTime:0.000897s ]
INFO: [ view_filter ] --END-- [ RunTime:0.004017s ]
INFO: [ view_end ] --START--
INFO: ShowPageTrace Behavior ::run [ RunTime:0.001213s ]
INFO: [ view_end ] --END-- [ RunTime:0.001305s ]

[ 2016-05-04T10:55:28+08:00 ] 127.0.0.1 /think/index.php/login/login
INFO: [ route_check ] --START--
INFO: CheckRoute Behavior ::run [ RunTime:0.001201s ]
INFO: [ route_check ] --END-- [ RunTime:0.001345s ]
INFO: [ app_begin ] --START--
INFO: ReadHtmlCache Behavior ::run [ RunTime:0.000684s ]
INFO: [ app_begin ] --END-- [ RunTime:0.000778s ]
INFO: [ view_parse ] --START--
INFO: ParseTemplate Behavior ::run [ RunTime:0.012585s ]
INFO: [ view_parse ] --END-- [ RunTime:0.012687s ]
INFO: [ view_filter ] --START--
INFO: ContentReplace Behavior ::run [ RunTime:0.000254s ]
INFO: TokenBuild Behavior ::run [ RunTime:0.000231s ]
INFO: WriteHtmlCache Behavior ::run [ RunTime:0.000155s ]
INFO: ShowRuntime Behavior ::run [ RunTime:0.000283s ]
INFO: [ view_filter ] --END-- [ RunTime:0.001047s ]
INFO: [ view_end ] --START--
INFO: ShowPageTrace Behavior ::run [ RunTime:0.000409s ]
INFO: [ view_end ] --END-- [ RunTime:0.000456s ]

[ 2016-05-04T10:55:32+08:00 ] 127.0.0.1 /think/index.php/login/doLogin
INFO: [ route_check ] --START--
INFO: CheckRoute Behavior ::run [ RunTime:0.001322s ]
INFO: [ route_check ] --END-- [ RunTime:0.001494s ]
INFO: [ app_begin ] --START--
INFO: ReadHtmlCache Behavior ::run [ RunTime:0.000750s ]
INFO: [ app_begin ] --END-- [ RunTime:0.000857s ]
SQL: SHOW COLUMNS FROM `db_customer` [ RunTime:0.168852s ]
SQL: SELECT * FROM `db_customer` WHERE ( `c_name` = 'doom' ) LIMIT 1   [ RunTime:0.012087s ]
INFO: [ view_parse ] --START--
INFO: ParseTemplate Behavior ::run [ RunTime:0.054825s ]
INFO: [ view_parse ] --END-- [ RunTime:0.055015s ]
INFO: [ view_filter ] --START--
INFO: ContentReplace Behavior ::run [ RunTime:0.000526s ]
INFO: TokenBuild Behavior ::run [ RunTime:0.000503s ]
INFO: WriteHtmlCache Behavior ::run [ RunTime:0.000330s ]
INFO: ShowRuntime Behavior ::run [ RunTime:0.000608s ]
INFO: [ view_filter ] --END-- [ RunTime:0.002245s ]
INFO: [ view_end ] --START--
INFO: ShowPageTrace Behavior ::run [ RunTime:0.000826s ]
INFO: [ view_end ] --END-- [ RunTime:0.000920s ]

[ 2016-05-04T10:55:33+08:00 ] 127.0.0.1 /think/index.php/index/index
INFO: [ route_check ] --START--
INFO: CheckRoute Behavior ::run [ RunTime:0.001935s ]
INFO: [ route_check ] --END-- [ RunTime:0.002258s ]
INFO: [ app_begin ] --START--
INFO: ReadHtmlCache Behavior ::run [ RunTime:0.000665s ]
INFO: [ app_begin ] --END-- [ RunTime:0.000800s ]
SQL: SHOW COLUMNS FROM `db_type` [ RunTime:0.001608s ]
SQL: SELECT * FROM `db_type` WHERE ( t_status=1 ) ORDER BY t_order ASC  [ RunTime:0.000220s ]
SQL: SHOW COLUMNS FROM `db_news` [ RunTime:0.000976s ]
SQL: SELECT * FROM `db_news` WHERE ( n_type=13 and n_status=1 and n_position=2 ) ORDER BY n_addtime desc , n_nums desc LIMIT 15   [ RunTime:0.000350s ]
SQL: SELECT * FROM `db_news` WHERE ( n_type=14 and n_status=1 and n_position=2 ) ORDER BY n_addtime desc , n_nums desc LIMIT 15   [ RunTime:0.000223s ]
SQL: SELECT * FROM `db_news` WHERE ( n_type=12 and n_status=1 and n_position=2 ) ORDER BY n_addtime desc , n_nums desc LIMIT 15   [ RunTime:0.000224s ]
SQL: SELECT * FROM `db_news` WHERE ( n_type=15 and n_status=1 and n_position=2 ) ORDER BY n_addtime desc , n_nums desc LIMIT 15   [ RunTime:0.000272s ]
INFO: [ view_parse ] --START--
NOTIC: [8] Use of undefined constant index - assumed 'index' F:\appserv\www\think\Index\Runtime\Cache\e9ca3d00a40c8a0e158f18fe2252bc69.php 第 11 行.
INFO: ParseTemplate Behavior ::run [ RunTime:0.014394s ]
INFO: [ view_parse ] --END-- [ RunTime:0.014465s ]
INFO: [ view_filter ] --START--
INFO: ContentReplace Behavior ::run [ RunTime:0.000294s ]
INFO: TokenBuild Behavior ::run [ RunTime:0.000234s ]
INFO: WriteHtmlCache Behavior ::run [ RunTime:0.000144s ]
INFO: ShowRuntime Behavior ::run [ RunTime:0.000270s ]
INFO: [ view_filter ] --END-- [ RunTime:0.001061s ]
INFO: [ view_end ] --START--
INFO: ShowPageTrace Behavior ::run [ RunTime:0.000400s ]
INFO: [ view_end ] --END-- [ RunTime:0.000453s ]

[ 2016-05-04T10:55:35+08:00 ] 127.0.0.1 /think/index.php/index/message/n_id/5
INFO: [ route_check ] --START--
INFO: CheckRoute Behavior ::run [ RunTime:0.000963s ]
INFO: [ route_check ] --END-- [ RunTime:0.001089s ]
INFO: [ app_begin ] --START--
INFO: ReadHtmlCache Behavior ::run [ RunTime:0.000571s ]
INFO: [ app_begin ] --END-- [ RunTime:0.000629s ]
SQL: SHOW COLUMNS FROM `db_type` [ RunTime:0.000988s ]
SQL: SELECT * FROM `db_type` WHERE ( t_status=1 ) ORDER BY t_order ASC  [ RunTime:0.000179s ]
SQL: SHOW COLUMNS FROM `db_news` [ RunTime:0.000988s ]
SQL: SELECT * FROM `db_news` WHERE ( `n_id` = 5 ) LIMIT 1   [ RunTime:0.000176s ]
SQL: UPDATE `db_news` SET `n_nums`=n_nums+1 WHERE ( `n_id` = 5 ) [ RunTime:0.082649s ]
SQL: SELECT `n_type` FROM `db_news` WHERE ( `n_id` = 5 ) LIMIT 1   [ RunTime:0.000166s ]
SQL: SELECT `n_author` FROM `db_news` WHERE ( `n_id` = 5 ) LIMIT 1   [ RunTime:0.000100s ]
SQL: SELECT `t_name` FROM `db_type` WHERE ( t_id = '13' ) LIMIT 1   [ RunTime:0.000101s ]
SQL: SHOW COLUMNS FROM `db_user` [ RunTime:0.034584s ]
SQL: SELECT `u_name` FROM `db_user` WHERE ( u_id = '1' ) LIMIT 1   [ RunTime:0.001462s ]
SQL: SHOW COLUMNS FROM `db_comment` [ RunTime:0.029454s ]
SQL: SHOW COLUMNS FROM `db_customer` [ RunTime:0.000995s ]
SQL: SELECT COUNT(co_id) AS tp_count FROM db_comment comment LEFT JOIN db_customer customer ON comment.co_custumer_id=customer.c_id WHERE ( co_news_id ='5' and co_status=1 ) ORDER BY comment.co_addtime DESC LIMIT 1   [ RunTime:0.014501s ]
SQL: SELECT comment.co_id AS co_id,comment.co_message AS co_message,comment.co_addtime AS co_addtime,comment.co_status AS co_status,customer.c_name AS co_name FROM db_comment comment LEFT JOIN db_customer customer ON comment.co_custumer_id=customer.c_id WHERE ( co_news_id ='5' and co_status=1 ) ORDER BY comment.co_addtime DESC LIMIT 0,10   [ RunTime:0.000413s ]
INFO: [ view_parse ] --START--
NOTIC: [8] Use of undefined constant index - assumed 'index' F:\appserv\www\think\Index\Runtime\Cache\a1f7cd0bf952b8bd4a2070b18a772406.php 第 33 行.
NOTIC: [8] Use of undefined constant index - assumed 'index' F:\appserv\www\think\Index\Runtime\Cache\a1f7cd0bf952b8bd4a2070b18a772406.php 第 50 行.
INFO: ParseTemplate Behavior ::run [ RunTime:0.037793s ]
INFO: [ view_parse ] --END-- [ RunTime:0.037881s ]
INFO: [ view_filter ] --START--
INFO: ContentReplace Behavior ::run [ RunTime:0.000276s ]
INFO: TokenBuild Behavior ::run [ RunTime:0.000245s ]
INFO: WriteHtmlCache Behavior ::run [ RunTime:0.000159s ]
INFO: ShowRuntime Behavior ::run [ RunTime:0.000281s ]
INFO: [ view_filter ] --END-- [ RunTime:0.001092s ]
INFO: [ view_end ] --START--
INFO: ShowPageTrace Behavior ::run [ RunTime:0.000409s ]
INFO: [ view_end ] --END-- [ RunTime:0.000455s ]

[ 2016-05-04T10:55:38+08:00 ] 127.0.0.1 /think/index.php/Index/addComment
INFO: [ route_check ] --START--
INFO: CheckRoute Behavior ::run [ RunTime:0.001220s ]
INFO: [ route_check ] --END-- [ RunTime:0.001363s ]
INFO: [ app_begin ] --START--
INFO: ReadHtmlCache Behavior ::run [ RunTime:0.000746s ]
INFO: [ app_begin ] --END-- [ RunTime:0.000868s ]
SQL: SHOW COLUMNS FROM `db_comment` [ RunTime:0.001139s ]
SQL: INSERT INTO `db_comment` (`co_news_id`,`co_message`,`co_custumer_id`,`co_status`,`co_addtime`) VALUES ('5','123','11','1',1462330538) [ RunTime:0.000422s ]

[ 2016-05-04T10:55:39+08:00 ] 127.0.0.1 /think/index.php/index/message/n_id/5
INFO: [ route_check ] --START--
INFO: CheckRoute Behavior ::run [ RunTime:0.001339s ]
INFO: [ route_check ] --END-- [ RunTime:0.001704s ]
INFO: [ app_begin ] --START--
INFO: ReadHtmlCache Behavior ::run [ RunTime:0.001326s ]
INFO: [ app_begin ] --END-- [ RunTime:0.001476s ]
SQL: SHOW COLUMNS FROM `db_type` [ RunTime:0.002749s ]
SQL: SELECT * FROM `db_type` WHERE ( t_status=1 ) ORDER BY t_order ASC  [ RunTime:0.000267s ]
SQL: SHOW COLUMNS FROM `db_news` [ RunTime:0.001650s ]
SQL: SELECT * FROM `db_news` WHERE ( `n_id` = 5 ) LIMIT 1   [ RunTime:0.000161s ]
SQL: UPDATE `db_news` SET `n_nums`=n_nums+1 WHERE ( `n_id` = 5 ) [ RunTime:0.000143s ]
SQL: SELECT `n_type` FROM `db_news` WHERE ( `n_id` = 5 ) LIMIT 1   [ RunTime:0.000105s ]
SQL: SELECT `n_author` FROM `db_news` WHERE ( `n_id` = 5 ) LIMIT 1   [ RunTime:0.000093s ]
SQL: SELECT `t_name` FROM `db_type` WHERE ( t_id = '13' ) LIMIT 1   [ RunTime:0.000099s ]
SQL: SHOW COLUMNS FROM `db_user` [ RunTime:0.000946s ]
SQL: SELECT `u_name` FROM `db_user` WHERE ( u_id = '1' ) LIMIT 1   [ RunTime:0.000208s ]
SQL: SHOW COLUMNS FROM `db_comment` [ RunTime:0.001032s ]
SQL: SHOW COLUMNS FROM `db_customer` [ RunTime:0.000936s ]
SQL: SELECT COUNT(co_id) AS tp_count FROM db_comment comment LEFT JOIN db_customer customer ON comment.co_custumer_id=customer.c_id WHERE ( co_news_id ='5' and co_status=1 ) ORDER BY comment.co_addtime DESC LIMIT 1   [ RunTime:0.000215s ]
SQL: SELECT comment.co_id AS co_id,comment.co_message AS co_message,comment.co_addtime AS co_addtime,comment.co_status AS co_status,customer.c_name AS co_name FROM db_comment comment LEFT JOIN db_customer customer ON comment.co_custumer_id=customer.c_id WHERE ( co_news_id ='5' and co_status=1 ) ORDER BY comment.co_addtime DESC LIMIT 0,10   [ RunTime:0.000249s ]
INFO: [ view_parse ] --START--
NOTIC: [8] Use of undefined constant index - assumed 'index' F:\appserv\www\think\Index\Runtime\Cache\a1f7cd0bf952b8bd4a2070b18a772406.php 第 33 行.
NOTIC: [8] Use of undefined constant index - assumed 'index' F:\appserv\www\think\Index\Runtime\Cache\a1f7cd0bf952b8bd4a2070b18a772406.php 第 50 行.
INFO: ParseTemplate Behavior ::run [ RunTime:0.010322s ]
INFO: [ view_parse ] --END-- [ RunTime:0.010388s ]
INFO: [ view_filter ] --START--
INFO: ContentReplace Behavior ::run [ RunTime:0.000249s ]
INFO: TokenBuild Behavior ::run [ RunTime:0.000235s ]
INFO: WriteHtmlCache Behavior ::run [ RunTime:0.000152s ]
INFO: ShowRuntime Behavior ::run [ RunTime:0.000283s ]
INFO: [ view_filter ] --END-- [ RunTime:0.001042s ]
INFO: [ view_end ] --START--
INFO: ShowPageTrace Behavior ::run [ RunTime:0.000441s ]
INFO: [ view_end ] --END-- [ RunTime:0.000487s ]

[ 2016-05-04T14:43:39+08:00 ] 127.0.0.1 /think/
INFO: [ app_begin ] --START--
INFO: ReadHtmlCache Behavior ::run [ RunTime:0.000795s ]
INFO: [ app_begin ] --END-- [ RunTime:0.000871s ]
SQL: SHOW COLUMNS FROM `db_type` [ RunTime:0.001063s ]
SQL: SELECT * FROM `db_type` WHERE ( t_status=1 ) ORDER BY t_order ASC  [ RunTime:0.000161s ]
SQL: SHOW COLUMNS FROM `db_news` [ RunTime:0.000970s ]
SQL: SELECT * FROM `db_news` WHERE ( n_type=13 and n_status=1 and n_position=2 ) ORDER BY n_addtime desc , n_nums desc LIMIT 15   [ RunTime:0.000462s ]
SQL: SELECT * FROM `db_news` WHERE ( n_type=14 and n_status=1 and n_position=2 ) ORDER BY n_addtime desc , n_nums desc LIMIT 15   [ RunTime:0.000250s ]
SQL: SELECT * FROM `db_news` WHERE ( n_type=12 and n_status=1 and n_position=2 ) ORDER BY n_addtime desc , n_nums desc LIMIT 15   [ RunTime:0.000218s ]
SQL: SELECT * FROM `db_news` WHERE ( n_type=15 and n_status=1 and n_position=2 ) ORDER BY n_addtime desc , n_nums desc LIMIT 15   [ RunTime:0.000243s ]
NOTIC: [8] Undefined index:  c_name F:\appserv\www\think\Index\Lib\Action\IndexAction.class.php 第 12 行.
INFO: [ view_parse ] --START--
NOTIC: [8] Use of undefined constant index - assumed 'index' F:\appserv\www\think\Index\Runtime\Cache\e9ca3d00a40c8a0e158f18fe2252bc69.php 第 11 行.
INFO: ParseTemplate Behavior ::run [ RunTime:0.038480s ]
INFO: [ view_parse ] --END-- [ RunTime:0.038566s ]
INFO: [ view_filter ] --START--
INFO: ContentReplace Behavior ::run [ RunTime:0.001103s ]
INFO: TokenBuild Behavior ::run [ RunTime:0.000880s ]
INFO: WriteHtmlCache Behavior ::run [ RunTime:0.000560s ]
INFO: ShowRuntime Behavior ::run [ RunTime:0.000661s ]
INFO: [ view_filter ] --END-- [ RunTime:0.003375s ]
INFO: [ view_end ] --START--
INFO: ShowPageTrace Behavior ::run [ RunTime:0.000921s ]
INFO: [ view_end ] --END-- [ RunTime:0.000987s ]

[ 2016-05-04T14:43:41+08:00 ] 127.0.0.1 /think/index.php/index/message/n_id/14
INFO: [ route_check ] --START--
INFO: CheckRoute Behavior ::run [ RunTime:0.001613s ]
INFO: [ route_check ] --END-- [ RunTime:0.001713s ]
INFO: [ app_begin ] --START--
INFO: ReadHtmlCache Behavior ::run [ RunTime:0.000385s ]
INFO: [ app_begin ] --END-- [ RunTime:0.000442s ]
SQL: SHOW COLUMNS FROM `db_type` [ RunTime:0.002824s ]
SQL: SELECT * FROM `db_type` WHERE ( t_status=1 ) ORDER BY t_order ASC  [ RunTime:0.000336s ]
SQL: SHOW COLUMNS FROM `db_news` [ RunTime:0.001818s ]
SQL: SELECT * FROM `db_news` WHERE ( `n_id` = 14 ) LIMIT 1   [ RunTime:0.000233s ]
SQL: UPDATE `db_news` SET `n_nums`=n_nums+1 WHERE ( `n_id` = 14 ) [ RunTime:0.000199s ]
SQL: SELECT `n_type` FROM `db_news` WHERE ( `n_id` = 14 ) LIMIT 1   [ RunTime:0.000105s ]
SQL: SELECT `n_author` FROM `db_news` WHERE ( `n_id` = 14 ) LIMIT 1   [ RunTime:0.000077s ]
SQL: SELECT `t_name` FROM `db_type` WHERE ( t_id = '13' ) LIMIT 1   [ RunTime:0.000080s ]
SQL: SHOW COLUMNS FROM `db_user` [ RunTime:0.003074s ]
SQL: SELECT `u_name` FROM `db_user` WHERE ( u_id = '1' ) LIMIT 1   [ RunTime:0.002227s ]
SQL: SHOW COLUMNS FROM `db_comment` [ RunTime:0.001709s ]
SQL: SHOW COLUMNS FROM `db_customer` [ RunTime:0.002311s ]
SQL: SELECT COUNT(co_id) AS tp_count FROM db_comment comment LEFT JOIN db_customer customer ON comment.co_custumer_id=customer.c_id WHERE ( co_news_id ='14' and co_status=1 ) ORDER BY comment.co_addtime DESC LIMIT 1   [ RunTime:0.000189s ]
ERR: 1054:Unknown column 'comment.co_custumer_id' in 'on clause'
 [ SQL语句 ] : SELECT COUNT(co_id) AS tp_count FROM db_comment comment LEFT JOIN db_customer customer ON comment.co_custumer_id=customer.c_id WHERE ( co_news_id ='14' and co_status=1 ) ORDER BY comment.co_addtime DESC LIMIT 1  
SQL: SELECT comment.co_id AS co_id,comment.co_message AS co_message,comment.co_addtime AS co_addtime,comment.co_status AS co_status,customer.c_name AS co_name FROM db_comment comment LEFT JOIN db_customer customer ON comment.co_custumer_id=customer.c_id WHERE ( co_news_id ='14' and co_status=1 ) ORDER BY comment.co_addtime DESC LIMIT 0,10   [ RunTime:0.000353s ]
ERR: 1054:Unknown column 'comment.co_custumer_id' in 'on clause'
 [ SQL语句 ] : SELECT comment.co_id AS co_id,comment.co_message AS co_message,comment.co_addtime AS co_addtime,comment.co_status AS co_status,customer.c_name AS co_name FROM db_comment comment LEFT JOIN db_customer customer ON comment.co_custumer_id=customer.c_id WHERE ( co_news_id ='14' and co_status=1 ) ORDER BY comment.co_addtime DESC LIMIT 0,10  
NOTIC: [8] Undefined index:  c_name F:\appserv\www\think\Index\Lib\Action\IndexAction.class.php 第 74 行.
INFO: [ view_parse ] --START--
NOTIC: [8] Use of undefined constant index - assumed 'index' F:\appserv\www\think\Index\Runtime\Cache\a1f7cd0bf952b8bd4a2070b18a772406.php 第 33 行.
NOTIC: [8] Use of undefined constant index - assumed 'index' F:\appserv\www\think\Index\Runtime\Cache\a1f7cd0bf952b8bd4a2070b18a772406.php 第 50 行.
INFO: ParseTemplate Behavior ::run [ RunTime:0.010425s ]
INFO: [ view_parse ] --END-- [ RunTime:0.010558s ]
INFO: [ view_filter ] --START--
INFO: ContentReplace Behavior ::run [ RunTime:0.000910s ]
INFO: TokenBuild Behavior ::run [ RunTime:0.000740s ]
INFO: WriteHtmlCache Behavior ::run [ RunTime:0.000761s ]
INFO: ShowRuntime Behavior ::run [ RunTime:0.000404s ]
INFO: [ view_filter ] --END-- [ RunTime:0.003212s ]
INFO: [ view_end ] --START--
INFO: ShowPageTrace Behavior ::run [ RunTime:0.000438s ]
INFO: [ view_end ] --END-- [ RunTime:0.000490s ]

[ 2016-05-04T14:43:44+08:00 ] 127.0.0.1 /think/index.php/login/login
INFO: [ route_check ] --START--
INFO: CheckRoute Behavior ::run [ RunTime:0.000922s ]
INFO: [ route_check ] --END-- [ RunTime:0.001022s ]
INFO: [ app_begin ] --START--
INFO: ReadHtmlCache Behavior ::run [ RunTime:0.000555s ]
INFO: [ app_begin ] --END-- [ RunTime:0.000637s ]
INFO: [ view_parse ] --START--
INFO: ParseTemplate Behavior ::run [ RunTime:0.032510s ]
INFO: [ view_parse ] --END-- [ RunTime:0.032631s ]
INFO: [ view_filter ] --START--
INFO: ContentReplace Behavior ::run [ RunTime:0.000366s ]
INFO: TokenBuild Behavior ::run [ RunTime:0.000348s ]
INFO: WriteHtmlCache Behavior ::run [ RunTime:0.000227s ]
INFO: ShowRuntime Behavior ::run [ RunTime:0.000426s ]
INFO: [ view_filter ] --END-- [ RunTime:0.001585s ]
INFO: [ view_end ] --START--
INFO: ShowPageTrace Behavior ::run [ RunTime:0.000655s ]
INFO: [ view_end ] --END-- [ RunTime:0.000742s ]

[ 2016-05-04T14:43:47+08:00 ] 127.0.0.1 /think/index.php/login/doLogin
INFO: [ route_check ] --START--
INFO: CheckRoute Behavior ::run [ RunTime:0.000903s ]
INFO: [ route_check ] --END-- [ RunTime:0.000994s ]
INFO: [ app_begin ] --START--
INFO: ReadHtmlCache Behavior ::run [ RunTime:0.000592s ]
INFO: [ app_begin ] --END-- [ RunTime:0.000677s ]
SQL: SHOW COLUMNS FROM `db_customer` [ RunTime:0.001426s ]
SQL: SELECT * FROM `db_customer` WHERE ( `c_name` = 'doom' ) LIMIT 1   [ RunTime:0.000215s ]
INFO: [ view_parse ] --START--
INFO: ParseTemplate Behavior ::run [ RunTime:0.017059s ]
INFO: [ view_parse ] --END-- [ RunTime:0.017145s ]
INFO: [ view_filter ] --START--
INFO: ContentReplace Behavior ::run [ RunTime:0.000220s ]
INFO: TokenBuild Behavior ::run [ RunTime:0.000226s ]
INFO: WriteHtmlCache Behavior ::run [ RunTime:0.000169s ]
INFO: ShowRuntime Behavior ::run [ RunTime:0.000288s ]
INFO: [ view_filter ] --END-- [ RunTime:0.001032s ]
INFO: [ view_end ] --START--
INFO: ShowPageTrace Behavior ::run [ RunTime:0.000370s ]
INFO: [ view_end ] --END-- [ RunTime:0.000412s ]

[ 2016-05-04T14:43:48+08:00 ] 127.0.0.1 /think/index.php/index/index
INFO: [ route_check ] --START--
INFO: CheckRoute Behavior ::run [ RunTime:0.000537s ]
INFO: [ route_check ] --END-- [ RunTime:0.000615s ]
INFO: [ app_begin ] --START--
INFO: ReadHtmlCache Behavior ::run [ RunTime:0.000338s ]
INFO: [ app_begin ] --END-- [ RunTime:0.000382s ]
SQL: SHOW COLUMNS FROM `db_type` [ RunTime:0.001495s ]
SQL: SELECT * FROM `db_type` WHERE ( t_status=1 ) ORDER BY t_order ASC  [ RunTime:0.000225s ]
SQL: SHOW COLUMNS FROM `db_news` [ RunTime:0.001503s ]
SQL: SELECT * FROM `db_news` WHERE ( n_type=13 and n_status=1 and n_position=2 ) ORDER BY n_addtime desc , n_nums desc LIMIT 15   [ RunTime:0.000345s ]
SQL: SELECT * FROM `db_news` WHERE ( n_type=14 and n_status=1 and n_position=2 ) ORDER BY n_addtime desc , n_nums desc LIMIT 15   [ RunTime:0.000288s ]
SQL: SELECT * FROM `db_news` WHERE ( n_type=12 and n_status=1 and n_position=2 ) ORDER BY n_addtime desc , n_nums desc LIMIT 15   [ RunTime:0.000259s ]
SQL: SELECT * FROM `db_news` WHERE ( n_type=15 and n_status=1 and n_position=2 ) ORDER BY n_addtime desc , n_nums desc LIMIT 15   [ RunTime:0.000295s ]
INFO: [ view_parse ] --START--
NOTIC: [8] Use of undefined constant index - assumed 'index' F:\appserv\www\think\Index\Runtime\Cache\e9ca3d00a40c8a0e158f18fe2252bc69.php 第 11 行.
INFO: ParseTemplate Behavior ::run [ RunTime:0.027546s ]
INFO: [ view_parse ] --END-- [ RunTime:0.027635s ]
INFO: [ view_filter ] --START--
INFO: ContentReplace Behavior ::run [ RunTime:0.000547s ]
INFO: TokenBuild Behavior ::run [ RunTime:0.000254s ]
INFO: WriteHtmlCache Behavior ::run [ RunTime:0.000149s ]
INFO: ShowRuntime Behavior ::run [ RunTime:0.000281s ]
INFO: [ view_filter ] --END-- [ RunTime:0.001378s ]
INFO: [ view_end ] --START--
INFO: ShowPageTrace Behavior ::run [ RunTime:0.000409s ]
INFO: [ view_end ] --END-- [ RunTime:0.000463s ]

[ 2016-05-04T14:43:50+08:00 ] 127.0.0.1 /think/index.php/index/message/n_id/14
INFO: [ route_check ] --START--
INFO: CheckRoute Behavior ::run [ RunTime:0.000643s ]
INFO: [ route_check ] --END-- [ RunTime:0.000746s ]
INFO: [ app_begin ] --START--
INFO: ReadHtmlCache Behavior ::run [ RunTime:0.000427s ]
INFO: [ app_begin ] --END-- [ RunTime:0.000487s ]
SQL: SHOW COLUMNS FROM `db_type` [ RunTime:0.002623s ]
SQL: SELECT * FROM `db_type` WHERE ( t_status=1 ) ORDER BY t_order ASC  [ RunTime:0.000840s ]
SQL: SHOW COLUMNS FROM `db_news` [ RunTime:0.001523s ]
SQL: SELECT * FROM `db_news` WHERE ( `n_id` = 14 ) LIMIT 1   [ RunTime:0.000183s ]
SQL: UPDATE `db_news` SET `n_nums`=n_nums+1 WHERE ( `n_id` = 14 ) [ RunTime:0.000143s ]
SQL: SELECT `n_type` FROM `db_news` WHERE ( `n_id` = 14 ) LIMIT 1   [ RunTime:0.000096s ]
SQL: SELECT `n_author` FROM `db_news` WHERE ( `n_id` = 14 ) LIMIT 1   [ RunTime:0.000083s ]
SQL: SELECT `t_name` FROM `db_type` WHERE ( t_id = '13' ) LIMIT 1   [ RunTime:0.000105s ]
SQL: SHOW COLUMNS FROM `db_user` [ RunTime:0.001026s ]
SQL: SELECT `u_name` FROM `db_user` WHERE ( u_id = '1' ) LIMIT 1   [ RunTime:0.000184s ]
SQL: SHOW COLUMNS FROM `db_comment` [ RunTime:0.000993s ]
SQL: SHOW COLUMNS FROM `db_customer` [ RunTime:0.005005s ]
SQL: SELECT COUNT(co_id) AS tp_count FROM db_comment comment LEFT JOIN db_customer customer ON comment.co_custumer_id=customer.c_id WHERE ( co_news_id ='14' and co_status=1 ) ORDER BY comment.co_addtime DESC LIMIT 1   [ RunTime:0.000623s ]
ERR: 1054:Unknown column 'comment.co_custumer_id' in 'on clause'
 [ SQL语句 ] : SELECT COUNT(co_id) AS tp_count FROM db_comment comment LEFT JOIN db_customer customer ON comment.co_custumer_id=customer.c_id WHERE ( co_news_id ='14' and co_status=1 ) ORDER BY comment.co_addtime DESC LIMIT 1  
SQL: SELECT comment.co_id AS co_id,comment.co_message AS co_message,comment.co_addtime AS co_addtime,comment.co_status AS co_status,customer.c_name AS co_name FROM db_comment comment LEFT JOIN db_customer customer ON comment.co_custumer_id=customer.c_id WHERE ( co_news_id ='14' and co_status=1 ) ORDER BY comment.co_addtime DESC LIMIT 0,10   [ RunTime:0.000286s ]
ERR: 1054:Unknown column 'comment.co_custumer_id' in 'on clause'
 [ SQL语句 ] : SELECT comment.co_id AS co_id,comment.co_message AS co_message,comment.co_addtime AS co_addtime,comment.co_status AS co_status,customer.c_name AS co_name FROM db_comment comment LEFT JOIN db_customer customer ON comment.co_custumer_id=customer.c_id WHERE ( co_news_id ='14' and co_status=1 ) ORDER BY comment.co_addtime DESC LIMIT 0,10  
INFO: [ view_parse ] --START--
NOTIC: [8] Use of undefined constant index - assumed 'index' F:\appserv\www\think\Index\Runtime\Cache\a1f7cd0bf952b8bd4a2070b18a772406.php 第 33 行.
NOTIC: [8] Use of undefined constant index - assumed 'index' F:\appserv\www\think\Index\Runtime\Cache\a1f7cd0bf952b8bd4a2070b18a772406.php 第 50 行.
INFO: ParseTemplate Behavior ::run [ RunTime:0.013128s ]
INFO: [ view_parse ] --END-- [ RunTime:0.013231s ]
INFO: [ view_filter ] --START--
INFO: ContentReplace Behavior ::run [ RunTime:0.000426s ]
INFO: TokenBuild Behavior ::run [ RunTime:0.000372s ]
INFO: WriteHtmlCache Behavior ::run [ RunTime:0.000242s ]
INFO: ShowRuntime Behavior ::run [ RunTime:0.000424s ]
INFO: [ view_filter ] --END-- [ RunTime:0.001671s ]
INFO: [ view_end ] --START--
INFO: ShowPageTrace Behavior ::run [ RunTime:0.000526s ]
INFO: [ view_end ] --END-- [ RunTime:0.000589s ]

[ 2016-05-04T14:43:52+08:00 ] 127.0.0.1 /think/index.php/Index/addComment
INFO: [ route_check ] --START--
INFO: CheckRoute Behavior ::run [ RunTime:0.000915s ]
INFO: [ route_check ] --END-- [ RunTime:0.001019s ]
INFO: [ app_begin ] --START--
INFO: ReadHtmlCache Behavior ::run [ RunTime:0.000552s ]
INFO: [ app_begin ] --END-- [ RunTime:0.000624s ]
SQL: SHOW COLUMNS FROM `db_comment` [ RunTime:0.001547s ]
SQL: INSERT INTO `db_comment` (`co_news_id`,`co_message`,`co_status`,`co_addtime`) VALUES ('14','123','1',1462344232) [ RunTime:0.000298s ]

[ 2016-05-04T14:43:53+08:00 ] 127.0.0.1 /think/index.php/index/message/n_id/14
INFO: [ route_check ] --START--
INFO: CheckRoute Behavior ::run [ RunTime:0.000595s ]
INFO: [ route_check ] --END-- [ RunTime:0.000672s ]
INFO: [ app_begin ] --START--
INFO: ReadHtmlCache Behavior ::run [ RunTime:0.000519s ]
INFO: [ app_begin ] --END-- [ RunTime:0.000618s ]
SQL: SHOW COLUMNS FROM `db_type` [ RunTime:0.000998s ]
SQL: SELECT * FROM `db_type` WHERE ( t_status=1 ) ORDER BY t_order ASC  [ RunTime:0.000195s ]
SQL: SHOW COLUMNS FROM `db_news` [ RunTime:0.000987s ]
SQL: SELECT * FROM `db_news` WHERE ( `n_id` = 14 ) LIMIT 1   [ RunTime:0.000186s ]
SQL: UPDATE `db_news` SET `n_nums`=n_nums+1 WHERE ( `n_id` = 14 ) [ RunTime:0.000148s ]
SQL: SELECT `n_type` FROM `db_news` WHERE ( `n_id` = 14 ) LIMIT 1   [ RunTime:0.000107s ]
SQL: SELECT `n_author` FROM `db_news` WHERE ( `n_id` = 14 ) LIMIT 1   [ RunTime:0.000092s ]
SQL: SELECT `t_name` FROM `db_type` WHERE ( t_id = '13' ) LIMIT 1   [ RunTime:0.000086s ]
SQL: SHOW COLUMNS FROM `db_user` [ RunTime:0.001043s ]
SQL: SELECT `u_name` FROM `db_user` WHERE ( u_id = '1' ) LIMIT 1   [ RunTime:0.000143s ]
SQL: SHOW COLUMNS FROM `db_comment` [ RunTime:0.002471s ]
SQL: SHOW COLUMNS FROM `db_customer` [ RunTime:0.000995s ]
SQL: SELECT COUNT(co_id) AS tp_count FROM db_comment comment LEFT JOIN db_customer customer ON comment.co_custumer_id=customer.c_id WHERE ( co_news_id ='14' and co_status=1 ) ORDER BY comment.co_addtime DESC LIMIT 1   [ RunTime:0.000149s ]
ERR: 1054:Unknown column 'comment.co_custumer_id' in 'on clause'
 [ SQL语句 ] : SELECT COUNT(co_id) AS tp_count FROM db_comment comment LEFT JOIN db_customer customer ON comment.co_custumer_id=customer.c_id WHERE ( co_news_id ='14' and co_status=1 ) ORDER BY comment.co_addtime DESC LIMIT 1  
SQL: SELECT comment.co_id AS co_id,comment.co_message AS co_message,comment.co_addtime AS co_addtime,comment.co_status AS co_status,customer.c_name AS co_name FROM db_comment comment LEFT JOIN db_customer customer ON comment.co_custumer_id=customer.c_id WHERE ( co_news_id ='14' and co_status=1 ) ORDER BY comment.co_addtime DESC LIMIT 0,10   [ RunTime:0.000115s ]
ERR: 1054:Unknown column 'comment.co_custumer_id' in 'on clause'
 [ SQL语句 ] : SELECT comment.co_id AS co_id,comment.co_message AS co_message,comment.co_addtime AS co_addtime,comment.co_status AS co_status,customer.c_name AS co_name FROM db_comment comment LEFT JOIN db_customer customer ON comment.co_custumer_id=customer.c_id WHERE ( co_news_id ='14' and co_status=1 ) ORDER BY comment.co_addtime DESC LIMIT 0,10  
INFO: [ view_parse ] --START--
NOTIC: [8] Use of undefined constant index - assumed 'index' F:\appserv\www\think\Index\Runtime\Cache\a1f7cd0bf952b8bd4a2070b18a772406.php 第 33 行.
NOTIC: [8] Use of undefined constant index - assumed 'index' F:\appserv\www\think\Index\Runtime\Cache\a1f7cd0bf952b8bd4a2070b18a772406.php 第 50 行.
INFO: ParseTemplate Behavior ::run [ RunTime:0.009620s ]
INFO: [ view_parse ] --END-- [ RunTime:0.009687s ]
INFO: [ view_filter ] --START--
INFO: ContentReplace Behavior ::run [ RunTime:0.000264s ]
INFO: TokenBuild Behavior ::run [ RunTime:0.000229s ]
INFO: WriteHtmlCache Behavior ::run [ RunTime:0.000150s ]
INFO: ShowRuntime Behavior ::run [ RunTime:0.000271s ]
INFO: [ view_filter ] --END-- [ RunTime:0.001035s ]
INFO: [ view_end ] --START--
INFO: ShowPageTrace Behavior ::run [ RunTime:0.000589s ]
INFO: [ view_end ] --END-- [ RunTime:0.000637s ]

[ 2016-05-04T14:43:55+08:00 ] 127.0.0.1 /think/index.php/index/message/n_id/14
INFO: [ route_check ] --START--
INFO: CheckRoute Behavior ::run [ RunTime:0.002282s ]
INFO: [ route_check ] --END-- [ RunTime:0.002531s ]
INFO: [ app_begin ] --START--
INFO: ReadHtmlCache Behavior ::run [ RunTime:0.000979s ]
INFO: [ app_begin ] --END-- [ RunTime:0.001128s ]
SQL: SHOW COLUMNS FROM `db_type` [ RunTime:0.001694s ]
SQL: SELECT * FROM `db_type` WHERE ( t_status=1 ) ORDER BY t_order ASC  [ RunTime:0.000296s ]
SQL: SHOW COLUMNS FROM `db_news` [ RunTime:0.001404s ]
SQL: SELECT * FROM `db_news` WHERE ( `n_id` = 14 ) LIMIT 1   [ RunTime:0.000277s ]
SQL: UPDATE `db_news` SET `n_nums`=n_nums+1 WHERE ( `n_id` = 14 ) [ RunTime:0.000182s ]
SQL: SELECT `n_type` FROM `db_news` WHERE ( `n_id` = 14 ) LIMIT 1   [ RunTime:0.000151s ]
SQL: SELECT `n_author` FROM `db_news` WHERE ( `n_id` = 14 ) LIMIT 1   [ RunTime:0.000143s ]
SQL: SELECT `t_name` FROM `db_type` WHERE ( t_id = '13' ) LIMIT 1   [ RunTime:0.000145s ]
SQL: SHOW COLUMNS FROM `db_user` [ RunTime:0.001428s ]
SQL: SELECT `u_name` FROM `db_user` WHERE ( u_id = '1' ) LIMIT 1   [ RunTime:0.000326s ]
SQL: SHOW COLUMNS FROM `db_comment` [ RunTime:0.001382s ]
SQL: SHOW COLUMNS FROM `db_customer` [ RunTime:0.001342s ]
SQL: SELECT COUNT(co_id) AS tp_count FROM db_comment comment LEFT JOIN db_customer customer ON comment.co_custumer_id=customer.c_id WHERE ( co_news_id ='14' and co_status=1 ) ORDER BY comment.co_addtime DESC LIMIT 1   [ RunTime:0.000239s ]
ERR: 1054:Unknown column 'comment.co_custumer_id' in 'on clause'
 [ SQL语句 ] : SELECT COUNT(co_id) AS tp_count FROM db_comment comment LEFT JOIN db_customer customer ON comment.co_custumer_id=customer.c_id WHERE ( co_news_id ='14' and co_status=1 ) ORDER BY comment.co_addtime DESC LIMIT 1  
SQL: SELECT comment.co_id AS co_id,comment.co_message AS co_message,comment.co_addtime AS co_addtime,comment.co_status AS co_status,customer.c_name AS co_name FROM db_comment comment LEFT JOIN db_customer customer ON comment.co_custumer_id=customer.c_id WHERE ( co_news_id ='14' and co_status=1 ) ORDER BY comment.co_addtime DESC LIMIT 0,10   [ RunTime:0.000255s ]
ERR: 1054:Unknown column 'comment.co_custumer_id' in 'on clause'
 [ SQL语句 ] : SELECT comment.co_id AS co_id,comment.co_message AS co_message,comment.co_addtime AS co_addtime,comment.co_status AS co_status,customer.c_name AS co_name FROM db_comment comment LEFT JOIN db_customer customer ON comment.co_custumer_id=customer.c_id WHERE ( co_news_id ='14' and co_status=1 ) ORDER BY comment.co_addtime DESC LIMIT 0,10  
INFO: [ view_parse ] --START--
NOTIC: [8] Use of undefined constant index - assumed 'index' F:\appserv\www\think\Index\Runtime\Cache\a1f7cd0bf952b8bd4a2070b18a772406.php 第 33 行.
NOTIC: [8] Use of undefined constant index - assumed 'index' F:\appserv\www\think\Index\Runtime\Cache\a1f7cd0bf952b8bd4a2070b18a772406.php 第 50 行.
INFO: ParseTemplate Behavior ::run [ RunTime:0.010676s ]
INFO: [ view_parse ] --END-- [ RunTime:0.010751s ]
INFO: [ view_filter ] --START--
INFO: ContentReplace Behavior ::run [ RunTime:0.000233s ]
INFO: TokenBuild Behavior ::run [ RunTime:0.000223s ]
INFO: WriteHtmlCache Behavior ::run [ RunTime:0.000144s ]
INFO: ShowRuntime Behavior ::run [ RunTime:0.000262s ]
INFO: [ view_filter ] --END-- [ RunTime:0.000979s ]
INFO: [ view_end ] --START--
INFO: ShowPageTrace Behavior ::run [ RunTime:0.000388s ]
INFO: [ view_end ] --END-- [ RunTime:0.000431s ]

[ 2016-05-04T14:43:57+08:00 ] 127.0.0.1 /think/index.php/index/message/n_id/14
INFO: [ route_check ] --START--
INFO: CheckRoute Behavior ::run [ RunTime:0.000575s ]
INFO: [ route_check ] --END-- [ RunTime:0.000647s ]
INFO: [ app_begin ] --START--
INFO: ReadHtmlCache Behavior ::run [ RunTime:0.000359s ]
INFO: [ app_begin ] --END-- [ RunTime:0.000407s ]
SQL: SHOW COLUMNS FROM `db_type` [ RunTime:0.003454s ]
SQL: SELECT * FROM `db_type` WHERE ( t_status=1 ) ORDER BY t_order ASC  [ RunTime:0.000286s ]
SQL: SHOW COLUMNS FROM `db_news` [ RunTime:0.001177s ]
SQL: SELECT * FROM `db_news` WHERE ( `n_id` = 14 ) LIMIT 1   [ RunTime:0.000160s ]
SQL: UPDATE `db_news` SET `n_nums`=n_nums+1 WHERE ( `n_id` = 14 ) [ RunTime:0.000125s ]
SQL: SELECT `n_type` FROM `db_news` WHERE ( `n_id` = 14 ) LIMIT 1   [ RunTime:0.000096s ]
SQL: SELECT `n_author` FROM `db_news` WHERE ( `n_id` = 14 ) LIMIT 1   [ RunTime:0.000090s ]
SQL: SELECT `t_name` FROM `db_type` WHERE ( t_id = '13' ) LIMIT 1   [ RunTime:0.000096s ]
SQL: SHOW COLUMNS FROM `db_user` [ RunTime:0.000932s ]
SQL: SELECT `u_name` FROM `db_user` WHERE ( u_id = '1' ) LIMIT 1   [ RunTime:0.000235s ]
SQL: SHOW COLUMNS FROM `db_comment` [ RunTime:0.001092s ]
SQL: SHOW COLUMNS FROM `db_customer` [ RunTime:0.001030s ]
SQL: SELECT COUNT(co_id) AS tp_count FROM db_comment comment LEFT JOIN db_customer customer ON comment.co_custumer_id=customer.c_id WHERE ( co_news_id ='14' and co_status=1 ) ORDER BY comment.co_addtime DESC LIMIT 1   [ RunTime:0.000164s ]
ERR: 1054:Unknown column 'comment.co_custumer_id' in 'on clause'
 [ SQL语句 ] : SELECT COUNT(co_id) AS tp_count FROM db_comment comment LEFT JOIN db_customer customer ON comment.co_custumer_id=customer.c_id WHERE ( co_news_id ='14' and co_status=1 ) ORDER BY comment.co_addtime DESC LIMIT 1  
SQL: SELECT comment.co_id AS co_id,comment.co_message AS co_message,comment.co_addtime AS co_addtime,comment.co_status AS co_status,customer.c_name AS co_name FROM db_comment comment LEFT JOIN db_customer customer ON comment.co_custumer_id=customer.c_id WHERE ( co_news_id ='14' and co_status=1 ) ORDER BY comment.co_addtime DESC LIMIT 0,10   [ RunTime:0.000146s ]
ERR: 1054:Unknown column 'comment.co_custumer_id' in 'on clause'
 [ SQL语句 ] : SELECT comment.co_id AS co_id,comment.co_message AS co_message,comment.co_addtime AS co_addtime,comment.co_status AS co_status,customer.c_name AS co_name FROM db_comment comment LEFT JOIN db_customer customer ON comment.co_custumer_id=customer.c_id WHERE ( co_news_id ='14' and co_status=1 ) ORDER BY comment.co_addtime DESC LIMIT 0,10  
INFO: [ view_parse ] --START--
NOTIC: [8] Use of undefined constant index - assumed 'index' F:\appserv\www\think\Index\Runtime\Cache\a1f7cd0bf952b8bd4a2070b18a772406.php 第 33 行.
NOTIC: [8] Use of undefined constant index - assumed 'index' F:\appserv\www\think\Index\Runtime\Cache\a1f7cd0bf952b8bd4a2070b18a772406.php 第 50 行.
INFO: ParseTemplate Behavior ::run [ RunTime:0.010879s ]
INFO: [ view_parse ] --END-- [ RunTime:0.010941s ]
INFO: [ view_filter ] --START--
INFO: ContentReplace Behavior ::run [ RunTime:0.000245s ]
INFO: TokenBuild Behavior ::run [ RunTime:0.000219s ]
INFO: WriteHtmlCache Behavior ::run [ RunTime:0.000144s ]
INFO: ShowRuntime Behavior ::run [ RunTime:0.000266s ]
INFO: [ view_filter ] --END-- [ RunTime:0.000990s ]
INFO: [ view_end ] --START--
INFO: ShowPageTrace Behavior ::run [ RunTime:0.000406s ]
INFO: [ view_end ] --END-- [ RunTime:0.000448s ]

[ 2016-05-04T14:43:58+08:00 ] 127.0.0.1 /think/index.php/index/message/n_id/14
INFO: [ route_check ] --START--
INFO: CheckRoute Behavior ::run [ RunTime:0.001117s ]
INFO: [ route_check ] --END-- [ RunTime:0.001250s ]
INFO: [ app_begin ] --START--
INFO: ReadHtmlCache Behavior ::run [ RunTime:0.000670s ]
INFO: [ app_begin ] --END-- [ RunTime:0.000765s ]
SQL: SHOW COLUMNS FROM `db_type` [ RunTime:0.000985s ]
SQL: SELECT * FROM `db_type` WHERE ( t_status=1 ) ORDER BY t_order ASC  [ RunTime:0.000184s ]
SQL: SHOW COLUMNS FROM `db_news` [ RunTime:0.001020s ]
SQL: SELECT * FROM `db_news` WHERE ( `n_id` = 14 ) LIMIT 1   [ RunTime:0.000228s ]
SQL: UPDATE `db_news` SET `n_nums`=n_nums+1 WHERE ( `n_id` = 14 ) [ RunTime:0.000166s ]
SQL: SELECT `n_type` FROM `db_news` WHERE ( `n_id` = 14 ) LIMIT 1   [ RunTime:0.000118s ]
SQL: SELECT `n_author` FROM `db_news` WHERE ( `n_id` = 14 ) LIMIT 1   [ RunTime:0.000079s ]
SQL: SELECT `t_name` FROM `db_type` WHERE ( t_id = '13' ) LIMIT 1   [ RunTime:0.000078s ]
SQL: SHOW COLUMNS FROM `db_user` [ RunTime:0.001080s ]
SQL: SELECT `u_name` FROM `db_user` WHERE ( u_id = '1' ) LIMIT 1   [ RunTime:0.000173s ]
SQL: SHOW COLUMNS FROM `db_comment` [ RunTime:0.000983s ]
SQL: SHOW COLUMNS FROM `db_customer` [ RunTime:0.000895s ]
SQL: SELECT COUNT(co_id) AS tp_count FROM db_comment comment LEFT JOIN db_customer customer ON comment.co_custumer_id=customer.c_id WHERE ( co_news_id ='14' and co_status=1 ) ORDER BY comment.co_addtime DESC LIMIT 1   [ RunTime:0.000160s ]
ERR: 1054:Unknown column 'comment.co_custumer_id' in 'on clause'
 [ SQL语句 ] : SELECT COUNT(co_id) AS tp_count FROM db_comment comment LEFT JOIN db_customer customer ON comment.co_custumer_id=customer.c_id WHERE ( co_news_id ='14' and co_status=1 ) ORDER BY comment.co_addtime DESC LIMIT 1  
SQL: SELECT comment.co_id AS co_id,comment.co_message AS co_message,comment.co_addtime AS co_addtime,comment.co_status AS co_status,customer.c_name AS co_name FROM db_comment comment LEFT JOIN db_customer customer ON comment.co_custumer_id=customer.c_id WHERE ( co_news_id ='14' and co_status=1 ) ORDER BY comment.co_addtime DESC LIMIT 0,10   [ RunTime:0.000177s ]
ERR: 1054:Unknown column 'comment.co_custumer_id' in 'on clause'
 [ SQL语句 ] : SELECT comment.co_id AS co_id,comment.co_message AS co_message,comment.co_addtime AS co_addtime,comment.co_status AS co_status,customer.c_name AS co_name FROM db_comment comment LEFT JOIN db_customer customer ON comment.co_custumer_id=customer.c_id WHERE ( co_news_id ='14' and co_status=1 ) ORDER BY comment.co_addtime DESC LIMIT 0,10  
INFO: [ view_parse ] --START--
NOTIC: [8] Use of undefined constant index - assumed 'index' F:\appserv\www\think\Index\Runtime\Cache\a1f7cd0bf952b8bd4a2070b18a772406.php 第 33 行.
NOTIC: [8] Use of undefined constant index - assumed 'index' F:\appserv\www\think\Index\Runtime\Cache\a1f7cd0bf952b8bd4a2070b18a772406.php 第 50 行.
INFO: ParseTemplate Behavior ::run [ RunTime:0.009824s ]
INFO: [ view_parse ] --END-- [ RunTime:0.009910s ]
INFO: [ view_filter ] --START--
INFO: ContentReplace Behavior ::run [ RunTime:0.000248s ]
INFO: TokenBuild Behavior ::run [ RunTime:0.000232s ]
INFO: WriteHtmlCache Behavior ::run [ RunTime:0.000154s ]
INFO: ShowRuntime Behavior ::run [ RunTime:0.000271s ]
INFO: [ view_filter ] --END-- [ RunTime:0.001028s ]
INFO: [ view_end ] --START--
INFO: ShowPageTrace Behavior ::run [ RunTime:0.000413s ]
INFO: [ view_end ] --END-- [ RunTime:0.000456s ]

[ 2016-05-04T14:43:59+08:00 ] 127.0.0.1 /think/index.php/index/message/n_id/14
INFO: [ route_check ] --START--
INFO: CheckRoute Behavior ::run [ RunTime:0.000995s ]
INFO: [ route_check ] --END-- [ RunTime:0.001116s ]
INFO: [ app_begin ] --START--
INFO: ReadHtmlCache Behavior ::run [ RunTime:0.000539s ]
INFO: [ app_begin ] --END-- [ RunTime:0.000615s ]
SQL: SHOW COLUMNS FROM `db_type` [ RunTime:0.001519s ]
SQL: SELECT * FROM `db_type` WHERE ( t_status=1 ) ORDER BY t_order ASC  [ RunTime:0.000288s ]
SQL: SHOW COLUMNS FROM `db_news` [ RunTime:0.001359s ]
SQL: SELECT * FROM `db_news` WHERE ( `n_id` = 14 ) LIMIT 1   [ RunTime:0.000359s ]
SQL: UPDATE `db_news` SET `n_nums`=n_nums+1 WHERE ( `n_id` = 14 ) [ RunTime:0.000173s ]
SQL: SELECT `n_type` FROM `db_news` WHERE ( `n_id` = 14 ) LIMIT 1   [ RunTime:0.000114s ]
SQL: SELECT `n_author` FROM `db_news` WHERE ( `n_id` = 14 ) LIMIT 1   [ RunTime:0.000089s ]
SQL: SELECT `t_name` FROM `db_type` WHERE ( t_id = '13' ) LIMIT 1   [ RunTime:0.000097s ]
SQL: SHOW COLUMNS FROM `db_user` [ RunTime:0.001042s ]
SQL: SELECT `u_name` FROM `db_user` WHERE ( u_id = '1' ) LIMIT 1   [ RunTime:0.000181s ]
SQL: SHOW COLUMNS FROM `db_comment` [ RunTime:0.001002s ]
SQL: SHOW COLUMNS FROM `db_customer` [ RunTime:0.000874s ]
SQL: SELECT COUNT(co_id) AS tp_count FROM db_comment comment LEFT JOIN db_customer customer ON comment.co_custumer_id=customer.c_id WHERE ( co_news_id ='14' and co_status=1 ) ORDER BY comment.co_addtime DESC LIMIT 1   [ RunTime:0.000137s ]
ERR: 1054:Unknown column 'comment.co_custumer_id' in 'on clause'
 [ SQL语句 ] : SELECT COUNT(co_id) AS tp_count FROM db_comment comment LEFT JOIN db_customer customer ON comment.co_custumer_id=customer.c_id WHERE ( co_news_id ='14' and co_status=1 ) ORDER BY comment.co_addtime DESC LIMIT 1  
SQL: SELECT comment.co_id AS co_id,comment.co_message AS co_message,comment.co_addtime AS co_addtime,comment.co_status AS co_status,customer.c_name AS co_name FROM db_comment comment LEFT JOIN db_customer customer ON comment.co_custumer_id=customer.c_id WHERE ( co_news_id ='14' and co_status=1 ) ORDER BY comment.co_addtime DESC LIMIT 0,10   [ RunTime:0.000111s ]
ERR: 1054:Unknown column 'comment.co_custumer_id' in 'on clause'
 [ SQL语句 ] : SELECT comment.co_id AS co_id,comment.co_message AS co_message,comment.co_addtime AS co_addtime,comment.co_status AS co_status,customer.c_name AS co_name FROM db_comment comment LEFT JOIN db_customer customer ON comment.co_custumer_id=customer.c_id WHERE ( co_news_id ='14' and co_status=1 ) ORDER BY comment.co_addtime DESC LIMIT 0,10  
INFO: [ view_parse ] --START--
NOTIC: [8] Use of undefined constant index - assumed 'index' F:\appserv\www\think\Index\Runtime\Cache\a1f7cd0bf952b8bd4a2070b18a772406.php 第 33 行.
NOTIC: [8] Use of undefined constant index - assumed 'index' F:\appserv\www\think\Index\Runtime\Cache\a1f7cd0bf952b8bd4a2070b18a772406.php 第 50 行.
INFO: ParseTemplate Behavior ::run [ RunTime:0.010107s ]
INFO: [ view_parse ] --END-- [ RunTime:0.010274s ]
INFO: [ view_filter ] --START--
INFO: ContentReplace Behavior ::run [ RunTime:0.000255s ]
INFO: TokenBuild Behavior ::run [ RunTime:0.000220s ]
INFO: WriteHtmlCache Behavior ::run [ RunTime:0.000144s ]
INFO: ShowRuntime Behavior ::run [ RunTime:0.000268s ]
INFO: [ view_filter ] --END-- [ RunTime:0.001003s ]
INFO: [ view_end ] --START--
INFO: ShowPageTrace Behavior ::run [ RunTime:0.000405s ]
INFO: [ view_end ] --END-- [ RunTime:0.000449s ]

[ 2016-05-04T14:44:24+08:00 ] 127.0.0.1 /think/index.php/index/message/n_id/14
INFO: [ route_check ] --START--
INFO: CheckRoute Behavior ::run [ RunTime:0.001070s ]
INFO: [ route_check ] --END-- [ RunTime:0.001168s ]
INFO: [ app_begin ] --START--
INFO: ReadHtmlCache Behavior ::run [ RunTime:0.000782s ]
INFO: [ app_begin ] --END-- [ RunTime:0.000864s ]
SQL: SHOW COLUMNS FROM `db_type` [ RunTime:0.001070s ]
SQL: SELECT * FROM `db_type` WHERE ( t_status=1 ) ORDER BY t_order ASC  [ RunTime:0.000182s ]
SQL: SHOW COLUMNS FROM `db_news` [ RunTime:0.001191s ]
SQL: SELECT * FROM `db_news` WHERE ( `n_id` = 14 ) LIMIT 1   [ RunTime:0.000143s ]
SQL: UPDATE `db_news` SET `n_nums`=n_nums+1 WHERE ( `n_id` = 14 ) [ RunTime:0.000127s ]
SQL: SELECT `n_type` FROM `db_news` WHERE ( `n_id` = 14 ) LIMIT 1   [ RunTime:0.000087s ]
SQL: SELECT `n_author` FROM `db_news` WHERE ( `n_id` = 14 ) LIMIT 1   [ RunTime:0.000085s ]
SQL: SELECT `t_name` FROM `db_type` WHERE ( t_id = '13' ) LIMIT 1   [ RunTime:0.000087s ]
SQL: SHOW COLUMNS FROM `db_user` [ RunTime:0.000896s ]
SQL: SELECT `u_name` FROM `db_user` WHERE ( u_id = '1' ) LIMIT 1   [ RunTime:0.000764s ]
SQL: SHOW COLUMNS FROM `db_comment` [ RunTime:0.001302s ]
SQL: SHOW COLUMNS FROM `db_customer` [ RunTime:0.001070s ]
SQL: SELECT COUNT(co_id) AS tp_count FROM db_comment comment LEFT JOIN db_customer customer ON comment.co_customer_id=customer.c_id WHERE ( co_news_id ='14' and co_status=1 ) ORDER BY comment.co_addtime DESC LIMIT 1   [ RunTime:0.000202s ]
SQL: SELECT comment.co_id AS co_id,comment.co_message AS co_message,comment.co_addtime AS co_addtime,comment.co_status AS co_status,customer.c_name AS co_name FROM db_comment comment LEFT JOIN db_customer customer ON comment.co_customer_id=customer.c_id WHERE ( co_news_id ='14' and co_status=1 ) ORDER BY comment.co_addtime DESC LIMIT 0,10   [ RunTime:0.000193s ]
INFO: [ view_parse ] --START--
NOTIC: [8] Use of undefined constant index - assumed 'index' F:\appserv\www\think\Index\Runtime\Cache\a1f7cd0bf952b8bd4a2070b18a772406.php 第 33 行.
NOTIC: [8] Use of undefined constant index - assumed 'index' F:\appserv\www\think\Index\Runtime\Cache\a1f7cd0bf952b8bd4a2070b18a772406.php 第 50 行.
INFO: ParseTemplate Behavior ::run [ RunTime:0.011505s ]
INFO: [ view_parse ] --END-- [ RunTime:0.011582s ]
INFO: [ view_filter ] --START--
INFO: ContentReplace Behavior ::run [ RunTime:0.000459s ]
INFO: TokenBuild Behavior ::run [ RunTime:0.000460s ]
INFO: WriteHtmlCache Behavior ::run [ RunTime:0.000347s ]
INFO: ShowRuntime Behavior ::run [ RunTime:0.000476s ]
INFO: [ view_filter ] --END-- [ RunTime:0.001875s ]
INFO: [ view_end ] --START--
INFO: ShowPageTrace Behavior ::run [ RunTime:0.000607s ]
INFO: [ view_end ] --END-- [ RunTime:0.000654s ]

[ 2016-05-04T14:45:27+08:00 ] 127.0.0.1 /think/index.php/Index/addComment
INFO: [ route_check ] --START--
INFO: CheckRoute Behavior ::run [ RunTime:0.001473s ]
INFO: [ route_check ] --END-- [ RunTime:0.001590s ]
INFO: [ app_begin ] --START--
INFO: ReadHtmlCache Behavior ::run [ RunTime:0.001089s ]
INFO: [ app_begin ] --END-- [ RunTime:0.001170s ]
SQL: SHOW COLUMNS FROM `db_comment` [ RunTime:0.001036s ]
SQL: INSERT INTO `db_comment` (`co_news_id`,`co_message`,`co_status`,`co_addtime`) VALUES ('14','666','1',1462344327) [ RunTime:0.000173s ]

[ 2016-05-04T14:45:28+08:00 ] 127.0.0.1 /think/index.php/index/message/n_id/14
INFO: [ route_check ] --START--
INFO: CheckRoute Behavior ::run [ RunTime:0.003687s ]
INFO: [ route_check ] --END-- [ RunTime:0.003954s ]
INFO: [ app_begin ] --START--
INFO: ReadHtmlCache Behavior ::run [ RunTime:0.001099s ]
INFO: [ app_begin ] --END-- [ RunTime:0.001197s ]
SQL: SHOW COLUMNS FROM `db_type` [ RunTime:0.001085s ]
SQL: SELECT * FROM `db_type` WHERE ( t_status=1 ) ORDER BY t_order ASC  [ RunTime:0.000237s ]
SQL: SHOW COLUMNS FROM `db_news` [ RunTime:0.001150s ]
SQL: SELECT * FROM `db_news` WHERE ( `n_id` = 14 ) LIMIT 1   [ RunTime:0.000159s ]
SQL: UPDATE `db_news` SET `n_nums`=n_nums+1 WHERE ( `n_id` = 14 ) [ RunTime:0.000144s ]
SQL: SELECT `n_type` FROM `db_news` WHERE ( `n_id` = 14 ) LIMIT 1   [ RunTime:0.000110s ]
SQL: SELECT `n_author` FROM `db_news` WHERE ( `n_id` = 14 ) LIMIT 1   [ RunTime:0.000098s ]
SQL: SELECT `t_name` FROM `db_type` WHERE ( t_id = '13' ) LIMIT 1   [ RunTime:0.000101s ]
SQL: SHOW COLUMNS FROM `db_user` [ RunTime:0.000933s ]
SQL: SELECT `u_name` FROM `db_user` WHERE ( u_id = '1' ) LIMIT 1   [ RunTime:0.000222s ]
SQL: SHOW COLUMNS FROM `db_comment` [ RunTime:0.000986s ]
SQL: SHOW COLUMNS FROM `db_customer` [ RunTime:0.000879s ]
SQL: SELECT COUNT(co_id) AS tp_count FROM db_comment comment LEFT JOIN db_customer customer ON comment.co_customer_id=customer.c_id WHERE ( co_news_id ='14' and co_status=1 ) ORDER BY comment.co_addtime DESC LIMIT 1   [ RunTime:0.000211s ]
SQL: SELECT comment.co_id AS co_id,comment.co_message AS co_message,comment.co_addtime AS co_addtime,comment.co_status AS co_status,customer.c_name AS co_name FROM db_comment comment LEFT JOIN db_customer customer ON comment.co_customer_id=customer.c_id WHERE ( co_news_id ='14' and co_status=1 ) ORDER BY comment.co_addtime DESC LIMIT 0,10   [ RunTime:0.000781s ]
INFO: [ view_parse ] --START--
NOTIC: [8] Use of undefined constant index - assumed 'index' F:\appserv\www\think\Index\Runtime\Cache\a1f7cd0bf952b8bd4a2070b18a772406.php 第 33 行.
NOTIC: [8] Use of undefined constant index - assumed 'index' F:\appserv\www\think\Index\Runtime\Cache\a1f7cd0bf952b8bd4a2070b18a772406.php 第 50 行.
INFO: ParseTemplate Behavior ::run [ RunTime:0.016158s ]
INFO: [ view_parse ] --END-- [ RunTime:0.016272s ]
INFO: [ view_filter ] --START--
INFO: ContentReplace Behavior ::run [ RunTime:0.001302s ]
INFO: TokenBuild Behavior ::run [ RunTime:0.001165s ]
INFO: WriteHtmlCache Behavior ::run [ RunTime:0.000546s ]
INFO: ShowRuntime Behavior ::run [ RunTime:0.000646s ]
INFO: [ view_filter ] --END-- [ RunTime:0.003878s ]
INFO: [ view_end ] --START--
INFO: ShowPageTrace Behavior ::run [ RunTime:0.000784s ]
INFO: [ view_end ] --END-- [ RunTime:0.000837s ]

[ 2016-05-04T14:46:58+08:00 ] 127.0.0.1 /think/index.php/login/loginOut
INFO: [ route_check ] --START--
INFO: CheckRoute Behavior ::run [ RunTime:0.000769s ]
INFO: [ route_check ] --END-- [ RunTime:0.000847s ]
INFO: [ app_begin ] --START--
INFO: ReadHtmlCache Behavior ::run [ RunTime:0.000535s ]
INFO: [ app_begin ] --END-- [ RunTime:0.000585s ]

[ 2016-05-04T14:46:58+08:00 ] 127.0.0.1 /think/index.php/index/index
INFO: [ route_check ] --START--
INFO: CheckRoute Behavior ::run [ RunTime:0.000569s ]
INFO: [ route_check ] --END-- [ RunTime:0.000642s ]
INFO: [ app_begin ] --START--
INFO: ReadHtmlCache Behavior ::run [ RunTime:0.000348s ]
INFO: [ app_begin ] --END-- [ RunTime:0.000394s ]
SQL: SHOW COLUMNS FROM `db_type` [ RunTime:0.001023s ]
SQL: SELECT * FROM `db_type` WHERE ( t_status=1 ) ORDER BY t_order ASC  [ RunTime:0.000232s ]
SQL: SHOW COLUMNS FROM `db_news` [ RunTime:0.000961s ]
SQL: SELECT * FROM `db_news` WHERE ( n_type=13 and n_status=1 and n_position=2 ) ORDER BY n_addtime desc , n_nums desc LIMIT 15   [ RunTime:0.000303s ]
SQL: SELECT * FROM `db_news` WHERE ( n_type=14 and n_status=1 and n_position=2 ) ORDER BY n_addtime desc , n_nums desc LIMIT 15   [ RunTime:0.000212s ]
SQL: SELECT * FROM `db_news` WHERE ( n_type=12 and n_status=1 and n_position=2 ) ORDER BY n_addtime desc , n_nums desc LIMIT 15   [ RunTime:0.000198s ]
SQL: SELECT * FROM `db_news` WHERE ( n_type=15 and n_status=1 and n_position=2 ) ORDER BY n_addtime desc , n_nums desc LIMIT 15   [ RunTime:0.000219s ]
NOTIC: [8] Undefined index:  c_name F:\appserv\www\think\Index\Lib\Action\IndexAction.class.php 第 12 行.
INFO: [ view_parse ] --START--
NOTIC: [8] Use of undefined constant index - assumed 'index' F:\appserv\www\think\Index\Runtime\Cache\e9ca3d00a40c8a0e158f18fe2252bc69.php 第 11 行.
INFO: ParseTemplate Behavior ::run [ RunTime:0.016356s ]
INFO: [ view_parse ] --END-- [ RunTime:0.016437s ]
INFO: [ view_filter ] --START--
INFO: ContentReplace Behavior ::run [ RunTime:0.000525s ]
INFO: TokenBuild Behavior ::run [ RunTime:0.000424s ]
INFO: WriteHtmlCache Behavior ::run [ RunTime:0.000329s ]
INFO: ShowRuntime Behavior ::run [ RunTime:0.000460s ]
INFO: [ view_filter ] --END-- [ RunTime:0.001869s ]
INFO: [ view_end ] --START--
INFO: ShowPageTrace Behavior ::run [ RunTime:0.000616s ]
INFO: [ view_end ] --END-- [ RunTime:0.000671s ]

[ 2016-05-04T14:46:59+08:00 ] 127.0.0.1 /think/index.php/login/login
INFO: [ route_check ] --START--
INFO: CheckRoute Behavior ::run [ RunTime:0.001360s ]
INFO: [ route_check ] --END-- [ RunTime:0.001507s ]
INFO: [ app_begin ] --START--
INFO: ReadHtmlCache Behavior ::run [ RunTime:0.000760s ]
INFO: [ app_begin ] --END-- [ RunTime:0.000870s ]
INFO: [ view_parse ] --START--
INFO: ParseTemplate Behavior ::run [ RunTime:0.010412s ]
INFO: [ view_parse ] --END-- [ RunTime:0.010542s ]
INFO: [ view_filter ] --START--
INFO: ContentReplace Behavior ::run [ RunTime:0.000242s ]
INFO: TokenBuild Behavior ::run [ RunTime:0.000335s ]
INFO: WriteHtmlCache Behavior ::run [ RunTime:0.000172s ]
INFO: ShowRuntime Behavior ::run [ RunTime:0.000283s ]
INFO: [ view_filter ] --END-- [ RunTime:0.001180s ]
INFO: [ view_end ] --START--
INFO: ShowPageTrace Behavior ::run [ RunTime:0.000390s ]
INFO: [ view_end ] --END-- [ RunTime:0.000437s ]

[ 2016-05-04T14:47:03+08:00 ] 127.0.0.1 /think/index.php/login/doLogin
INFO: [ route_check ] --START--
INFO: CheckRoute Behavior ::run [ RunTime:0.001121s ]
INFO: [ route_check ] --END-- [ RunTime:0.001252s ]
INFO: [ app_begin ] --START--
INFO: ReadHtmlCache Behavior ::run [ RunTime:0.000667s ]
INFO: [ app_begin ] --END-- [ RunTime:0.000811s ]
SQL: SHOW COLUMNS FROM `db_customer` [ RunTime:0.001371s ]
SQL: SELECT * FROM `db_customer` WHERE ( `c_name` = 'doom' ) LIMIT 1   [ RunTime:0.001096s ]
INFO: [ view_parse ] --START--
INFO: ParseTemplate Behavior ::run [ RunTime:0.005660s ]
INFO: [ view_parse ] --END-- [ RunTime:0.005771s ]
INFO: [ view_filter ] --START--
INFO: ContentReplace Behavior ::run [ RunTime:0.000251s ]
INFO: TokenBuild Behavior ::run [ RunTime:0.000299s ]
INFO: WriteHtmlCache Behavior ::run [ RunTime:0.000146s ]
INFO: ShowRuntime Behavior ::run [ RunTime:0.000271s ]
INFO: [ view_filter ] --END-- [ RunTime:0.001107s ]
INFO: [ view_end ] --START--
INFO: ShowPageTrace Behavior ::run [ RunTime:0.000508s ]
INFO: [ view_end ] --END-- [ RunTime:0.000554s ]

[ 2016-05-04T14:47:04+08:00 ] 127.0.0.1 /think/index.php/index/index
INFO: [ route_check ] --START--
INFO: CheckRoute Behavior ::run [ RunTime:0.000550s ]
INFO: [ route_check ] --END-- [ RunTime:0.000618s ]
INFO: [ app_begin ] --START--
INFO: ReadHtmlCache Behavior ::run [ RunTime:0.000354s ]
INFO: [ app_begin ] --END-- [ RunTime:0.000402s ]
SQL: SHOW COLUMNS FROM `db_type` [ RunTime:0.000950s ]
SQL: SELECT * FROM `db_type` WHERE ( t_status=1 ) ORDER BY t_order ASC  [ RunTime:0.000166s ]
SQL: SHOW COLUMNS FROM `db_news` [ RunTime:0.000918s ]
SQL: SELECT * FROM `db_news` WHERE ( n_type=13 and n_status=1 and n_position=2 ) ORDER BY n_addtime desc , n_nums desc LIMIT 15   [ RunTime:0.000273s ]
SQL: SELECT * FROM `db_news` WHERE ( n_type=14 and n_status=1 and n_position=2 ) ORDER BY n_addtime desc , n_nums desc LIMIT 15   [ RunTime:0.000200s ]
SQL: SELECT * FROM `db_news` WHERE ( n_type=12 and n_status=1 and n_position=2 ) ORDER BY n_addtime desc , n_nums desc LIMIT 15   [ RunTime:0.000192s ]
SQL: SELECT * FROM `db_news` WHERE ( n_type=15 and n_status=1 and n_position=2 ) ORDER BY n_addtime desc , n_nums desc LIMIT 15   [ RunTime:0.000183s ]
INFO: [ view_parse ] --START--
NOTIC: [8] Use of undefined constant index - assumed 'index' F:\appserv\www\think\Index\Runtime\Cache\e9ca3d00a40c8a0e158f18fe2252bc69.php 第 11 行.
INFO: ParseTemplate Behavior ::run [ RunTime:0.014576s ]
INFO: [ view_parse ] --END-- [ RunTime:0.014644s ]
INFO: [ view_filter ] --START--
INFO: ContentReplace Behavior ::run [ RunTime:0.000323s ]
INFO: TokenBuild Behavior ::run [ RunTime:0.000265s ]
INFO: WriteHtmlCache Behavior ::run [ RunTime:0.000149s ]
INFO: ShowRuntime Behavior ::run [ RunTime:0.000271s ]
INFO: [ view_filter ] --END-- [ RunTime:0.001134s ]
INFO: [ view_end ] --START--
INFO: ShowPageTrace Behavior ::run [ RunTime:0.000521s ]
INFO: [ view_end ] --END-- [ RunTime:0.000593s ]

[ 2016-05-04T14:47:05+08:00 ] 127.0.0.1 /think/index.php/index/message/n_id/14
INFO: [ route_check ] --START--
INFO: CheckRoute Behavior ::run [ RunTime:0.000581s ]
INFO: [ route_check ] --END-- [ RunTime:0.000653s ]
INFO: [ app_begin ] --START--
INFO: ReadHtmlCache Behavior ::run [ RunTime:0.000358s ]
INFO: [ app_begin ] --END-- [ RunTime:0.000407s ]
SQL: SHOW COLUMNS FROM `db_type` [ RunTime:0.002622s ]
SQL: SELECT * FROM `db_type` WHERE ( t_status=1 ) ORDER BY t_order ASC  [ RunTime:0.000894s ]
SQL: SHOW COLUMNS FROM `db_news` [ RunTime:0.001645s ]
SQL: SELECT * FROM `db_news` WHERE ( `n_id` = 14 ) LIMIT 1   [ RunTime:0.000483s ]
SQL: UPDATE `db_news` SET `n_nums`=n_nums+1 WHERE ( `n_id` = 14 ) [ RunTime:0.000162s ]
SQL: SELECT `n_type` FROM `db_news` WHERE ( `n_id` = 14 ) LIMIT 1   [ RunTime:0.000131s ]
SQL: SELECT `n_author` FROM `db_news` WHERE ( `n_id` = 14 ) LIMIT 1   [ RunTime:0.000122s ]
SQL: SELECT `t_name` FROM `db_type` WHERE ( t_id = '13' ) LIMIT 1   [ RunTime:0.000121s ]
SQL: SHOW COLUMNS FROM `db_user` [ RunTime:0.001527s ]
SQL: SELECT `u_name` FROM `db_user` WHERE ( u_id = '1' ) LIMIT 1   [ RunTime:0.000161s ]
SQL: SHOW COLUMNS FROM `db_comment` [ RunTime:0.000994s ]
SQL: SHOW COLUMNS FROM `db_customer` [ RunTime:0.000878s ]
SQL: SELECT COUNT(co_id) AS tp_count FROM db_comment comment LEFT JOIN db_customer customer ON comment.co_customer_id=customer.c_id WHERE ( co_news_id ='14' and co_status=1 ) ORDER BY comment.co_addtime DESC LIMIT 1   [ RunTime:0.000182s ]
SQL: SELECT comment.co_id AS co_id,comment.co_message AS co_message,comment.co_addtime AS co_addtime,comment.co_status AS co_status,customer.c_name AS co_name FROM db_comment comment LEFT JOIN db_customer customer ON comment.co_customer_id=customer.c_id WHERE ( co_news_id ='14' and co_status=1 ) ORDER BY comment.co_addtime DESC LIMIT 0,10   [ RunTime:0.000167s ]
INFO: [ view_parse ] --START--
NOTIC: [8] Use of undefined constant index - assumed 'index' F:\appserv\www\think\Index\Runtime\Cache\a1f7cd0bf952b8bd4a2070b18a772406.php 第 33 行.
NOTIC: [8] Use of undefined constant index - assumed 'index' F:\appserv\www\think\Index\Runtime\Cache\a1f7cd0bf952b8bd4a2070b18a772406.php 第 50 行.
INFO: ParseTemplate Behavior ::run [ RunTime:0.015780s ]
INFO: [ view_parse ] --END-- [ RunTime:0.015860s ]
INFO: [ view_filter ] --START--
INFO: ContentReplace Behavior ::run [ RunTime:0.000348s ]
INFO: TokenBuild Behavior ::run [ RunTime:0.000296s ]
INFO: WriteHtmlCache Behavior ::run [ RunTime:0.000193s ]
INFO: ShowRuntime Behavior ::run [ RunTime:0.000311s ]
INFO: [ view_filter ] --END-- [ RunTime:0.001312s ]
INFO: [ view_end ] --START--
INFO: ShowPageTrace Behavior ::run [ RunTime:0.000504s ]
INFO: [ view_end ] --END-- [ RunTime:0.000555s ]

[ 2016-05-04T14:47:07+08:00 ] 127.0.0.1 /think/index.php/Index/addComment
INFO: [ route_check ] --START--
INFO: CheckRoute Behavior ::run [ RunTime:0.000544s ]
INFO: [ route_check ] --END-- [ RunTime:0.000611s ]
INFO: [ app_begin ] --START--
INFO: ReadHtmlCache Behavior ::run [ RunTime:0.000342s ]
INFO: [ app_begin ] --END-- [ RunTime:0.000385s ]
SQL: SHOW COLUMNS FROM `db_comment` [ RunTime:0.001270s ]
SQL: INSERT INTO `db_comment` (`co_news_id`,`co_message`,`co_customer_id`,`co_status`,`co_addtime`) VALUES ('14','2143','11','1',1462344427) [ RunTime:0.000153s ]

[ 2016-05-04T14:47:08+08:00 ] 127.0.0.1 /think/index.php/index/message/n_id/14
INFO: [ route_check ] --START--
INFO: CheckRoute Behavior ::run [ RunTime:0.000838s ]
INFO: [ route_check ] --END-- [ RunTime:0.000934s ]
INFO: [ app_begin ] --START--
INFO: ReadHtmlCache Behavior ::run [ RunTime:0.000441s ]
INFO: [ app_begin ] --END-- [ RunTime:0.000503s ]
SQL: SHOW COLUMNS FROM `db_type` [ RunTime:0.001221s ]
SQL: SELECT * FROM `db_type` WHERE ( t_status=1 ) ORDER BY t_order ASC  [ RunTime:0.000198s ]
SQL: SHOW COLUMNS FROM `db_news` [ RunTime:0.001153s ]
SQL: SELECT * FROM `db_news` WHERE ( `n_id` = 14 ) LIMIT 1   [ RunTime:0.000198s ]
SQL: UPDATE `db_news` SET `n_nums`=n_nums+1 WHERE ( `n_id` = 14 ) [ RunTime:0.000135s ]
SQL: SELECT `n_type` FROM `db_news` WHERE ( `n_id` = 14 ) LIMIT 1   [ RunTime:0.000101s ]
SQL: SELECT `n_author` FROM `db_news` WHERE ( `n_id` = 14 ) LIMIT 1   [ RunTime:0.000093s ]
SQL: SELECT `t_name` FROM `db_type` WHERE ( t_id = '13' ) LIMIT 1   [ RunTime:0.000095s ]
SQL: SHOW COLUMNS FROM `db_user` [ RunTime:0.001037s ]
SQL: SELECT `u_name` FROM `db_user` WHERE ( u_id = '1' ) LIMIT 1   [ RunTime:0.000286s ]
SQL: SHOW COLUMNS FROM `db_comment` [ RunTime:0.001800s ]
SQL: SHOW COLUMNS FROM `db_customer` [ RunTime:0.000900s ]
SQL: SELECT COUNT(co_id) AS tp_count FROM db_comment comment LEFT JOIN db_customer customer ON comment.co_customer_id=customer.c_id WHERE ( co_news_id ='14' and co_status=1 ) ORDER BY comment.co_addtime DESC LIMIT 1   [ RunTime:0.000207s ]
SQL: SELECT comment.co_id AS co_id,comment.co_message AS co_message,comment.co_addtime AS co_addtime,comment.co_status AS co_status,customer.c_name AS co_name FROM db_comment comment LEFT JOIN db_customer customer ON comment.co_customer_id=customer.c_id WHERE ( co_news_id ='14' and co_status=1 ) ORDER BY comment.co_addtime DESC LIMIT 0,10   [ RunTime:0.000227s ]
INFO: [ view_parse ] --START--
NOTIC: [8] Use of undefined constant index - assumed 'index' F:\appserv\www\think\Index\Runtime\Cache\a1f7cd0bf952b8bd4a2070b18a772406.php 第 33 行.
NOTIC: [8] Use of undefined constant index - assumed 'index' F:\appserv\www\think\Index\Runtime\Cache\a1f7cd0bf952b8bd4a2070b18a772406.php 第 50 行.
INFO: ParseTemplate Behavior ::run [ RunTime:0.009346s ]
INFO: [ view_parse ] --END-- [ RunTime:0.009405s ]
INFO: [ view_filter ] --START--
INFO: ContentReplace Behavior ::run [ RunTime:0.000236s ]
INFO: TokenBuild Behavior ::run [ RunTime:0.000229s ]
INFO: WriteHtmlCache Behavior ::run [ RunTime:0.000147s ]
INFO: ShowRuntime Behavior ::run [ RunTime:0.000291s ]
INFO: [ view_filter ] --END-- [ RunTime:0.001021s ]
INFO: [ view_end ] --START--
INFO: ShowPageTrace Behavior ::run [ RunTime:0.000411s ]
INFO: [ view_end ] --END-- [ RunTime:0.000457s ]

[ 2016-05-04T14:47:12+08:00 ] 127.0.0.1 /think/index.php/Index/addComment
INFO: [ route_check ] --START--
INFO: CheckRoute Behavior ::run [ RunTime:0.001626s ]
INFO: [ route_check ] --END-- [ RunTime:0.001804s ]
INFO: [ app_begin ] --START--
INFO: ReadHtmlCache Behavior ::run [ RunTime:0.000909s ]
INFO: [ app_begin ] --END-- [ RunTime:0.001018s ]
SQL: SHOW COLUMNS FROM `db_comment` [ RunTime:0.001306s ]
SQL: INSERT INTO `db_comment` (`co_news_id`,`co_message`,`co_customer_id`,`co_status`,`co_addtime`) VALUES ('14','4444','11','1',1462344432) [ RunTime:0.000201s ]

[ 2016-05-04T14:47:12+08:00 ] 127.0.0.1 /think/index.php/index/message/n_id/14
INFO: [ route_check ] --START--
INFO: CheckRoute Behavior ::run [ RunTime:0.001009s ]
INFO: [ route_check ] --END-- [ RunTime:0.001123s ]
INFO: [ app_begin ] --START--
INFO: ReadHtmlCache Behavior ::run [ RunTime:0.001099s ]
INFO: [ app_begin ] --END-- [ RunTime:0.001357s ]
SQL: SHOW COLUMNS FROM `db_type` [ RunTime:0.000985s ]
SQL: SELECT * FROM `db_type` WHERE ( t_status=1 ) ORDER BY t_order ASC  [ RunTime:0.000198s ]
SQL: SHOW COLUMNS FROM `db_news` [ RunTime:0.001029s ]
SQL: SELECT * FROM `db_news` WHERE ( `n_id` = 14 ) LIMIT 1   [ RunTime:0.000166s ]
SQL: UPDATE `db_news` SET `n_nums`=n_nums+1 WHERE ( `n_id` = 14 ) [ RunTime:0.000116s ]
SQL: SELECT `n_type` FROM `db_news` WHERE ( `n_id` = 14 ) LIMIT 1   [ RunTime:0.000080s ]
SQL: SELECT `n_author` FROM `db_news` WHERE ( `n_id` = 14 ) LIMIT 1   [ RunTime:0.000074s ]
SQL: SELECT `t_name` FROM `db_type` WHERE ( t_id = '13' ) LIMIT 1   [ RunTime:0.000076s ]
SQL: SHOW COLUMNS FROM `db_user` [ RunTime:0.000930s ]
SQL: SELECT `u_name` FROM `db_user` WHERE ( u_id = '1' ) LIMIT 1   [ RunTime:0.000199s ]
SQL: SHOW COLUMNS FROM `db_comment` [ RunTime:0.001877s ]
SQL: SHOW COLUMNS FROM `db_customer` [ RunTime:0.001374s ]
SQL: SELECT COUNT(co_id) AS tp_count FROM db_comment comment LEFT JOIN db_customer customer ON comment.co_customer_id=customer.c_id WHERE ( co_news_id ='14' and co_status=1 ) ORDER BY comment.co_addtime DESC LIMIT 1   [ RunTime:0.000315s ]
SQL: SELECT comment.co_id AS co_id,comment.co_message AS co_message,comment.co_addtime AS co_addtime,comment.co_status AS co_status,customer.c_name AS co_name FROM db_comment comment LEFT JOIN db_customer customer ON comment.co_customer_id=customer.c_id WHERE ( co_news_id ='14' and co_status=1 ) ORDER BY comment.co_addtime DESC LIMIT 0,10   [ RunTime:0.000194s ]
INFO: [ view_parse ] --START--
NOTIC: [8] Use of undefined constant index - assumed 'index' F:\appserv\www\think\Index\Runtime\Cache\a1f7cd0bf952b8bd4a2070b18a772406.php 第 33 行.
NOTIC: [8] Use of undefined constant index - assumed 'index' F:\appserv\www\think\Index\Runtime\Cache\a1f7cd0bf952b8bd4a2070b18a772406.php 第 50 行.
INFO: ParseTemplate Behavior ::run [ RunTime:0.010118s ]
INFO: [ view_parse ] --END-- [ RunTime:0.010188s ]
INFO: [ view_filter ] --START--
INFO: ContentReplace Behavior ::run [ RunTime:0.000254s ]
INFO: TokenBuild Behavior ::run [ RunTime:0.000228s ]
INFO: WriteHtmlCache Behavior ::run [ RunTime:0.000147s ]
INFO: ShowRuntime Behavior ::run [ RunTime:0.000267s ]
INFO: [ view_filter ] --END-- [ RunTime:0.001015s ]
INFO: [ view_end ] --START--
INFO: ShowPageTrace Behavior ::run [ RunTime:0.000391s ]
INFO: [ view_end ] --END-- [ RunTime:0.000435s ]

