[ 2016-05-24T08:50:16+08:00 ] 127.0.0.1 /ph06/
INFO: [ app_begin ] --START--
INFO: ReadHtmlCache Behavior ::run [ RunTime:0.002610s ]
INFO: [ app_begin ] --END-- [ RunTime:0.002773s ]
SQL: SHOW COLUMNS FROM `db_type` [ RunTime:0.034941s ]
SQL: SELECT * FROM `db_type` WHERE ( t_status=1 ) ORDER BY t_order ASC  [ RunTime:0.000972s ]
SQL: SHOW COLUMNS FROM `db_news` [ RunTime:0.039144s ]
SQL: SELECT * FROM `db_news` WHERE ( n_type=13 and n_status=1  ) ORDER BY n_addtime desc , n_nums desc LIMIT 15   [ RunTime:0.005031s ]
SQL: SELECT * FROM `db_news` WHERE ( n_type=14 and n_status=1  ) ORDER BY n_addtime desc , n_nums desc LIMIT 15   [ RunTime:0.000897s ]
SQL: SELECT * FROM `db_news` WHERE ( n_type=12 and n_status=1  ) ORDER BY n_addtime desc , n_nums desc LIMIT 15   [ RunTime:0.000840s ]
SQL: SELECT * FROM `db_news` WHERE ( n_type=15 and n_status=1  ) ORDER BY n_addtime desc , n_nums desc LIMIT 15   [ RunTime:0.000830s ]
NOTIC: [8] Undefined index:  c_name F:\appserv\www\ph06\Index\Lib\Action\IndexAction.class.php 第 13 行.
SQL: SHOW COLUMNS FROM `db_ad` [ RunTime:0.032426s ]
SQL: SELECT * FROM `db_ad` WHERE ( `a_position` = 3 ) AND ( `a_status` = 1 ) ORDER BY a_order ASC  [ RunTime:0.000704s ]
SQL: SELECT * FROM `db_ad` WHERE ( `a_position` = 1 ) AND ( `a_status` = 1 ) ORDER BY a_order ASC LIMIT 1   [ RunTime:0.001112s ]
SQL: SELECT * FROM `db_ad` WHERE ( `a_position` = 2 ) AND ( `a_status` = 1 ) ORDER BY a_order ASC LIMIT 1   [ RunTime:0.000592s ]
INFO: [ view_parse ] --START--
NOTIC: [8] Use of undefined constant index - assumed 'index' F:\appserv\www\ph06\Index\Runtime\Cache\e9ca3d00a40c8a0e158f18fe2252bc69.php 第 16 行.
INFO: ParseTemplate Behavior ::run [ RunTime:0.081577s ]
INFO: [ view_parse ] --END-- [ RunTime:0.081784s ]
INFO: [ view_filter ] --START--
INFO: ContentReplace Behavior ::run [ RunTime:0.001564s ]
INFO: TokenBuild Behavior ::run [ RunTime:0.001377s ]
INFO: WriteHtmlCache Behavior ::run [ RunTime:0.001965s ]
INFO: ShowRuntime Behavior ::run [ RunTime:0.001535s ]
INFO: [ view_filter ] --END-- [ RunTime:0.006699s ]
INFO: [ view_end ] --START--
INFO: ShowPageTrace Behavior ::run [ RunTime:0.002925s ]
INFO: [ view_end ] --END-- [ RunTime:0.003034s ]

