[ 2016-04-08T09:34:18+08:00 ] 127.0.0.1 /think/index.php/Index/index
INFO: [ route_check ] --START--
INFO: CheckRoute Behavior ::run [ RunTime:0.001294s ]
INFO: [ route_check ] --END-- [ RunTime:0.001388s ]
INFO: [ app_begin ] --START--
INFO: ReadHtmlCache Behavior ::run [ RunTime:0.001092s ]
INFO: [ app_begin ] --END-- [ RunTime:0.001189s ]
SQL: SHOW COLUMNS FROM `db_type` [ RunTime:0.056492s ]
SQL: SELECT * FROM `db_type` WHERE ( t_status=1 ) ORDER BY t_order ASC  [ RunTime:0.001067s ]
SQL: SHOW COLUMNS FROM `db_news` [ RunTime:0.042062s ]
SQL: SELECT * FROM `db_news` WHERE ( n_type=13 and n_status=1 and n_position=2 ) ORDER BY n_addtime desc , n_nums desc LIMIT 15   [ RunTime:0.024518s ]
SQL: SELECT * FROM `db_news` WHERE ( n_type=14 and n_status=1 and n_position=2 ) ORDER BY n_addtime desc , n_nums desc LIMIT 15   [ RunTime:0.000342s ]
SQL: SELECT * FROM `db_news` WHERE ( n_type=12 and n_status=1 and n_position=2 ) ORDER BY n_addtime desc , n_nums desc LIMIT 15   [ RunTime:0.000284s ]
SQL: SELECT * FROM `db_news` WHERE ( n_type=15 and n_status=1 and n_position=2 ) ORDER BY n_addtime desc , n_nums desc LIMIT 15   [ RunTime:0.000272s ]
NOTIC: [8] Undefined index:  c_name F:\appserv\www\think\Index\Lib\Action\IndexAction.class.php 第 12 行.
INFO: [ view_parse ] --START--
NOTIC: [8] Use of undefined constant index - assumed 'index' F:\appserv\www\think\Index\Runtime\Cache\e9ca3d00a40c8a0e158f18fe2252bc69.php 第 11 行.
INFO: ParseTemplate Behavior ::run [ RunTime:0.092912s ]
INFO: [ view_parse ] --END-- [ RunTime:0.093081s ]
INFO: [ view_filter ] --START--
INFO: ContentReplace Behavior ::run [ RunTime:0.000792s ]
INFO: TokenBuild Behavior ::run [ RunTime:0.000589s ]
INFO: WriteHtmlCache Behavior ::run [ RunTime:0.000477s ]
INFO: ShowRuntime Behavior ::run [ RunTime:0.000602s ]
INFO: [ view_filter ] --END-- [ RunTime:0.002594s ]
INFO: [ view_end ] --START--
INFO: ShowPageTrace Behavior ::run [ RunTime:0.000804s ]
INFO: [ view_end ] --END-- [ RunTime:0.000870s ]

[ 2016-04-08T09:35:11+08:00 ] 127.0.0.1 /think/index.php/index/message/n_id/94
INFO: [ route_check ] --START--
INFO: CheckRoute Behavior ::run [ RunTime:0.000757s ]
INFO: [ route_check ] --END-- [ RunTime:0.000852s ]
INFO: [ app_begin ] --START--
INFO: ReadHtmlCache Behavior ::run [ RunTime:0.000388s ]
INFO: [ app_begin ] --END-- [ RunTime:0.000446s ]
SQL: SHOW COLUMNS FROM `db_type` [ RunTime:0.001696s ]
SQL: SELECT * FROM `db_type` WHERE ( t_status=1 ) ORDER BY t_order ASC  [ RunTime:0.001045s ]
SQL: SHOW COLUMNS FROM `db_news` [ RunTime:0.001694s ]
SQL: SELECT * FROM `db_news` WHERE ( `n_id` = 94 ) LIMIT 1   [ RunTime:0.000345s ]
SQL: UPDATE `db_news` SET `n_nums`=n_nums+1 WHERE ( `n_id` = 94 ) [ RunTime:0.026698s ]
SQL: SELECT `n_type` FROM `db_news` WHERE ( `n_id` = 94 ) LIMIT 1   [ RunTime:0.000187s ]
SQL: SELECT `n_author` FROM `db_news` WHERE ( `n_id` = 94 ) LIMIT 1   [ RunTime:0.000122s ]
SQL: SELECT `t_name` FROM `db_type` WHERE ( t_id = '14' ) LIMIT 1   [ RunTime:0.000125s ]
SQL: SHOW COLUMNS FROM `db_user` [ RunTime:0.050810s ]
SQL: SELECT `u_name` FROM `db_user` WHERE ( u_id = '1' ) LIMIT 1   [ RunTime:0.000525s ]
SQL: SHOW COLUMNS FROM `db_comment` [ RunTime:0.045952s ]
SQL: SHOW COLUMNS FROM `db_customer` [ RunTime:0.020784s ]
SQL: SELECT COUNT(co_id) AS tp_count FROM db_comment comment LEFT JOIN db_customer customer ON comment.co_custumer_id=customer.c_id WHERE ( co_news_id ='94' and co_status=1 ) ORDER BY comment.co_addtime DESC LIMIT 1   [ RunTime:0.027395s ]
SQL: SELECT comment.co_id AS co_id,comment.co_message AS co_message,comment.co_addtime AS co_addtime,comment.co_status AS co_status,customer.c_name AS co_name FROM db_comment comment LEFT JOIN db_customer customer ON comment.co_custumer_id=customer.c_id WHERE ( co_news_id ='94' and co_status=1 ) ORDER BY comment.co_addtime DESC LIMIT 0,10   [ RunTime:0.001123s ]
NOTIC: [8] Undefined index:  c_name F:\appserv\www\think\Index\Lib\Action\IndexAction.class.php 第 74 行.
INFO: [ view_parse ] --START--
NOTIC: [8] Use of undefined constant index - assumed 'index' F:\appserv\www\think\Index\Runtime\Cache\a1f7cd0bf952b8bd4a2070b18a772406.php 第 33 行.
NOTIC: [8] Use of undefined constant index - assumed 'index' F:\appserv\www\think\Index\Runtime\Cache\a1f7cd0bf952b8bd4a2070b18a772406.php 第 50 行.
INFO: ParseTemplate Behavior ::run [ RunTime:0.044893s ]
INFO: [ view_parse ] --END-- [ RunTime:0.045100s ]
INFO: [ view_filter ] --START--
INFO: ContentReplace Behavior ::run [ RunTime:0.000487s ]
INFO: TokenBuild Behavior ::run [ RunTime:0.000459s ]
INFO: WriteHtmlCache Behavior ::run [ RunTime:0.000303s ]
INFO: ShowRuntime Behavior ::run [ RunTime:0.000555s ]
INFO: [ view_filter ] --END-- [ RunTime:0.002042s ]
INFO: [ view_end ] --START--
INFO: ShowPageTrace Behavior ::run [ RunTime:0.000624s ]
INFO: [ view_end ] --END-- [ RunTime:0.000690s ]

