[ 2016-04-26T11:30:27+08:00 ] 127.0.0.1 /think/index.php/Index/index
INFO: [ route_check ] --START--
INFO: CheckRoute Behavior ::run [ RunTime:0.001292s ]
INFO: [ route_check ] --END-- [ RunTime:0.001390s ]
INFO: [ app_begin ] --START--
INFO: ReadHtmlCache Behavior ::run [ RunTime:0.001252s ]
INFO: [ app_begin ] --END-- [ RunTime:0.001378s ]
SQL: SHOW COLUMNS FROM `db_type` [ RunTime:0.021386s ]
SQL: SELECT * FROM `db_type` WHERE ( t_status=1 ) ORDER BY t_order ASC  [ RunTime:0.000257s ]
SQL: SHOW COLUMNS FROM `db_news` [ RunTime:0.001308s ]
SQL: SELECT * FROM `db_news` WHERE ( n_type=13 and n_status=1 and n_position=2 ) ORDER BY n_addtime desc , n_nums desc LIMIT 15   [ RunTime:0.006019s ]
SQL: SELECT * FROM `db_news` WHERE ( n_type=14 and n_status=1 and n_position=2 ) ORDER BY n_addtime desc , n_nums desc LIMIT 15   [ RunTime:0.000316s ]
SQL: SELECT * FROM `db_news` WHERE ( n_type=12 and n_status=1 and n_position=2 ) ORDER BY n_addtime desc , n_nums desc LIMIT 15   [ RunTime:0.000306s ]
SQL: SELECT * FROM `db_news` WHERE ( n_type=15 and n_status=1 and n_position=2 ) ORDER BY n_addtime desc , n_nums desc LIMIT 15   [ RunTime:0.000272s ]
NOTIC: [8] Undefined index:  c_name F:\appserv\www\think\Index\Lib\Action\IndexAction.class.php 第 12 行.
INFO: [ view_parse ] --START--
NOTIC: [8] Use of undefined constant index - assumed 'index' F:\appserv\www\think\Index\Runtime\Cache\e9ca3d00a40c8a0e158f18fe2252bc69.php 第 11 行.
INFO: ParseTemplate Behavior ::run [ RunTime:0.049621s ]
INFO: [ view_parse ] --END-- [ RunTime:0.049736s ]
INFO: [ view_filter ] --START--
INFO: ContentReplace Behavior ::run [ RunTime:0.001150s ]
INFO: TokenBuild Behavior ::run [ RunTime:0.000860s ]
INFO: WriteHtmlCache Behavior ::run [ RunTime:0.000694s ]
INFO: ShowRuntime Behavior ::run [ RunTime:0.000783s ]
INFO: [ view_filter ] --END-- [ RunTime:0.003690s ]
INFO: [ view_end ] --START--
INFO: ShowPageTrace Behavior ::run [ RunTime:0.001195s ]
INFO: [ view_end ] --END-- [ RunTime:0.001289s ]

[ 2016-04-26T11:30:30+08:00 ] 127.0.0.1 /think/index.php/index/newsList/t_id/13
INFO: [ route_check ] --START--
INFO: CheckRoute Behavior ::run [ RunTime:0.000732s ]
INFO: [ route_check ] --END-- [ RunTime:0.000816s ]
INFO: [ app_begin ] --START--
INFO: ReadHtmlCache Behavior ::run [ RunTime:0.000449s ]
INFO: [ app_begin ] --END-- [ RunTime:0.000515s ]
SQL: SHOW COLUMNS FROM `db_type` [ RunTime:0.001763s ]
SQL: SELECT `t_name` FROM `db_type` WHERE ( t_id ='13' ) LIMIT 1   [ RunTime:0.000260s ]
SQL: SELECT * FROM `db_type` WHERE ( t_status=1 ) ORDER BY t_order ASC  [ RunTime:0.000191s ]
SQL: SHOW COLUMNS FROM `db_news` [ RunTime:0.001279s ]
SQL: SELECT COUNT(n_id) AS tp_count FROM `db_news` WHERE ( `n_type` = '13' ) AND ( `n_status` = 1 ) LIMIT 1   [ RunTime:0.017895s ]
SQL: SELECT * FROM `db_news` WHERE ( `n_type` = '13' ) AND ( `n_status` = 1 ) ORDER BY n_addtime desc , n_nums desc LIMIT 0,10   [ RunTime:0.000459s ]
INFO: [ view_parse ] --START--
NOTIC: [8] Use of undefined constant index - assumed 'index' F:\appserv\www\think\Index\Runtime\Cache\1a4e538a4f58ac229c3315362a246230.php 第 12 行.
NOTIC: [8] Undefined variable: c_name F:\appserv\www\think\Index\Runtime\Cache\1a4e538a4f58ac229c3315362a246230.php 第 19 行.
NOTIC: [8] Use of undefined constant index - assumed 'index' F:\appserv\www\think\Index\Runtime\Cache\1a4e538a4f58ac229c3315362a246230.php 第 44 行.
INFO: ParseTemplate Behavior ::run [ RunTime:0.021441s ]
INFO: [ view_parse ] --END-- [ RunTime:0.021550s ]
INFO: [ view_filter ] --START--
INFO: ContentReplace Behavior ::run [ RunTime:0.000327s ]
INFO: TokenBuild Behavior ::run [ RunTime:0.000337s ]
INFO: WriteHtmlCache Behavior ::run [ RunTime:0.000224s ]
INFO: ShowRuntime Behavior ::run [ RunTime:0.000426s ]
INFO: [ view_filter ] --END-- [ RunTime:0.001565s ]
INFO: [ view_end ] --START--
INFO: ShowPageTrace Behavior ::run [ RunTime:0.001461s ]
INFO: [ view_end ] --END-- [ RunTime:0.001614s ]

[ 2016-04-26T11:30:34+08:00 ] 127.0.0.1 /think/index.php/register/register
INFO: [ route_check ] --START--
INFO: CheckRoute Behavior ::run [ RunTime:0.000827s ]
INFO: [ route_check ] --END-- [ RunTime:0.000929s ]
INFO: [ app_begin ] --START--
INFO: ReadHtmlCache Behavior ::run [ RunTime:0.000522s ]
INFO: [ app_begin ] --END-- [ RunTime:0.000602s ]
INFO: [ view_parse ] --START--
INFO: ParseTemplate Behavior ::run [ RunTime:0.017816s ]
INFO: [ view_parse ] --END-- [ RunTime:0.017935s ]
INFO: [ view_filter ] --START--
INFO: ContentReplace Behavior ::run [ RunTime:0.000351s ]
INFO: TokenBuild Behavior ::run [ RunTime:0.000336s ]
INFO: WriteHtmlCache Behavior ::run [ RunTime:0.000227s ]
INFO: ShowRuntime Behavior ::run [ RunTime:0.000401s ]
INFO: [ view_filter ] --END-- [ RunTime:0.001510s ]
INFO: [ view_end ] --START--
INFO: ShowPageTrace Behavior ::run [ RunTime:0.000562s ]
INFO: [ view_end ] --END-- [ RunTime:0.000638s ]

[ 2016-04-26T11:30:40+08:00 ] 127.0.0.1 /think/index.php/index/message/n_id/14
INFO: [ route_check ] --START--
INFO: CheckRoute Behavior ::run [ RunTime:0.000895s ]
INFO: [ route_check ] --END-- [ RunTime:0.001018s ]
INFO: [ app_begin ] --START--
INFO: ReadHtmlCache Behavior ::run [ RunTime:0.000582s ]
INFO: [ app_begin ] --END-- [ RunTime:0.000672s ]
SQL: SHOW COLUMNS FROM `db_type` [ RunTime:0.001205s ]
SQL: SELECT * FROM `db_type` WHERE ( t_status=1 ) ORDER BY t_order ASC  [ RunTime:0.000203s ]
SQL: SHOW COLUMNS FROM `db_news` [ RunTime:0.001419s ]
SQL: SELECT * FROM `db_news` WHERE ( `n_id` = 14 ) LIMIT 1   [ RunTime:0.000184s ]
SQL: UPDATE `db_news` SET `n_nums`=n_nums+1 WHERE ( `n_id` = 14 ) [ RunTime:0.091729s ]
SQL: SELECT `n_type` FROM `db_news` WHERE ( `n_id` = 14 ) LIMIT 1   [ RunTime:0.000220s ]
SQL: SELECT `n_author` FROM `db_news` WHERE ( `n_id` = 14 ) LIMIT 1   [ RunTime:0.000123s ]
SQL: SELECT `t_name` FROM `db_type` WHERE ( t_id = '13' ) LIMIT 1   [ RunTime:0.000127s ]
SQL: SHOW COLUMNS FROM `db_user` [ RunTime:0.050628s ]
SQL: SELECT `u_name` FROM `db_user` WHERE ( u_id = '1' ) LIMIT 1   [ RunTime:0.000217s ]
SQL: SHOW COLUMNS FROM `db_comment` [ RunTime:0.045614s ]
SQL: SHOW COLUMNS FROM `db_customer` [ RunTime:0.041182s ]
SQL: SELECT COUNT(co_id) AS tp_count FROM db_comment comment LEFT JOIN db_customer customer ON comment.co_custumer_id=customer.c_id WHERE ( co_news_id ='14' and co_status=1 ) ORDER BY comment.co_addtime DESC LIMIT 1   [ RunTime:0.015013s ]
SQL: SELECT comment.co_id AS co_id,comment.co_message AS co_message,comment.co_addtime AS co_addtime,comment.co_status AS co_status,customer.c_name AS co_name FROM db_comment comment LEFT JOIN db_customer customer ON comment.co_custumer_id=customer.c_id WHERE ( co_news_id ='14' and co_status=1 ) ORDER BY comment.co_addtime DESC LIMIT 0,10   [ RunTime:0.000325s ]
NOTIC: [8] Undefined index:  c_name F:\appserv\www\think\Index\Lib\Action\IndexAction.class.php 第 74 行.
INFO: [ view_parse ] --START--
NOTIC: [8] Use of undefined constant index - assumed 'index' F:\appserv\www\think\Index\Runtime\Cache\a1f7cd0bf952b8bd4a2070b18a772406.php 第 33 行.
NOTIC: [8] Use of undefined constant index - assumed 'index' F:\appserv\www\think\Index\Runtime\Cache\a1f7cd0bf952b8bd4a2070b18a772406.php 第 50 行.
INFO: ParseTemplate Behavior ::run [ RunTime:0.022868s ]
INFO: [ view_parse ] --END-- [ RunTime:0.022959s ]
INFO: [ view_filter ] --START--
INFO: ContentReplace Behavior ::run [ RunTime:0.000347s ]
INFO: TokenBuild Behavior ::run [ RunTime:0.000269s ]
INFO: WriteHtmlCache Behavior ::run [ RunTime:0.000178s ]
INFO: ShowRuntime Behavior ::run [ RunTime:0.000366s ]
INFO: [ view_filter ] --END-- [ RunTime:0.001323s ]
INFO: [ view_end ] --START--
INFO: ShowPageTrace Behavior ::run [ RunTime:0.000534s ]
INFO: [ view_end ] --END-- [ RunTime:0.000626s ]

[ 2016-04-26T11:30:44+08:00 ] 127.0.0.1 /think/index.php/login/login
INFO: [ route_check ] --START--
INFO: CheckRoute Behavior ::run [ RunTime:0.000752s ]
INFO: [ route_check ] --END-- [ RunTime:0.000845s ]
INFO: [ app_begin ] --START--
INFO: ReadHtmlCache Behavior ::run [ RunTime:0.000487s ]
INFO: [ app_begin ] --END-- [ RunTime:0.000555s ]
INFO: [ view_parse ] --START--
INFO: ParseTemplate Behavior ::run [ RunTime:0.028862s ]
INFO: [ view_parse ] --END-- [ RunTime:0.028989s ]
INFO: [ view_filter ] --START--
INFO: ContentReplace Behavior ::run [ RunTime:0.000298s ]
INFO: TokenBuild Behavior ::run [ RunTime:0.000274s ]
INFO: WriteHtmlCache Behavior ::run [ RunTime:0.000188s ]
INFO: ShowRuntime Behavior ::run [ RunTime:0.000352s ]
INFO: [ view_filter ] --END-- [ RunTime:0.001272s ]
INFO: [ view_end ] --START--
INFO: ShowPageTrace Behavior ::run [ RunTime:0.000562s ]
INFO: [ view_end ] --END-- [ RunTime:0.000631s ]

[ 2016-04-26T11:30:48+08:00 ] 127.0.0.1 /think/index.php/login/doLogin
INFO: [ route_check ] --START--
INFO: CheckRoute Behavior ::run [ RunTime:0.000796s ]
INFO: [ route_check ] --END-- [ RunTime:0.000898s ]
INFO: [ app_begin ] --START--
INFO: ReadHtmlCache Behavior ::run [ RunTime:0.000500s ]
INFO: [ app_begin ] --END-- [ RunTime:0.000576s ]
SQL: SHOW COLUMNS FROM `db_customer` [ RunTime:0.000984s ]
SQL: SELECT * FROM `db_customer` WHERE ( `c_name` = 'doom' ) LIMIT 1   [ RunTime:0.047346s ]
INFO: [ view_parse ] --START--
INFO: ParseTemplate Behavior ::run [ RunTime:0.073264s ]
INFO: [ view_parse ] --END-- [ RunTime:0.073365s ]
INFO: [ view_filter ] --START--
INFO: ContentReplace Behavior ::run [ RunTime:0.000329s ]
INFO: TokenBuild Behavior ::run [ RunTime:0.000342s ]
INFO: WriteHtmlCache Behavior ::run [ RunTime:0.000223s ]
INFO: ShowRuntime Behavior ::run [ RunTime:0.000407s ]
INFO: [ view_filter ] --END-- [ RunTime:0.001498s ]
INFO: [ view_end ] --START--
INFO: ShowPageTrace Behavior ::run [ RunTime:0.000621s ]
INFO: [ view_end ] --END-- [ RunTime:0.000692s ]

[ 2016-04-26T11:30:49+08:00 ] 127.0.0.1 /think/index.php/index/index
INFO: [ route_check ] --START--
INFO: CheckRoute Behavior ::run [ RunTime:0.000773s ]
INFO: [ route_check ] --END-- [ RunTime:0.000887s ]
INFO: [ app_begin ] --START--
INFO: ReadHtmlCache Behavior ::run [ RunTime:0.000638s ]
INFO: [ app_begin ] --END-- [ RunTime:0.000716s ]
SQL: SHOW COLUMNS FROM `db_type` [ RunTime:0.000988s ]
SQL: SELECT * FROM `db_type` WHERE ( t_status=1 ) ORDER BY t_order ASC  [ RunTime:0.000191s ]
SQL: SHOW COLUMNS FROM `db_news` [ RunTime:0.000954s ]
SQL: SELECT * FROM `db_news` WHERE ( n_type=13 and n_status=1 and n_position=2 ) ORDER BY n_addtime desc , n_nums desc LIMIT 15   [ RunTime:0.000362s ]
SQL: SELECT * FROM `db_news` WHERE ( n_type=14 and n_status=1 and n_position=2 ) ORDER BY n_addtime desc , n_nums desc LIMIT 15   [ RunTime:0.001341s ]
SQL: SELECT * FROM `db_news` WHERE ( n_type=12 and n_status=1 and n_position=2 ) ORDER BY n_addtime desc , n_nums desc LIMIT 15   [ RunTime:0.000434s ]
SQL: SELECT * FROM `db_news` WHERE ( n_type=15 and n_status=1 and n_position=2 ) ORDER BY n_addtime desc , n_nums desc LIMIT 15   [ RunTime:0.000242s ]
INFO: [ view_parse ] --START--
NOTIC: [8] Use of undefined constant index - assumed 'index' F:\appserv\www\think\Index\Runtime\Cache\e9ca3d00a40c8a0e158f18fe2252bc69.php 第 11 行.
INFO: ParseTemplate Behavior ::run [ RunTime:0.019708s ]
INFO: [ view_parse ] --END-- [ RunTime:0.019801s ]
INFO: [ view_filter ] --START--
INFO: ContentReplace Behavior ::run [ RunTime:0.000400s ]
INFO: TokenBuild Behavior ::run [ RunTime:0.000274s ]
INFO: WriteHtmlCache Behavior ::run [ RunTime:0.000178s ]
INFO: ShowRuntime Behavior ::run [ RunTime:0.000430s ]
INFO: [ view_filter ] --END-- [ RunTime:0.001477s ]
INFO: [ view_end ] --START--
INFO: ShowPageTrace Behavior ::run [ RunTime:0.000573s ]
INFO: [ view_end ] --END-- [ RunTime:0.000666s ]

[ 2016-04-26T11:30:52+08:00 ] 127.0.0.1 /think/index.php/index/message/n_id/5
INFO: [ route_check ] --START--
INFO: CheckRoute Behavior ::run [ RunTime:0.000882s ]
INFO: [ route_check ] --END-- [ RunTime:0.001008s ]
INFO: [ app_begin ] --START--
INFO: ReadHtmlCache Behavior ::run [ RunTime:0.000575s ]
INFO: [ app_begin ] --END-- [ RunTime:0.000665s ]
SQL: SHOW COLUMNS FROM `db_type` [ RunTime:0.002385s ]
SQL: SELECT * FROM `db_type` WHERE ( t_status=1 ) ORDER BY t_order ASC  [ RunTime:0.000620s ]
SQL: SHOW COLUMNS FROM `db_news` [ RunTime:0.003256s ]
SQL: SELECT * FROM `db_news` WHERE ( `n_id` = 5 ) LIMIT 1   [ RunTime:0.000241s ]
SQL: UPDATE `db_news` SET `n_nums`=n_nums+1 WHERE ( `n_id` = 5 ) [ RunTime:0.000214s ]
SQL: SELECT `n_type` FROM `db_news` WHERE ( `n_id` = 5 ) LIMIT 1   [ RunTime:0.000144s ]
SQL: SELECT `n_author` FROM `db_news` WHERE ( `n_id` = 5 ) LIMIT 1   [ RunTime:0.000178s ]
SQL: SELECT `t_name` FROM `db_type` WHERE ( t_id = '13' ) LIMIT 1   [ RunTime:0.000226s ]
SQL: SHOW COLUMNS FROM `db_user` [ RunTime:0.001472s ]
SQL: SELECT `u_name` FROM `db_user` WHERE ( u_id = '1' ) LIMIT 1   [ RunTime:0.000208s ]
SQL: SHOW COLUMNS FROM `db_comment` [ RunTime:0.001668s ]
SQL: SHOW COLUMNS FROM `db_customer` [ RunTime:0.003843s ]
SQL: SELECT COUNT(co_id) AS tp_count FROM db_comment comment LEFT JOIN db_customer customer ON comment.co_custumer_id=customer.c_id WHERE ( co_news_id ='5' and co_status=1 ) ORDER BY comment.co_addtime DESC LIMIT 1   [ RunTime:0.000329s ]
SQL: SELECT comment.co_id AS co_id,comment.co_message AS co_message,comment.co_addtime AS co_addtime,comment.co_status AS co_status,customer.c_name AS co_name FROM db_comment comment LEFT JOIN db_customer customer ON comment.co_custumer_id=customer.c_id WHERE ( co_news_id ='5' and co_status=1 ) ORDER BY comment.co_addtime DESC LIMIT 0,10   [ RunTime:0.000317s ]
INFO: [ view_parse ] --START--
NOTIC: [8] Use of undefined constant index - assumed 'index' F:\appserv\www\think\Index\Runtime\Cache\a1f7cd0bf952b8bd4a2070b18a772406.php 第 33 行.
NOTIC: [8] Use of undefined constant index - assumed 'index' F:\appserv\www\think\Index\Runtime\Cache\a1f7cd0bf952b8bd4a2070b18a772406.php 第 50 行.
INFO: ParseTemplate Behavior ::run [ RunTime:0.015366s ]
INFO: [ view_parse ] --END-- [ RunTime:0.015472s ]
INFO: [ view_filter ] --START--
INFO: ContentReplace Behavior ::run [ RunTime:0.000380s ]
INFO: TokenBuild Behavior ::run [ RunTime:0.000329s ]
INFO: WriteHtmlCache Behavior ::run [ RunTime:0.000213s ]
INFO: ShowRuntime Behavior ::run [ RunTime:0.000372s ]
INFO: [ view_filter ] --END-- [ RunTime:0.001472s ]
INFO: [ view_end ] --START--
INFO: ShowPageTrace Behavior ::run [ RunTime:0.000541s ]
INFO: [ view_end ] --END-- [ RunTime:0.000609s ]

[ 2016-04-26T11:30:58+08:00 ] 127.0.0.1 /think/index.php/index/message/n_id/14
INFO: [ route_check ] --START--
INFO: CheckRoute Behavior ::run [ RunTime:0.000910s ]
INFO: [ route_check ] --END-- [ RunTime:0.001049s ]
INFO: [ app_begin ] --START--
INFO: ReadHtmlCache Behavior ::run [ RunTime:0.000447s ]
INFO: [ app_begin ] --END-- [ RunTime:0.000522s ]
SQL: SHOW COLUMNS FROM `db_type` [ RunTime:0.002071s ]
SQL: SELECT * FROM `db_type` WHERE ( t_status=1 ) ORDER BY t_order ASC  [ RunTime:0.000226s ]
SQL: SHOW COLUMNS FROM `db_news` [ RunTime:0.001230s ]
SQL: SELECT * FROM `db_news` WHERE ( `n_id` = 14 ) LIMIT 1   [ RunTime:0.000199s ]
SQL: UPDATE `db_news` SET `n_nums`=n_nums+1 WHERE ( `n_id` = 14 ) [ RunTime:0.000174s ]
SQL: SELECT `n_type` FROM `db_news` WHERE ( `n_id` = 14 ) LIMIT 1   [ RunTime:0.000127s ]
SQL: SELECT `n_author` FROM `db_news` WHERE ( `n_id` = 14 ) LIMIT 1   [ RunTime:0.000121s ]
SQL: SELECT `t_name` FROM `db_type` WHERE ( t_id = '13' ) LIMIT 1   [ RunTime:0.000144s ]
SQL: SHOW COLUMNS FROM `db_user` [ RunTime:0.003268s ]
SQL: SELECT `u_name` FROM `db_user` WHERE ( u_id = '1' ) LIMIT 1   [ RunTime:0.000422s ]
SQL: SHOW COLUMNS FROM `db_comment` [ RunTime:0.001480s ]
SQL: SHOW COLUMNS FROM `db_customer` [ RunTime:0.001147s ]
SQL: SELECT COUNT(co_id) AS tp_count FROM db_comment comment LEFT JOIN db_customer customer ON comment.co_custumer_id=customer.c_id WHERE ( co_news_id ='14' and co_status=1 ) ORDER BY comment.co_addtime DESC LIMIT 1   [ RunTime:0.000215s ]
SQL: SELECT comment.co_id AS co_id,comment.co_message AS co_message,comment.co_addtime AS co_addtime,comment.co_status AS co_status,customer.c_name AS co_name FROM db_comment comment LEFT JOIN db_customer customer ON comment.co_custumer_id=customer.c_id WHERE ( co_news_id ='14' and co_status=1 ) ORDER BY comment.co_addtime DESC LIMIT 0,10   [ RunTime:0.000220s ]
INFO: [ view_parse ] --START--
NOTIC: [8] Use of undefined constant index - assumed 'index' F:\appserv\www\think\Index\Runtime\Cache\a1f7cd0bf952b8bd4a2070b18a772406.php 第 33 行.
NOTIC: [8] Use of undefined constant index - assumed 'index' F:\appserv\www\think\Index\Runtime\Cache\a1f7cd0bf952b8bd4a2070b18a772406.php 第 50 行.
INFO: ParseTemplate Behavior ::run [ RunTime:0.014807s ]
INFO: [ view_parse ] --END-- [ RunTime:0.014903s ]
INFO: [ view_filter ] --START--
INFO: ContentReplace Behavior ::run [ RunTime:0.000365s ]
INFO: TokenBuild Behavior ::run [ RunTime:0.000338s ]
INFO: WriteHtmlCache Behavior ::run [ RunTime:0.000225s ]
INFO: ShowRuntime Behavior ::run [ RunTime:0.000407s ]
INFO: [ view_filter ] --END-- [ RunTime:0.001525s ]
INFO: [ view_end ] --START--
INFO: ShowPageTrace Behavior ::run [ RunTime:0.000552s ]
INFO: [ view_end ] --END-- [ RunTime:0.000623s ]

[ 2016-04-26T11:31:01+08:00 ] 127.0.0.1 /think/index.php/index/message/n_id/5
INFO: [ route_check ] --START--
INFO: CheckRoute Behavior ::run [ RunTime:0.001605s ]
INFO: [ route_check ] --END-- [ RunTime:0.001933s ]
INFO: [ app_begin ] --START--
INFO: ReadHtmlCache Behavior ::run [ RunTime:0.001033s ]
INFO: [ app_begin ] --END-- [ RunTime:0.001294s ]
SQL: SHOW COLUMNS FROM `db_type` [ RunTime:0.004224s ]
SQL: SELECT * FROM `db_type` WHERE ( t_status=1 ) ORDER BY t_order ASC  [ RunTime:0.000457s ]
SQL: SHOW COLUMNS FROM `db_news` [ RunTime:0.001555s ]
SQL: SELECT * FROM `db_news` WHERE ( `n_id` = 5 ) LIMIT 1   [ RunTime:0.000280s ]
SQL: UPDATE `db_news` SET `n_nums`=n_nums+1 WHERE ( `n_id` = 5 ) [ RunTime:0.000219s ]
SQL: SELECT `n_type` FROM `db_news` WHERE ( `n_id` = 5 ) LIMIT 1   [ RunTime:0.000143s ]
SQL: SELECT `n_author` FROM `db_news` WHERE ( `n_id` = 5 ) LIMIT 1   [ RunTime:0.000126s ]
SQL: SELECT `t_name` FROM `db_type` WHERE ( t_id = '13' ) LIMIT 1   [ RunTime:0.000120s ]
SQL: SHOW COLUMNS FROM `db_user` [ RunTime:0.001278s ]
SQL: SELECT `u_name` FROM `db_user` WHERE ( u_id = '1' ) LIMIT 1   [ RunTime:0.000239s ]
SQL: SHOW COLUMNS FROM `db_comment` [ RunTime:0.001306s ]
SQL: SHOW COLUMNS FROM `db_customer` [ RunTime:0.001206s ]
SQL: SELECT COUNT(co_id) AS tp_count FROM db_comment comment LEFT JOIN db_customer customer ON comment.co_custumer_id=customer.c_id WHERE ( co_news_id ='5' and co_status=1 ) ORDER BY comment.co_addtime DESC LIMIT 1   [ RunTime:0.000313s ]
SQL: SELECT comment.co_id AS co_id,comment.co_message AS co_message,comment.co_addtime AS co_addtime,comment.co_status AS co_status,customer.c_name AS co_name FROM db_comment comment LEFT JOIN db_customer customer ON comment.co_custumer_id=customer.c_id WHERE ( co_news_id ='5' and co_status=1 ) ORDER BY comment.co_addtime DESC LIMIT 0,10   [ RunTime:0.000603s ]
INFO: [ view_parse ] --START--
NOTIC: [8] Use of undefined constant index - assumed 'index' F:\appserv\www\think\Index\Runtime\Cache\a1f7cd0bf952b8bd4a2070b18a772406.php 第 33 行.
NOTIC: [8] Use of undefined constant index - assumed 'index' F:\appserv\www\think\Index\Runtime\Cache\a1f7cd0bf952b8bd4a2070b18a772406.php 第 50 行.
INFO: ParseTemplate Behavior ::run [ RunTime:0.014215s ]
INFO: [ view_parse ] --END-- [ RunTime:0.014594s ]
INFO: [ view_filter ] --START--
INFO: ContentReplace Behavior ::run [ RunTime:0.000926s ]
INFO: TokenBuild Behavior ::run [ RunTime:0.000478s ]
INFO: WriteHtmlCache Behavior ::run [ RunTime:0.000252s ]
INFO: ShowRuntime Behavior ::run [ RunTime:0.000422s ]
INFO: [ view_filter ] --END-- [ RunTime:0.002390s ]
INFO: [ view_end ] --START--
INFO: ShowPageTrace Behavior ::run [ RunTime:0.000601s ]
INFO: [ view_end ] --END-- [ RunTime:0.000680s ]

[ 2016-04-26T11:33:24+08:00 ] 127.0.0.1 /think/index.php/Index/index
INFO: [ route_check ] --START--
INFO: CheckRoute Behavior ::run [ RunTime:0.001578s ]
INFO: [ route_check ] --END-- [ RunTime:0.001724s ]
INFO: [ app_begin ] --START--
INFO: ReadHtmlCache Behavior ::run [ RunTime:0.001016s ]
INFO: [ app_begin ] --END-- [ RunTime:0.001156s ]
SQL: SHOW COLUMNS FROM `db_type` [ RunTime:0.001480s ]
SQL: SELECT * FROM `db_type` WHERE ( t_status=1 ) ORDER BY t_order ASC  [ RunTime:0.000275s ]
SQL: SHOW COLUMNS FROM `db_news` [ RunTime:0.001664s ]
SQL: SELECT * FROM `db_news` WHERE ( n_type=13 and n_status=1 and n_position=2 ) ORDER BY n_addtime desc , n_nums desc LIMIT 15   [ RunTime:0.000438s ]
SQL: SELECT * FROM `db_news` WHERE ( n_type=14 and n_status=1 and n_position=2 ) ORDER BY n_addtime desc , n_nums desc LIMIT 15   [ RunTime:0.000387s ]
SQL: SELECT * FROM `db_news` WHERE ( n_type=12 and n_status=1 and n_position=2 ) ORDER BY n_addtime desc , n_nums desc LIMIT 15   [ RunTime:0.000389s ]
SQL: SELECT * FROM `db_news` WHERE ( n_type=15 and n_status=1 and n_position=2 ) ORDER BY n_addtime desc , n_nums desc LIMIT 15   [ RunTime:0.000402s ]
INFO: [ view_parse ] --START--
NOTIC: [8] Use of undefined constant index - assumed 'index' F:\appserv\www\think\Index\Runtime\Cache\e9ca3d00a40c8a0e158f18fe2252bc69.php 第 11 行.
INFO: ParseTemplate Behavior ::run [ RunTime:0.030621s ]
INFO: [ view_parse ] --END-- [ RunTime:0.030732s ]
INFO: [ view_filter ] --START--
INFO: ContentReplace Behavior ::run [ RunTime:0.000704s ]
INFO: TokenBuild Behavior ::run [ RunTime:0.000562s ]
INFO: WriteHtmlCache Behavior ::run [ RunTime:0.000480s ]
INFO: ShowRuntime Behavior ::run [ RunTime:0.000618s ]
INFO: [ view_filter ] --END-- [ RunTime:0.002545s ]
INFO: [ view_end ] --START--
INFO: ShowPageTrace Behavior ::run [ RunTime:0.000959s ]
INFO: [ view_end ] --END-- [ RunTime:0.001052s ]

[ 2016-04-26T11:33:26+08:00 ] 127.0.0.1 /think/index.php/Index/index
INFO: [ route_check ] --START--
INFO: CheckRoute Behavior ::run [ RunTime:0.000873s ]
INFO: [ route_check ] --END-- [ RunTime:0.000998s ]
INFO: [ app_begin ] --START--
INFO: ReadHtmlCache Behavior ::run [ RunTime:0.000551s ]
INFO: [ app_begin ] --END-- [ RunTime:0.000642s ]
SQL: SHOW COLUMNS FROM `db_type` [ RunTime:0.001537s ]
SQL: SELECT * FROM `db_type` WHERE ( t_status=1 ) ORDER BY t_order ASC  [ RunTime:0.000278s ]
SQL: SHOW COLUMNS FROM `db_news` [ RunTime:0.001740s ]
SQL: SELECT * FROM `db_news` WHERE ( n_type=13 and n_status=1 and n_position=2 ) ORDER BY n_addtime desc , n_nums desc LIMIT 15   [ RunTime:0.001743s ]
SQL: SELECT * FROM `db_news` WHERE ( n_type=14 and n_status=1 and n_position=2 ) ORDER BY n_addtime desc , n_nums desc LIMIT 15   [ RunTime:0.000977s ]
SQL: SELECT * FROM `db_news` WHERE ( n_type=12 and n_status=1 and n_position=2 ) ORDER BY n_addtime desc , n_nums desc LIMIT 15   [ RunTime:0.000505s ]
SQL: SELECT * FROM `db_news` WHERE ( n_type=15 and n_status=1 and n_position=2 ) ORDER BY n_addtime desc , n_nums desc LIMIT 15   [ RunTime:0.000376s ]
INFO: [ view_parse ] --START--
NOTIC: [8] Use of undefined constant index - assumed 'index' F:\appserv\www\think\Index\Runtime\Cache\e9ca3d00a40c8a0e158f18fe2252bc69.php 第 11 行.
INFO: ParseTemplate Behavior ::run [ RunTime:0.021941s ]
INFO: [ view_parse ] --END-- [ RunTime:0.022060s ]
INFO: [ view_filter ] --START--
INFO: ContentReplace Behavior ::run [ RunTime:0.000644s ]
INFO: TokenBuild Behavior ::run [ RunTime:0.000418s ]
INFO: WriteHtmlCache Behavior ::run [ RunTime:0.000258s ]
INFO: ShowRuntime Behavior ::run [ RunTime:0.000374s ]
INFO: [ view_filter ] --END-- [ RunTime:0.001919s ]
INFO: [ view_end ] --START--
INFO: ShowPageTrace Behavior ::run [ RunTime:0.000603s ]
INFO: [ view_end ] --END-- [ RunTime:0.000695s ]

[ 2016-04-26T11:33:27+08:00 ] 127.0.0.1 /think/index.php/Index/index
INFO: [ route_check ] --START--
INFO: CheckRoute Behavior ::run [ RunTime:0.000860s ]
INFO: [ route_check ] --END-- [ RunTime:0.000983s ]
INFO: [ app_begin ] --START--
INFO: ReadHtmlCache Behavior ::run [ RunTime:0.000569s ]
INFO: [ app_begin ] --END-- [ RunTime:0.000651s ]
SQL: SHOW COLUMNS FROM `db_type` [ RunTime:0.001409s ]
SQL: SELECT * FROM `db_type` WHERE ( t_status=1 ) ORDER BY t_order ASC  [ RunTime:0.001165s ]
SQL: SHOW COLUMNS FROM `db_news` [ RunTime:0.003549s ]
SQL: SELECT * FROM `db_news` WHERE ( n_type=13 and n_status=1 and n_position=2 ) ORDER BY n_addtime desc , n_nums desc LIMIT 15   [ RunTime:0.000445s ]
SQL: SELECT * FROM `db_news` WHERE ( n_type=14 and n_status=1 and n_position=2 ) ORDER BY n_addtime desc , n_nums desc LIMIT 15   [ RunTime:0.000378s ]
SQL: SELECT * FROM `db_news` WHERE ( n_type=12 and n_status=1 and n_position=2 ) ORDER BY n_addtime desc , n_nums desc LIMIT 15   [ RunTime:0.000349s ]
SQL: SELECT * FROM `db_news` WHERE ( n_type=15 and n_status=1 and n_position=2 ) ORDER BY n_addtime desc , n_nums desc LIMIT 15   [ RunTime:0.000360s ]
INFO: [ view_parse ] --START--
NOTIC: [8] Use of undefined constant index - assumed 'index' F:\appserv\www\think\Index\Runtime\Cache\e9ca3d00a40c8a0e158f18fe2252bc69.php 第 11 行.
INFO: ParseTemplate Behavior ::run [ RunTime:0.023953s ]
INFO: [ view_parse ] --END-- [ RunTime:0.024069s ]
INFO: [ view_filter ] --START--
INFO: ContentReplace Behavior ::run [ RunTime:0.000529s ]
INFO: TokenBuild Behavior ::run [ RunTime:0.000381s ]
INFO: WriteHtmlCache Behavior ::run [ RunTime:0.000317s ]
INFO: ShowRuntime Behavior ::run [ RunTime:0.001514s ]
INFO: [ view_filter ] --END-- [ RunTime:0.003203s ]
INFO: [ view_end ] --START--
INFO: ShowPageTrace Behavior ::run [ RunTime:0.000860s ]
INFO: [ view_end ] --END-- [ RunTime:0.000956s ]

[ 2016-04-26T11:33:29+08:00 ] 127.0.0.1 /think/index.php/Index/index
INFO: [ route_check ] --START--
INFO: CheckRoute Behavior ::run [ RunTime:0.000929s ]
INFO: [ route_check ] --END-- [ RunTime:0.001060s ]
INFO: [ app_begin ] --START--
INFO: ReadHtmlCache Behavior ::run [ RunTime:0.000551s ]
INFO: [ app_begin ] --END-- [ RunTime:0.000632s ]
SQL: SHOW COLUMNS FROM `db_type` [ RunTime:0.001620s ]
SQL: SELECT * FROM `db_type` WHERE ( t_status=1 ) ORDER BY t_order ASC  [ RunTime:0.000342s ]
SQL: SHOW COLUMNS FROM `db_news` [ RunTime:0.001450s ]
SQL: SELECT * FROM `db_news` WHERE ( n_type=13 and n_status=1 and n_position=2 ) ORDER BY n_addtime desc , n_nums desc LIMIT 15   [ RunTime:0.000419s ]
SQL: SELECT * FROM `db_news` WHERE ( n_type=14 and n_status=1 and n_position=2 ) ORDER BY n_addtime desc , n_nums desc LIMIT 15   [ RunTime:0.000352s ]
SQL: SELECT * FROM `db_news` WHERE ( n_type=12 and n_status=1 and n_position=2 ) ORDER BY n_addtime desc , n_nums desc LIMIT 15   [ RunTime:0.000367s ]
SQL: SELECT * FROM `db_news` WHERE ( n_type=15 and n_status=1 and n_position=2 ) ORDER BY n_addtime desc , n_nums desc LIMIT 15   [ RunTime:0.000321s ]
INFO: [ view_parse ] --START--
NOTIC: [8] Use of undefined constant index - assumed 'index' F:\appserv\www\think\Index\Runtime\Cache\e9ca3d00a40c8a0e158f18fe2252bc69.php 第 11 行.
INFO: ParseTemplate Behavior ::run [ RunTime:0.023051s ]
INFO: [ view_parse ] --END-- [ RunTime:0.023550s ]
INFO: [ view_filter ] --START--
INFO: ContentReplace Behavior ::run [ RunTime:0.000891s ]
INFO: TokenBuild Behavior ::run [ RunTime:0.000314s ]
INFO: WriteHtmlCache Behavior ::run [ RunTime:0.000225s ]
INFO: ShowRuntime Behavior ::run [ RunTime:0.000414s ]
INFO: [ view_filter ] --END-- [ RunTime:0.002126s ]
INFO: [ view_end ] --START--
INFO: ShowPageTrace Behavior ::run [ RunTime:0.000597s ]
INFO: [ view_end ] --END-- [ RunTime:0.000745s ]

[ 2016-04-26T11:36:10+08:00 ] 127.0.0.1 /think/index.php/index/newsList/t_id/13
INFO: [ route_check ] --START--
INFO: CheckRoute Behavior ::run [ RunTime:0.001324s ]
INFO: [ route_check ] --END-- [ RunTime:0.001458s ]
INFO: [ app_begin ] --START--
INFO: ReadHtmlCache Behavior ::run [ RunTime:0.000916s ]
INFO: [ app_begin ] --END-- [ RunTime:0.001049s ]
SQL: SHOW COLUMNS FROM `db_type` [ RunTime:0.001552s ]
SQL: SELECT `t_name` FROM `db_type` WHERE ( t_id ='13' ) LIMIT 1   [ RunTime:0.000259s ]
SQL: SELECT * FROM `db_type` WHERE ( t_status=1 ) ORDER BY t_order ASC  [ RunTime:0.000255s ]
SQL: SHOW COLUMNS FROM `db_news` [ RunTime:0.001578s ]
SQL: SELECT COUNT(n_id) AS tp_count FROM `db_news` WHERE ( `n_type` = '13' ) AND ( `n_status` = 1 ) LIMIT 1   [ RunTime:0.000328s ]
SQL: SELECT * FROM `db_news` WHERE ( `n_type` = '13' ) AND ( `n_status` = 1 ) ORDER BY n_addtime desc , n_nums desc LIMIT 0,10   [ RunTime:0.000706s ]
INFO: [ view_parse ] --START--
NOTIC: [8] Use of undefined constant index - assumed 'index' F:\appserv\www\think\Index\Runtime\Cache\1a4e538a4f58ac229c3315362a246230.php 第 12 行.
NOTIC: [8] Undefined variable: c_name F:\appserv\www\think\Index\Runtime\Cache\1a4e538a4f58ac229c3315362a246230.php 第 19 行.
NOTIC: [8] Use of undefined constant index - assumed 'index' F:\appserv\www\think\Index\Runtime\Cache\1a4e538a4f58ac229c3315362a246230.php 第 44 行.
INFO: ParseTemplate Behavior ::run [ RunTime:0.015849s ]
INFO: [ view_parse ] --END-- [ RunTime:0.015997s ]
INFO: [ view_filter ] --START--
INFO: ContentReplace Behavior ::run [ RunTime:0.001814s ]
INFO: TokenBuild Behavior ::run [ RunTime:0.000847s ]
INFO: WriteHtmlCache Behavior ::run [ RunTime:0.000555s ]
INFO: ShowRuntime Behavior ::run [ RunTime:0.000773s ]
INFO: [ view_filter ] --END-- [ RunTime:0.004305s ]
INFO: [ view_end ] --START--
INFO: ShowPageTrace Behavior ::run [ RunTime:0.000999s ]
INFO: [ view_end ] --END-- [ RunTime:0.001093s ]

[ 2016-04-26T11:36:14+08:00 ] 127.0.0.1 /think/index.php/index/message/n_id/5
INFO: [ route_check ] --START--
INFO: CheckRoute Behavior ::run [ RunTime:0.000905s ]
INFO: [ route_check ] --END-- [ RunTime:0.001016s ]
INFO: [ app_begin ] --START--
INFO: ReadHtmlCache Behavior ::run [ RunTime:0.000528s ]
INFO: [ app_begin ] --END-- [ RunTime:0.000616s ]
SQL: SHOW COLUMNS FROM `db_type` [ RunTime:0.001319s ]
SQL: SELECT * FROM `db_type` WHERE ( t_status=1 ) ORDER BY t_order ASC  [ RunTime:0.000234s ]
SQL: SHOW COLUMNS FROM `db_news` [ RunTime:0.001231s ]
SQL: SELECT * FROM `db_news` WHERE ( `n_id` = 5 ) LIMIT 1   [ RunTime:0.000343s ]
SQL: UPDATE `db_news` SET `n_nums`=n_nums+1 WHERE ( `n_id` = 5 ) [ RunTime:0.000189s ]
SQL: SELECT `n_type` FROM `db_news` WHERE ( `n_id` = 5 ) LIMIT 1   [ RunTime:0.000131s ]
SQL: SELECT `n_author` FROM `db_news` WHERE ( `n_id` = 5 ) LIMIT 1   [ RunTime:0.000122s ]
SQL: SELECT `t_name` FROM `db_type` WHERE ( t_id = '13' ) LIMIT 1   [ RunTime:0.000118s ]
SQL: SHOW COLUMNS FROM `db_user` [ RunTime:0.001270s ]
SQL: SELECT `u_name` FROM `db_user` WHERE ( u_id = '1' ) LIMIT 1   [ RunTime:0.000175s ]
SQL: SHOW COLUMNS FROM `db_comment` [ RunTime:0.001266s ]
SQL: SHOW COLUMNS FROM `db_customer` [ RunTime:0.001106s ]
SQL: SELECT COUNT(co_id) AS tp_count FROM db_comment comment LEFT JOIN db_customer customer ON comment.co_custumer_id=customer.c_id WHERE ( co_news_id ='5' and co_status=1 ) ORDER BY comment.co_addtime DESC LIMIT 1   [ RunTime:0.000220s ]
SQL: SELECT comment.co_id AS co_id,comment.co_message AS co_message,comment.co_addtime AS co_addtime,comment.co_status AS co_status,customer.c_name AS co_name FROM db_comment comment LEFT JOIN db_customer customer ON comment.co_custumer_id=customer.c_id WHERE ( co_news_id ='5' and co_status=1 ) ORDER BY comment.co_addtime DESC LIMIT 0,10   [ RunTime:0.000215s ]
INFO: [ view_parse ] --START--
NOTIC: [8] Use of undefined constant index - assumed 'index' F:\appserv\www\think\Index\Runtime\Cache\a1f7cd0bf952b8bd4a2070b18a772406.php 第 33 行.
NOTIC: [8] Use of undefined constant index - assumed 'index' F:\appserv\www\think\Index\Runtime\Cache\a1f7cd0bf952b8bd4a2070b18a772406.php 第 50 行.
INFO: ParseTemplate Behavior ::run [ RunTime:0.014085s ]
INFO: [ view_parse ] --END-- [ RunTime:0.014172s ]
INFO: [ view_filter ] --START--
INFO: ContentReplace Behavior ::run [ RunTime:0.000334s ]
INFO: TokenBuild Behavior ::run [ RunTime:0.000299s ]
INFO: WriteHtmlCache Behavior ::run [ RunTime:0.000201s ]
INFO: ShowRuntime Behavior ::run [ RunTime:0.000362s ]
INFO: [ view_filter ] --END-- [ RunTime:0.001366s ]
INFO: [ view_end ] --START--
INFO: ShowPageTrace Behavior ::run [ RunTime:0.000534s ]
INFO: [ view_end ] --END-- [ RunTime:0.000599s ]

[ 2016-04-26T11:36:35+08:00 ] 127.0.0.1 /think/index.php/login/loginOut
INFO: [ route_check ] --START--
INFO: CheckRoute Behavior ::run [ RunTime:0.000786s ]
INFO: [ route_check ] --END-- [ RunTime:0.000887s ]
INFO: [ app_begin ] --START--
INFO: ReadHtmlCache Behavior ::run [ RunTime:0.000496s ]
INFO: [ app_begin ] --END-- [ RunTime:0.000569s ]

[ 2016-04-26T11:36:35+08:00 ] 127.0.0.1 /think/index.php/index/index
INFO: [ route_check ] --START--
INFO: CheckRoute Behavior ::run [ RunTime:0.000859s ]
INFO: [ route_check ] --END-- [ RunTime:0.001072s ]
INFO: [ app_begin ] --START--
INFO: ReadHtmlCache Behavior ::run [ RunTime:0.000669s ]
INFO: [ app_begin ] --END-- [ RunTime:0.000784s ]
SQL: SHOW COLUMNS FROM `db_type` [ RunTime:0.001288s ]
SQL: SELECT * FROM `db_type` WHERE ( t_status=1 ) ORDER BY t_order ASC  [ RunTime:0.000239s ]
SQL: SHOW COLUMNS FROM `db_news` [ RunTime:0.001299s ]
SQL: SELECT * FROM `db_news` WHERE ( n_type=13 and n_status=1 and n_position=2 ) ORDER BY n_addtime desc , n_nums desc LIMIT 15   [ RunTime:0.000322s ]
SQL: SELECT * FROM `db_news` WHERE ( n_type=14 and n_status=1 and n_position=2 ) ORDER BY n_addtime desc , n_nums desc LIMIT 15   [ RunTime:0.000260s ]
SQL: SELECT * FROM `db_news` WHERE ( n_type=12 and n_status=1 and n_position=2 ) ORDER BY n_addtime desc , n_nums desc LIMIT 15   [ RunTime:0.000287s ]
SQL: SELECT * FROM `db_news` WHERE ( n_type=15 and n_status=1 and n_position=2 ) ORDER BY n_addtime desc , n_nums desc LIMIT 15   [ RunTime:0.000323s ]
NOTIC: [8] Undefined index:  c_name F:\appserv\www\think\Index\Lib\Action\IndexAction.class.php 第 12 行.
INFO: [ view_parse ] --START--
NOTIC: [8] Use of undefined constant index - assumed 'index' F:\appserv\www\think\Index\Runtime\Cache\e9ca3d00a40c8a0e158f18fe2252bc69.php 第 11 行.
INFO: ParseTemplate Behavior ::run [ RunTime:0.020150s ]
INFO: [ view_parse ] --END-- [ RunTime:0.020284s ]
INFO: [ view_filter ] --START--
INFO: ContentReplace Behavior ::run [ RunTime:0.000457s ]
INFO: TokenBuild Behavior ::run [ RunTime:0.000294s ]
INFO: WriteHtmlCache Behavior ::run [ RunTime:0.000187s ]
INFO: ShowRuntime Behavior ::run [ RunTime:0.000327s ]
INFO: [ view_filter ] --END-- [ RunTime:0.001433s ]
INFO: [ view_end ] --START--
INFO: ShowPageTrace Behavior ::run [ RunTime:0.000589s ]
INFO: [ view_end ] --END-- [ RunTime:0.000669s ]

[ 2016-04-26T11:36:36+08:00 ] 127.0.0.1 /think/index.php/login/login
INFO: [ route_check ] --START--
INFO: CheckRoute Behavior ::run [ RunTime:0.000607s ]
INFO: [ route_check ] --END-- [ RunTime:0.000690s ]
INFO: [ app_begin ] --START--
INFO: ReadHtmlCache Behavior ::run [ RunTime:0.000570s ]
INFO: [ app_begin ] --END-- [ RunTime:0.000672s ]
INFO: [ view_parse ] --START--
INFO: ParseTemplate Behavior ::run [ RunTime:0.008638s ]
INFO: [ view_parse ] --END-- [ RunTime:0.008759s ]
INFO: [ view_filter ] --START--
INFO: ContentReplace Behavior ::run [ RunTime:0.000336s ]
INFO: TokenBuild Behavior ::run [ RunTime:0.000363s ]
INFO: WriteHtmlCache Behavior ::run [ RunTime:0.000330s ]
INFO: ShowRuntime Behavior ::run [ RunTime:0.001106s ]
INFO: [ view_filter ] --END-- [ RunTime:0.002593s ]
INFO: [ view_end ] --START--
INFO: ShowPageTrace Behavior ::run [ RunTime:0.000698s ]
INFO: [ view_end ] --END-- [ RunTime:0.000775s ]

[ 2016-04-26T11:36:38+08:00 ] 127.0.0.1 /think/index.php/register/register
INFO: [ route_check ] --START--
INFO: CheckRoute Behavior ::run [ RunTime:0.000581s ]
INFO: [ route_check ] --END-- [ RunTime:0.000659s ]
INFO: [ app_begin ] --START--
INFO: ReadHtmlCache Behavior ::run [ RunTime:0.000352s ]
INFO: [ app_begin ] --END-- [ RunTime:0.000402s ]
INFO: [ view_parse ] --START--
INFO: ParseTemplate Behavior ::run [ RunTime:0.026997s ]
INFO: [ view_parse ] --END-- [ RunTime:0.027110s ]
INFO: [ view_filter ] --START--
INFO: ContentReplace Behavior ::run [ RunTime:0.000361s ]
INFO: TokenBuild Behavior ::run [ RunTime:0.000323s ]
INFO: WriteHtmlCache Behavior ::run [ RunTime:0.000224s ]
INFO: ShowRuntime Behavior ::run [ RunTime:0.000409s ]
INFO: [ view_filter ] --END-- [ RunTime:0.001512s ]
INFO: [ view_end ] --START--
INFO: ShowPageTrace Behavior ::run [ RunTime:0.000576s ]
INFO: [ view_end ] --END-- [ RunTime:0.000650s ]

[ 2016-04-26T11:36:39+08:00 ] 127.0.0.1 /think/index.php/login/login
INFO: [ route_check ] --START--
INFO: CheckRoute Behavior ::run [ RunTime:0.000832s ]
INFO: [ route_check ] --END-- [ RunTime:0.000943s ]
INFO: [ app_begin ] --START--
INFO: ReadHtmlCache Behavior ::run [ RunTime:0.000809s ]
INFO: [ app_begin ] --END-- [ RunTime:0.000987s ]
INFO: [ view_parse ] --START--
INFO: ParseTemplate Behavior ::run [ RunTime:0.007767s ]
INFO: [ view_parse ] --END-- [ RunTime:0.007878s ]
INFO: [ view_filter ] --START--
INFO: ContentReplace Behavior ::run [ RunTime:0.000321s ]
INFO: TokenBuild Behavior ::run [ RunTime:0.000319s ]
INFO: WriteHtmlCache Behavior ::run [ RunTime:0.000236s ]
INFO: ShowRuntime Behavior ::run [ RunTime:0.000402s ]
INFO: [ view_filter ] --END-- [ RunTime:0.001477s ]
INFO: [ view_end ] --START--
INFO: ShowPageTrace Behavior ::run [ RunTime:0.000557s ]
INFO: [ view_end ] --END-- [ RunTime:0.000628s ]

[ 2016-04-26T11:36:40+08:00 ] 127.0.0.1 /think/index.php/register/register
INFO: [ route_check ] --START--
INFO: CheckRoute Behavior ::run [ RunTime:0.000728s ]
INFO: [ route_check ] --END-- [ RunTime:0.000821s ]
INFO: [ app_begin ] --START--
INFO: ReadHtmlCache Behavior ::run [ RunTime:0.000519s ]
INFO: [ app_begin ] --END-- [ RunTime:0.000596s ]
INFO: [ view_parse ] --START--
INFO: ParseTemplate Behavior ::run [ RunTime:0.005854s ]
INFO: [ view_parse ] --END-- [ RunTime:0.005932s ]
INFO: [ view_filter ] --START--
INFO: ContentReplace Behavior ::run [ RunTime:0.000247s ]
INFO: TokenBuild Behavior ::run [ RunTime:0.000233s ]
INFO: WriteHtmlCache Behavior ::run [ RunTime:0.000155s ]
INFO: ShowRuntime Behavior ::run [ RunTime:0.000297s ]
INFO: [ view_filter ] --END-- [ RunTime:0.001156s ]
INFO: [ view_end ] --START--
INFO: ShowPageTrace Behavior ::run [ RunTime:0.000914s ]
INFO: [ view_end ] --END-- [ RunTime:0.001059s ]

[ 2016-04-26T11:36:41+08:00 ] 127.0.0.1 /think/index.php/login/login
INFO: [ route_check ] --START--
INFO: CheckRoute Behavior ::run [ RunTime:0.000852s ]
INFO: [ route_check ] --END-- [ RunTime:0.000967s ]
INFO: [ app_begin ] --START--
INFO: ReadHtmlCache Behavior ::run [ RunTime:0.000545s ]
INFO: [ app_begin ] --END-- [ RunTime:0.000623s ]
INFO: [ view_parse ] --START--
INFO: ParseTemplate Behavior ::run [ RunTime:0.008753s ]
INFO: [ view_parse ] --END-- [ RunTime:0.008887s ]
INFO: [ view_filter ] --START--
INFO: ContentReplace Behavior ::run [ RunTime:0.000305s ]
INFO: TokenBuild Behavior ::run [ RunTime:0.000282s ]
INFO: WriteHtmlCache Behavior ::run [ RunTime:0.000189s ]
INFO: ShowRuntime Behavior ::run [ RunTime:0.000369s ]
INFO: [ view_filter ] --END-- [ RunTime:0.001325s ]
INFO: [ view_end ] --START--
INFO: ShowPageTrace Behavior ::run [ RunTime:0.000584s ]
INFO: [ view_end ] --END-- [ RunTime:0.000655s ]

[ 2016-04-26T11:48:42+08:00 ] 127.0.0.1 /think/index.php/Index/index
INFO: [ route_check ] --START--
INFO: CheckRoute Behavior ::run [ RunTime:0.001140s ]
INFO: [ route_check ] --END-- [ RunTime:0.001262s ]
INFO: [ app_begin ] --START--
INFO: ReadHtmlCache Behavior ::run [ RunTime:0.000684s ]
INFO: [ app_begin ] --END-- [ RunTime:0.000782s ]
SQL: SHOW COLUMNS FROM `db_type` [ RunTime:0.001895s ]
SQL: SELECT * FROM `db_type` WHERE ( t_status=1 ) ORDER BY t_order ASC  [ RunTime:0.000329s ]
SQL: SHOW COLUMNS FROM `db_news` [ RunTime:0.001628s ]
SQL: SELECT * FROM `db_news` WHERE ( n_type=13 and n_status=1 and n_position=2 ) ORDER BY n_addtime desc , n_nums desc LIMIT 15   [ RunTime:0.000379s ]
SQL: SELECT * FROM `db_news` WHERE ( n_type=14 and n_status=1 and n_position=2 ) ORDER BY n_addtime desc , n_nums desc LIMIT 15   [ RunTime:0.000320s ]
SQL: SELECT * FROM `db_news` WHERE ( n_type=12 and n_status=1 and n_position=2 ) ORDER BY n_addtime desc , n_nums desc LIMIT 15   [ RunTime:0.000309s ]
SQL: SELECT * FROM `db_news` WHERE ( n_type=15 and n_status=1 and n_position=2 ) ORDER BY n_addtime desc , n_nums desc LIMIT 15   [ RunTime:0.000295s ]
NOTIC: [8] Undefined index:  c_name F:\appserv\www\think\Index\Lib\Action\IndexAction.class.php 第 12 行.
INFO: [ view_parse ] --START--
NOTIC: [8] Use of undefined constant index - assumed 'index' F:\appserv\www\think\Index\Runtime\Cache\e9ca3d00a40c8a0e158f18fe2252bc69.php 第 11 行.
INFO: ParseTemplate Behavior ::run [ RunTime:0.022004s ]
INFO: [ view_parse ] --END-- [ RunTime:0.022117s ]
INFO: [ view_filter ] --START--
INFO: ContentReplace Behavior ::run [ RunTime:0.001015s ]
INFO: TokenBuild Behavior ::run [ RunTime:0.000758s ]
INFO: WriteHtmlCache Behavior ::run [ RunTime:0.000699s ]
INFO: ShowRuntime Behavior ::run [ RunTime:0.000800s ]
INFO: [ view_filter ] --END-- [ RunTime:0.003534s ]
INFO: [ view_end ] --START--
INFO: ShowPageTrace Behavior ::run [ RunTime:0.001033s ]
INFO: [ view_end ] --END-- [ RunTime:0.001132s ]

[ 2016-04-26T11:59:22+08:00 ] 127.0.0.1 /think/index.php/Index/index
INFO: [ route_check ] --START--
INFO: CheckRoute Behavior ::run [ RunTime:0.001310s ]
INFO: [ route_check ] --END-- [ RunTime:0.001470s ]
INFO: [ app_begin ] --START--
INFO: ReadHtmlCache Behavior ::run [ RunTime:0.001015s ]
INFO: [ app_begin ] --END-- [ RunTime:0.001130s ]
SQL: SHOW COLUMNS FROM `db_type` [ RunTime:0.001363s ]
SQL: SELECT * FROM `db_type` WHERE ( t_status=1 ) ORDER BY t_order ASC  [ RunTime:0.000213s ]
SQL: SHOW COLUMNS FROM `db_news` [ RunTime:0.001251s ]
SQL: SELECT * FROM `db_news` WHERE ( n_type=13 and n_status=1 and n_position=2 ) ORDER BY n_addtime desc , n_nums desc LIMIT 15   [ RunTime:0.000359s ]
SQL: SELECT * FROM `db_news` WHERE ( n_type=14 and n_status=1 and n_position=2 ) ORDER BY n_addtime desc , n_nums desc LIMIT 15   [ RunTime:0.000353s ]
SQL: SELECT * FROM `db_news` WHERE ( n_type=12 and n_status=1 and n_position=2 ) ORDER BY n_addtime desc , n_nums desc LIMIT 15   [ RunTime:0.000370s ]
SQL: SELECT * FROM `db_news` WHERE ( n_type=15 and n_status=1 and n_position=2 ) ORDER BY n_addtime desc , n_nums desc LIMIT 15   [ RunTime:0.000665s ]
NOTIC: [8] Undefined index:  c_name F:\appserv\www\think\Index\Lib\Action\IndexAction.class.php 第 12 行.
INFO: [ view_parse ] --START--
NOTIC: [8] Use of undefined constant index - assumed 'index' F:\appserv\www\think\Index\Runtime\Cache\e9ca3d00a40c8a0e158f18fe2252bc69.php 第 11 行.
INFO: ParseTemplate Behavior ::run [ RunTime:0.021575s ]
INFO: [ view_parse ] --END-- [ RunTime:0.021704s ]
INFO: [ view_filter ] --START--
INFO: ContentReplace Behavior ::run [ RunTime:0.000798s ]
INFO: TokenBuild Behavior ::run [ RunTime:0.000616s ]
INFO: WriteHtmlCache Behavior ::run [ RunTime:0.000521s ]
INFO: ShowRuntime Behavior ::run [ RunTime:0.000749s ]
INFO: [ view_filter ] --END-- [ RunTime:0.002872s ]
INFO: [ view_end ] --START--
INFO: ShowPageTrace Behavior ::run [ RunTime:0.001026s ]
INFO: [ view_end ] --END-- [ RunTime:0.001129s ]

[ 2016-04-26T11:59:24+08:00 ] 127.0.0.1 /think/index.php/index/newsList/t_id/13
INFO: [ route_check ] --START--
INFO: CheckRoute Behavior ::run [ RunTime:0.000909s ]
INFO: [ route_check ] --END-- [ RunTime:0.001038s ]
INFO: [ app_begin ] --START--
INFO: ReadHtmlCache Behavior ::run [ RunTime:0.000542s ]
INFO: [ app_begin ] --END-- [ RunTime:0.000622s ]
SQL: SHOW COLUMNS FROM `db_type` [ RunTime:0.001739s ]
SQL: SELECT `t_name` FROM `db_type` WHERE ( t_id ='13' ) LIMIT 1   [ RunTime:0.000235s ]
SQL: SELECT * FROM `db_type` WHERE ( t_status=1 ) ORDER BY t_order ASC  [ RunTime:0.000256s ]
SQL: SHOW COLUMNS FROM `db_news` [ RunTime:0.001535s ]
SQL: SELECT COUNT(n_id) AS tp_count FROM `db_news` WHERE ( `n_type` = '13' ) AND ( `n_status` = 1 ) LIMIT 1   [ RunTime:0.000233s ]
SQL: SELECT * FROM `db_news` WHERE ( `n_type` = '13' ) AND ( `n_status` = 1 ) ORDER BY n_addtime desc , n_nums desc LIMIT 0,10   [ RunTime:0.000727s ]
INFO: [ view_parse ] --START--
NOTIC: [8] Use of undefined constant index - assumed 'index' F:\appserv\www\think\Index\Runtime\Cache\1a4e538a4f58ac229c3315362a246230.php 第 12 行.
NOTIC: [8] Undefined variable: c_name F:\appserv\www\think\Index\Runtime\Cache\1a4e538a4f58ac229c3315362a246230.php 第 19 行.
NOTIC: [8] Use of undefined constant index - assumed 'index' F:\appserv\www\think\Index\Runtime\Cache\1a4e538a4f58ac229c3315362a246230.php 第 44 行.
INFO: ParseTemplate Behavior ::run [ RunTime:0.012829s ]
INFO: [ view_parse ] --END-- [ RunTime:0.012948s ]
INFO: [ view_filter ] --START--
INFO: ContentReplace Behavior ::run [ RunTime:0.000741s ]
INFO: TokenBuild Behavior ::run [ RunTime:0.000730s ]
INFO: WriteHtmlCache Behavior ::run [ RunTime:0.000293s ]
INFO: ShowRuntime Behavior ::run [ RunTime:0.000431s ]
INFO: [ view_filter ] --END-- [ RunTime:0.002486s ]
INFO: [ view_end ] --START--
INFO: ShowPageTrace Behavior ::run [ RunTime:0.000616s ]
INFO: [ view_end ] --END-- [ RunTime:0.000682s ]

[ 2016-04-26T15:27:55+08:00 ] 127.0.0.1 /think/index.php/Index/index
INFO: [ route_check ] --START--
INFO: CheckRoute Behavior ::run [ RunTime:0.001391s ]
INFO: [ route_check ] --END-- [ RunTime:0.001502s ]
INFO: [ app_begin ] --START--
INFO: ReadHtmlCache Behavior ::run [ RunTime:0.000836s ]
INFO: [ app_begin ] --END-- [ RunTime:0.000911s ]
SQL: SHOW COLUMNS FROM `db_type` [ RunTime:0.042441s ]
SQL: SELECT * FROM `db_type` WHERE ( t_status=1 ) ORDER BY t_order ASC  [ RunTime:0.000313s ]
SQL: SHOW COLUMNS FROM `db_news` [ RunTime:0.032275s ]
SQL: SELECT * FROM `db_news` WHERE ( n_type=13 and n_status=1 and n_position=2 ) ORDER BY n_addtime desc , n_nums desc LIMIT 15   [ RunTime:0.012449s ]
SQL: SELECT * FROM `db_news` WHERE ( n_type=14 and n_status=1 and n_position=2 ) ORDER BY n_addtime desc , n_nums desc LIMIT 15   [ RunTime:0.000377s ]
SQL: SELECT * FROM `db_news` WHERE ( n_type=12 and n_status=1 and n_position=2 ) ORDER BY n_addtime desc , n_nums desc LIMIT 15   [ RunTime:0.000298s ]
SQL: SELECT * FROM `db_news` WHERE ( n_type=15 and n_status=1 and n_position=2 ) ORDER BY n_addtime desc , n_nums desc LIMIT 15   [ RunTime:0.000263s ]
NOTIC: [8] Undefined index:  c_name F:\appserv\www\think\Index\Lib\Action\IndexAction.class.php 第 12 行.
INFO: [ view_parse ] --START--
NOTIC: [8] Use of undefined constant index - assumed 'index' F:\appserv\www\think\Index\Runtime\Cache\e9ca3d00a40c8a0e158f18fe2252bc69.php 第 11 行.
INFO: ParseTemplate Behavior ::run [ RunTime:0.047066s ]
INFO: [ view_parse ] --END-- [ RunTime:0.047291s ]
INFO: [ view_filter ] --START--
INFO: ContentReplace Behavior ::run [ RunTime:0.000863s ]
INFO: TokenBuild Behavior ::run [ RunTime:0.000704s ]
INFO: WriteHtmlCache Behavior ::run [ RunTime:0.000996s ]
INFO: ShowRuntime Behavior ::run [ RunTime:0.001001s ]
INFO: [ view_filter ] --END-- [ RunTime:0.003802s ]
INFO: [ view_end ] --START--
INFO: ShowPageTrace Behavior ::run [ RunTime:0.001290s ]
INFO: [ view_end ] --END-- [ RunTime:0.001397s ]

[ 2016-04-26T15:27:57+08:00 ] 127.0.0.1 /think/index.php/index/newsList/t_id/13
INFO: [ route_check ] --START--
INFO: CheckRoute Behavior ::run [ RunTime:0.001118s ]
INFO: [ route_check ] --END-- [ RunTime:0.001280s ]
INFO: [ app_begin ] --START--
INFO: ReadHtmlCache Behavior ::run [ RunTime:0.000529s ]
INFO: [ app_begin ] --END-- [ RunTime:0.000609s ]
SQL: SHOW COLUMNS FROM `db_type` [ RunTime:0.001396s ]
SQL: SELECT `t_name` FROM `db_type` WHERE ( t_id ='13' ) LIMIT 1   [ RunTime:0.000188s ]
SQL: SELECT * FROM `db_type` WHERE ( t_status=1 ) ORDER BY t_order ASC  [ RunTime:0.000179s ]
SQL: SHOW COLUMNS FROM `db_news` [ RunTime:0.001323s ]
SQL: SELECT COUNT(n_id) AS tp_count FROM `db_news` WHERE ( `n_type` = '13' ) AND ( `n_status` = 1 ) LIMIT 1   [ RunTime:0.000218s ]
SQL: SELECT * FROM `db_news` WHERE ( `n_type` = '13' ) AND ( `n_status` = 1 ) ORDER BY n_addtime desc , n_nums desc LIMIT 0,10   [ RunTime:0.000417s ]
INFO: [ view_parse ] --START--
NOTIC: [8] Use of undefined constant index - assumed 'index' F:\appserv\www\think\Index\Runtime\Cache\1a4e538a4f58ac229c3315362a246230.php 第 12 行.
NOTIC: [8] Undefined variable: c_name F:\appserv\www\think\Index\Runtime\Cache\1a4e538a4f58ac229c3315362a246230.php 第 19 行.
NOTIC: [8] Use of undefined constant index - assumed 'index' F:\appserv\www\think\Index\Runtime\Cache\1a4e538a4f58ac229c3315362a246230.php 第 44 行.
INFO: ParseTemplate Behavior ::run [ RunTime:0.027294s ]
INFO: [ view_parse ] --END-- [ RunTime:0.027420s ]
INFO: [ view_filter ] --START--
INFO: ContentReplace Behavior ::run [ RunTime:0.000409s ]
INFO: TokenBuild Behavior ::run [ RunTime:0.000786s ]
INFO: WriteHtmlCache Behavior ::run [ RunTime:0.000558s ]
INFO: ShowRuntime Behavior ::run [ RunTime:0.000454s ]
INFO: [ view_filter ] --END-- [ RunTime:0.002682s ]
INFO: [ view_end ] --START--
INFO: ShowPageTrace Behavior ::run [ RunTime:0.000745s ]
INFO: [ view_end ] --END-- [ RunTime:0.000988s ]

[ 2016-04-26T15:29:00+08:00 ] 127.0.0.1 /think/index.php/index/index
INFO: [ route_check ] --START--
INFO: CheckRoute Behavior ::run [ RunTime:0.000540s ]
INFO: [ route_check ] --END-- [ RunTime:0.000610s ]
INFO: [ app_begin ] --START--
INFO: ReadHtmlCache Behavior ::run [ RunTime:0.000342s ]
INFO: [ app_begin ] --END-- [ RunTime:0.000387s ]
SQL: SHOW COLUMNS FROM `db_type` [ RunTime:0.001010s ]
SQL: SELECT * FROM `db_type` WHERE ( t_status=1 ) ORDER BY t_order ASC  [ RunTime:0.000420s ]
SQL: SHOW COLUMNS FROM `db_news` [ RunTime:0.001328s ]
SQL: SELECT * FROM `db_news` WHERE ( n_type=13 and n_status=1 and n_position=2 ) ORDER BY n_addtime desc , n_nums desc LIMIT 15   [ RunTime:0.000499s ]
SQL: SELECT * FROM `db_news` WHERE ( n_type=14 and n_status=1 and n_position=2 ) ORDER BY n_addtime desc , n_nums desc LIMIT 15   [ RunTime:0.000259s ]
SQL: SELECT * FROM `db_news` WHERE ( n_type=12 and n_status=1 and n_position=2 ) ORDER BY n_addtime desc , n_nums desc LIMIT 15   [ RunTime:0.000235s ]
SQL: SELECT * FROM `db_news` WHERE ( n_type=15 and n_status=1 and n_position=2 ) ORDER BY n_addtime desc , n_nums desc LIMIT 15   [ RunTime:0.000235s ]
NOTIC: [8] Undefined index:  c_name F:\appserv\www\think\Index\Lib\Action\IndexAction.class.php 第 12 行.
INFO: [ view_parse ] --START--
NOTIC: [8] Use of undefined constant index - assumed 'index' F:\appserv\www\think\Index\Runtime\Cache\e9ca3d00a40c8a0e158f18fe2252bc69.php 第 11 行.
INFO: ParseTemplate Behavior ::run [ RunTime:0.019168s ]
INFO: [ view_parse ] --END-- [ RunTime:0.019258s ]
INFO: [ view_filter ] --START--
INFO: ContentReplace Behavior ::run [ RunTime:0.000354s ]
INFO: TokenBuild Behavior ::run [ RunTime:0.000279s ]
INFO: WriteHtmlCache Behavior ::run [ RunTime:0.000261s ]
INFO: ShowRuntime Behavior ::run [ RunTime:0.000397s ]
INFO: [ view_filter ] --END-- [ RunTime:0.001476s ]
INFO: [ view_end ] --START--
INFO: ShowPageTrace Behavior ::run [ RunTime:0.000600s ]
INFO: [ view_end ] --END-- [ RunTime:0.000685s ]

[ 2016-04-26T15:29:02+08:00 ] 127.0.0.1 /think/index.php/index/newsList/t_id/14
INFO: [ route_check ] --START--
INFO: CheckRoute Behavior ::run [ RunTime:0.000828s ]
INFO: [ route_check ] --END-- [ RunTime:0.000943s ]
INFO: [ app_begin ] --START--
INFO: ReadHtmlCache Behavior ::run [ RunTime:0.000576s ]
INFO: [ app_begin ] --END-- [ RunTime:0.000665s ]
SQL: SHOW COLUMNS FROM `db_type` [ RunTime:0.001340s ]
SQL: SELECT `t_name` FROM `db_type` WHERE ( t_id ='14' ) LIMIT 1   [ RunTime:0.000258s ]
SQL: SELECT * FROM `db_type` WHERE ( t_status=1 ) ORDER BY t_order ASC  [ RunTime:0.000174s ]
SQL: SHOW COLUMNS FROM `db_news` [ RunTime:0.001353s ]
SQL: SELECT COUNT(n_id) AS tp_count FROM `db_news` WHERE ( `n_type` = '14' ) AND ( `n_status` = 1 ) LIMIT 1   [ RunTime:0.000229s ]
SQL: SELECT * FROM `db_news` WHERE ( `n_type` = '14' ) AND ( `n_status` = 1 ) ORDER BY n_addtime desc , n_nums desc LIMIT 0,10   [ RunTime:0.000269s ]
INFO: [ view_parse ] --START--
NOTIC: [8] Use of undefined constant index - assumed 'index' F:\appserv\www\think\Index\Runtime\Cache\1a4e538a4f58ac229c3315362a246230.php 第 12 行.
NOTIC: [8] Undefined variable: c_name F:\appserv\www\think\Index\Runtime\Cache\1a4e538a4f58ac229c3315362a246230.php 第 19 行.
NOTIC: [8] Use of undefined constant index - assumed 'index' F:\appserv\www\think\Index\Runtime\Cache\1a4e538a4f58ac229c3315362a246230.php 第 44 行.
INFO: ParseTemplate Behavior ::run [ RunTime:0.014264s ]
INFO: [ view_parse ] --END-- [ RunTime:0.014361s ]
INFO: [ view_filter ] --START--
INFO: ContentReplace Behavior ::run [ RunTime:0.000383s ]
INFO: TokenBuild Behavior ::run [ RunTime:0.000355s ]
INFO: WriteHtmlCache Behavior ::run [ RunTime:0.000224s ]
INFO: ShowRuntime Behavior ::run [ RunTime:0.000431s ]
INFO: [ view_filter ] --END-- [ RunTime:0.001618s ]
INFO: [ view_end ] --START--
INFO: ShowPageTrace Behavior ::run [ RunTime:0.000509s ]
INFO: [ view_end ] --END-- [ RunTime:0.000575s ]

[ 2016-04-26T15:29:31+08:00 ] 127.0.0.1 /think/index.php/index/newsList/t_id/13
INFO: [ route_check ] --START--
INFO: CheckRoute Behavior ::run [ RunTime:0.000851s ]
INFO: [ route_check ] --END-- [ RunTime:0.000967s ]
INFO: [ app_begin ] --START--
INFO: ReadHtmlCache Behavior ::run [ RunTime:0.000516s ]
INFO: [ app_begin ] --END-- [ RunTime:0.000592s ]
SQL: SHOW COLUMNS FROM `db_type` [ RunTime:0.001537s ]
SQL: SELECT `t_name` FROM `db_type` WHERE ( t_id ='13' ) LIMIT 1   [ RunTime:0.000260s ]
SQL: SELECT * FROM `db_type` WHERE ( t_status=1 ) ORDER BY t_order ASC  [ RunTime:0.000181s ]
SQL: SHOW COLUMNS FROM `db_news` [ RunTime:0.001216s ]
SQL: SELECT COUNT(n_id) AS tp_count FROM `db_news` WHERE ( `n_type` = '13' ) AND ( `n_status` = 1 ) LIMIT 1   [ RunTime:0.000239s ]
SQL: SELECT * FROM `db_news` WHERE ( `n_type` = '13' ) AND ( `n_status` = 1 ) ORDER BY n_addtime desc , n_nums desc LIMIT 0,10   [ RunTime:0.000338s ]
INFO: [ view_parse ] --START--
NOTIC: [8] Use of undefined constant index - assumed 'index' F:\appserv\www\think\Index\Runtime\Cache\1a4e538a4f58ac229c3315362a246230.php 第 12 行.
NOTIC: [8] Undefined variable: c_name F:\appserv\www\think\Index\Runtime\Cache\1a4e538a4f58ac229c3315362a246230.php 第 19 行.
NOTIC: [8] Use of undefined constant index - assumed 'index' F:\appserv\www\think\Index\Runtime\Cache\1a4e538a4f58ac229c3315362a246230.php 第 44 行.
INFO: ParseTemplate Behavior ::run [ RunTime:0.015070s ]
INFO: [ view_parse ] --END-- [ RunTime:0.015155s ]
INFO: [ view_filter ] --START--
INFO: ContentReplace Behavior ::run [ RunTime:0.000352s ]
INFO: TokenBuild Behavior ::run [ RunTime:0.000338s ]
INFO: WriteHtmlCache Behavior ::run [ RunTime:0.000218s ]
INFO: ShowRuntime Behavior ::run [ RunTime:0.000410s ]
INFO: [ view_filter ] --END-- [ RunTime:0.001537s ]
INFO: [ view_end ] --START--
INFO: ShowPageTrace Behavior ::run [ RunTime:0.000600s ]
INFO: [ view_end ] --END-- [ RunTime:0.000704s ]

[ 2016-04-26T17:12:26+08:00 ] 127.0.0.1 /think/index.php/index/newsList/t_id/13
INFO: [ route_check ] --START--
INFO: CheckRoute Behavior ::run [ RunTime:0.001693s ]
INFO: [ route_check ] --END-- [ RunTime:0.001810s ]
INFO: [ app_begin ] --START--
INFO: ReadHtmlCache Behavior ::run [ RunTime:0.001043s ]
INFO: [ app_begin ] --END-- [ RunTime:0.001125s ]
SQL: SHOW COLUMNS FROM `db_type` [ RunTime:0.001966s ]
SQL: SELECT `t_name` FROM `db_type` WHERE ( t_id ='13' ) LIMIT 1   [ RunTime:0.000286s ]
SQL: SELECT * FROM `db_type` WHERE ( t_status=1 ) ORDER BY t_order ASC  [ RunTime:0.000224s ]
SQL: SHOW COLUMNS FROM `db_news` [ RunTime:0.001707s ]
SQL: SELECT COUNT(n_id) AS tp_count FROM `db_news` WHERE ( `n_type` = '13' ) AND ( `n_status` = 1 ) LIMIT 1   [ RunTime:0.000267s ]
SQL: SELECT * FROM `db_news` WHERE ( `n_type` = '13' ) AND ( `n_status` = 1 ) ORDER BY n_addtime desc , n_nums desc LIMIT 0,10   [ RunTime:0.001135s ]
INFO: [ view_parse ] --START--
NOTIC: [8] Use of undefined constant index - assumed 'index' F:\appserv\www\think\Index\Runtime\Cache\1a4e538a4f58ac229c3315362a246230.php 第 12 行.
NOTIC: [8] Undefined variable: c_name F:\appserv\www\think\Index\Runtime\Cache\1a4e538a4f58ac229c3315362a246230.php 第 19 行.
NOTIC: [8] Use of undefined constant index - assumed 'index' F:\appserv\www\think\Index\Runtime\Cache\1a4e538a4f58ac229c3315362a246230.php 第 44 行.
INFO: ParseTemplate Behavior ::run [ RunTime:0.058339s ]
INFO: [ view_parse ] --END-- [ RunTime:0.058499s ]
INFO: [ view_filter ] --START--
INFO: ContentReplace Behavior ::run [ RunTime:0.001005s ]
INFO: TokenBuild Behavior ::run [ RunTime:0.000830s ]
INFO: WriteHtmlCache Behavior ::run [ RunTime:0.000734s ]
INFO: ShowRuntime Behavior ::run [ RunTime:0.000991s ]
INFO: [ view_filter ] --END-- [ RunTime:0.003805s ]
INFO: [ view_end ] --START--
INFO: ShowPageTrace Behavior ::run [ RunTime:0.001157s ]
INFO: [ view_end ] --END-- [ RunTime:0.001244s ]

[ 2016-04-26T17:18:57+08:00 ] 127.0.0.1 /think/index.php/index/newsList/t_id/13
INFO: [ route_check ] --START--
INFO: CheckRoute Behavior ::run [ RunTime:0.002810s ]
INFO: [ route_check ] --END-- [ RunTime:0.003093s ]
INFO: [ app_begin ] --START--
INFO: ReadHtmlCache Behavior ::run [ RunTime:0.000913s ]
INFO: [ app_begin ] --END-- [ RunTime:0.001034s ]
SQL: SHOW COLUMNS FROM `db_type` [ RunTime:0.003829s ]
SQL: SELECT `t_name` FROM `db_type` WHERE ( t_id ='13' ) LIMIT 1   [ RunTime:0.000402s ]
SQL: SELECT * FROM `db_type` WHERE ( t_status=1 ) ORDER BY t_order ASC  [ RunTime:0.000181s ]
SQL: SHOW COLUMNS FROM `db_news` [ RunTime:0.001414s ]
SQL: SELECT COUNT(n_id) AS tp_count FROM `db_news` WHERE ( `n_type` = '13' ) AND ( `n_status` = 1 ) LIMIT 1   [ RunTime:0.000249s ]
SQL: SELECT * FROM `db_news` WHERE ( `n_type` = '13' ) AND ( `n_status` = 1 ) ORDER BY n_addtime desc , n_nums desc LIMIT 0,10   [ RunTime:0.000349s ]
INFO: [ view_parse ] --START--
NOTIC: [8] Use of undefined constant index - assumed 'index' F:\appserv\www\think\Index\Runtime\Cache\1a4e538a4f58ac229c3315362a246230.php 第 12 行.
NOTIC: [8] Undefined variable: c_name F:\appserv\www\think\Index\Runtime\Cache\1a4e538a4f58ac229c3315362a246230.php 第 19 行.
NOTIC: [8] Use of undefined constant index - assumed 'index' F:\appserv\www\think\Index\Runtime\Cache\1a4e538a4f58ac229c3315362a246230.php 第 44 行.
INFO: ParseTemplate Behavior ::run [ RunTime:0.014379s ]
INFO: [ view_parse ] --END-- [ RunTime:0.014467s ]
INFO: [ view_filter ] --START--
INFO: ContentReplace Behavior ::run [ RunTime:0.000666s ]
INFO: TokenBuild Behavior ::run [ RunTime:0.000625s ]
INFO: WriteHtmlCache Behavior ::run [ RunTime:0.000520s ]
INFO: ShowRuntime Behavior ::run [ RunTime:0.000807s ]
INFO: [ view_filter ] --END-- [ RunTime:0.002820s ]
INFO: [ view_end ] --START--
INFO: ShowPageTrace Behavior ::run [ RunTime:0.000959s ]
INFO: [ view_end ] --END-- [ RunTime:0.001039s ]

