[ 2016-04-19T08:39:49+08:00 ] 127.0.0.1 /think/index.php/Index/index
INFO: [ route_check ] --START--
INFO: CheckRoute Behavior ::run [ RunTime:0.001418s ]
INFO: [ route_check ] --END-- [ RunTime:0.001517s ]
INFO: [ app_begin ] --START--
INFO: ReadHtmlCache Behavior ::run [ RunTime:0.000976s ]
INFO: [ app_begin ] --END-- [ RunTime:0.001113s ]
SQL: SHOW COLUMNS FROM `db_type` [ RunTime:0.053964s ]
SQL: SELECT * FROM `db_type` WHERE ( t_status=1 ) ORDER BY t_order ASC  [ RunTime:0.001169s ]
SQL: SHOW COLUMNS FROM `db_news` [ RunTime:0.041796s ]
SQL: SELECT * FROM `db_news` WHERE ( n_type=13 and n_status=1 and n_position=2 ) ORDER BY n_addtime desc , n_nums desc LIMIT 15   [ RunTime:0.018289s ]
SQL: SELECT * FROM `db_news` WHERE ( n_type=14 and n_status=1 and n_position=2 ) ORDER BY n_addtime desc , n_nums desc LIMIT 15   [ RunTime:0.000805s ]
SQL: SELECT * FROM `db_news` WHERE ( n_type=12 and n_status=1 and n_position=2 ) ORDER BY n_addtime desc , n_nums desc LIMIT 15   [ RunTime:0.000692s ]
SQL: SELECT * FROM `db_news` WHERE ( n_type=15 and n_status=1 and n_position=2 ) ORDER BY n_addtime desc , n_nums desc LIMIT 15   [ RunTime:0.000596s ]
NOTIC: [8] Undefined index:  c_name F:\appserv\www\think\Index\Lib\Action\IndexAction.class.php 第 12 行.
INFO: [ view_parse ] --START--
NOTIC: [8] Use of undefined constant index - assumed 'index' F:\appserv\www\think\Index\Runtime\Cache\e9ca3d00a40c8a0e158f18fe2252bc69.php 第 11 行.
INFO: ParseTemplate Behavior ::run [ RunTime:0.061125s ]
INFO: [ view_parse ] --END-- [ RunTime:0.061272s ]
INFO: [ view_filter ] --START--
INFO: ContentReplace Behavior ::run [ RunTime:0.000840s ]
INFO: TokenBuild Behavior ::run [ RunTime:0.000720s ]
INFO: WriteHtmlCache Behavior ::run [ RunTime:0.000600s ]
INFO: ShowRuntime Behavior ::run [ RunTime:0.000696s ]
INFO: [ view_filter ] --END-- [ RunTime:0.003040s ]
INFO: [ view_end ] --START--
INFO: ShowPageTrace Behavior ::run [ RunTime:0.000974s ]
INFO: [ view_end ] --END-- [ RunTime:0.001048s ]

[ 2016-04-19T08:40:12+08:00 ] 127.0.0.1 /think/index.php/Index/index
INFO: [ route_check ] --START--
INFO: CheckRoute Behavior ::run [ RunTime:0.000918s ]
INFO: [ route_check ] --END-- [ RunTime:0.001006s ]
INFO: [ app_begin ] --START--
INFO: ReadHtmlCache Behavior ::run [ RunTime:0.000594s ]
INFO: [ app_begin ] --END-- [ RunTime:0.000652s ]
SQL: SHOW COLUMNS FROM `db_type` [ RunTime:0.000968s ]
SQL: SELECT * FROM `db_type` WHERE ( t_status=1 ) ORDER BY t_order ASC  [ RunTime:0.001353s ]
SQL: SHOW COLUMNS FROM `db_news` [ RunTime:0.000991s ]
SQL: SELECT * FROM `db_news` WHERE ( n_type=13 and n_status=1 and n_position=2 ) ORDER BY n_addtime desc , n_nums desc LIMIT 15   [ RunTime:0.000263s ]
SQL: SELECT * FROM `db_news` WHERE ( n_type=14 and n_status=1 and n_position=2 ) ORDER BY n_addtime desc , n_nums desc LIMIT 15   [ RunTime:0.000223s ]
SQL: SELECT * FROM `db_news` WHERE ( n_type=12 and n_status=1 and n_position=2 ) ORDER BY n_addtime desc , n_nums desc LIMIT 15   [ RunTime:0.000211s ]
SQL: SELECT * FROM `db_news` WHERE ( n_type=15 and n_status=1 and n_position=2 ) ORDER BY n_addtime desc , n_nums desc LIMIT 15   [ RunTime:0.000204s ]
NOTIC: [8] Undefined index:  c_name F:\appserv\www\think\Index\Lib\Action\IndexAction.class.php 第 12 行.
INFO: [ view_parse ] --START--
NOTIC: [8] Use of undefined constant index - assumed 'index' F:\appserv\www\think\Index\Runtime\Cache\e9ca3d00a40c8a0e158f18fe2252bc69.php 第 11 行.
INFO: ParseTemplate Behavior ::run [ RunTime:0.018712s ]
INFO: [ view_parse ] --END-- [ RunTime:0.018795s ]
INFO: [ view_filter ] --START--
INFO: ContentReplace Behavior ::run [ RunTime:0.000507s ]
INFO: TokenBuild Behavior ::run [ RunTime:0.000443s ]
INFO: WriteHtmlCache Behavior ::run [ RunTime:0.000391s ]
INFO: ShowRuntime Behavior ::run [ RunTime:0.000516s ]
INFO: [ view_filter ] --END-- [ RunTime:0.001992s ]
INFO: [ view_end ] --START--
INFO: ShowPageTrace Behavior ::run [ RunTime:0.000669s ]
INFO: [ view_end ] --END-- [ RunTime:0.000729s ]

