[ 2016-06-03T11:12:57+08:00 ] 127.0.0.1 /ph06/
INFO: [ app_begin ] --START--
INFO: ReadHtmlCache Behavior ::run [ RunTime:0.000913s ]
INFO: [ app_begin ] --END-- [ RunTime:0.000997s ]
SQL: SHOW COLUMNS FROM `db_type` [ RunTime:0.072682s ]
SQL: SELECT * FROM `db_type` WHERE ( t_status=1 ) ORDER BY t_order ASC  [ RunTime:0.001035s ]
SQL: SHOW COLUMNS FROM `db_news` [ RunTime:0.041275s ]
SQL: SELECT * FROM `db_news` WHERE ( n_type=13 and n_status=1  ) ORDER BY n_addtime desc , n_nums desc LIMIT 15   [ RunTime:0.006418s ]
SQL: SELECT * FROM `db_news` WHERE ( n_type=14 and n_status=1  ) ORDER BY n_addtime desc , n_nums desc LIMIT 15   [ RunTime:0.000552s ]
SQL: SELECT * FROM `db_news` WHERE ( n_type=12 and n_status=1  ) ORDER BY n_addtime desc , n_nums desc LIMIT 15   [ RunTime:0.000494s ]
SQL: SELECT * FROM `db_news` WHERE ( n_type=15 and n_status=1  ) ORDER BY n_addtime desc , n_nums desc LIMIT 15   [ RunTime:0.000493s ]
NOTIC: [8] Undefined index:  c_name F:\appserv\www\ph06\Index\Lib\Action\IndexAction.class.php 第 13 行.
SQL: SHOW COLUMNS FROM `db_ad` [ RunTime:0.025821s ]
SQL: SELECT * FROM `db_ad` WHERE ( `a_position` = 3 ) AND ( `a_status` = 1 ) ORDER BY a_order ASC  [ RunTime:0.000391s ]
SQL: SELECT * FROM `db_ad` WHERE ( `a_position` = 1 ) AND ( `a_status` = 1 ) ORDER BY a_order ASC LIMIT 1   [ RunTime:0.000276s ]
SQL: SELECT * FROM `db_ad` WHERE ( `a_position` = 2 ) AND ( `a_status` = 1 ) ORDER BY a_order ASC LIMIT 1   [ RunTime:0.000247s ]
INFO: [ view_parse ] --START--
NOTIC: [8] Use of undefined constant index - assumed 'index' F:\appserv\www\ph06\Index\Runtime\Cache\e9ca3d00a40c8a0e158f18fe2252bc69.php 第 16 行.
INFO: ParseTemplate Behavior ::run [ RunTime:0.103712s ]
INFO: [ view_parse ] --END-- [ RunTime:0.103840s ]
INFO: [ view_filter ] --START--
INFO: ContentReplace Behavior ::run [ RunTime:0.009351s ]
INFO: TokenBuild Behavior ::run [ RunTime:0.000864s ]
INFO: WriteHtmlCache Behavior ::run [ RunTime:0.000651s ]
INFO: ShowRuntime Behavior ::run [ RunTime:0.000868s ]
INFO: [ view_filter ] --END-- [ RunTime:0.011947s ]
INFO: [ view_end ] --START--
INFO: ShowPageTrace Behavior ::run [ RunTime:0.001224s ]
INFO: [ view_end ] --END-- [ RunTime:0.001307s ]

[ 2016-06-03T11:13:01+08:00 ] 127.0.0.1 /ph06/index.php/index/newsList/t_id/13
INFO: [ route_check ] --START--
INFO: CheckRoute Behavior ::run [ RunTime:0.001290s ]
INFO: [ route_check ] --END-- [ RunTime:0.001401s ]
INFO: [ app_begin ] --START--
INFO: ReadHtmlCache Behavior ::run [ RunTime:0.000488s ]
INFO: [ app_begin ] --END-- [ RunTime:0.000573s ]
SQL: SHOW COLUMNS FROM `db_type` [ RunTime:0.001390s ]
SQL: SELECT `t_name` FROM `db_type` WHERE ( t_id ='13' ) LIMIT 1   [ RunTime:0.013648s ]
SQL: SELECT * FROM `db_type` WHERE ( t_status=1 ) ORDER BY t_order ASC  [ RunTime:0.001061s ]
SQL: SHOW COLUMNS FROM `db_news` [ RunTime:0.001400s ]
SQL: SELECT COUNT(n_id) AS tp_count FROM `db_news` WHERE ( `n_type` = '13' ) AND ( `n_status` = 1 ) LIMIT 1   [ RunTime:0.019498s ]
SQL: SELECT * FROM `db_news` WHERE ( `n_type` = '13' ) AND ( `n_status` = 1 ) ORDER BY n_addtime desc , n_nums desc LIMIT 0,10   [ RunTime:0.000444s ]
SQL: SHOW COLUMNS FROM `db_ad` [ RunTime:0.001746s ]
SQL: SELECT * FROM `db_ad` WHERE ( `a_position` = 4 ) AND ( `a_status` = 1 ) ORDER BY a_order ASC  [ RunTime:0.000419s ]
INFO: [ view_parse ] --START--
NOTIC: [8] Use of undefined constant index - assumed 'index' F:\appserv\www\ph06\Index\Runtime\Cache\1a4e538a4f58ac229c3315362a246230.php 第 10 行.
NOTIC: [8] Undefined variable: c_name F:\appserv\www\ph06\Index\Runtime\Cache\1a4e538a4f58ac229c3315362a246230.php 第 15 行.
NOTIC: [8] Use of undefined constant index - assumed 'index' F:\appserv\www\ph06\Index\Runtime\Cache\1a4e538a4f58ac229c3315362a246230.php 第 39 行.
INFO: ParseTemplate Behavior ::run [ RunTime:0.011351s ]
INFO: [ view_parse ] --END-- [ RunTime:0.011433s ]
INFO: [ view_filter ] --START--
INFO: ContentReplace Behavior ::run [ RunTime:0.000292s ]
INFO: TokenBuild Behavior ::run [ RunTime:0.000271s ]
INFO: WriteHtmlCache Behavior ::run [ RunTime:0.000151s ]
INFO: ShowRuntime Behavior ::run [ RunTime:0.000273s ]
INFO: [ view_filter ] --END-- [ RunTime:0.001114s ]
INFO: [ view_end ] --START--
INFO: ShowPageTrace Behavior ::run [ RunTime:0.000387s ]
INFO: [ view_end ] --END-- [ RunTime:0.000431s ]

