[ 2016-06-20T11:19:17+08:00 ] 127.0.0.1 /ph06/
INFO: [ app_begin ] --START--
INFO: ReadHtmlCache Behavior ::run [ RunTime:0.001370s ]
INFO: [ app_begin ] --END-- [ RunTime:0.001499s ]
SQL: SHOW COLUMNS FROM `db_type` [ RunTime:0.064182s ]
SQL: SELECT * FROM `db_type` WHERE ( t_status=1 ) ORDER BY t_order ASC  [ RunTime:0.008027s ]
SQL: SHOW COLUMNS FROM `db_news` [ RunTime:0.050701s ]
SQL: SELECT * FROM `db_news` WHERE ( n_type=13 and n_status=1  ) ORDER BY n_addtime desc , n_nums desc LIMIT 15   [ RunTime:0.005656s ]
SQL: SELECT * FROM `db_news` WHERE ( n_type=14 and n_status=1  ) ORDER BY n_addtime desc , n_nums desc LIMIT 15   [ RunTime:0.000984s ]
SQL: SELECT * FROM `db_news` WHERE ( n_type=12 and n_status=1  ) ORDER BY n_addtime desc , n_nums desc LIMIT 15   [ RunTime:0.001021s ]
SQL: SELECT * FROM `db_news` WHERE ( n_type=15 and n_status=1  ) ORDER BY n_addtime desc , n_nums desc LIMIT 15   [ RunTime:0.000896s ]
NOTIC: [8] Undefined index:  c_name F:\appserv\www\ph06\Index\Lib\Action\IndexAction.class.php 第 13 行.
SQL: SHOW COLUMNS FROM `db_ad` [ RunTime:0.031613s ]
SQL: SELECT * FROM `db_ad` WHERE ( `a_position` = 3 ) AND ( `a_status` = 1 ) ORDER BY a_order ASC  [ RunTime:0.000766s ]
SQL: SELECT * FROM `db_ad` WHERE ( `a_position` = 1 ) AND ( `a_status` = 1 ) ORDER BY a_order ASC LIMIT 1   [ RunTime:0.000527s ]
SQL: SELECT * FROM `db_ad` WHERE ( `a_position` = 2 ) AND ( `a_status` = 1 ) ORDER BY a_order ASC LIMIT 1   [ RunTime:0.001026s ]
INFO: [ view_parse ] --START--
NOTIC: [8] Use of undefined constant index - assumed 'index' F:\appserv\www\ph06\Index\Runtime\Cache\e9ca3d00a40c8a0e158f18fe2252bc69.php 第 16 行.
INFO: ParseTemplate Behavior ::run [ RunTime:0.090285s ]
INFO: [ view_parse ] --END-- [ RunTime:0.090472s ]
INFO: [ view_filter ] --START--
INFO: ContentReplace Behavior ::run [ RunTime:0.009959s ]
INFO: TokenBuild Behavior ::run [ RunTime:0.005743s ]
INFO: WriteHtmlCache Behavior ::run [ RunTime:0.000541s ]
INFO: ShowRuntime Behavior ::run [ RunTime:0.000669s ]
INFO: [ view_filter ] --END-- [ RunTime:0.017076s ]
INFO: [ view_end ] --START--
INFO: ShowPageTrace Behavior ::run [ RunTime:0.001057s ]
INFO: [ view_end ] --END-- [ RunTime:0.001124s ]

[ 2016-06-20T11:19:43+08:00 ] 127.0.0.1 /ph06/
INFO: [ app_begin ] --START--
INFO: ReadHtmlCache Behavior ::run [ RunTime:0.000424s ]
INFO: [ app_begin ] --END-- [ RunTime:0.000514s ]
SQL: SHOW COLUMNS FROM `db_type` [ RunTime:0.001664s ]
SQL: SELECT * FROM `db_type` WHERE ( t_status=1 ) ORDER BY t_order ASC  [ RunTime:0.000234s ]
SQL: SHOW COLUMNS FROM `db_news` [ RunTime:0.001201s ]
SQL: SELECT * FROM `db_news` WHERE ( n_type=13 and n_status=1  ) ORDER BY n_addtime desc , n_nums desc LIMIT 15   [ RunTime:0.000545s ]
SQL: SELECT * FROM `db_news` WHERE ( n_type=14 and n_status=1  ) ORDER BY n_addtime desc , n_nums desc LIMIT 15   [ RunTime:0.000269s ]
SQL: SELECT * FROM `db_news` WHERE ( n_type=12 and n_status=1  ) ORDER BY n_addtime desc , n_nums desc LIMIT 15   [ RunTime:0.000248s ]
SQL: SELECT * FROM `db_news` WHERE ( n_type=15 and n_status=1  ) ORDER BY n_addtime desc , n_nums desc LIMIT 15   [ RunTime:0.000240s ]
NOTIC: [8] Undefined index:  c_name F:\appserv\www\ph06\Index\Lib\Action\IndexAction.class.php 第 13 行.
SQL: SHOW COLUMNS FROM `db_ad` [ RunTime:0.001386s ]
SQL: SELECT * FROM `db_ad` WHERE ( `a_position` = 3 ) AND ( `a_status` = 1 ) ORDER BY a_order ASC  [ RunTime:0.000203s ]
SQL: SELECT * FROM `db_ad` WHERE ( `a_position` = 1 ) AND ( `a_status` = 1 ) ORDER BY a_order ASC LIMIT 1   [ RunTime:0.000162s ]
SQL: SELECT * FROM `db_ad` WHERE ( `a_position` = 2 ) AND ( `a_status` = 1 ) ORDER BY a_order ASC LIMIT 1   [ RunTime:0.000142s ]
INFO: [ view_parse ] --START--
NOTIC: [8] Use of undefined constant index - assumed 'index' F:\appserv\www\ph06\Index\Runtime\Cache\e9ca3d00a40c8a0e158f18fe2252bc69.php 第 16 行.
INFO: ParseTemplate Behavior ::run [ RunTime:0.016591s ]
INFO: [ view_parse ] --END-- [ RunTime:0.016654s ]
INFO: [ view_filter ] --START--
INFO: ContentReplace Behavior ::run [ RunTime:0.000284s ]
INFO: TokenBuild Behavior ::run [ RunTime:0.000223s ]
INFO: WriteHtmlCache Behavior ::run [ RunTime:0.000145s ]
INFO: ShowRuntime Behavior ::run [ RunTime:0.000272s ]
INFO: [ view_filter ] --END-- [ RunTime:0.001045s ]
INFO: [ view_end ] --START--
INFO: ShowPageTrace Behavior ::run [ RunTime:0.000387s ]
INFO: [ view_end ] --END-- [ RunTime:0.000437s ]

[ 2016-06-20T11:19:45+08:00 ] 127.0.0.1 /ph06/index.php/login/login
INFO: [ route_check ] --START--
INFO: CheckRoute Behavior ::run [ RunTime:0.001165s ]
INFO: [ route_check ] --END-- [ RunTime:0.001309s ]
INFO: [ app_begin ] --START--
INFO: ReadHtmlCache Behavior ::run [ RunTime:0.000673s ]
INFO: [ app_begin ] --END-- [ RunTime:0.000782s ]
INFO: [ view_parse ] --START--
INFO: ParseTemplate Behavior ::run [ RunTime:0.032642s ]
INFO: [ view_parse ] --END-- [ RunTime:0.032807s ]
INFO: [ view_filter ] --START--
INFO: ContentReplace Behavior ::run [ RunTime:0.000578s ]
INFO: TokenBuild Behavior ::run [ RunTime:0.000574s ]
INFO: WriteHtmlCache Behavior ::run [ RunTime:0.000460s ]
INFO: ShowRuntime Behavior ::run [ RunTime:0.000898s ]
INFO: [ view_filter ] --END-- [ RunTime:0.002867s ]
INFO: [ view_end ] --START--
INFO: ShowPageTrace Behavior ::run [ RunTime:0.000980s ]
INFO: [ view_end ] --END-- [ RunTime:0.001091s ]

