[ 2016-07-29T16:19:26+08:00 ] 127.0.0.1 /ph06/
INFO: [ app_begin ] --START--
INFO: ReadHtmlCache Behavior ::run [ RunTime:0.000989s ]
INFO: [ app_begin ] --END-- [ RunTime:0.001101s ]
SQL: SHOW COLUMNS FROM `db_type` [ RunTime:0.072818s ]
SQL: SELECT * FROM `db_type` WHERE ( t_status=1 ) ORDER BY t_order ASC  [ RunTime:0.001688s ]
SQL: SHOW COLUMNS FROM `db_news` [ RunTime:0.081182s ]
SQL: SELECT * FROM `db_news` WHERE ( n_type=13 and n_status=1  ) ORDER BY n_addtime desc , n_nums desc LIMIT 15   [ RunTime:0.007641s ]
SQL: SELECT * FROM `db_news` WHERE ( n_type=14 and n_status=1  ) ORDER BY n_addtime desc , n_nums desc LIMIT 15   [ RunTime:0.000618s ]
SQL: SELECT * FROM `db_news` WHERE ( n_type=12 and n_status=1  ) ORDER BY n_addtime desc , n_nums desc LIMIT 15   [ RunTime:0.000582s ]
SQL: SELECT * FROM `db_news` WHERE ( n_type=15 and n_status=1  ) ORDER BY n_addtime desc , n_nums desc LIMIT 15   [ RunTime:0.000524s ]
NOTIC: [8] Undefined index:  c_name F:\appserv\www\ph06\Index\Lib\Action\IndexAction.class.php 第 13 行.
SQL: SHOW COLUMNS FROM `db_ad` [ RunTime:0.025164s ]
SQL: SELECT * FROM `db_ad` WHERE ( `a_position` = 3 ) AND ( `a_status` = 1 ) ORDER BY a_order ASC  [ RunTime:0.000694s ]
SQL: SELECT * FROM `db_ad` WHERE ( `a_position` = 1 ) AND ( `a_status` = 1 ) ORDER BY a_order ASC LIMIT 1   [ RunTime:0.000330s ]
SQL: SELECT * FROM `db_ad` WHERE ( `a_position` = 2 ) AND ( `a_status` = 1 ) ORDER BY a_order ASC LIMIT 1   [ RunTime:0.000453s ]
INFO: [ view_parse ] --START--
NOTIC: [8] Use of undefined constant index - assumed 'index' F:\appserv\www\ph06\Index\Runtime\Cache\e9ca3d00a40c8a0e158f18fe2252bc69.php 第 16 行.
INFO: ParseTemplate Behavior ::run [ RunTime:0.095944s ]
INFO: [ view_parse ] --END-- [ RunTime:0.096107s ]
INFO: [ view_filter ] --START--
INFO: ContentReplace Behavior ::run [ RunTime:0.017154s ]
INFO: TokenBuild Behavior ::run [ RunTime:0.000917s ]
INFO: WriteHtmlCache Behavior ::run [ RunTime:0.000710s ]
INFO: ShowRuntime Behavior ::run [ RunTime:0.000900s ]
INFO: [ view_filter ] --END-- [ RunTime:0.019904s ]
INFO: [ view_end ] --START--
INFO: ShowPageTrace Behavior ::run [ RunTime:0.001160s ]
INFO: [ view_end ] --END-- [ RunTime:0.001246s ]

