[ 2016-04-14T14:16:42+08:00 ] 127.0.0.1 /think/index.php/Index/index
INFO: [ route_check ] --START--
INFO: CheckRoute Behavior ::run [ RunTime:0.001983s ]
INFO: [ route_check ] --END-- [ RunTime:0.002137s ]
INFO: [ app_begin ] --START--
INFO: ReadHtmlCache Behavior ::run [ RunTime:0.001623s ]
INFO: [ app_begin ] --END-- [ RunTime:0.001772s ]
SQL: SHOW COLUMNS FROM `db_type` [ RunTime:0.099501s ]
SQL: SELECT * FROM `db_type` WHERE ( t_status=1 ) ORDER BY t_order ASC  [ RunTime:0.002494s ]
SQL: SHOW COLUMNS FROM `db_news` [ RunTime:0.076167s ]
SQL: SELECT * FROM `db_news` WHERE ( n_type=13 and n_status=1 and n_position=2 ) ORDER BY n_addtime desc , n_nums desc LIMIT 15   [ RunTime:0.016972s ]
SQL: SELECT * FROM `db_news` WHERE ( n_type=14 and n_status=1 and n_position=2 ) ORDER BY n_addtime desc , n_nums desc LIMIT 15   [ RunTime:0.000838s ]
SQL: SELECT * FROM `db_news` WHERE ( n_type=12 and n_status=1 and n_position=2 ) ORDER BY n_addtime desc , n_nums desc LIMIT 15   [ RunTime:0.000897s ]
SQL: SELECT * FROM `db_news` WHERE ( n_type=15 and n_status=1 and n_position=2 ) ORDER BY n_addtime desc , n_nums desc LIMIT 15   [ RunTime:0.000840s ]
NOTIC: [8] Undefined index:  c_name F:\appserv\www\think\Index\Lib\Action\IndexAction.class.php 第 12 行.
INFO: [ view_parse ] --START--
NOTIC: [8] Use of undefined constant index - assumed 'index' F:\appserv\www\think\Index\Runtime\Cache\e9ca3d00a40c8a0e158f18fe2252bc69.php 第 11 行.
INFO: ParseTemplate Behavior ::run [ RunTime:0.061782s ]
INFO: [ view_parse ] --END-- [ RunTime:0.061964s ]
INFO: [ view_filter ] --START--
INFO: ContentReplace Behavior ::run [ RunTime:0.001236s ]
INFO: TokenBuild Behavior ::run [ RunTime:0.000975s ]
INFO: WriteHtmlCache Behavior ::run [ RunTime:0.000818s ]
INFO: ShowRuntime Behavior ::run [ RunTime:0.001033s ]
INFO: [ view_filter ] --END-- [ RunTime:0.004284s ]
INFO: [ view_end ] --START--
INFO: ShowPageTrace Behavior ::run [ RunTime:0.003524s ]
INFO: [ view_end ] --END-- [ RunTime:0.003641s ]

[ 2016-04-14T14:50:39+08:00 ] 127.0.0.1 /think/index.php/Index/index
INFO: [ route_check ] --START--
INFO: CheckRoute Behavior ::run [ RunTime:0.001188s ]
INFO: [ route_check ] --END-- [ RunTime:0.001286s ]
INFO: [ app_begin ] --START--
INFO: ReadHtmlCache Behavior ::run [ RunTime:0.000901s ]
INFO: [ app_begin ] --END-- [ RunTime:0.000989s ]
SQL: SHOW COLUMNS FROM `db_type` [ RunTime:0.055179s ]
SQL: SELECT * FROM `db_type` WHERE ( t_status=1 ) ORDER BY t_order ASC  [ RunTime:0.002766s ]
SQL: SHOW COLUMNS FROM `db_news` [ RunTime:0.050472s ]
SQL: SELECT * FROM `db_news` WHERE ( n_type=13 and n_status=1 and n_position=2 ) ORDER BY n_addtime desc , n_nums desc LIMIT 15   [ RunTime:0.022729s ]
SQL: SELECT * FROM `db_news` WHERE ( n_type=14 and n_status=1 and n_position=2 ) ORDER BY n_addtime desc , n_nums desc LIMIT 15   [ RunTime:0.001043s ]
SQL: SELECT * FROM `db_news` WHERE ( n_type=12 and n_status=1 and n_position=2 ) ORDER BY n_addtime desc , n_nums desc LIMIT 15   [ RunTime:0.001665s ]
SQL: SELECT * FROM `db_news` WHERE ( n_type=15 and n_status=1 and n_position=2 ) ORDER BY n_addtime desc , n_nums desc LIMIT 15   [ RunTime:0.001075s ]
NOTIC: [8] Undefined index:  c_name F:\appserv\www\think\Index\Lib\Action\IndexAction.class.php 第 12 行.
INFO: [ view_parse ] --START--
NOTIC: [8] Use of undefined constant index - assumed 'index' F:\appserv\www\think\Index\Runtime\Cache\e9ca3d00a40c8a0e158f18fe2252bc69.php 第 11 行.
INFO: ParseTemplate Behavior ::run [ RunTime:0.137964s ]
INFO: [ view_parse ] --END-- [ RunTime:0.138197s ]
INFO: [ view_filter ] --START--
INFO: ContentReplace Behavior ::run [ RunTime:0.001476s ]
INFO: TokenBuild Behavior ::run [ RunTime:0.001428s ]
INFO: WriteHtmlCache Behavior ::run [ RunTime:0.000983s ]
INFO: ShowRuntime Behavior ::run [ RunTime:0.001329s ]
INFO: [ view_filter ] --END-- [ RunTime:0.005514s ]
INFO: [ view_end ] --START--
INFO: ShowPageTrace Behavior ::run [ RunTime:0.001980s ]
INFO: [ view_end ] --END-- [ RunTime:0.002108s ]

[ 2016-04-14T14:50:44+08:00 ] 127.0.0.1 /think/index.php/Index/index
INFO: [ route_check ] --START--
INFO: CheckRoute Behavior ::run [ RunTime:0.000601s ]
INFO: [ route_check ] --END-- [ RunTime:0.000677s ]
INFO: [ app_begin ] --START--
INFO: ReadHtmlCache Behavior ::run [ RunTime:0.000373s ]
INFO: [ app_begin ] --END-- [ RunTime:0.000422s ]
SQL: SHOW COLUMNS FROM `db_type` [ RunTime:0.001431s ]
SQL: SELECT * FROM `db_type` WHERE ( t_status=1 ) ORDER BY t_order ASC  [ RunTime:0.000477s ]
SQL: SHOW COLUMNS FROM `db_news` [ RunTime:0.002007s ]
SQL: SELECT * FROM `db_news` WHERE ( n_type=13 and n_status=1 and n_position=2 ) ORDER BY n_addtime desc , n_nums desc LIMIT 15   [ RunTime:0.000481s ]
SQL: SELECT * FROM `db_news` WHERE ( n_type=14 and n_status=1 and n_position=2 ) ORDER BY n_addtime desc , n_nums desc LIMIT 15   [ RunTime:0.000304s ]
SQL: SELECT * FROM `db_news` WHERE ( n_type=12 and n_status=1 and n_position=2 ) ORDER BY n_addtime desc , n_nums desc LIMIT 15   [ RunTime:0.000308s ]
SQL: SELECT * FROM `db_news` WHERE ( n_type=15 and n_status=1 and n_position=2 ) ORDER BY n_addtime desc , n_nums desc LIMIT 15   [ RunTime:0.001332s ]
NOTIC: [8] Undefined index:  c_name F:\appserv\www\think\Index\Lib\Action\IndexAction.class.php 第 12 行.
INFO: [ view_parse ] --START--
NOTIC: [8] Use of undefined constant index - assumed 'index' F:\appserv\www\think\Index\Runtime\Cache\e9ca3d00a40c8a0e158f18fe2252bc69.php 第 11 行.
INFO: ParseTemplate Behavior ::run [ RunTime:0.020687s ]
INFO: [ view_parse ] --END-- [ RunTime:0.020880s ]
INFO: [ view_filter ] --START--
INFO: ContentReplace Behavior ::run [ RunTime:0.000522s ]
INFO: TokenBuild Behavior ::run [ RunTime:0.000366s ]
INFO: WriteHtmlCache Behavior ::run [ RunTime:0.000222s ]
INFO: ShowRuntime Behavior ::run [ RunTime:0.000412s ]
INFO: [ view_filter ] --END-- [ RunTime:0.001723s ]
INFO: [ view_end ] --START--
INFO: ShowPageTrace Behavior ::run [ RunTime:0.000635s ]
INFO: [ view_end ] --END-- [ RunTime:0.000722s ]

[ 2016-04-14T14:50:46+08:00 ] 127.0.0.1 /think/index.php/Index/index
INFO: [ route_check ] --START--
INFO: CheckRoute Behavior ::run [ RunTime:0.000574s ]
INFO: [ route_check ] --END-- [ RunTime:0.000653s ]
INFO: [ app_begin ] --START--
INFO: ReadHtmlCache Behavior ::run [ RunTime:0.000354s ]
INFO: [ app_begin ] --END-- [ RunTime:0.000405s ]
SQL: SHOW COLUMNS FROM `db_type` [ RunTime:0.001179s ]
SQL: SELECT * FROM `db_type` WHERE ( t_status=1 ) ORDER BY t_order ASC  [ RunTime:0.000788s ]
SQL: SHOW COLUMNS FROM `db_news` [ RunTime:0.003225s ]
SQL: SELECT * FROM `db_news` WHERE ( n_type=13 and n_status=1 and n_position=2 ) ORDER BY n_addtime desc , n_nums desc LIMIT 15   [ RunTime:0.000985s ]
SQL: SELECT * FROM `db_news` WHERE ( n_type=14 and n_status=1 and n_position=2 ) ORDER BY n_addtime desc , n_nums desc LIMIT 15   [ RunTime:0.000300s ]
SQL: SELECT * FROM `db_news` WHERE ( n_type=12 and n_status=1 and n_position=2 ) ORDER BY n_addtime desc , n_nums desc LIMIT 15   [ RunTime:0.000328s ]
SQL: SELECT * FROM `db_news` WHERE ( n_type=15 and n_status=1 and n_position=2 ) ORDER BY n_addtime desc , n_nums desc LIMIT 15   [ RunTime:0.000328s ]
NOTIC: [8] Undefined index:  c_name F:\appserv\www\think\Index\Lib\Action\IndexAction.class.php 第 12 行.
INFO: [ view_parse ] --START--
NOTIC: [8] Use of undefined constant index - assumed 'index' F:\appserv\www\think\Index\Runtime\Cache\e9ca3d00a40c8a0e158f18fe2252bc69.php 第 11 行.
INFO: ParseTemplate Behavior ::run [ RunTime:0.017744s ]
INFO: [ view_parse ] --END-- [ RunTime:0.017831s ]
INFO: [ view_filter ] --START--
INFO: ContentReplace Behavior ::run [ RunTime:0.000377s ]
INFO: TokenBuild Behavior ::run [ RunTime:0.000240s ]
INFO: WriteHtmlCache Behavior ::run [ RunTime:0.000148s ]
INFO: ShowRuntime Behavior ::run [ RunTime:0.000278s ]
INFO: [ view_filter ] --END-- [ RunTime:0.001163s ]
INFO: [ view_end ] --START--
INFO: ShowPageTrace Behavior ::run [ RunTime:0.001579s ]
INFO: [ view_end ] --END-- [ RunTime:0.001653s ]

[ 2016-04-14T14:50:52+08:00 ] 127.0.0.1 /think/index.php/index/message/n_id/14
INFO: [ route_check ] --START--
INFO: CheckRoute Behavior ::run [ RunTime:0.000683s ]
INFO: [ route_check ] --END-- [ RunTime:0.000785s ]
INFO: [ app_begin ] --START--
INFO: ReadHtmlCache Behavior ::run [ RunTime:0.000436s ]
INFO: [ app_begin ] --END-- [ RunTime:0.000499s ]
SQL: SHOW COLUMNS FROM `db_type` [ RunTime:0.003562s ]
SQL: SELECT * FROM `db_type` WHERE ( t_status=1 ) ORDER BY t_order ASC  [ RunTime:0.000687s ]
SQL: SHOW COLUMNS FROM `db_news` [ RunTime:0.001461s ]
SQL: SELECT * FROM `db_news` WHERE ( `n_id` = 14 ) LIMIT 1   [ RunTime:0.000573s ]
SQL: UPDATE `db_news` SET `n_nums`=n_nums+1 WHERE ( `n_id` = 14 ) [ RunTime:0.026348s ]
SQL: SELECT `n_type` FROM `db_news` WHERE ( `n_id` = 14 ) LIMIT 1   [ RunTime:0.000424s ]
SQL: SELECT `n_author` FROM `db_news` WHERE ( `n_id` = 14 ) LIMIT 1   [ RunTime:0.000367s ]
SQL: SELECT `t_name` FROM `db_type` WHERE ( t_id = '13' ) LIMIT 1   [ RunTime:0.000160s ]
SQL: SHOW COLUMNS FROM `db_user` [ RunTime:0.073367s ]
SQL: SELECT `u_name` FROM `db_user` WHERE ( u_id = '1' ) LIMIT 1   [ RunTime:0.000402s ]
SQL: SHOW COLUMNS FROM `db_comment` [ RunTime:0.046097s ]
SQL: SHOW COLUMNS FROM `db_customer` [ RunTime:0.020940s ]
SQL: SELECT COUNT(co_id) AS tp_count FROM db_comment comment LEFT JOIN db_customer customer ON comment.co_custumer_id=customer.c_id WHERE ( co_news_id ='14' and co_status=1 ) ORDER BY comment.co_addtime DESC LIMIT 1   [ RunTime:0.018823s ]
SQL: SELECT comment.co_id AS co_id,comment.co_message AS co_message,comment.co_addtime AS co_addtime,comment.co_status AS co_status,customer.c_name AS co_name FROM db_comment comment LEFT JOIN db_customer customer ON comment.co_custumer_id=customer.c_id WHERE ( co_news_id ='14' and co_status=1 ) ORDER BY comment.co_addtime DESC LIMIT 0,10   [ RunTime:0.000726s ]
NOTIC: [8] Undefined index:  c_name F:\appserv\www\think\Index\Lib\Action\IndexAction.class.php 第 74 行.
INFO: [ view_parse ] --START--
NOTIC: [8] Use of undefined constant index - assumed 'index' F:\appserv\www\think\Index\Runtime\Cache\a1f7cd0bf952b8bd4a2070b18a772406.php 第 33 行.
NOTIC: [8] Use of undefined constant index - assumed 'index' F:\appserv\www\think\Index\Runtime\Cache\a1f7cd0bf952b8bd4a2070b18a772406.php 第 50 行.
INFO: ParseTemplate Behavior ::run [ RunTime:0.072058s ]
INFO: [ view_parse ] --END-- [ RunTime:0.072222s ]
INFO: [ view_filter ] --START--
INFO: ContentReplace Behavior ::run [ RunTime:0.000704s ]
INFO: TokenBuild Behavior ::run [ RunTime:0.000985s ]
INFO: WriteHtmlCache Behavior ::run [ RunTime:0.000387s ]
INFO: ShowRuntime Behavior ::run [ RunTime:0.000689s ]
INFO: [ view_filter ] --END-- [ RunTime:0.003088s ]
INFO: [ view_end ] --START--
INFO: ShowPageTrace Behavior ::run [ RunTime:0.001612s ]
INFO: [ view_end ] --END-- [ RunTime:0.001738s ]

[ 2016-04-14T14:50:54+08:00 ] 127.0.0.1 /think/index.php/index/newsList/t_id/13
INFO: [ route_check ] --START--
INFO: CheckRoute Behavior ::run [ RunTime:0.000700s ]
INFO: [ route_check ] --END-- [ RunTime:0.000822s ]
INFO: [ app_begin ] --START--
INFO: ReadHtmlCache Behavior ::run [ RunTime:0.000515s ]
INFO: [ app_begin ] --END-- [ RunTime:0.000593s ]
SQL: SHOW COLUMNS FROM `db_type` [ RunTime:0.001630s ]
SQL: SELECT `t_name` FROM `db_type` WHERE ( t_id ='13' ) LIMIT 1   [ RunTime:0.000878s ]
SQL: SELECT * FROM `db_type` WHERE ( t_status=1 ) ORDER BY t_order ASC  [ RunTime:0.000167s ]
SQL: SHOW COLUMNS FROM `db_news` [ RunTime:0.001301s ]
SQL: SELECT COUNT(n_id) AS tp_count FROM `db_news` WHERE ( `n_type` = '13' ) AND ( `n_status` = 1 ) LIMIT 1   [ RunTime:0.000350s ]
SQL: SELECT * FROM `db_news` WHERE ( `n_type` = '13' ) AND ( `n_status` = 1 ) ORDER BY n_addtime desc , n_nums desc LIMIT 0,10   [ RunTime:0.000233s ]
INFO: [ view_parse ] --START--
NOTIC: [8] Use of undefined constant index - assumed 'index' F:\appserv\www\think\Index\Runtime\Cache\1a4e538a4f58ac229c3315362a246230.php 第 12 行.
NOTIC: [8] Undefined variable: c_name F:\appserv\www\think\Index\Runtime\Cache\1a4e538a4f58ac229c3315362a246230.php 第 19 行.
NOTIC: [8] Use of undefined constant index - assumed 'index' F:\appserv\www\think\Index\Runtime\Cache\1a4e538a4f58ac229c3315362a246230.php 第 44 行.
INFO: ParseTemplate Behavior ::run [ RunTime:0.032746s ]
INFO: [ view_parse ] --END-- [ RunTime:0.032819s ]
INFO: [ view_filter ] --START--
INFO: ContentReplace Behavior ::run [ RunTime:0.000246s ]
INFO: TokenBuild Behavior ::run [ RunTime:0.000225s ]
INFO: WriteHtmlCache Behavior ::run [ RunTime:0.000146s ]
INFO: ShowRuntime Behavior ::run [ RunTime:0.000269s ]
INFO: [ view_filter ] --END-- [ RunTime:0.001005s ]
INFO: [ view_end ] --START--
INFO: ShowPageTrace Behavior ::run [ RunTime:0.000405s ]
INFO: [ view_end ] --END-- [ RunTime:0.000447s ]

[ 2016-04-14T14:52:12+08:00 ] 127.0.0.1 /think/index.php/Index/index
INFO: [ route_check ] --START--
INFO: CheckRoute Behavior ::run [ RunTime:0.000806s ]
INFO: [ route_check ] --END-- [ RunTime:0.001054s ]
INFO: [ app_begin ] --START--
INFO: ReadHtmlCache Behavior ::run [ RunTime:0.000566s ]
INFO: [ app_begin ] --END-- [ RunTime:0.000682s ]
SQL: SHOW COLUMNS FROM `db_type` [ RunTime:0.001532s ]
SQL: SELECT * FROM `db_type` WHERE ( t_status=1 ) ORDER BY t_order ASC  [ RunTime:0.003216s ]
SQL: SHOW COLUMNS FROM `db_news` [ RunTime:0.003169s ]
SQL: SELECT * FROM `db_news` WHERE ( n_type=13 and n_status=1 and n_position=2 ) ORDER BY n_addtime desc , n_nums desc LIMIT 15   [ RunTime:0.001066s ]
SQL: SELECT * FROM `db_news` WHERE ( n_type=14 and n_status=1 and n_position=2 ) ORDER BY n_addtime desc , n_nums desc LIMIT 15   [ RunTime:0.000373s ]
SQL: SELECT * FROM `db_news` WHERE ( n_type=12 and n_status=1 and n_position=2 ) ORDER BY n_addtime desc , n_nums desc LIMIT 15   [ RunTime:0.000347s ]
SQL: SELECT * FROM `db_news` WHERE ( n_type=15 and n_status=1 and n_position=2 ) ORDER BY n_addtime desc , n_nums desc LIMIT 15   [ RunTime:0.000273s ]
NOTIC: [8] Undefined index:  c_name F:\appserv\www\think\Index\Lib\Action\IndexAction.class.php 第 12 行.
INFO: [ view_parse ] --START--
NOTIC: [8] Use of undefined constant index - assumed 'index' F:\appserv\www\think\Index\Runtime\Cache\e9ca3d00a40c8a0e158f18fe2252bc69.php 第 11 行.
INFO: ParseTemplate Behavior ::run [ RunTime:0.017447s ]
INFO: [ view_parse ] --END-- [ RunTime:0.017520s ]
INFO: [ view_filter ] --START--
INFO: ContentReplace Behavior ::run [ RunTime:0.000312s ]
INFO: TokenBuild Behavior ::run [ RunTime:0.000236s ]
INFO: WriteHtmlCache Behavior ::run [ RunTime:0.000146s ]
INFO: ShowRuntime Behavior ::run [ RunTime:0.000273s ]
INFO: [ view_filter ] --END-- [ RunTime:0.001089s ]
INFO: [ view_end ] --START--
INFO: ShowPageTrace Behavior ::run [ RunTime:0.000407s ]
INFO: [ view_end ] --END-- [ RunTime:0.000464s ]

[ 2016-04-14T14:52:16+08:00 ] 127.0.0.1 /think/index.php/index/newsList/t_id/13
INFO: [ route_check ] --START--
INFO: CheckRoute Behavior ::run [ RunTime:0.000653s ]
INFO: [ route_check ] --END-- [ RunTime:0.000746s ]
INFO: [ app_begin ] --START--
INFO: ReadHtmlCache Behavior ::run [ RunTime:0.000579s ]
INFO: [ app_begin ] --END-- [ RunTime:0.000648s ]
SQL: SHOW COLUMNS FROM `db_type` [ RunTime:0.002286s ]
SQL: SELECT `t_name` FROM `db_type` WHERE ( t_id ='13' ) LIMIT 1   [ RunTime:0.000249s ]
SQL: SELECT * FROM `db_type` WHERE ( t_status=1 ) ORDER BY t_order ASC  [ RunTime:0.000569s ]
SQL: SHOW COLUMNS FROM `db_news` [ RunTime:0.003806s ]
SQL: SELECT COUNT(n_id) AS tp_count FROM `db_news` WHERE ( `n_type` = '13' ) AND ( `n_status` = 1 ) LIMIT 1   [ RunTime:0.000295s ]
SQL: SELECT * FROM `db_news` WHERE ( `n_type` = '13' ) AND ( `n_status` = 1 ) ORDER BY n_addtime desc , n_nums desc LIMIT 0,10   [ RunTime:0.000369s ]
INFO: [ view_parse ] --START--
NOTIC: [8] Use of undefined constant index - assumed 'index' F:\appserv\www\think\Index\Runtime\Cache\1a4e538a4f58ac229c3315362a246230.php 第 12 行.
NOTIC: [8] Undefined variable: c_name F:\appserv\www\think\Index\Runtime\Cache\1a4e538a4f58ac229c3315362a246230.php 第 19 行.
NOTIC: [8] Use of undefined constant index - assumed 'index' F:\appserv\www\think\Index\Runtime\Cache\1a4e538a4f58ac229c3315362a246230.php 第 44 行.
INFO: ParseTemplate Behavior ::run [ RunTime:0.011314s ]
INFO: [ view_parse ] --END-- [ RunTime:0.011397s ]
INFO: [ view_filter ] --START--
INFO: ContentReplace Behavior ::run [ RunTime:0.000376s ]
INFO: TokenBuild Behavior ::run [ RunTime:0.000265s ]
INFO: WriteHtmlCache Behavior ::run [ RunTime:0.000156s ]
INFO: ShowRuntime Behavior ::run [ RunTime:0.000278s ]
INFO: [ view_filter ] --END-- [ RunTime:0.001202s ]
INFO: [ view_end ] --START--
INFO: ShowPageTrace Behavior ::run [ RunTime:0.000436s ]
INFO: [ view_end ] --END-- [ RunTime:0.000484s ]

[ 2016-04-14T15:01:12+08:00 ] 127.0.0.1 /think/index.php/index/index
INFO: [ route_check ] --START--
INFO: CheckRoute Behavior ::run [ RunTime:0.001575s ]
INFO: [ route_check ] --END-- [ RunTime:0.001705s ]
INFO: [ app_begin ] --START--
INFO: ReadHtmlCache Behavior ::run [ RunTime:0.001087s ]
INFO: [ app_begin ] --END-- [ RunTime:0.001184s ]
SQL: SHOW COLUMNS FROM `db_type` [ RunTime:0.001489s ]
SQL: SELECT * FROM `db_type` WHERE ( t_status=1 ) ORDER BY t_order ASC  [ RunTime:0.000217s ]
SQL: SHOW COLUMNS FROM `db_news` [ RunTime:0.001341s ]
SQL: SELECT * FROM `db_news` WHERE ( n_type=13 and n_status=1 and n_position=2 ) ORDER BY n_addtime desc , n_nums desc LIMIT 15   [ RunTime:0.000419s ]
SQL: SELECT * FROM `db_news` WHERE ( n_type=14 and n_status=1 and n_position=2 ) ORDER BY n_addtime desc , n_nums desc LIMIT 15   [ RunTime:0.000231s ]
SQL: SELECT * FROM `db_news` WHERE ( n_type=12 and n_status=1 and n_position=2 ) ORDER BY n_addtime desc , n_nums desc LIMIT 15   [ RunTime:0.000212s ]
SQL: SELECT * FROM `db_news` WHERE ( n_type=15 and n_status=1 and n_position=2 ) ORDER BY n_addtime desc , n_nums desc LIMIT 15   [ RunTime:0.000208s ]
NOTIC: [8] Undefined index:  c_name F:\appserv\www\think\Index\Lib\Action\IndexAction.class.php 第 12 行.
INFO: [ view_parse ] --START--
NOTIC: [8] Use of undefined constant index - assumed 'index' F:\appserv\www\think\Index\Runtime\Cache\e9ca3d00a40c8a0e158f18fe2252bc69.php 第 11 行.
INFO: ParseTemplate Behavior ::run [ RunTime:0.018908s ]
INFO: [ view_parse ] --END-- [ RunTime:0.018972s ]
INFO: [ view_filter ] --START--
INFO: ContentReplace Behavior ::run [ RunTime:0.000520s ]
INFO: TokenBuild Behavior ::run [ RunTime:0.000439s ]
INFO: WriteHtmlCache Behavior ::run [ RunTime:0.000349s ]
INFO: ShowRuntime Behavior ::run [ RunTime:0.000501s ]
INFO: [ view_filter ] --END-- [ RunTime:0.001940s ]
INFO: [ view_end ] --START--
INFO: ShowPageTrace Behavior ::run [ RunTime:0.000705s ]
INFO: [ view_end ] --END-- [ RunTime:0.000774s ]

[ 2016-04-14T15:01:50+08:00 ] 127.0.0.1 /think/index.php/index/message/n_id/13
INFO: [ route_check ] --START--
INFO: CheckRoute Behavior ::run [ RunTime:0.000534s ]
INFO: [ route_check ] --END-- [ RunTime:0.000602s ]
INFO: [ app_begin ] --START--
INFO: ReadHtmlCache Behavior ::run [ RunTime:0.000337s ]
INFO: [ app_begin ] --END-- [ RunTime:0.000383s ]
SQL: SHOW COLUMNS FROM `db_type` [ RunTime:0.001392s ]
SQL: SELECT * FROM `db_type` WHERE ( t_status=1 ) ORDER BY t_order ASC  [ RunTime:0.000378s ]
SQL: SHOW COLUMNS FROM `db_news` [ RunTime:0.001306s ]
SQL: SELECT * FROM `db_news` WHERE ( `n_id` = 13 ) LIMIT 1   [ RunTime:0.000250s ]
SQL: UPDATE `db_news` SET `n_nums`=n_nums+1 WHERE ( `n_id` = 13 ) [ RunTime:0.000140s ]
SQL: SELECT `n_type` FROM `db_news` WHERE ( `n_id` = 13 ) LIMIT 1   [ RunTime:0.000099s ]
SQL: SELECT `n_author` FROM `db_news` WHERE ( `n_id` = 13 ) LIMIT 1   [ RunTime:0.000090s ]
SQL: SELECT `t_name` FROM `db_type` WHERE ( t_id = '13' ) LIMIT 1   [ RunTime:0.000124s ]
SQL: SHOW COLUMNS FROM `db_user` [ RunTime:0.001432s ]
SQL: SELECT `u_name` FROM `db_user` WHERE ( u_id = '1' ) LIMIT 1   [ RunTime:0.000579s ]
SQL: SHOW COLUMNS FROM `db_comment` [ RunTime:0.001445s ]
SQL: SHOW COLUMNS FROM `db_customer` [ RunTime:0.007924s ]
SQL: SELECT COUNT(co_id) AS tp_count FROM db_comment comment LEFT JOIN db_customer customer ON comment.co_custumer_id=customer.c_id WHERE ( co_news_id ='13' and co_status=1 ) ORDER BY comment.co_addtime DESC LIMIT 1   [ RunTime:0.000537s ]
SQL: SELECT comment.co_id AS co_id,comment.co_message AS co_message,comment.co_addtime AS co_addtime,comment.co_status AS co_status,customer.c_name AS co_name FROM db_comment comment LEFT JOIN db_customer customer ON comment.co_custumer_id=customer.c_id WHERE ( co_news_id ='13' and co_status=1 ) ORDER BY comment.co_addtime DESC LIMIT 0,10   [ RunTime:0.000991s ]
NOTIC: [8] Undefined index:  c_name F:\appserv\www\think\Index\Lib\Action\IndexAction.class.php 第 74 行.
INFO: [ view_parse ] --START--
NOTIC: [8] Use of undefined constant index - assumed 'index' F:\appserv\www\think\Index\Runtime\Cache\a1f7cd0bf952b8bd4a2070b18a772406.php 第 33 行.
NOTIC: [8] Use of undefined constant index - assumed 'index' F:\appserv\www\think\Index\Runtime\Cache\a1f7cd0bf952b8bd4a2070b18a772406.php 第 50 行.
INFO: ParseTemplate Behavior ::run [ RunTime:0.011312s ]
INFO: [ view_parse ] --END-- [ RunTime:0.011401s ]
INFO: [ view_filter ] --START--
INFO: ContentReplace Behavior ::run [ RunTime:0.000338s ]
INFO: TokenBuild Behavior ::run [ RunTime:0.000247s ]
INFO: WriteHtmlCache Behavior ::run [ RunTime:0.000181s ]
INFO: ShowRuntime Behavior ::run [ RunTime:0.000284s ]
INFO: [ view_filter ] --END-- [ RunTime:0.001190s ]
INFO: [ view_end ] --START--
INFO: ShowPageTrace Behavior ::run [ RunTime:0.000474s ]
INFO: [ view_end ] --END-- [ RunTime:0.000542s ]

[ 2016-04-14T15:33:16+08:00 ] 127.0.0.1 /think/index.php/index/message/n_id/13
INFO: [ route_check ] --START--
INFO: CheckRoute Behavior ::run [ RunTime:0.000790s ]
INFO: [ route_check ] --END-- [ RunTime:0.000862s ]
INFO: [ app_begin ] --START--
INFO: ReadHtmlCache Behavior ::run [ RunTime:0.000536s ]
INFO: [ app_begin ] --END-- [ RunTime:0.000585s ]
SQL: SHOW COLUMNS FROM `db_type` [ RunTime:0.001700s ]
SQL: SELECT * FROM `db_type` WHERE ( t_status=1 ) ORDER BY t_order ASC  [ RunTime:0.000201s ]
SQL: SHOW COLUMNS FROM `db_news` [ RunTime:0.001446s ]
SQL: SELECT * FROM `db_news` WHERE ( `n_id` = 13 ) LIMIT 1   [ RunTime:0.000362s ]
SQL: UPDATE `db_news` SET `n_nums`=n_nums+1 WHERE ( `n_id` = 13 ) [ RunTime:0.000131s ]
SQL: SELECT `n_type` FROM `db_news` WHERE ( `n_id` = 13 ) LIMIT 1   [ RunTime:0.000092s ]
SQL: SELECT `n_author` FROM `db_news` WHERE ( `n_id` = 13 ) LIMIT 1   [ RunTime:0.000086s ]
SQL: SELECT `t_name` FROM `db_type` WHERE ( t_id = '13' ) LIMIT 1   [ RunTime:0.000138s ]
SQL: SHOW COLUMNS FROM `db_user` [ RunTime:0.007885s ]
SQL: SELECT `u_name` FROM `db_user` WHERE ( u_id = '1' ) LIMIT 1   [ RunTime:0.000505s ]
SQL: SHOW COLUMNS FROM `db_comment` [ RunTime:0.001595s ]
SQL: SHOW COLUMNS FROM `db_customer` [ RunTime:0.001345s ]
SQL: SELECT COUNT(co_id) AS tp_count FROM db_comment comment LEFT JOIN db_customer customer ON comment.co_custumer_id=customer.c_id WHERE ( co_news_id ='13' and co_status=1 ) ORDER BY comment.co_addtime DESC LIMIT 1   [ RunTime:0.000377s ]
SQL: SELECT comment.co_id AS co_id,comment.co_message AS co_message,comment.co_addtime AS co_addtime,comment.co_status AS co_status,customer.c_name AS co_name FROM db_comment comment LEFT JOIN db_customer customer ON comment.co_custumer_id=customer.c_id WHERE ( co_news_id ='13' and co_status=1 ) ORDER BY comment.co_addtime DESC LIMIT 0,10   [ RunTime:0.000252s ]
NOTIC: [8] Undefined index:  c_name F:\appserv\www\think\Index\Lib\Action\IndexAction.class.php 第 74 行.
INFO: [ view_parse ] --START--
NOTIC: [8] Use of undefined constant index - assumed 'index' F:\appserv\www\think\Index\Runtime\Cache\a1f7cd0bf952b8bd4a2070b18a772406.php 第 33 行.
NOTIC: [8] Use of undefined constant index - assumed 'index' F:\appserv\www\think\Index\Runtime\Cache\a1f7cd0bf952b8bd4a2070b18a772406.php 第 50 行.
INFO: ParseTemplate Behavior ::run [ RunTime:0.014090s ]
INFO: [ view_parse ] --END-- [ RunTime:0.014162s ]
INFO: [ view_filter ] --START--
INFO: ContentReplace Behavior ::run [ RunTime:0.000488s ]
INFO: TokenBuild Behavior ::run [ RunTime:0.000445s ]
INFO: WriteHtmlCache Behavior ::run [ RunTime:0.000350s ]
INFO: ShowRuntime Behavior ::run [ RunTime:0.000474s ]
INFO: [ view_filter ] --END-- [ RunTime:0.001884s ]
INFO: [ view_end ] --START--
INFO: ShowPageTrace Behavior ::run [ RunTime:0.000684s ]
INFO: [ view_end ] --END-- [ RunTime:0.000752s ]

