[ 2016-05-03T16:16:29+08:00 ] 127.0.0.1 /think/
INFO: [ app_begin ] --START--
INFO: ReadHtmlCache Behavior ::run [ RunTime:0.002005s ]
INFO: [ app_begin ] --END-- [ RunTime:0.002620s ]
SQL: SHOW COLUMNS FROM `db_type` [ RunTime:0.020751s ]
SQL: SELECT * FROM `db_type` WHERE ( t_status=1 ) ORDER BY t_order ASC  [ RunTime:0.000301s ]
SQL: SHOW COLUMNS FROM `db_news` [ RunTime:0.001449s ]
SQL: SELECT * FROM `db_news` WHERE ( n_type=13 and n_status=1 and n_position=2 ) ORDER BY n_addtime desc , n_nums desc LIMIT 15   [ RunTime:0.000374s ]
SQL: SELECT * FROM `db_news` WHERE ( n_type=14 and n_status=1 and n_position=2 ) ORDER BY n_addtime desc , n_nums desc LIMIT 15   [ RunTime:0.000294s ]
SQL: SELECT * FROM `db_news` WHERE ( n_type=12 and n_status=1 and n_position=2 ) ORDER BY n_addtime desc , n_nums desc LIMIT 15   [ RunTime:0.000268s ]
SQL: SELECT * FROM `db_news` WHERE ( n_type=15 and n_status=1 and n_position=2 ) ORDER BY n_addtime desc , n_nums desc LIMIT 15   [ RunTime:0.000258s ]
INFO: [ view_parse ] --START--
NOTIC: [8] Use of undefined constant index - assumed 'index' F:\appserv\www\think\Index\Runtime\Cache\e9ca3d00a40c8a0e158f18fe2252bc69.php 第 11 行.
INFO: ParseTemplate Behavior ::run [ RunTime:0.085823s ]
INFO: [ view_parse ] --END-- [ RunTime:0.085912s ]
INFO: [ view_filter ] --START--
INFO: ContentReplace Behavior ::run [ RunTime:0.000842s ]
INFO: TokenBuild Behavior ::run [ RunTime:0.000767s ]
INFO: WriteHtmlCache Behavior ::run [ RunTime:0.000747s ]
INFO: ShowRuntime Behavior ::run [ RunTime:0.000863s ]
INFO: [ view_filter ] --END-- [ RunTime:0.003500s ]
INFO: [ view_end ] --START--
INFO: ShowPageTrace Behavior ::run [ RunTime:0.001439s ]
INFO: [ view_end ] --END-- [ RunTime:0.001526s ]

[ 2016-05-03T16:16:32+08:00 ] 127.0.0.1 /think/index.php/index/message/n_id/5
INFO: [ route_check ] --START--
INFO: CheckRoute Behavior ::run [ RunTime:0.005368s ]
INFO: [ route_check ] --END-- [ RunTime:0.005518s ]
INFO: [ app_begin ] --START--
INFO: ReadHtmlCache Behavior ::run [ RunTime:0.000435s ]
INFO: [ app_begin ] --END-- [ RunTime:0.000496s ]
SQL: SHOW COLUMNS FROM `db_type` [ RunTime:0.001680s ]
SQL: SELECT * FROM `db_type` WHERE ( t_status=1 ) ORDER BY t_order ASC  [ RunTime:0.000327s ]
SQL: SHOW COLUMNS FROM `db_news` [ RunTime:0.001509s ]
SQL: SELECT * FROM `db_news` WHERE ( `n_id` = 5 ) LIMIT 1   [ RunTime:0.000213s ]
SQL: UPDATE `db_news` SET `n_nums`=n_nums+1 WHERE ( `n_id` = 5 ) [ RunTime:0.082920s ]
SQL: SELECT `n_type` FROM `db_news` WHERE ( `n_id` = 5 ) LIMIT 1   [ RunTime:0.000159s ]
SQL: SELECT `n_author` FROM `db_news` WHERE ( `n_id` = 5 ) LIMIT 1   [ RunTime:0.000087s ]
SQL: SELECT `t_name` FROM `db_type` WHERE ( t_id = '13' ) LIMIT 1   [ RunTime:0.000089s ]
SQL: SHOW COLUMNS FROM `db_user` [ RunTime:0.050280s ]
SQL: SELECT `u_name` FROM `db_user` WHERE ( u_id = '1' ) LIMIT 1   [ RunTime:0.000194s ]
SQL: SHOW COLUMNS FROM `db_comment` [ RunTime:0.046935s ]
SQL: SHOW COLUMNS FROM `db_customer` [ RunTime:0.001542s ]
SQL: SELECT COUNT(co_id) AS tp_count FROM db_comment comment LEFT JOIN db_customer customer ON comment.co_custumer_id=customer.c_id WHERE ( co_news_id ='5' and co_status=1 ) ORDER BY comment.co_addtime DESC LIMIT 1   [ RunTime:0.025793s ]
SQL: SELECT comment.co_id AS co_id,comment.co_message AS co_message,comment.co_addtime AS co_addtime,comment.co_status AS co_status,customer.c_name AS co_name FROM db_comment comment LEFT JOIN db_customer customer ON comment.co_custumer_id=customer.c_id WHERE ( co_news_id ='5' and co_status=1 ) ORDER BY comment.co_addtime DESC LIMIT 0,10   [ RunTime:0.000336s ]
INFO: [ view_parse ] --START--
NOTIC: [8] Use of undefined constant index - assumed 'index' F:\appserv\www\think\Index\Runtime\Cache\a1f7cd0bf952b8bd4a2070b18a772406.php 第 33 行.
NOTIC: [8] Use of undefined constant index - assumed 'index' F:\appserv\www\think\Index\Runtime\Cache\a1f7cd0bf952b8bd4a2070b18a772406.php 第 50 行.
INFO: ParseTemplate Behavior ::run [ RunTime:0.062779s ]
INFO: [ view_parse ] --END-- [ RunTime:0.062889s ]
INFO: [ view_filter ] --START--
INFO: ContentReplace Behavior ::run [ RunTime:0.000308s ]
INFO: TokenBuild Behavior ::run [ RunTime:0.000292s ]
INFO: WriteHtmlCache Behavior ::run [ RunTime:0.000188s ]
INFO: ShowRuntime Behavior ::run [ RunTime:0.000347s ]
INFO: [ view_filter ] --END-- [ RunTime:0.001287s ]
INFO: [ view_end ] --START--
INFO: ShowPageTrace Behavior ::run [ RunTime:0.000511s ]
INFO: [ view_end ] --END-- [ RunTime:0.000569s ]

[ 2016-05-03T16:22:02+08:00 ] 127.0.0.1 /think/index.php/index/message/n_id/5
INFO: [ route_check ] --START--
INFO: CheckRoute Behavior ::run [ RunTime:0.000857s ]
INFO: [ route_check ] --END-- [ RunTime:0.000951s ]
INFO: [ app_begin ] --START--
INFO: ReadHtmlCache Behavior ::run [ RunTime:0.000828s ]
INFO: [ app_begin ] --END-- [ RunTime:0.000902s ]
SQL: SHOW COLUMNS FROM `db_type` [ RunTime:0.001180s ]
SQL: SELECT * FROM `db_type` WHERE ( t_status=1 ) ORDER BY t_order ASC  [ RunTime:0.000287s ]
SQL: SHOW COLUMNS FROM `db_news` [ RunTime:0.001133s ]
SQL: SELECT * FROM `db_news` WHERE ( `n_id` = 5 ) LIMIT 1   [ RunTime:0.000202s ]
SQL: UPDATE `db_news` SET `n_nums`=n_nums+1 WHERE ( `n_id` = 5 ) [ RunTime:0.000152s ]
SQL: SELECT `n_type` FROM `db_news` WHERE ( `n_id` = 5 ) LIMIT 1   [ RunTime:0.000123s ]
SQL: SELECT `n_author` FROM `db_news` WHERE ( `n_id` = 5 ) LIMIT 1   [ RunTime:0.000106s ]
SQL: SELECT `t_name` FROM `db_type` WHERE ( t_id = '13' ) LIMIT 1   [ RunTime:0.000106s ]
SQL: SHOW COLUMNS FROM `db_user` [ RunTime:0.001063s ]
SQL: SELECT `u_name` FROM `db_user` WHERE ( u_id = '1' ) LIMIT 1   [ RunTime:0.000228s ]
SQL: SHOW COLUMNS FROM `db_comment` [ RunTime:0.003229s ]
SQL: SHOW COLUMNS FROM `db_customer` [ RunTime:0.001358s ]
SQL: SELECT COUNT(co_id) AS tp_count FROM db_comment comment LEFT JOIN db_customer customer ON comment.co_custumer_id=customer.c_id WHERE ( co_news_id ='5' and co_status=1 ) ORDER BY comment.co_addtime DESC LIMIT 1   [ RunTime:0.000365s ]
SQL: SELECT comment.co_id AS co_id,comment.co_message AS co_message,comment.co_addtime AS co_addtime,comment.co_status AS co_status,customer.c_name AS co_name FROM db_comment comment LEFT JOIN db_customer customer ON comment.co_custumer_id=customer.c_id WHERE ( co_news_id ='5' and co_status=1 ) ORDER BY comment.co_addtime DESC LIMIT 0,10   [ RunTime:0.000367s ]
INFO: [ view_parse ] --START--
NOTIC: [8] Use of undefined constant index - assumed 'index' F:\appserv\www\think\Index\Runtime\Cache\a1f7cd0bf952b8bd4a2070b18a772406.php 第 33 行.
NOTIC: [8] Use of undefined constant index - assumed 'index' F:\appserv\www\think\Index\Runtime\Cache\a1f7cd0bf952b8bd4a2070b18a772406.php 第 50 行.
INFO: ParseTemplate Behavior ::run [ RunTime:0.030175s ]
INFO: [ view_parse ] --END-- [ RunTime:0.030277s ]
INFO: [ view_filter ] --START--
INFO: ContentReplace Behavior ::run [ RunTime:0.001039s ]
INFO: TokenBuild Behavior ::run [ RunTime:0.001328s ]
INFO: WriteHtmlCache Behavior ::run [ RunTime:0.000712s ]
INFO: ShowRuntime Behavior ::run [ RunTime:0.000835s ]
INFO: [ view_filter ] --END-- [ RunTime:0.004354s ]
INFO: [ view_end ] --START--
INFO: ShowPageTrace Behavior ::run [ RunTime:0.000919s ]
INFO: [ view_end ] --END-- [ RunTime:0.000979s ]

[ 2016-05-03T16:25:35+08:00 ] 127.0.0.1 /think/index.php/login/loginOut
INFO: [ route_check ] --START--
INFO: CheckRoute Behavior ::run [ RunTime:0.001105s ]
INFO: [ route_check ] --END-- [ RunTime:0.001202s ]
INFO: [ app_begin ] --START--
INFO: ReadHtmlCache Behavior ::run [ RunTime:0.001074s ]
INFO: [ app_begin ] --END-- [ RunTime:0.001145s ]

[ 2016-05-03T16:25:35+08:00 ] 127.0.0.1 /think/index.php/index/index
INFO: [ route_check ] --START--
INFO: CheckRoute Behavior ::run [ RunTime:0.000710s ]
INFO: [ route_check ] --END-- [ RunTime:0.000797s ]
INFO: [ app_begin ] --START--
INFO: ReadHtmlCache Behavior ::run [ RunTime:0.001224s ]
INFO: [ app_begin ] --END-- [ RunTime:0.001299s ]
SQL: SHOW COLUMNS FROM `db_type` [ RunTime:0.001270s ]
SQL: SELECT * FROM `db_type` WHERE ( t_status=1 ) ORDER BY t_order ASC  [ RunTime:0.000217s ]
SQL: SHOW COLUMNS FROM `db_news` [ RunTime:0.001182s ]
SQL: SELECT * FROM `db_news` WHERE ( n_type=13 and n_status=1 and n_position=2 ) ORDER BY n_addtime desc , n_nums desc LIMIT 15   [ RunTime:0.000369s ]
SQL: SELECT * FROM `db_news` WHERE ( n_type=14 and n_status=1 and n_position=2 ) ORDER BY n_addtime desc , n_nums desc LIMIT 15   [ RunTime:0.000270s ]
SQL: SELECT * FROM `db_news` WHERE ( n_type=12 and n_status=1 and n_position=2 ) ORDER BY n_addtime desc , n_nums desc LIMIT 15   [ RunTime:0.000263s ]
SQL: SELECT * FROM `db_news` WHERE ( n_type=15 and n_status=1 and n_position=2 ) ORDER BY n_addtime desc , n_nums desc LIMIT 15   [ RunTime:0.000257s ]
NOTIC: [8] Undefined index:  c_name F:\appserv\www\think\Index\Lib\Action\IndexAction.class.php 第 12 行.
INFO: [ view_parse ] --START--
NOTIC: [8] Use of undefined constant index - assumed 'index' F:\appserv\www\think\Index\Runtime\Cache\e9ca3d00a40c8a0e158f18fe2252bc69.php 第 11 行.
INFO: ParseTemplate Behavior ::run [ RunTime:0.016691s ]
INFO: [ view_parse ] --END-- [ RunTime:0.016778s ]
INFO: [ view_filter ] --START--
INFO: ContentReplace Behavior ::run [ RunTime:0.000728s ]
INFO: TokenBuild Behavior ::run [ RunTime:0.000633s ]
INFO: WriteHtmlCache Behavior ::run [ RunTime:0.000544s ]
INFO: ShowRuntime Behavior ::run [ RunTime:0.000671s ]
INFO: [ view_filter ] --END-- [ RunTime:0.002699s ]
INFO: [ view_end ] --START--
INFO: ShowPageTrace Behavior ::run [ RunTime:0.000885s ]
INFO: [ view_end ] --END-- [ RunTime:0.000962s ]

[ 2016-05-03T16:25:37+08:00 ] 127.0.0.1 /think/index.php/index/message/n_id/5
INFO: [ route_check ] --START--
INFO: CheckRoute Behavior ::run [ RunTime:0.000598s ]
INFO: [ route_check ] --END-- [ RunTime:0.000680s ]
INFO: [ app_begin ] --START--
INFO: ReadHtmlCache Behavior ::run [ RunTime:0.000994s ]
INFO: [ app_begin ] --END-- [ RunTime:0.001172s ]
SQL: SHOW COLUMNS FROM `db_type` [ RunTime:0.001293s ]
SQL: SELECT * FROM `db_type` WHERE ( t_status=1 ) ORDER BY t_order ASC  [ RunTime:0.000282s ]
SQL: SHOW COLUMNS FROM `db_news` [ RunTime:0.001114s ]
SQL: SELECT * FROM `db_news` WHERE ( `n_id` = 5 ) LIMIT 1   [ RunTime:0.000144s ]
SQL: UPDATE `db_news` SET `n_nums`=n_nums+1 WHERE ( `n_id` = 5 ) [ RunTime:0.000109s ]
SQL: SELECT `n_type` FROM `db_news` WHERE ( `n_id` = 5 ) LIMIT 1   [ RunTime:0.000111s ]
SQL: SELECT `n_author` FROM `db_news` WHERE ( `n_id` = 5 ) LIMIT 1   [ RunTime:0.000151s ]
SQL: SELECT `t_name` FROM `db_type` WHERE ( t_id = '13' ) LIMIT 1   [ RunTime:0.000607s ]
SQL: SHOW COLUMNS FROM `db_user` [ RunTime:0.003986s ]
SQL: SELECT `u_name` FROM `db_user` WHERE ( u_id = '1' ) LIMIT 1   [ RunTime:0.001349s ]
SQL: SHOW COLUMNS FROM `db_comment` [ RunTime:0.001669s ]
SQL: SHOW COLUMNS FROM `db_customer` [ RunTime:0.001567s ]
SQL: SELECT COUNT(co_id) AS tp_count FROM db_comment comment LEFT JOIN db_customer customer ON comment.co_custumer_id=customer.c_id WHERE ( co_news_id ='5' and co_status=1 ) ORDER BY comment.co_addtime DESC LIMIT 1   [ RunTime:0.000416s ]
SQL: SELECT comment.co_id AS co_id,comment.co_message AS co_message,comment.co_addtime AS co_addtime,comment.co_status AS co_status,customer.c_name AS co_name FROM db_comment comment LEFT JOIN db_customer customer ON comment.co_custumer_id=customer.c_id WHERE ( co_news_id ='5' and co_status=1 ) ORDER BY comment.co_addtime DESC LIMIT 0,10   [ RunTime:0.000748s ]
NOTIC: [8] Undefined index:  c_name F:\appserv\www\think\Index\Lib\Action\IndexAction.class.php 第 74 行.
INFO: [ view_parse ] --START--
NOTIC: [8] Use of undefined constant index - assumed 'index' F:\appserv\www\think\Index\Runtime\Cache\a1f7cd0bf952b8bd4a2070b18a772406.php 第 33 行.
NOTIC: [8] Use of undefined constant index - assumed 'index' F:\appserv\www\think\Index\Runtime\Cache\a1f7cd0bf952b8bd4a2070b18a772406.php 第 50 行.
INFO: ParseTemplate Behavior ::run [ RunTime:0.012305s ]
INFO: [ view_parse ] --END-- [ RunTime:0.012655s ]
INFO: [ view_filter ] --START--
INFO: ContentReplace Behavior ::run [ RunTime:0.000728s ]
INFO: TokenBuild Behavior ::run [ RunTime:0.002251s ]
INFO: WriteHtmlCache Behavior ::run [ RunTime:0.001481s ]
INFO: ShowRuntime Behavior ::run [ RunTime:0.001106s ]
INFO: [ view_filter ] --END-- [ RunTime:0.006122s ]
INFO: [ view_end ] --START--
INFO: ShowPageTrace Behavior ::run [ RunTime:0.001276s ]
INFO: [ view_end ] --END-- [ RunTime:0.001353s ]

